[14:31:19] This is prokka 1.14.6
[14:31:19] Written by Torsten Seemann <torsten.seemann@gmail.com>
[14:31:19] Homepage is https://github.com/tseemann/prokka
[14:31:19] Local time is Fri Mar 27 14:31:19 2026
[14:31:19] You are lorenzo
[14:31:19] Operating system is linux
[14:31:19] You have BioPerl 1.007002
[14:31:19] System has 8 cores.
[14:31:19] Will use maximum of 8 cores.
[14:31:19] Annotating as >>> Bacteria <<<
[14:31:19] Generating locus_tag from 'extracted_mags/M1025245651.fna' contents.
[14:31:19] Setting --locustag OPANPEBB from MD5 89a79ebb9cd37d93168e6042b35a575b
[14:31:19] Enabling options to ensure Genbank/ENA/DDJB submission compliance.
[14:31:19] Re-using existing --outdir prokka_output/M1025245651
[14:31:19] Using filename prefix: M1025245651.XXX
[14:31:19] Setting HMMER_NCPU=1
[14:31:19] Writing log to: prokka_output/M1025245651/M1025245651.log
[14:31:19] Command: /home/lorenzo/anaconda3/envs/prokka/bin/prokka extracted_mags/M1025245651.fna --outdir prokka_output/M1025245651 --compliant --force --prefix M1025245651
[14:31:19] Appending to PATH: /home/lorenzo/anaconda3/envs/prokka/bin
[14:31:19] Looking for 'aragorn' - found /home/lorenzo/anaconda3/envs/prokka/bin/aragorn
[14:31:19] Determined aragorn version is 001002 from 'ARAGORN v1.2.41 Dean Laslett'
[14:31:19] Looking for 'barrnap' - found /home/lorenzo/anaconda3/envs/prokka/bin/barrnap
[14:31:19] Determined barrnap version is 000009 from 'barrnap 0.9'
[14:31:19] Looking for 'blastp' - found /home/lorenzo/anaconda3/envs/prokka/bin/blastp
[14:31:19] Determined blastp version is 002016 from 'blastp: 2.16.0+'
[14:31:19] Looking for 'cmpress' - found /home/lorenzo/anaconda3/envs/prokka/bin/cmpress
[14:31:19] Determined cmpress version is 001001 from '# INFERNAL 1.1.4 (Dec 2020)'
[14:31:19] Looking for 'cmscan' - found /home/lorenzo/anaconda3/envs/prokka/bin/cmscan
[14:31:19] Determined cmscan version is 001001 from '# INFERNAL 1.1.4 (Dec 2020)'
[14:31:19] Looking for 'egrep' - found /usr/bin/egrep
[14:31:19] Looking for 'find' - found /usr/bin/find
[14:31:19] Looking for 'grep' - found /usr/bin/grep
[14:31:19] Looking for 'hmmpress' - found /home/lorenzo/anaconda3/envs/prokka/bin/hmmpress
[14:31:19] Determined hmmpress version is 003004 from '# HMMER 3.4 (Aug 2023); http://hmmer.org/'
[14:31:19] Looking for 'hmmscan' - found /home/lorenzo/anaconda3/envs/prokka/bin/hmmscan
[14:31:19] Determined hmmscan version is 003004 from '# HMMER 3.4 (Aug 2023); http://hmmer.org/'
[14:31:19] Looking for 'java' - found /home/lorenzo/anaconda3/envs/prokka/bin/java
[14:31:19] Looking for 'makeblastdb' - found /home/lorenzo/anaconda3/envs/prokka/bin/makeblastdb
[14:31:20] Determined makeblastdb version is 002016 from 'makeblastdb: 2.16.0+'
[14:31:20] Looking for 'minced' - found /home/lorenzo/anaconda3/envs/prokka/bin/minced
[14:31:20] Determined minced version is 004002 from 'minced 0.4.2'
[14:31:20] Looking for 'parallel' - found /home/lorenzo/anaconda3/envs/prokka/bin/parallel
[14:31:20] Determined parallel version is 20260122 from 'GNU parallel 20260122'
[14:31:20] Looking for 'prodigal' - found /home/lorenzo/anaconda3/envs/prokka/bin/prodigal
[14:31:20] Determined prodigal version is 002006 from 'Prodigal V2.6.3: February, 2016'
[14:31:20] Looking for 'prokka-genbank_to_fasta_db' - found /home/lorenzo/anaconda3/envs/prokka/bin/prokka-genbank_to_fasta_db
[14:31:20] Looking for 'sed' - found /usr/bin/sed
[14:31:20] Looking for 'tbl2asn' - found /home/lorenzo/anaconda3/envs/prokka/bin/tbl2asn
[14:31:20] Determined tbl2asn version is 025007 from 'tbl2asn 25.7   arguments:'
[14:31:20] Using genetic code table 11.
[14:31:20] Loading and checking input file: extracted_mags/M1025245651.fna
[14:31:20] Wrote 414 contigs totalling 1844770 bp.
[14:31:20] Predicting tRNAs and tmRNAs
[14:31:20] Running: aragorn -l -gc11  -w prokka_output\/M1025245651\/M1025245651\.fna
[14:31:20] 1 tRNA-Leu c[7082,7164] 35 (caa)
[14:31:20] 1 tRNA-Ser c[813,901] 35 (gga)
[14:31:20] 1 tRNA-Thr c[9820,9894] 35 (tgt)
[14:31:20] 1 tRNA-Arg [1336,1410] 35 (ccg)
[14:31:20] 1 tmRNA c[6757,7154] 97,126 GNNNYALAA*
[14:31:20] 1 tRNA-Glu c[-3,69] 34 (ttc)
[14:31:20] 1 tRNA-Ser [6681,6766] 35 (tga)
[14:31:20] 1 tRNA-Gln [220,291] 33 (ttg)
[14:31:20] 1 tRNA-Met [464,538] 35 (cat)
[14:31:20] 1 tRNA-Arg c[6129,6201] 34 (cct)
[14:31:20] 1 tRNA-Lys [2494,2567] 34 (ttt)
[14:31:20] 2 tRNA-Pro c[2729,2802] 34 (ggg)
[14:31:20] 1 tRNA-Cys [4324,4397] 33 (gca)
[14:31:20] 1 tRNA-Ser c[24,111] 35 (cga)
[14:31:20] 1 tRNA-Asn c[1857,1932] 35 (gtt)
[14:31:20] 1 tRNA-Ala c[657,731] 35 (ggc)
[14:31:20] 1 tRNA-Pro c[-3,70] 34 (cgg)
[14:31:20] 2 tRNA-Phe [206,279] 34 (gaa)
[14:31:20] 1 tRNA-Asp c[265,340] 36 (gtc)
[14:31:20] 1 tRNA-Arg [2001,2075] 35 (acg)
[14:31:20] 1 tmRNA c[1938,2334] 96,125 GENNYALAA*
[14:31:20] 1 tRNA-Lys [195,268] 34 (ctt)
[14:31:20] 1 tRNA-Pro [341,414] 34 (tgg)
[14:31:20] 1 tRNA-Leu c[2030,2116] 34 (taa)
[14:31:20] 1 tRNA-Val c[1885,1960] 36 (tac)
[14:31:20] 2 tRNA-Val c[2135,2210] 36 (tac)
[14:31:20] 1 tRNA-Leu [359,441] 35 (tag)
[14:31:20] Found 27 tRNAs
[14:31:20] Predicting Ribosomal RNAs
[14:31:20] Running Barrnap with 8 threads
[14:31:21] Found 0 rRNAs
[14:31:21] Skipping ncRNA search, enable with --rfam if desired.
[14:31:21] Total of 25 tRNA + rRNA features
[14:31:21] Searching for CRISPR repeats
[14:31:21] CRISPR1 gnl|Prokka|OPANPEBB_7 11789 with 13 spacers
[14:31:21] Found 1 CRISPRs
[14:31:21] Predicting coding sequences
[14:31:21] Contigs total 1844770 bp, so using single mode
[14:31:21] Running: prodigal -i prokka_output\/M1025245651\/M1025245651\.fna -c -m -g 11 -p single -f sco -q
[14:31:25] Excluding CDS which overlaps existing RNA (tRNA) at gnl|Prokka|OPANPEBB_38:25..150 on - strand
[14:31:25] Excluding CDS which overlaps existing RNA (tRNA) at gnl|Prokka|OPANPEBB_253:147..401 on - strand
[14:31:25] Found 1573 CDS
[14:31:25] Connecting features back to sequences
[14:31:25] Not using genus-specific database. Try --usegenus to enable it.
[14:31:25] Annotating CDS, please be patient.
[14:31:25] Will use 8 CPUs for similarity searching.
[14:31:26] There are still 1573 unannotated CDS left (started with 1573)
[14:31:26] Will use blast to search against /home/lorenzo/anaconda3/envs/prokka/db/kingdom/Bacteria/IS with 8 CPUs
[14:31:26] Running: cat prokka_output\/M1025245651\/M1025245651\.IS\.tmp\.48686\.faa | parallel --gnu --plain -j 8 --block 29356 --recstart '>' --pipe blastp -query - -db /home/lorenzo/anaconda3/envs/prokka/db/kingdom/Bacteria/IS -evalue 1e-30 -qcov_hsp_perc 90 -num_threads 1 -num_descriptions 1 -num_alignments 1 -seg no > prokka_output\/M1025245651\/M1025245651\.IS\.tmp\.48686\.blast 2> /dev/null
[14:31:31] Deleting unwanted file: prokka_output/M1025245651/M1025245651.IS.tmp.48686.faa
[14:31:31] Deleting unwanted file: prokka_output/M1025245651/M1025245651.IS.tmp.48686.blast
[14:31:32] There are still 1567 unannotated CDS left (started with 1573)
[14:31:32] Will use blast to search against /home/lorenzo/anaconda3/envs/prokka/db/kingdom/Bacteria/AMR with 8 CPUs
[14:31:32] Running: cat prokka_output\/M1025245651\/M1025245651\.AMR\.tmp\.48686\.faa | parallel --gnu --plain -j 8 --block 29261 --recstart '>' --pipe blastp -query - -db /home/lorenzo/anaconda3/envs/prokka/db/kingdom/Bacteria/AMR -evalue 9.99999999999999e-301 -qcov_hsp_perc 90 -num_threads 1 -num_descriptions 1 -num_alignments 1 -seg no > prokka_output\/M1025245651\/M1025245651\.AMR\.tmp\.48686\.blast 2> /dev/null
[14:31:36] Deleting unwanted file: prokka_output/M1025245651/M1025245651.AMR.tmp.48686.faa
[14:31:36] Deleting unwanted file: prokka_output/M1025245651/M1025245651.AMR.tmp.48686.blast
[14:31:36] There are still 1567 unannotated CDS left (started with 1573)
[14:31:36] Will use blast to search against /home/lorenzo/anaconda3/envs/prokka/db/kingdom/Bacteria/sprot with 8 CPUs
[14:31:36] Running: cat prokka_output\/M1025245651\/M1025245651\.sprot\.tmp\.48686\.faa | parallel --gnu --plain -j 8 --block 29261 --recstart '>' --pipe blastp -query - -db /home/lorenzo/anaconda3/envs/prokka/db/kingdom/Bacteria/sprot -evalue 1e-09 -qcov_hsp_perc 80 -num_threads 1 -num_descriptions 1 -num_alignments 1 -seg no > prokka_output\/M1025245651\/M1025245651\.sprot\.tmp\.48686\.blast 2> /dev/null
[14:31:59] Modify product: UPF0758 protein SP_1088 => hypothetical protein
[14:31:59] Modify product: Glutathione peroxidase homolog BsaA => Glutathione peroxidase BsaA
[14:31:59] Modify product: UPF0701 protein YicC => hypothetical protein
[14:31:59] Modify product: Putative zinc metalloprotease aq_1964 => Putative zinc metalloprotease
[14:31:59] Modify product: Uncharacterized glycosyltransferase YkoT => putative glycosyltransferase YkoT
[14:31:59] Modify product: Bifunctional protein FolD => Bifunctional protein FolD protein
[14:31:59] Modify product: Probable TonB-dependent receptor NMB0964 => putative TonB-dependent receptor
[14:31:59] Modify product: Probable ribonucleotide transport ATP-binding protein mkl => putative ribonucleotide transport ATP-binding protein mkl
[14:31:59] Modify product: Uncharacterized oxidoreductase Rv0945 => putative oxidoreductase
[14:31:59] Modify product: UPF0324 inner membrane protein YeiH => hypothetical protein
[14:32:00] Modify product: Probable chromate transport protein => putative chromate transport protein
[14:32:00] Modify product: Probable chromate transport protein => putative chromate transport protein
[14:32:00] Modify product: UPF0371 protein DIP2346 => hypothetical protein
[14:32:00] Modify product: Uncharacterized protein YcgM => putative protein YcgM
[14:32:00] Modify product: Uncharacterized protein YqeY => putative protein YqeY
[14:32:00] Modify product: Uncharacterized acyl--CoA ligase YhfT => putative acyl--CoA ligase YhfT
[14:32:00] Modify product: Uncharacterized ABC transporter ATP-binding protein YbiT => putative ABC transporter ATP-binding protein YbiT
[14:32:00] Modify product: Probable multidrug ABC transporter permease YbhR => putative multidrug ABC transporter permease YbhR
[14:32:00] Modify product: Uncharacterized ABC transporter ATP-binding protein YknY => putative ABC transporter ATP-binding protein YknY
[14:32:00] Modify product: Uncharacterized ABC transporter ATP-binding protein YknY => putative ABC transporter ATP-binding protein YknY
[14:32:00] Modify product: Probable multidrug ABC transporter permease YbhR => putative multidrug ABC transporter permease YbhR
[14:32:00] Modify product: Probable multidrug ABC transporter permease YbhS => putative multidrug ABC transporter permease YbhS
[14:32:00] Modify product: UPF0194 membrane protein YbhG => hypothetical protein
[14:32:00] Modify product: UPF0145 protein YbjQ => hypothetical protein
[14:32:00] Modify product: Probable GTP-binding protein EngB => putative GTP-binding protein EngB
[14:32:00] Modify product: UPF0073 inner membrane protein YqfA => hypothetical protein
[14:32:00] Modify product: Putative esterase PA1618 => Putative esterase
[14:32:00] Modify product: Probable nicotinate-nucleotide pyrophosphorylase [carboxylating] => putative nicotinate-nucleotide pyrophosphorylase [carboxylating]
[14:32:00] Modify product: GTP cyclohydrolase 1 type 2 homolog => GTP cyclohydrolase 1 type 2 
[14:32:00] Modify product: Probable type I restriction enzyme BthVORF4518P M protein => putative type I restriction enzymeP M protein
[14:32:00] Modify product: Uncharacterized zinc protease Rv2782c => putative zinc protease
[14:32:00] Modify product: Uncharacterized protein YqgN => putative protein YqgN
[14:32:00] Modify product: Sulfurtransferase Alvin_2599 => Sulfurtransferase
[14:32:00] Modify product: UPF0053 protein Rv2366c => hypothetical protein
[14:32:00] Modify product: Probable efflux pump periplasmic linker TtgA => putative efflux pump periplasmic linker TtgA
[14:32:00] Modify product: Probable amino-acid metabolite efflux pump => putative amino-acid metabolite efflux pump
[14:32:00] Modify product: PGL/p-HBAD biosynthesis glycosyltransferase Rv2957 => PGL/p-HBAD biosynthesis glycosyltransferase
[14:32:00] Modify product: Uncharacterized protein HI_0933 => putative protein
[14:32:00] Modify product: Uncharacterized ABC transporter ATP-binding protein YknY => putative ABC transporter ATP-binding protein YknY
[14:32:00] Modify product: Peptidoglycan-N-acetylglucosamine deacetylase BC_3618 => Peptidoglycan-N-acetylglucosamine deacetylase
[14:32:00] Modify product: Probable transcriptional regulatory protein HP_0162 => putative transcriptional regulatory protein
[14:32:00] Modify product: Uncharacterized protein YjbR => putative protein YjbR
[14:32:00] Modify product: Uncharacterized HIT-like protein Rv0759c => putative HIT-like protein
[14:32:00] Modify product: Uncharacterized protein Rv2581c => putative protein
[14:32:00] Modify product: Probable glycine dehydrogenase (decarboxylating) subunit 1 => putative glycine dehydrogenase (decarboxylating) subunit 1
[14:32:00] Cleaned 45 /product names
[14:32:00] Deleting unwanted file: prokka_output/M1025245651/M1025245651.sprot.tmp.48686.faa
[14:32:00] Deleting unwanted file: prokka_output/M1025245651/M1025245651.sprot.tmp.48686.blast
[14:32:00] There are still 1039 unannotated CDS left (started with 1573)
[14:32:00] Will use hmmer3 to search against /home/lorenzo/anaconda3/envs/prokka/db/hmm/HAMAP.hmm with 8 CPUs
[14:32:00] Running: cat prokka_output\/M1025245651\/M1025245651\.HAMAP\.hmm\.tmp\.48686\.faa | parallel --gnu --plain -j 8 --block 17980 --recstart '>' --pipe hmmscan --noali --notextw --acc -E 1e-09 --cpu 1 /home/lorenzo/anaconda3/envs/prokka/db/hmm/HAMAP.hmm /dev/stdin > prokka_output\/M1025245651\/M1025245651\.HAMAP\.hmm\.tmp\.48686\.hmmer3 2> /dev/null
[14:32:09] Deleting unwanted file: prokka_output/M1025245651/M1025245651.HAMAP.hmm.tmp.48686.faa
[14:32:09] Deleting unwanted file: prokka_output/M1025245651/M1025245651.HAMAP.hmm.tmp.48686.hmmer3
[14:32:09] Labelling remaining 915 proteins as 'hypothetical protein'
[14:32:09] Possible /pseudo 'putative chromate transport protein' at gnl|Prokka|OPANPEBB_33 position 4879
[14:32:09] Possible /pseudo 'Chaperone SurA' at gnl|Prokka|OPANPEBB_45 position 4018
[14:32:09] Possible /pseudo 'GTPase Era' at gnl|Prokka|OPANPEBB_81 position 2996
[14:32:09] Possible /pseudo 'Transketolase' at gnl|Prokka|OPANPEBB_172 position 2274
[14:32:09] Possible /pseudo 'Replication-associated recombination protein A' at gnl|Prokka|OPANPEBB_255 position 475
[14:32:09] Possible /pseudo 'Putative nuclease YhcG' at gnl|Prokka|OPANPEBB_313 position 743
[14:32:09] Found 548 unique /gene codes.
[14:32:09] Fixed 3 duplicate /gene - mshA_1 mshA_2 mshA_3
[14:32:09] Fixed 2 duplicate /gene - rcsC_1 rcsC_2
[14:32:09] Fixed 2 duplicate /gene - dnaG_1 dnaG_2
[14:32:09] Fixed 3 duplicate /gene - pal_1 pal_2 pal_3
[14:32:09] Fixed 2 duplicate /gene - rep_1 rep_2
[14:32:09] Fixed 3 duplicate /gene - bepA_1 bepA_2 bepA_3
[14:32:09] Fixed 2 duplicate /gene - cirA_1 cirA_2
[14:32:09] Fixed 2 duplicate /gene - sigE_1 sigE_2
[14:32:09] Fixed 2 duplicate /gene - miaA_1 miaA_2
[14:32:09] Fixed 2 duplicate /gene - gyrB_1 gyrB_2
[14:32:09] Fixed 2 duplicate /gene - lolE_1 lolE_2
[14:32:09] Fixed 3 duplicate /gene - yknY_1 yknY_2 yknY_3
[14:32:09] Fixed 2 duplicate /gene - surA_1 surA_2
[14:32:09] Fixed 3 duplicate /gene - rhaS_1 rhaS_2 rhaS_3
[14:32:09] Fixed 2 duplicate /gene - gph_1 gph_2
[14:32:09] Fixed 2 duplicate /gene - patA_1 patA_2
[14:32:09] Fixed 2 duplicate /gene - era_1 era_2
[14:32:09] Fixed 2 duplicate /gene - menF_1 menF_2
[14:32:09] Fixed 2 duplicate /gene - prmC_1 prmC_2
[14:32:09] Fixed 2 duplicate /gene - deaD_1 deaD_2
[14:32:09] Fixed 2 duplicate /gene - bamD_1 bamD_2
[14:32:09] Fixed 2 duplicate /gene - sasA_1 sasA_2
[14:32:09] Fixed 2 duplicate /gene - tadA_1 tadA_2
[14:32:09] Fixed 2 duplicate /gene - mutS_1 mutS_2
[14:32:09] Fixed 2 duplicate /gene - udk_1 udk_2
[14:32:09] Fixed 4 duplicate /gene - btuB_1 btuB_2 btuB_3 btuB_4
[14:32:09] Fixed 2 duplicate /gene - rarA_1 rarA_2
[14:32:09] Fixed 2 duplicate /gene - rbn_1 rbn_2
[14:32:09] Fixed 2 duplicate /gene - pspA_1 pspA_2
[14:32:09] Fixed 2 duplicate /gene - pta_1 pta_2
[14:32:09] Fixed 2 duplicate /gene - pfkB_1 pfkB_2
[14:32:09] Fixed 5 duplicate /gene - resA_1 resA_2 resA_3 resA_4 resA_5
[14:32:09] Fixed 2 duplicate /gene - mrcA_1 mrcA_2
[14:32:09] Fixed 2 duplicate /gene - queA_1 queA_2
[14:32:09] Fixed 2 duplicate /gene - xerD_1 xerD_2
[14:32:09] Fixed 2 duplicate /gene - yhcG_1 yhcG_2
[14:32:09] Fixed 2 duplicate /gene - ftsH_1 ftsH_2
[14:32:09] Fixed 2 duplicate /gene - asnC_1 asnC_2
[14:32:09] Fixed 2 duplicate /gene - cysG_1 cysG_2
[14:32:09] Fixed 2 duplicate /gene - ybhR_1 ybhR_2
[14:32:09] Fixed 2 duplicate /gene - ccsA_1 ccsA_2
[14:32:09] Fixed 2 duplicate /gene - hup_1 hup_2
[14:32:09] Fixed 3 duplicate /gene - xerC_1 xerC_2 xerC_3
[14:32:09] Fixed 2 duplicate /gene - relA_1 relA_2
[14:32:09] Fixed 2 duplicate /gene - nudC_1 nudC_2
[14:32:09] Fixed 2 duplicate /gene - pepD_1 pepD_2
[14:32:09] Fixed 2 duplicate /gene - purH_1 purH_2
[14:32:09] Fixed 2 duplicate /gene - srpC_1 srpC_2
[14:32:09] Fixed 2 duplicate /gene - lptB_1 lptB_2
[14:32:09] Fixed 2 duplicate /gene - tkt_1 tkt_2
[14:32:09] Fixed 50 colliding /gene names.
[14:32:09] Adding /locus_tag identifiers
[14:32:09] Assigned 1600 locus_tags to CDS and RNA features.
[14:32:09] Writing outputs to prokka_output/M1025245651/
[14:32:10] Generating annotation statistics file
[14:32:10] Generating Genbank and Sequin files
[14:32:10] Running: tbl2asn -V b -a r10k -l paired-ends -M n -N 1 -y 'Annotated using prokka 1.14.6 from https://github.com/tseemann/prokka' -Z prokka_output\/M1025245651\/M1025245651\.err -i prokka_output\/M1025245651\/M1025245651\.fsa 2> /dev/null
[tbl2asn-forever] Found Prokka input, correcting dates in .gbf|.sqn files.
[tbl2asn-forever] Correcting dates in prokka_output/M1025245651/M1025245651.gbf
[tbl2asn-forever] Correcting dates in prokka_output/M1025245651/M1025245651.sqn
[tbl2asn-forever] Dates changed from 01-JAN-2019 to 27-MAR-2026
[14:32:13] Deleting unwanted file: prokka_output/M1025245651/errorsummary.val
[14:32:13] Deleting unwanted file: prokka_output/M1025245651/M1025245651.dr
[14:32:13] Deleting unwanted file: prokka_output/M1025245651/M1025245651.fixedproducts
[14:32:13] Deleting unwanted file: prokka_output/M1025245651/M1025245651.ecn
[14:32:13] Deleting unwanted file: prokka_output/M1025245651/M1025245651.val
[14:32:13] Repairing broken .GBK output that tbl2asn produces...
[14:32:13] Running: sed 's/COORDINATES: profile/COORDINATES:profile/' < prokka_output\/M1025245651\/M1025245651\.gbf > prokka_output\/M1025245651\/M1025245651\.gbk
[14:32:13] Deleting unwanted file: prokka_output/M1025245651/M1025245651.gbf
[14:32:13] Output files:
[14:32:13] prokka_output/M1025245651/M1025245651.fsa
[14:32:13] prokka_output/M1025245651/M1025245651.err
[14:32:13] prokka_output/M1025245651/M1025245651.tbl
[14:32:13] prokka_output/M1025245651/M1025245651.fna
[14:32:13] prokka_output/M1025245651/M1025245651.ffn
[14:32:13] prokka_output/M1025245651/M1025245651.txt
[14:32:13] prokka_output/M1025245651/M1025245651.faa
[14:32:13] prokka_output/M1025245651/M1025245651.log
[14:32:13] prokka_output/M1025245651/M1025245651.gff
[14:32:13] prokka_output/M1025245651/M1025245651.sqn
[14:32:13] prokka_output/M1025245651/M1025245651.gbk
[14:32:13] prokka_output/M1025245651/M1025245651.tsv
[14:32:13] Annotation finished successfully.
[14:32:13] Walltime used: 0.90 minutes
[14:32:13] If you use this result please cite the Prokka paper:
[14:32:13] Seemann T (2014) Prokka: rapid prokaryotic genome annotation. Bioinformatics. 30(14):2068-9.
[14:32:13] Type 'prokka --citation' for more details.
[14:32:13] Thank you, come again.
