[14:38:56] This is prokka 1.14.6
[14:38:56] Written by Torsten Seemann <torsten.seemann@gmail.com>
[14:38:56] Homepage is https://github.com/tseemann/prokka
[14:38:56] Local time is Fri Mar 27 14:38:56 2026
[14:38:56] You are lorenzo
[14:38:56] Operating system is linux
[14:38:56] You have BioPerl 1.007002
[14:38:56] System has 8 cores.
[14:38:56] Will use maximum of 8 cores.
[14:38:56] Annotating as >>> Bacteria <<<
[14:38:56] Generating locus_tag from 'extracted_mags/M1365618114.fna' contents.
[14:38:56] Setting --locustag MMNBLMCD from MD5 667b56cd21de63b4669aebfe9945d482
[14:38:56] Enabling options to ensure Genbank/ENA/DDJB submission compliance.
[14:38:56] Re-using existing --outdir prokka_output/M1365618114
[14:38:56] Using filename prefix: M1365618114.XXX
[14:38:56] Setting HMMER_NCPU=1
[14:38:56] Writing log to: prokka_output/M1365618114/M1365618114.log
[14:38:56] Command: /home/lorenzo/anaconda3/envs/prokka/bin/prokka extracted_mags/M1365618114.fna --outdir prokka_output/M1365618114 --compliant --force --prefix M1365618114
[14:38:56] Appending to PATH: /home/lorenzo/anaconda3/envs/prokka/bin
[14:38:56] Looking for 'aragorn' - found /home/lorenzo/anaconda3/envs/prokka/bin/aragorn
[14:38:56] Determined aragorn version is 001002 from 'ARAGORN v1.2.41 Dean Laslett'
[14:38:56] Looking for 'barrnap' - found /home/lorenzo/anaconda3/envs/prokka/bin/barrnap
[14:38:56] Determined barrnap version is 000009 from 'barrnap 0.9'
[14:38:56] Looking for 'blastp' - found /home/lorenzo/anaconda3/envs/prokka/bin/blastp
[14:38:56] Determined blastp version is 002016 from 'blastp: 2.16.0+'
[14:38:56] Looking for 'cmpress' - found /home/lorenzo/anaconda3/envs/prokka/bin/cmpress
[14:38:56] Determined cmpress version is 001001 from '# INFERNAL 1.1.4 (Dec 2020)'
[14:38:56] Looking for 'cmscan' - found /home/lorenzo/anaconda3/envs/prokka/bin/cmscan
[14:38:56] Determined cmscan version is 001001 from '# INFERNAL 1.1.4 (Dec 2020)'
[14:38:56] Looking for 'egrep' - found /usr/bin/egrep
[14:38:56] Looking for 'find' - found /usr/bin/find
[14:38:56] Looking for 'grep' - found /usr/bin/grep
[14:38:56] Looking for 'hmmpress' - found /home/lorenzo/anaconda3/envs/prokka/bin/hmmpress
[14:38:56] Determined hmmpress version is 003004 from '# HMMER 3.4 (Aug 2023); http://hmmer.org/'
[14:38:56] Looking for 'hmmscan' - found /home/lorenzo/anaconda3/envs/prokka/bin/hmmscan
[14:38:56] Determined hmmscan version is 003004 from '# HMMER 3.4 (Aug 2023); http://hmmer.org/'
[14:38:56] Looking for 'java' - found /home/lorenzo/anaconda3/envs/prokka/bin/java
[14:38:56] Looking for 'makeblastdb' - found /home/lorenzo/anaconda3/envs/prokka/bin/makeblastdb
[14:38:56] Determined makeblastdb version is 002016 from 'makeblastdb: 2.16.0+'
[14:38:56] Looking for 'minced' - found /home/lorenzo/anaconda3/envs/prokka/bin/minced
[14:38:56] Determined minced version is 004002 from 'minced 0.4.2'
[14:38:56] Looking for 'parallel' - found /home/lorenzo/anaconda3/envs/prokka/bin/parallel
[14:38:56] Determined parallel version is 20260122 from 'GNU parallel 20260122'
[14:38:56] Looking for 'prodigal' - found /home/lorenzo/anaconda3/envs/prokka/bin/prodigal
[14:38:56] Determined prodigal version is 002006 from 'Prodigal V2.6.3: February, 2016'
[14:38:56] Looking for 'prokka-genbank_to_fasta_db' - found /home/lorenzo/anaconda3/envs/prokka/bin/prokka-genbank_to_fasta_db
[14:38:56] Looking for 'sed' - found /usr/bin/sed
[14:38:56] Looking for 'tbl2asn' - found /home/lorenzo/anaconda3/envs/prokka/bin/tbl2asn
[14:38:56] Determined tbl2asn version is 025007 from 'tbl2asn 25.7   arguments:'
[14:38:56] Using genetic code table 11.
[14:38:56] Loading and checking input file: extracted_mags/M1365618114.fna
[14:38:56] Wrote 230 contigs totalling 2602017 bp.
[14:38:56] Predicting tRNAs and tmRNAs
[14:38:56] Running: aragorn -l -gc11  -w prokka_output\/M1365618114\/M1365618114\.fna
[14:38:57] 1 tRNA-Gln [7790,7861] 33 (ctg)
[14:38:57] 1 tRNA-Ser [30054,30141] 35 (cga)
[14:38:57] 1 tRNA-Leu c[16238,16324] 34 (taa)
[14:38:57] 1 tRNA-Phe c[253,327] 34 (gaa)
[14:38:57] 1 tRNA-Glu c[30544,30618] 34 (ttc)
[14:38:57] 1 tRNA-Asn c[9553,9628] 35 (gtt)
[14:38:57] 1 tRNA-Arg [26086,26160] 35 (acg)
[14:38:57] 1 tRNA-Lys c[21711,21784] 34 (ctt)
[14:38:57] 1 tRNA-Arg [5685,5759] 35 (ccg)
[14:38:57] 1 tmRNA c[3318,3715] 97,126 GNNNYALAA*
[14:38:57] 1 tRNA-Trp c[17733,17806] 34 (cca)
[14:38:57] 2 tRNA-Thr c[19148,19220] 33 (ggt)
[14:38:57] 1 tRNA-Ala c[7278,7352] 35 (ggc)
[14:38:57] 1 tRNA-Gln [12490,12561] 33 (ttg)
[14:38:57] 1 tRNA-Pro [1776,1849] 34 (ggg)
[14:38:57] 2 tRNA-Lys c[2011,2084] 34 (ttt)
[14:38:57] 1 tRNA-Met [11260,11334] 35 (cat)
[14:38:57] 1 tRNA-Thr [15426,15500] 35 (tgt)
[14:38:57] 2 tRNA-Tyr [15538,15621] 35 (gta)
[14:38:57] 3 tRNA-Gly [15709,15782] 34 (tcc)
[14:38:57] 4 tRNA-Thr [15787,15859] 33 (ggt)
[14:38:57] 1 tRNA-Asp [1108,1183] 36 (gtc)
[14:38:57] 2 tRNA-Thr [1488,1562] 35 (tgt)
[14:38:57] 1 tRNA-His c[4798,4872] 35 (gtg)
[14:38:57] 1 tRNA-Phe c[496,569] 34 (gaa)
[14:38:57] 2 tRNA-Pro [705,779] 34 (cgg)
[14:38:57] 1 tRNA-Ser [5250,5337] 35 (gct)
[14:38:57] 2 tRNA-Glu [5364,5436] 34 (ctc)
[14:38:57] 1 tRNA-Arg [5309,5384] 36 (tct)
[14:38:57] 2 tRNA-Cys c[11526,11599] 33 (gca)
[14:38:57] 1 tRNA-Leu c[2460,2542] 35 (tag)
[14:38:57] 2 tRNA-Ser [13108,13196] 35 (gga)
[14:38:57] 1 tRNA-Gly c[13241,13314] 34 (gcc)
[14:38:57] 2 tRNA-Leu c[13330,13413] 35 (gag)
[14:38:57] 3 tRNA-Leu c[13437,13520] 35 (cag)
[14:38:57] 4 tRNA-Gly c[13551,13624] 34 (gcc)
[14:38:57] 1 tRNA-Met [9529,9603] 35 (cat)
[14:38:57] 1 tRNA-Leu c[3192,3274] 35 (caa)
[14:38:57] 1 tRNA-Val [4,79] 36 (tac)
[14:38:57] 1 tRNA-Met [3893,3966] 34 (cat)
[14:38:57] 1 tRNA-Pro [6283,6356] 34 (tgg)
[14:38:57] 1 tmRNA [490,886] 96,125 GENNYALAA*
[14:38:57] 1 tRNA-Gly c[1116,1189] 34 (gcc)
[14:38:57] 1 tRNA-Gly c[1354,1427] 34 (ccc)
[14:38:57] 2 tRNA-Thr c[1458,1533] 34 (cgt)
[14:38:57] Found 45 tRNAs
[14:38:57] Predicting Ribosomal RNAs
[14:38:57] Running Barrnap with 8 threads
[14:38:57] 1 gnl|Prokka|MMNBLMCD_122 455 5S ribosomal RNA
[14:38:57] 2 gnl|Prokka|MMNBLMCD_218 1717 5S ribosomal RNA
[14:38:57] Found 2 rRNAs
[14:38:57] Skipping ncRNA search, enable with --rfam if desired.
[14:38:57] Total of 45 tRNA + rRNA features
[14:38:57] Searching for CRISPR repeats
[14:38:58] CRISPR1 gnl|Prokka|MMNBLMCD_33 21172 with 4 spacers
[14:38:58] Found 1 CRISPRs
[14:38:58] Predicting coding sequences
[14:38:58] Contigs total 2602017 bp, so using single mode
[14:38:58] Running: prodigal -i prokka_output\/M1365618114\/M1365618114\.fna -c -m -g 11 -p single -f sco -q
[14:39:04] Excluding CDS which overlaps existing RNA (tRNA) at gnl|Prokka|MMNBLMCD_6:14526..16355 on - strand
[14:39:04] Excluding CDS which overlaps existing RNA (tRNA) at gnl|Prokka|MMNBLMCD_6:16304..16582 on - strand
[14:39:04] Excluding CDS which overlaps existing RNA (tRNA) at gnl|Prokka|MMNBLMCD_12:30574..30699 on - strand
[14:39:04] Excluding CDS which overlaps existing RNA (tRNA) at gnl|Prokka|MMNBLMCD_67:672..797 on - strand
[14:39:05] Excluding CDS which overlaps existing RNA (tRNA) at gnl|Prokka|MMNBLMCD_194:1091..1201 on + strand
[14:39:05] Found 2250 CDS
[14:39:05] Connecting features back to sequences
[14:39:05] Not using genus-specific database. Try --usegenus to enable it.
[14:39:05] Annotating CDS, please be patient.
[14:39:05] Will use 8 CPUs for similarity searching.
[14:39:05] There are still 2250 unannotated CDS left (started with 2250)
[14:39:05] Will use blast to search against /home/lorenzo/anaconda3/envs/prokka/db/kingdom/Bacteria/IS with 8 CPUs
[14:39:05] Running: cat prokka_output\/M1365618114\/M1365618114\.IS\.tmp\.63286\.faa | parallel --gnu --plain -j 8 --block 46049 --recstart '>' --pipe blastp -query - -db /home/lorenzo/anaconda3/envs/prokka/db/kingdom/Bacteria/IS -evalue 1e-30 -qcov_hsp_perc 90 -num_threads 1 -num_descriptions 1 -num_alignments 1 -seg no > prokka_output\/M1365618114\/M1365618114\.IS\.tmp\.63286\.blast 2> /dev/null
[14:39:13] Deleting unwanted file: prokka_output/M1365618114/M1365618114.IS.tmp.63286.faa
[14:39:13] Deleting unwanted file: prokka_output/M1365618114/M1365618114.IS.tmp.63286.blast
[14:39:14] There are still 2240 unannotated CDS left (started with 2250)
[14:39:14] Will use blast to search against /home/lorenzo/anaconda3/envs/prokka/db/kingdom/Bacteria/AMR with 8 CPUs
[14:39:14] Running: cat prokka_output\/M1365618114\/M1365618114\.AMR\.tmp\.63286\.faa | parallel --gnu --plain -j 8 --block 45881 --recstart '>' --pipe blastp -query - -db /home/lorenzo/anaconda3/envs/prokka/db/kingdom/Bacteria/AMR -evalue 9.99999999999999e-301 -qcov_hsp_perc 90 -num_threads 1 -num_descriptions 1 -num_alignments 1 -seg no > prokka_output\/M1365618114\/M1365618114\.AMR\.tmp\.63286\.blast 2> /dev/null
[14:39:20] Deleting unwanted file: prokka_output/M1365618114/M1365618114.AMR.tmp.63286.faa
[14:39:20] Deleting unwanted file: prokka_output/M1365618114/M1365618114.AMR.tmp.63286.blast
[14:39:21] There are still 2240 unannotated CDS left (started with 2250)
[14:39:21] Will use blast to search against /home/lorenzo/anaconda3/envs/prokka/db/kingdom/Bacteria/sprot with 8 CPUs
[14:39:21] Running: cat prokka_output\/M1365618114\/M1365618114\.sprot\.tmp\.63286\.faa | parallel --gnu --plain -j 8 --block 45881 --recstart '>' --pipe blastp -query - -db /home/lorenzo/anaconda3/envs/prokka/db/kingdom/Bacteria/sprot -evalue 1e-09 -qcov_hsp_perc 80 -num_threads 1 -num_descriptions 1 -num_alignments 1 -seg no > prokka_output\/M1365618114\/M1365618114\.sprot\.tmp\.63286\.blast 2> /dev/null
[14:39:49] Modify product: Probable type I restriction enzyme BthVORF4518P M protein => putative type I restriction enzymeP M protein
[14:39:49] Modify product: Bifunctional protein FolD => Bifunctional protein FolD protein
[14:39:49] Modify product: Putative esterase PA1618 => Putative esterase
[14:39:49] Modify product: Uncharacterized protein YcgM => putative protein YcgM
[14:39:49] Modify product: UPF0701 protein YicC => hypothetical protein
[14:39:49] Modify product: Putative zinc metalloprotease aq_1964 => Putative zinc metalloprotease
[14:39:49] Modify product: Probable nicotinate-nucleotide pyrophosphorylase [carboxylating] => putative nicotinate-nucleotide pyrophosphorylase [carboxylating]
[14:39:49] Modify product: Probable glycine dehydrogenase (decarboxylating) subunit 2 => putative glycine dehydrogenase (decarboxylating) subunit 2
[14:39:49] Modify product: Probable glycine dehydrogenase (decarboxylating) subunit 1 => putative glycine dehydrogenase (decarboxylating) subunit 1
[14:39:49] Modify product: Uncharacterized protein YjbR => putative protein YjbR
[14:39:49] Modify product: Uncharacterized oxidoreductase Rv0945 => putative oxidoreductase
[14:39:49] Modify product: Probable FMN/FAD exporter YeeO => putative FMN/FAD exporter YeeO
[14:39:49] Modify product: Probable multidrug ABC transporter permease YbhR => putative multidrug ABC transporter permease YbhR
[14:39:49] Modify product: Probable multidrug ABC transporter permease YbhS => putative multidrug ABC transporter permease YbhS
[14:39:49] Modify product: UPF0194 membrane protein YbhG => hypothetical protein
[14:39:49] Modify product: UPF0324 inner membrane protein YeiH => hypothetical protein
[14:39:49] Modify product: Uncharacterized protein YqeY => putative protein YqeY
[14:39:49] Modify product: Uncharacterized zinc protease Rv2782c => putative zinc protease
[14:39:49] Modify product: Sulfurtransferase Alvin_2599 => Sulfurtransferase
[14:39:49] Modify product: Uncharacterized ABC transporter ATP-binding protein YheS => putative ABC transporter ATP-binding protein YheS
[14:39:49] Modify product: UPF0073 inner membrane protein YqfA => hypothetical protein
[14:39:49] Modify product: Uncharacterized protein HI_0933 => putative protein
[14:39:49] Modify product: Uncharacterized HIT-like protein Rv0759c => putative HIT-like protein
[14:39:49] Modify product: Probable chromosome-partitioning protein ParB => putative chromosome-partitioning protein ParB
[14:39:49] Modify product: Uncharacterized protein NMB0459 => putative protein
[14:39:49] Modify product: Probable multidrug ABC transporter permease YbhR => putative multidrug ABC transporter permease YbhR
[14:39:49] Modify product: Uncharacterized ABC transporter ATP-binding protein YknY => putative ABC transporter ATP-binding protein YknY
[14:39:49] Modify product: Probable ribonucleotide transport ATP-binding protein mkl => putative ribonucleotide transport ATP-binding protein mkl
[14:39:49] Modify product: Glutathione peroxidase homolog BsaA => Glutathione peroxidase BsaA
[14:39:49] Modify product: Uncharacterized protein YqgN => putative protein YqgN
[14:39:49] Modify product: UPF0353 protein Rv1481 => hypothetical protein
[14:39:49] Modify product: Probable ATP-dependent transporter SufC => putative ATP-dependent transporter SufC
[14:39:49] Modify product: Acetyltransferase PA3944 => Acetyltransferase
[14:39:49] Modify product: Peptidoglycan-N-acetylglucosamine deacetylase BC_3618 => Peptidoglycan-N-acetylglucosamine deacetylase
[14:39:49] Modify product: Probable chromate transport protein => putative chromate transport protein
[14:39:49] Modify product: GTP cyclohydrolase 1 type 2 homolog => GTP cyclohydrolase 1 type 2 
[14:39:49] Modify product: Putative multidrug export ATP-binding/permease protein SAV1866 => Putative multidrug export ATP-binding/permease protein
[14:39:49] Modify product: Uncharacterized ABC transporter ATP-binding protein YbiT => putative ABC transporter ATP-binding protein YbiT
[14:39:49] Modify product: Uncharacterized protein YpjD => putative protein YpjD
[14:39:49] Modify product: Probable enoyl-CoA hydratase 1 => putative enoyl-CoA hydratase 1
[14:39:49] Modify product: Uncharacterized epimerase/dehydratase SA0511 => putative epimerase/dehydratase
[14:39:49] Modify product: UPF0371 protein DIP2346 => hypothetical protein
[14:39:49] Modify product: SusD-like protein BACOVA_02651 => SusD-like protein
[14:39:49] Modify product: Probable GTPase Rv1496 => putative GTPase
[14:39:49] Modify product: UPF0053 protein Rv2366c => hypothetical protein
[14:39:49] Modify product: Probable transcriptional regulatory protein HP_0162 => putative transcriptional regulatory protein
[14:39:49] Modify product: Uncharacterized N-acetyltransferase YvbK => putative N-acetyltransferase YvbK
[14:39:49] Modify product: UPF0145 protein YbjQ => hypothetical protein
[14:39:50] Modify product: PGL/p-HBAD biosynthesis glycosyltransferase Rv2957 => PGL/p-HBAD biosynthesis glycosyltransferase
[14:39:50] Modify product: Uncharacterized protein YbbA => putative protein YbbA
[14:39:50] Modify product: UPF0758 protein SP_1088 => hypothetical protein
[14:39:50] Modify product: Uncharacterized protein Rv2581c => putative protein
[14:39:50] Modify product: Uncharacterized glycosyltransferase YkoT => putative glycosyltransferase YkoT
[14:39:50] Modify product: Uncharacterized RNA pseudouridine synthase Rv1540 => putative RNA pseudouridine synthase
[14:39:50] Modify product: Probable amino-acid metabolite efflux pump => putative amino-acid metabolite efflux pump
[14:39:50] Modify product: Probable GTP-binding protein EngB => putative GTP-binding protein EngB
[14:39:50] Modify product: Uncharacterized ABC transporter ATP-binding protein YknY => putative ABC transporter ATP-binding protein YknY
[14:39:50] Modify product: Uncharacterized ABC transporter ATP-binding protein YknY => putative ABC transporter ATP-binding protein YknY
[14:39:50] Modify product: Probable efflux pump periplasmic linker TtgA => putative efflux pump periplasmic linker TtgA
[14:39:50] Modify product: Uncharacterized protein YbbA => putative protein YbbA
[14:39:50] Cleaned 60 /product names
[14:39:50] Deleting unwanted file: prokka_output/M1365618114/M1365618114.sprot.tmp.63286.faa
[14:39:50] Deleting unwanted file: prokka_output/M1365618114/M1365618114.sprot.tmp.63286.blast
[14:39:50] There are still 1508 unannotated CDS left (started with 2250)
[14:39:50] Will use hmmer3 to search against /home/lorenzo/anaconda3/envs/prokka/db/hmm/HAMAP.hmm with 8 CPUs
[14:39:50] Running: cat prokka_output\/M1365618114\/M1365618114\.HAMAP\.hmm\.tmp\.63286\.faa | parallel --gnu --plain -j 8 --block 29319 --recstart '>' --pipe hmmscan --noali --notextw --acc -E 1e-09 --cpu 1 /home/lorenzo/anaconda3/envs/prokka/db/hmm/HAMAP.hmm /dev/stdin > prokka_output\/M1365618114\/M1365618114\.HAMAP\.hmm\.tmp\.63286\.hmmer3 2> /dev/null
[14:40:02] Deleting unwanted file: prokka_output/M1365618114/M1365618114.HAMAP.hmm.tmp.63286.faa
[14:40:02] Deleting unwanted file: prokka_output/M1365618114/M1365618114.HAMAP.hmm.tmp.63286.hmmer3
[14:40:02] Labelling remaining 1321 proteins as 'hypothetical protein'
[14:40:02] Possible /pseudo 'Alanine--tRNA ligase' at gnl|Prokka|MMNBLMCD_1 position 24632
[14:40:02] Possible /pseudo 'Macrolide export ATP-binding/permease protein MacB' at gnl|Prokka|MMNBLMCD_20 position 2250
[14:40:02] Possible /pseudo 'Cobalt-precorrin-5B C(1)-methyltransferase' at gnl|Prokka|MMNBLMCD_24 position 7481
[14:40:02] Possible /pseudo 'Vitamin B12 transporter BtuB' at gnl|Prokka|MMNBLMCD_39 position 16006
[14:40:02] Possible /pseudo '23S rRNA (guanosine-2'-O-)-methyltransferase RlmB' at gnl|Prokka|MMNBLMCD_62 position 3976
[14:40:02] Possible /pseudo 'NAD(P) transhydrogenase subunit alpha' at gnl|Prokka|MMNBLMCD_65 position 3353
[14:40:02] Possible /pseudo 'IS5 family transposase ISPta1' at gnl|Prokka|MMNBLMCD_80 position 4954
[14:40:02] Possible /pseudo 'Chaperone SurA' at gnl|Prokka|MMNBLMCD_82 position 5471
[14:40:02] Possible /pseudo 'NADP-dependent malic enzyme' at gnl|Prokka|MMNBLMCD_123 position 6020
[14:40:02] Found 745 unique /gene codes.
[14:40:02] Fixed 2 duplicate /gene - algC_1 algC_2
[14:40:02] Fixed 2 duplicate /gene - ybhR_1 ybhR_2
[14:40:02] Fixed 2 duplicate /gene - pntA_1 pntA_2
[14:40:02] Fixed 2 duplicate /gene - maeB_1 maeB_2
[14:40:02] Fixed 2 duplicate /gene - tolQ_1 tolQ_2
[14:40:02] Fixed 2 duplicate /gene - rep_1 rep_2
[14:40:02] Fixed 2 duplicate /gene - purH_1 purH_2
[14:40:02] Fixed 2 duplicate /gene - nspC_1 nspC_2
[14:40:02] Fixed 7 duplicate /gene - xerC_1 xerC_2 xerC_3 xerC_4 xerC_5 xerC_6 xerC_7
[14:40:02] Fixed 2 duplicate /gene - ftsH_1 ftsH_2
[14:40:02] Fixed 2 duplicate /gene - cmk_1 cmk_2
[14:40:02] Fixed 6 duplicate /gene - resA_1 resA_2 resA_3 resA_4 resA_5 resA_6
[14:40:02] Fixed 2 duplicate /gene - thyA_1 thyA_2
[14:40:02] Fixed 2 duplicate /gene - korB_1 korB_2
[14:40:02] Fixed 2 duplicate /gene - bamD_1 bamD_2
[14:40:02] Fixed 2 duplicate /gene - ybbA_1 ybbA_2
[14:40:02] Fixed 2 duplicate /gene - lptB_1 lptB_2
[14:40:02] Fixed 2 duplicate /gene - yhcG_1 yhcG_2
[14:40:02] Fixed 2 duplicate /gene - tuaB_1 tuaB_2
[14:40:02] Fixed 2 duplicate /gene - uvrA_1 uvrA_2
[14:40:02] Fixed 2 duplicate /gene - macB_1 macB_2
[14:40:02] Fixed 3 duplicate /gene - yknY_1 yknY_2 yknY_3
[14:40:02] Fixed 5 duplicate /gene - sasA_1 sasA_2 sasA_3 sasA_4 sasA_5
[14:40:02] Fixed 2 duplicate /gene - cbiD_1 cbiD_2
[14:40:02] Fixed 3 duplicate /gene - rhaS_1 rhaS_2 rhaS_3
[14:40:02] Fixed 2 duplicate /gene - queC_1 queC_2
[14:40:02] Fixed 2 duplicate /gene - menF_1 menF_2
[14:40:02] Fixed 2 duplicate /gene - lptD_1 lptD_2
[14:40:02] Fixed 2 duplicate /gene - fucP_1 fucP_2
[14:40:02] Fixed 2 duplicate /gene - korA_1 korA_2
[14:40:02] Fixed 3 duplicate /gene - recF_1 recF_2 recF_3
[14:40:02] Fixed 2 duplicate /gene - dtd_1 dtd_2
[14:40:02] Fixed 2 duplicate /gene - recD2_1 recD2_2
[14:40:02] Fixed 2 duplicate /gene - COQ3_1 COQ3_2
[14:40:02] Fixed 2 duplicate /gene - lpxA_1 lpxA_2
[14:40:02] Fixed 3 duplicate /gene - mshA_1 mshA_2 mshA_3
[14:40:02] Fixed 3 duplicate /gene - rhaR_1 rhaR_2 rhaR_3
[14:40:02] Fixed 2 duplicate /gene - dnaN_1 dnaN_2
[14:40:02] Fixed 2 duplicate /gene - hup_1 hup_2
[14:40:02] Fixed 2 duplicate /gene - xerD_1 xerD_2
[14:40:02] Fixed 2 duplicate /gene - lagD_1 lagD_2
[14:40:02] Fixed 2 duplicate /gene - tadA_1 tadA_2
[14:40:02] Fixed 2 duplicate /gene - pepD_1 pepD_2
[14:40:02] Fixed 2 duplicate /gene - mrdB_1 mrdB_2
[14:40:02] Fixed 2 duplicate /gene - map_1 map_2
[14:40:02] Fixed 2 duplicate /gene - pfkB_1 pfkB_2
[14:40:02] Fixed 2 duplicate /gene - fcl_1 fcl_2
[14:40:02] Fixed 2 duplicate /gene - mutS_1 mutS_2
[14:40:02] Fixed 2 duplicate /gene - pspA_1 pspA_2
[14:40:02] Fixed 2 duplicate /gene - deoC_1 deoC_2
[14:40:02] Fixed 2 duplicate /gene - lolE_1 lolE_2
[14:40:02] Fixed 4 duplicate /gene - pal_1 pal_2 pal_3 pal_4
[14:40:02] Fixed 2 duplicate /gene - alaS_1 alaS_2
[14:40:02] Fixed 2 duplicate /gene - pyrK_1 pyrK_2
[14:40:02] Fixed 3 duplicate /gene - bamA_1 bamA_2 bamA_3
[14:40:02] Fixed 2 duplicate /gene - relA_1 relA_2
[14:40:02] Fixed 2 duplicate /gene - pta_1 pta_2
[14:40:02] Fixed 2 duplicate /gene - gph_1 gph_2
[14:40:02] Fixed 4 duplicate /gene - deaD_1 deaD_2 deaD_3 deaD_4
[14:40:02] Fixed 2 duplicate /gene - hmuU_1 hmuU_2
[14:40:02] Fixed 2 duplicate /gene - gyrB_1 gyrB_2
[14:40:02] Fixed 2 duplicate /gene - btuD_1 btuD_2
[14:40:02] Fixed 2 duplicate /gene - glgB_1 glgB_2
[14:40:02] Fixed 2 duplicate /gene - rcsC_1 rcsC_2
[14:40:02] Fixed 2 duplicate /gene - surA_1 surA_2
[14:40:02] Fixed 2 duplicate /gene - miaA_1 miaA_2
[14:40:02] Fixed 11 duplicate /gene - btuB_1 btuB_2 btuB_3 btuB_4 btuB_5 btuB_6 btuB_7 btuB_8 btuB_9 btuB_10 btuB_11
[14:40:02] Fixed 2 duplicate /gene - rlmB_1 rlmB_2
[14:40:02] Fixed 3 duplicate /gene - nudC_1 nudC_2 nudC_3
[14:40:02] Fixed 2 duplicate /gene - udk_1 udk_2
[14:40:02] Fixed 2 duplicate /gene - nfrA2_1 nfrA2_2
[14:40:02] Fixed 2 duplicate /gene - rny_1 rny_2
[14:40:02] Fixed 2 duplicate /gene - queA_1 queA_2
[14:40:02] Fixed 5 duplicate /gene - bepA_1 bepA_2 bepA_3 bepA_4 bepA_5
[14:40:02] Fixed 2 duplicate /gene - soj_1 soj_2
[14:40:02] Fixed 2 duplicate /gene - patA_1 patA_2
[14:40:02] Fixed 2 duplicate /gene - sigA_1 sigA_2
[14:40:02] Fixed 2 duplicate /gene - kefB_1 kefB_2
[14:40:02] Fixed 2 duplicate /gene - rfbB_1 rfbB_2
[14:40:02] Fixed 2 duplicate /gene - kdsA_1 kdsA_2
[14:40:02] Fixed 80 colliding /gene names.
[14:40:02] Adding /locus_tag identifiers
[14:40:02] Assigned 2297 locus_tags to CDS and RNA features.
[14:40:02] Writing outputs to prokka_output/M1365618114/
[14:40:03] Generating annotation statistics file
[14:40:03] Generating Genbank and Sequin files
[14:40:03] Running: tbl2asn -V b -a r10k -l paired-ends -M n -N 1 -y 'Annotated using prokka 1.14.6 from https://github.com/tseemann/prokka' -Z prokka_output\/M1365618114\/M1365618114\.err -i prokka_output\/M1365618114\/M1365618114\.fsa 2> /dev/null
[14:40:07] Deleting unwanted file: prokka_output/M1365618114/errorsummary.val
[14:40:07] Deleting unwanted file: prokka_output/M1365618114/M1365618114.dr
[14:40:07] Deleting unwanted file: prokka_output/M1365618114/M1365618114.fixedproducts
[14:40:07] Deleting unwanted file: prokka_output/M1365618114/M1365618114.ecn
[14:40:07] Deleting unwanted file: prokka_output/M1365618114/M1365618114.val
[14:40:07] Repairing broken .GBK output that tbl2asn produces...
[14:40:07] Running: sed 's/COORDINATES: profile/COORDINATES:profile/' < prokka_output\/M1365618114\/M1365618114\.gbf > prokka_output\/M1365618114\/M1365618114\.gbk
[14:40:07] Deleting unwanted file: prokka_output/M1365618114/M1365618114.gbf
[14:40:07] Output files:
[14:40:07] prokka_output/M1365618114/M1365618114.gff
[14:40:07] prokka_output/M1365618114/M1365618114.faa
[14:40:07] prokka_output/M1365618114/M1365618114.gbk
[14:40:07] prokka_output/M1365618114/M1365618114.log
[14:40:07] prokka_output/M1365618114/M1365618114.tbl
[14:40:07] prokka_output/M1365618114/M1365618114.sqn
[14:40:07] prokka_output/M1365618114/M1365618114.txt
[14:40:07] prokka_output/M1365618114/M1365618114.err
[14:40:07] prokka_output/M1365618114/M1365618114.tsv
[14:40:07] prokka_output/M1365618114/M1365618114.ffn
[14:40:07] prokka_output/M1365618114/M1365618114.fsa
[14:40:07] prokka_output/M1365618114/M1365618114.fna
[14:40:07] Annotation finished successfully.
[14:40:07] Walltime used: 1.18 minutes
[14:40:07] If you use this result please cite the Prokka paper:
[14:40:07] Seemann T (2014) Prokka: rapid prokaryotic genome annotation. Bioinformatics. 30(14):2068-9.
[14:40:07] Type 'prokka --citation' for more details.
[14:40:07] Share and enjoy!
