[14:52:58] This is prokka 1.14.6
[14:52:58] Written by Torsten Seemann <torsten.seemann@gmail.com>
[14:52:58] Homepage is https://github.com/tseemann/prokka
[14:52:58] Local time is Fri Mar 27 14:52:58 2026
[14:52:58] You are lorenzo
[14:52:58] Operating system is linux
[14:52:58] You have BioPerl 1.007002
[14:52:58] System has 8 cores.
[14:52:58] Will use maximum of 8 cores.
[14:52:58] Annotating as >>> Bacteria <<<
[14:52:58] Generating locus_tag from 'extracted_mags/M1787348583.fna' contents.
[14:52:58] Setting --locustag LHPHOPBP from MD5 519189b993e3d87c7294ac1317199305
[14:52:58] Enabling options to ensure Genbank/ENA/DDJB submission compliance.
[14:52:58] Re-using existing --outdir prokka_output/M1787348583
[14:52:58] Using filename prefix: M1787348583.XXX
[14:52:58] Setting HMMER_NCPU=1
[14:52:58] Writing log to: prokka_output/M1787348583/M1787348583.log
[14:52:58] Command: /home/lorenzo/anaconda3/envs/prokka/bin/prokka extracted_mags/M1787348583.fna --outdir prokka_output/M1787348583 --compliant --force --prefix M1787348583
[14:52:58] Appending to PATH: /home/lorenzo/anaconda3/envs/prokka/bin
[14:52:58] Looking for 'aragorn' - found /home/lorenzo/anaconda3/envs/prokka/bin/aragorn
[14:52:58] Determined aragorn version is 001002 from 'ARAGORN v1.2.41 Dean Laslett'
[14:52:58] Looking for 'barrnap' - found /home/lorenzo/anaconda3/envs/prokka/bin/barrnap
[14:52:58] Determined barrnap version is 000009 from 'barrnap 0.9'
[14:52:58] Looking for 'blastp' - found /home/lorenzo/anaconda3/envs/prokka/bin/blastp
[14:52:58] Determined blastp version is 002016 from 'blastp: 2.16.0+'
[14:52:58] Looking for 'cmpress' - found /home/lorenzo/anaconda3/envs/prokka/bin/cmpress
[14:52:58] Determined cmpress version is 001001 from '# INFERNAL 1.1.4 (Dec 2020)'
[14:52:58] Looking for 'cmscan' - found /home/lorenzo/anaconda3/envs/prokka/bin/cmscan
[14:52:58] Determined cmscan version is 001001 from '# INFERNAL 1.1.4 (Dec 2020)'
[14:52:58] Looking for 'egrep' - found /usr/bin/egrep
[14:52:58] Looking for 'find' - found /usr/bin/find
[14:52:58] Looking for 'grep' - found /usr/bin/grep
[14:52:58] Looking for 'hmmpress' - found /home/lorenzo/anaconda3/envs/prokka/bin/hmmpress
[14:52:58] Determined hmmpress version is 003004 from '# HMMER 3.4 (Aug 2023); http://hmmer.org/'
[14:52:58] Looking for 'hmmscan' - found /home/lorenzo/anaconda3/envs/prokka/bin/hmmscan
[14:52:58] Determined hmmscan version is 003004 from '# HMMER 3.4 (Aug 2023); http://hmmer.org/'
[14:52:58] Looking for 'java' - found /home/lorenzo/anaconda3/envs/prokka/bin/java
[14:52:58] Looking for 'makeblastdb' - found /home/lorenzo/anaconda3/envs/prokka/bin/makeblastdb
[14:52:58] Determined makeblastdb version is 002016 from 'makeblastdb: 2.16.0+'
[14:52:58] Looking for 'minced' - found /home/lorenzo/anaconda3/envs/prokka/bin/minced
[14:52:58] Determined minced version is 004002 from 'minced 0.4.2'
[14:52:58] Looking for 'parallel' - found /home/lorenzo/anaconda3/envs/prokka/bin/parallel
[14:52:58] Determined parallel version is 20260122 from 'GNU parallel 20260122'
[14:52:58] Looking for 'prodigal' - found /home/lorenzo/anaconda3/envs/prokka/bin/prodigal
[14:52:58] Determined prodigal version is 002006 from 'Prodigal V2.6.3: February, 2016'
[14:52:58] Looking for 'prokka-genbank_to_fasta_db' - found /home/lorenzo/anaconda3/envs/prokka/bin/prokka-genbank_to_fasta_db
[14:52:58] Looking for 'sed' - found /usr/bin/sed
[14:52:58] Looking for 'tbl2asn' - found /home/lorenzo/anaconda3/envs/prokka/bin/tbl2asn
[14:52:58] Determined tbl2asn version is 025007 from 'tbl2asn 25.7   arguments:'
[14:52:58] Using genetic code table 11.
[14:52:58] Loading and checking input file: extracted_mags/M1787348583.fna
[14:52:58] Wrote 412 contigs totalling 2546918 bp.
[14:52:58] Predicting tRNAs and tmRNAs
[14:52:58] Running: aragorn -l -gc11  -w prokka_output\/M1787348583\/M1787348583\.fna
[14:52:58] 1 tRNA-Gln c[24520,24591] 33 (ttg)
[14:52:58] 1 tRNA-Leu [14840,14922] 35 (caa)
[14:52:58] 1 tRNA-Lys [848,921] 34 (ttt)
[14:52:58] 2 tRNA-Pro c[1083,1156] 34 (ggg)
[14:52:58] 1 tRNA-Met c[16576,16650] 35 (cat)
[14:52:58] 1 tRNA-Leu [4187,4273] 34 (taa)
[14:52:58] 1 tRNA-Gln [17125,17196] 33 (ctg)
[14:52:58] 1 tRNA-Ser c[1407,1492] 35 (tga)
[14:52:58] 2 tRNA-Pro [14466,14539] 34 (tgg)
[14:52:58] 1 tRNA-Arg [5933,6007] 35 (acg)
[14:52:58] 1 tRNA-Thr c[8546,8620] 35 (tgt)
[14:52:58] 2 tRNA-Asp c[8925,9000] 36 (gtc)
[14:52:58] 3 tRNA-Asp c[9046,9121] 36 (gtc)
[14:52:58] 1 tmRNA c[985,1382] 97,126 GNNNYALAA*
[14:52:58] 1 tRNA-Glu [6188,6262] 34 (ttc)
[14:52:58] 1 tRNA-Arg [2363,2435] 34 (cct)
[14:52:58] 1 tRNA-Arg c[5696,5771] 36 (tct)
[14:52:58] 1 tRNA-Met c[3395,3469] 35 (cat)
[14:52:59] 1 tRNA-Arg c[6515,6589] 35 (ccg)
[14:52:59] 1 tRNA-Ala c[6719,6793] 35 (ggc)
[14:52:59] 1 tRNA-Asn c[6754,6829] 35 (gtt)
[14:52:59] 1 tRNA-Ser [128,216] 35 (gga)
[14:52:59] 1 tRNA-Thr [311,386] 34 (cgt)
[14:52:59] 2 tRNA-Gly [417,490] 34 (ccc)
[14:52:59] 1 tRNA-Gly [5579,5652] 34 (gcc)
[14:52:59] 2 tRNA-Leu [5683,5766] 35 (cag)
[14:52:59] 1 tRNA-His c[3213,3287] 35 (gtg)
[14:52:59] 1 tRNA-Trp c[1238,1311] 34 (cca)
[14:52:59] 2 tRNA-Thr c[2653,2725] 33 (ggt)
[14:52:59] 3 tRNA-Gly c[2730,2803] 34 (tcc)
[14:52:59] 4 tRNA-Tyr c[2891,2974] 35 (gta)
[14:52:59] 5 tRNA-Thr c[3014,3088] 35 (tgt)
[14:52:59] 1 tRNA-Met [3945,4018] 34 (cat)
[14:52:59] 1 tRNA-Phe c[3630,3703] 34 (gaa)
[14:52:59] 2 tRNA-Pro [3839,3913] 34 (cgg)
[14:52:59] 1 tRNA-Ser [2372,2459] 35 (cga)
[14:52:59] 1 tRNA-Cys [3429,3502] 33 (gca)
[14:52:59] 1 tRNA-Leu c[231,313] 35 (tag)
[14:52:59] 1 tRNA-Val [1437,1512] 36 (tac)
[14:52:59] 2 tRNA-Val [1686,1761] 36 (tac)
[14:52:59] 1 tRNA-Met [39,113] 35 (cat)
[14:52:59] 1 tRNA-Lys [126,199] 34 (ttt)
[14:52:59] 1 tRNA-Glu c[1579,1651] 34 (ctc)
[14:52:59] 2 tRNA-Ser c[1678,1765] 35 (gct)
[14:52:59] 1 tRNA-Pro [212,289] 36 (tgg)
[14:52:59] 1 tRNA-Gln c[1232,1303] 33 (ctg)
[14:52:59] 1 tRNA-Phe [1458,1532] 34 (gaa)
[14:52:59] 1 tRNA-Ser c[1490,1575] 35 (tga)
[14:52:59] Found 48 tRNAs
[14:52:59] Predicting Ribosomal RNAs
[14:52:59] Running Barrnap with 8 threads
[14:52:59] 1 gnl|Prokka|LHPHOPBP_369 1668 5S ribosomal RNA
[14:52:59] Found 1 rRNAs
[14:52:59] Skipping ncRNA search, enable with --rfam if desired.
[14:52:59] Total of 48 tRNA + rRNA features
[14:52:59] Searching for CRISPR repeats
[14:52:59] CRISPR1 gnl|Prokka|LHPHOPBP_9 21891 with 21 spacers
[14:52:59] CRISPR2 gnl|Prokka|LHPHOPBP_56 8716 with 6 spacers
[14:52:59] CRISPR3 gnl|Prokka|LHPHOPBP_208 75 with 8 spacers
[14:52:59] Found 3 CRISPRs
[14:52:59] Predicting coding sequences
[14:52:59] Contigs total 2546918 bp, so using single mode
[14:52:59] Running: prodigal -i prokka_output\/M1787348583\/M1787348583\.fna -c -m -g 11 -p single -f sco -q
[14:53:06] Excluding CDS which overlaps existing RNA (tRNA) at gnl|Prokka|LHPHOPBP_9:14846..15025 on + strand
[14:53:06] Excluding CDS which overlaps existing RNA (tRNA) at gnl|Prokka|LHPHOPBP_14:4239..5984 on + strand
[14:53:06] Excluding CDS which overlaps existing RNA (tRNA) at gnl|Prokka|LHPHOPBP_57:6107..6232 on + strand
[14:53:06] Excluding CDS which overlaps existing RNA (tRNA) at gnl|Prokka|LHPHOPBP_115:6807..6947 on - strand
[14:53:06] Excluding CDS which overlaps existing RNA (tRNA) at gnl|Prokka|LHPHOPBP_192:3806..3931 on - strand
[14:53:06] Excluding CDS which overlaps existing RNA (rRNA) at gnl|Prokka|LHPHOPBP_369:1528..1776 on + strand
[14:53:06] Found 2228 CDS
[14:53:06] Connecting features back to sequences
[14:53:06] Not using genus-specific database. Try --usegenus to enable it.
[14:53:06] Annotating CDS, please be patient.
[14:53:06] Will use 8 CPUs for similarity searching.
[14:53:07] There are still 2228 unannotated CDS left (started with 2228)
[14:53:07] Will use blast to search against /home/lorenzo/anaconda3/envs/prokka/db/kingdom/Bacteria/IS with 8 CPUs
[14:53:07] Running: cat prokka_output\/M1787348583\/M1787348583\.IS\.tmp\.90253\.faa | parallel --gnu --plain -j 8 --block 42959 --recstart '>' --pipe blastp -query - -db /home/lorenzo/anaconda3/envs/prokka/db/kingdom/Bacteria/IS -evalue 1e-30 -qcov_hsp_perc 90 -num_threads 1 -num_descriptions 1 -num_alignments 1 -seg no > prokka_output\/M1787348583\/M1787348583\.IS\.tmp\.90253\.blast 2> /dev/null
[14:53:15] Deleting unwanted file: prokka_output/M1787348583/M1787348583.IS.tmp.90253.faa
[14:53:15] Deleting unwanted file: prokka_output/M1787348583/M1787348583.IS.tmp.90253.blast
[14:53:15] There are still 2209 unannotated CDS left (started with 2228)
[14:53:15] Will use blast to search against /home/lorenzo/anaconda3/envs/prokka/db/kingdom/Bacteria/AMR with 8 CPUs
[14:53:15] Running: cat prokka_output\/M1787348583\/M1787348583\.AMR\.tmp\.90253\.faa | parallel --gnu --plain -j 8 --block 42598 --recstart '>' --pipe blastp -query - -db /home/lorenzo/anaconda3/envs/prokka/db/kingdom/Bacteria/AMR -evalue 9.99999999999999e-301 -qcov_hsp_perc 90 -num_threads 1 -num_descriptions 1 -num_alignments 1 -seg no > prokka_output\/M1787348583\/M1787348583\.AMR\.tmp\.90253\.blast 2> /dev/null
[14:53:21] Deleting unwanted file: prokka_output/M1787348583/M1787348583.AMR.tmp.90253.faa
[14:53:21] Deleting unwanted file: prokka_output/M1787348583/M1787348583.AMR.tmp.90253.blast
[14:53:21] There are still 2209 unannotated CDS left (started with 2228)
[14:53:21] Will use blast to search against /home/lorenzo/anaconda3/envs/prokka/db/kingdom/Bacteria/sprot with 8 CPUs
[14:53:21] Running: cat prokka_output\/M1787348583\/M1787348583\.sprot\.tmp\.90253\.faa | parallel --gnu --plain -j 8 --block 42598 --recstart '>' --pipe blastp -query - -db /home/lorenzo/anaconda3/envs/prokka/db/kingdom/Bacteria/sprot -evalue 1e-09 -qcov_hsp_perc 80 -num_threads 1 -num_descriptions 1 -num_alignments 1 -seg no > prokka_output\/M1787348583\/M1787348583\.sprot\.tmp\.90253\.blast 2> /dev/null
[14:53:49] Modify product: Glutathione peroxidase homolog BsaA => Glutathione peroxidase BsaA
[14:53:49] Modify product: Uncharacterized ABC transporter ATP-binding protein TM_0288 => putative ABC transporter ATP-binding protein
[14:53:49] Modify product: Uncharacterized protein YpjD => putative protein YpjD
[14:53:49] Modify product: Probable multidrug ABC transporter permease YbhR => putative multidrug ABC transporter permease YbhR
[14:53:49] Modify product: Probable ABC transporter ATP-binding/permease protein HI_0664 => putative ABC transporter ATP-binding/permease protein
[14:53:49] Modify product: PGL/p-HBAD biosynthesis glycosyltransferase Rv2957 => PGL/p-HBAD biosynthesis glycosyltransferase
[14:53:49] Modify product: Putative esterase PA1618 => Putative esterase
[14:53:49] Modify product: Probable transcriptional regulatory protein HP_0162 => putative transcriptional regulatory protein
[14:53:49] Modify product: Probable TonB-dependent receptor NMB0964 => putative TonB-dependent receptor
[14:53:49] Modify product: Uncharacterized protein YqeY => putative protein YqeY
[14:53:49] Modify product: Putative zinc metalloprotease aq_1964 => Putative zinc metalloprotease
[14:53:49] Modify product: UPF0701 protein YicC => hypothetical protein
[14:53:49] Modify product: UPF0324 inner membrane protein YeiH => hypothetical protein
[14:53:49] Modify product: UPF0194 membrane protein YbhG => hypothetical protein
[14:53:49] Modify product: Probable enoyl-CoA hydratase 1 => putative enoyl-CoA hydratase 1
[14:53:49] Modify product: Probable chromate transport protein => putative chromate transport protein
[14:53:49] Modify product: Probable chromate transport protein => putative chromate transport protein
[14:53:49] Modify product: Probable nicotinate-nucleotide pyrophosphorylase [carboxylating] => putative nicotinate-nucleotide pyrophosphorylase [carboxylating]
[14:53:49] Modify product: Uncharacterized zinc protease Rv2782c => putative zinc protease
[14:53:49] Modify product: UPF0145 protein YbjQ => hypothetical protein
[14:53:49] Modify product: Sulfurtransferase Alvin_2599 => Sulfurtransferase
[14:53:49] Modify product: Uncharacterized ABC transporter ATP-binding protein YknY => putative ABC transporter ATP-binding protein YknY
[14:53:49] Modify product: UPF0758 protein SP_1088 => hypothetical protein
[14:53:49] Modify product: Uncharacterized protein Rv2581c => putative protein
[14:53:49] Modify product: Uncharacterized glycosyltransferase YkoT => putative glycosyltransferase YkoT
[14:53:49] Modify product: UPF0353 protein Rv1481 => hypothetical protein
[14:53:49] Modify product: Probable glycine dehydrogenase (decarboxylating) subunit 2 => putative glycine dehydrogenase (decarboxylating) subunit 2
[14:53:49] Modify product: Probable glycine dehydrogenase (decarboxylating) subunit 1 => putative glycine dehydrogenase (decarboxylating) subunit 1
[14:53:49] Modify product: SusD-like protein BACOVA_02651 => SusD-like protein
[14:53:49] Modify product: 23S rRNA 5-hydroxycytidine C2501 synthase => 23S rRNA 5-hydroxycytidine synthase
[14:53:49] Modify product: Probable FMN/FAD exporter YeeO => putative FMN/FAD exporter YeeO
[14:53:49] Modify product: Probable multidrug ABC transporter permease YbhR => putative multidrug ABC transporter permease YbhR
[14:53:49] Modify product: Probable multidrug ABC transporter permease YbhS => putative multidrug ABC transporter permease YbhS
[14:53:49] Modify product: Uncharacterized ABC transporter ATP-binding protein YknY => putative ABC transporter ATP-binding protein YknY
[14:53:49] Modify product: Uncharacterized protein Rv0034 => putative protein
[14:53:49] Modify product: Probable GTPase Rv1496 => putative GTPase
[14:53:49] Modify product: UPF0073 inner membrane protein YqfA => hypothetical protein
[14:53:49] Modify product: Uncharacterized protease YdeA => putative protease YdeA
[14:53:49] Modify product: Uncharacterized protein YjbR => putative protein YjbR
[14:53:49] Modify product: Protease HtpX homolog => Protease HtpX 
[14:53:49] Modify product: GTP cyclohydrolase 1 type 2 homolog => GTP cyclohydrolase 1 type 2 
[14:53:49] Modify product: Probable efflux pump periplasmic linker TtgA => putative efflux pump periplasmic linker TtgA
[14:53:49] Modify product: Uncharacterized protein YqgN => putative protein YqgN
[14:53:49] Modify product: Bifunctional protein FolD => Bifunctional protein FolD protein
[14:53:49] Modify product: Probable type I restriction enzyme BthVORF4518P M protein => putative type I restriction enzymeP M protein
[14:53:49] Modify product: Uncharacterized HIT-like protein Rv0759c => putative HIT-like protein
[14:53:49] Modify product: Peptidoglycan-N-acetylglucosamine deacetylase BC_3618 => Peptidoglycan-N-acetylglucosamine deacetylase
[14:53:49] Modify product: Uncharacterized protein YjbR => putative protein YjbR
[14:53:49] Modify product: Probable ATP-dependent transporter SufC => putative ATP-dependent transporter SufC
[14:53:49] Modify product: Probable ribonucleotide transport ATP-binding protein mkl => putative ribonucleotide transport ATP-binding protein mkl
[14:53:49] Modify product: Probable deoxyribonuclease RhsA => putative deoxyribonuclease RhsA
[14:53:49] Modify product: Probable amino-acid metabolite efflux pump => putative amino-acid metabolite efflux pump
[14:53:49] Modify product: Uncharacterized peptidase Lmo0363 => putative peptidase
[14:53:49] Modify product: Uncharacterized protein YyaP => putative protein YyaP
[14:53:49] Modify product: Probable chromosome-partitioning protein ParB => putative chromosome-partitioning protein ParB
[14:53:50] Modify product: Uncharacterized protein HI_0933 => putative protein
[14:53:50] Modify product: Uncharacterized epimerase/dehydratase SA0511 => putative epimerase/dehydratase
[14:53:50] Modify product: Probable methylmalonyl-CoA mutase small subunit => putative methylmalonyl-CoA mutase small subunit
[14:53:50] Modify product: Uncharacterized protein YcgM => putative protein YcgM
[14:53:50] Modify product: Uncharacterized acyl--CoA ligase YhfT => putative acyl--CoA ligase YhfT
[14:53:50] Modify product: UPF0371 protein DIP2346 => hypothetical protein
[14:53:50] Modify product: Uncharacterized ABC transporter ATP-binding protein YbiT => putative ABC transporter ATP-binding protein YbiT
[14:53:50] Modify product: Uncharacterized oxidoreductase Rv0945 => putative oxidoreductase
[14:53:50] Modify product: Uncharacterized protease YdeA => putative protease YdeA
[14:53:50] Modify product: Uncharacterized N-acetyltransferase YvbK => putative N-acetyltransferase YvbK
[14:53:50] Cleaned 65 /product names
[14:53:50] Deleting unwanted file: prokka_output/M1787348583/M1787348583.sprot.tmp.90253.faa
[14:53:50] Deleting unwanted file: prokka_output/M1787348583/M1787348583.sprot.tmp.90253.blast
[14:53:50] There are still 1484 unannotated CDS left (started with 2228)
[14:53:50] Will use hmmer3 to search against /home/lorenzo/anaconda3/envs/prokka/db/hmm/HAMAP.hmm with 8 CPUs
[14:53:50] Running: cat prokka_output\/M1787348583\/M1787348583\.HAMAP\.hmm\.tmp\.90253\.faa | parallel --gnu --plain -j 8 --block 26762 --recstart '>' --pipe hmmscan --noali --notextw --acc -E 1e-09 --cpu 1 /home/lorenzo/anaconda3/envs/prokka/db/hmm/HAMAP.hmm /dev/stdin > prokka_output\/M1787348583\/M1787348583\.HAMAP\.hmm\.tmp\.90253\.hmmer3 2> /dev/null
[14:54:01] Deleting unwanted file: prokka_output/M1787348583/M1787348583.HAMAP.hmm.tmp.90253.faa
[14:54:01] Deleting unwanted file: prokka_output/M1787348583/M1787348583.HAMAP.hmm.tmp.90253.hmmer3
[14:54:01] Labelling remaining 1302 proteins as 'hypothetical protein'
[14:54:01] Possible /pseudo 'DNA primase' at gnl|Prokka|LHPHOPBP_5 position 11680
[14:54:01] Possible /pseudo 'Macrolide export ATP-binding/permease protein MacB' at gnl|Prokka|LHPHOPBP_30 position 5577
[14:54:01] Possible /pseudo 'Vitamin B12 transporter BtuB' at gnl|Prokka|LHPHOPBP_35 position 11009
[14:54:01] Possible /pseudo 'putative chromate transport protein' at gnl|Prokka|LHPHOPBP_66 position 5245
[14:54:01] Possible /pseudo 'Chaperone SurA' at gnl|Prokka|LHPHOPBP_67 position 5085
[14:54:01] Possible /pseudo 'Tyrosine recombinase XerC' at gnl|Prokka|LHPHOPBP_86 position 3372
[14:54:01] Possible /pseudo 'Tyrosine recombinase XerC' at gnl|Prokka|LHPHOPBP_86 position 4300
[14:54:01] Possible /pseudo 'NAD(P) transhydrogenase subunit alpha' at gnl|Prokka|LHPHOPBP_105 position 1155
[14:54:01] Possible /pseudo 'GTP 3',8-cyclase' at gnl|Prokka|LHPHOPBP_133 position 2552
[14:54:01] Possible /pseudo '23S rRNA (guanosine-2'-O-)-methyltransferase RlmB' at gnl|Prokka|LHPHOPBP_180 position 3939
[14:54:01] Found 727 unique /gene codes.
[14:54:01] Fixed 2 duplicate /gene - rsfS_1 rsfS_2
[14:54:01] Fixed 2 duplicate /gene - dapH_1 dapH_2
[14:54:01] Fixed 2 duplicate /gene - purH_1 purH_2
[14:54:01] Fixed 2 duplicate /gene - cobD_1 cobD_2
[14:54:01] Fixed 2 duplicate /gene - mrcA_1 mrcA_2
[14:54:01] Fixed 2 duplicate /gene - clpX_1 clpX_2
[14:54:01] Fixed 2 duplicate /gene - rhaS_1 rhaS_2
[14:54:01] Fixed 2 duplicate /gene - mutS_1 mutS_2
[14:54:01] Fixed 2 duplicate /gene - dnaG_1 dnaG_2
[14:54:01] Fixed 2 duplicate /gene - ftsH_1 ftsH_2
[14:54:01] Fixed 4 duplicate /gene - xerD_1 xerD_2 xerD_3 xerD_4
[14:54:01] Fixed 3 duplicate /gene - COQ3_1 COQ3_2 COQ3_3
[14:54:01] Fixed 2 duplicate /gene - yknY_1 yknY_2
[14:54:01] Fixed 2 duplicate /gene - rsxB_1 rsxB_2
[14:54:01] Fixed 3 duplicate /gene - nudC_1 nudC_2 nudC_3
[14:54:01] Fixed 2 duplicate /gene - yjbR_1 yjbR_2
[14:54:01] Fixed 2 duplicate /gene - gph_1 gph_2
[14:54:01] Fixed 2 duplicate /gene - fcl_1 fcl_2
[14:54:01] Fixed 3 duplicate /gene - moaA_1 moaA_2 moaA_3
[14:54:01] Fixed 2 duplicate /gene - map_1 map_2
[14:54:01] Fixed 2 duplicate /gene - ybhR_1 ybhR_2
[14:54:01] Fixed 2 duplicate /gene - phoR_1 phoR_2
[14:54:01] Fixed 2 duplicate /gene - miaA_1 miaA_2
[14:54:01] Fixed 2 duplicate /gene - lemA_1 lemA_2
[14:54:01] Fixed 2 duplicate /gene - pspA_1 pspA_2
[14:54:01] Fixed 2 duplicate /gene - queA_1 queA_2
[14:54:01] Fixed 2 duplicate /gene - pyrK_1 pyrK_2
[14:54:01] Fixed 2 duplicate /gene - cmk_1 cmk_2
[14:54:01] Fixed 2 duplicate /gene - asnC_1 asnC_2
[14:54:01] Fixed 2 duplicate /gene - prmC_1 prmC_2
[14:54:01] Fixed 2 duplicate /gene - rep_1 rep_2
[14:54:01] Fixed 2 duplicate /gene - glgB_1 glgB_2
[14:54:01] Fixed 2 duplicate /gene - hmuU_1 hmuU_2
[14:54:01] Fixed 2 duplicate /gene - korA_1 korA_2
[14:54:01] Fixed 2 duplicate /gene - rhaR_1 rhaR_2
[14:54:01] Fixed 2 duplicate /gene - pfkB_1 pfkB_2
[14:54:01] Fixed 2 duplicate /gene - sigA_1 sigA_2
[14:54:01] Fixed 2 duplicate /gene - kdsA_1 kdsA_2
[14:54:01] Fixed 3 duplicate /gene - rluD_1 rluD_2 rluD_3
[14:54:01] Fixed 4 duplicate /gene - pal_1 pal_2 pal_3 pal_4
[14:54:01] Fixed 2 duplicate /gene - guaA_1 guaA_2
[14:54:01] Fixed 2 duplicate /gene - srpC_1 srpC_2
[14:54:01] Fixed 2 duplicate /gene - pepD_1 pepD_2
[14:54:01] Fixed 2 duplicate /gene - menF_1 menF_2
[14:54:01] Fixed 2 duplicate /gene - punA_1 punA_2
[14:54:01] Fixed 2 duplicate /gene - algA_1 algA_2
[14:54:01] Fixed 2 duplicate /gene - cysG_1 cysG_2
[14:54:01] Fixed 2 duplicate /gene - recD2_1 recD2_2
[14:54:01] Fixed 2 duplicate /gene - rlmB_1 rlmB_2
[14:54:01] Fixed 5 duplicate /gene - resA_1 resA_2 resA_3 resA_4 resA_5
[14:54:01] Fixed 2 duplicate /gene - atpH_1 atpH_2
[14:54:01] Fixed 2 duplicate /gene - macB_1 macB_2
[14:54:01] Fixed 2 duplicate /gene - purB_1 purB_2
[14:54:01] Fixed 2 duplicate /gene - tuaB_1 tuaB_2
[14:54:01] Fixed 2 duplicate /gene - rcsC_1 rcsC_2
[14:54:01] Fixed 3 duplicate /gene - bamA_1 bamA_2 bamA_3
[14:54:01] Fixed 2 duplicate /gene - tadA_1 tadA_2
[14:54:01] Fixed 2 duplicate /gene - hup_1 hup_2
[14:54:01] Fixed 2 duplicate /gene - yfkN_1 yfkN_2
[14:54:01] Fixed 2 duplicate /gene - walR_1 walR_2
[14:54:01] Fixed 2 duplicate /gene - rpsA_1 rpsA_2
[14:54:01] Fixed 2 duplicate /gene - lptD_1 lptD_2
[14:54:01] Fixed 2 duplicate /gene - bamD_1 bamD_2
[14:54:01] Fixed 3 duplicate /gene - deaD_1 deaD_2 deaD_3
[14:54:01] Fixed 2 duplicate /gene - lolE_1 lolE_2
[14:54:01] Fixed 2 duplicate /gene - lpxA_1 lpxA_2
[14:54:01] Fixed 3 duplicate /gene - msbA_1 msbA_2 msbA_3
[14:54:01] Fixed 3 duplicate /gene - yhcG_1 yhcG_2 yhcG_3
[14:54:01] Fixed 2 duplicate /gene - ydeA_1 ydeA_2
[14:54:01] Fixed 2 duplicate /gene - mprA_1 mprA_2
[14:54:01] Fixed 2 duplicate /gene - der_1 der_2
[14:54:01] Fixed 2 duplicate /gene - korB_1 korB_2
[14:54:01] Fixed 2 duplicate /gene - tolQ_1 tolQ_2
[14:54:01] Fixed 2 duplicate /gene - rfbB_1 rfbB_2
[14:54:01] Fixed 9 duplicate /gene - xerC_1 xerC_2 xerC_3 xerC_4 xerC_5 xerC_6 xerC_7 xerC_8 xerC_9
[14:54:01] Fixed 2 duplicate /gene - pntA_1 pntA_2
[14:54:01] Fixed 2 duplicate /gene - surA_1 surA_2
[14:54:01] Fixed 2 duplicate /gene - gyrB_1 gyrB_2
[14:54:01] Fixed 4 duplicate /gene - sasA_1 sasA_2 sasA_3 sasA_4
[14:54:01] Fixed 2 duplicate /gene - algC_1 algC_2
[14:54:01] Fixed 10 duplicate /gene - btuB_1 btuB_2 btuB_3 btuB_4 btuB_5 btuB_6 btuB_7 btuB_8 btuB_9 btuB_10
[14:54:01] Fixed 4 duplicate /gene - mshA_1 mshA_2 mshA_3 mshA_4
[14:54:01] Fixed 2 duplicate /gene - lptB_1 lptB_2
[14:54:01] Fixed 2 duplicate /gene - uvrA_1 uvrA_2
[14:54:01] Fixed 5 duplicate /gene - bepA_1 bepA_2 bepA_3 bepA_4 bepA_5
[14:54:01] Fixed 2 duplicate /gene - rny_1 rny_2
[14:54:01] Fixed 2 duplicate /gene - udk_1 udk_2
[14:54:01] Fixed 87 colliding /gene names.
[14:54:01] Adding /locus_tag identifiers
[14:54:01] Assigned 2277 locus_tags to CDS and RNA features.
[14:54:01] Writing outputs to prokka_output/M1787348583/
[14:54:02] Generating annotation statistics file
[14:54:02] Generating Genbank and Sequin files
[14:54:02] Running: tbl2asn -V b -a r10k -l paired-ends -M n -N 1 -y 'Annotated using prokka 1.14.6 from https://github.com/tseemann/prokka' -Z prokka_output\/M1787348583\/M1787348583\.err -i prokka_output\/M1787348583\/M1787348583\.fsa 2> /dev/null
[14:54:07] Deleting unwanted file: prokka_output/M1787348583/errorsummary.val
[14:54:07] Deleting unwanted file: prokka_output/M1787348583/M1787348583.dr
[14:54:07] Deleting unwanted file: prokka_output/M1787348583/M1787348583.fixedproducts
[14:54:07] Deleting unwanted file: prokka_output/M1787348583/M1787348583.ecn
[14:54:07] Deleting unwanted file: prokka_output/M1787348583/M1787348583.val
[14:54:07] Repairing broken .GBK output that tbl2asn produces...
[14:54:07] Running: sed 's/COORDINATES: profile/COORDINATES:profile/' < prokka_output\/M1787348583\/M1787348583\.gbf > prokka_output\/M1787348583\/M1787348583\.gbk
[14:54:07] Deleting unwanted file: prokka_output/M1787348583/M1787348583.gbf
[14:54:07] Output files:
[14:54:07] prokka_output/M1787348583/M1787348583.txt
[14:54:07] prokka_output/M1787348583/M1787348583.fsa
[14:54:07] prokka_output/M1787348583/M1787348583.tbl
[14:54:07] prokka_output/M1787348583/M1787348583.log
[14:54:07] prokka_output/M1787348583/M1787348583.err
[14:54:07] prokka_output/M1787348583/M1787348583.ffn
[14:54:07] prokka_output/M1787348583/M1787348583.tsv
[14:54:07] prokka_output/M1787348583/M1787348583.fna
[14:54:07] prokka_output/M1787348583/M1787348583.gff
[14:54:07] prokka_output/M1787348583/M1787348583.faa
[14:54:07] prokka_output/M1787348583/M1787348583.gbk
[14:54:07] prokka_output/M1787348583/M1787348583.sqn
[14:54:07] Annotation finished successfully.
[14:54:07] Walltime used: 1.15 minutes
[14:54:07] If you use this result please cite the Prokka paper:
[14:54:07] Seemann T (2014) Prokka: rapid prokaryotic genome annotation. Bioinformatics. 30(14):2068-9.
[14:54:07] Type 'prokka --citation' for more details.
[14:54:07] Share and enjoy!
