[14:33:19] This is prokka 1.14.6
[14:33:19] Written by Torsten Seemann <torsten.seemann@gmail.com>
[14:33:19] Homepage is https://github.com/tseemann/prokka
[14:33:19] Local time is Fri Mar 27 14:33:19 2026
[14:33:19] You are lorenzo
[14:33:19] Operating system is linux
[14:33:19] You have BioPerl 1.007002
[14:33:19] System has 8 cores.
[14:33:19] Will use maximum of 8 cores.
[14:33:19] Annotating as >>> Bacteria <<<
[14:33:19] Generating locus_tag from 'extracted_mags/M1129502254.fna' contents.
[14:33:19] Setting --locustag AJDFNNKG from MD5 a3df7740cd14491f18024b4ab36a3afb
[14:33:19] Enabling options to ensure Genbank/ENA/DDJB submission compliance.
[14:33:19] Re-using existing --outdir prokka_output/M1129502254
[14:33:19] Using filename prefix: M1129502254.XXX
[14:33:19] Setting HMMER_NCPU=1
[14:33:19] Writing log to: prokka_output/M1129502254/M1129502254.log
[14:33:19] Command: /home/lorenzo/anaconda3/envs/prokka/bin/prokka extracted_mags/M1129502254.fna --outdir prokka_output/M1129502254 --compliant --force --prefix M1129502254
[14:33:19] Appending to PATH: /home/lorenzo/anaconda3/envs/prokka/bin
[14:33:19] Looking for 'aragorn' - found /home/lorenzo/anaconda3/envs/prokka/bin/aragorn
[14:33:19] Determined aragorn version is 001002 from 'ARAGORN v1.2.41 Dean Laslett'
[14:33:19] Looking for 'barrnap' - found /home/lorenzo/anaconda3/envs/prokka/bin/barrnap
[14:33:19] Determined barrnap version is 000009 from 'barrnap 0.9'
[14:33:19] Looking for 'blastp' - found /home/lorenzo/anaconda3/envs/prokka/bin/blastp
[14:33:19] Determined blastp version is 002016 from 'blastp: 2.16.0+'
[14:33:19] Looking for 'cmpress' - found /home/lorenzo/anaconda3/envs/prokka/bin/cmpress
[14:33:19] Determined cmpress version is 001001 from '# INFERNAL 1.1.4 (Dec 2020)'
[14:33:19] Looking for 'cmscan' - found /home/lorenzo/anaconda3/envs/prokka/bin/cmscan
[14:33:19] Determined cmscan version is 001001 from '# INFERNAL 1.1.4 (Dec 2020)'
[14:33:19] Looking for 'egrep' - found /usr/bin/egrep
[14:33:19] Looking for 'find' - found /usr/bin/find
[14:33:19] Looking for 'grep' - found /usr/bin/grep
[14:33:19] Looking for 'hmmpress' - found /home/lorenzo/anaconda3/envs/prokka/bin/hmmpress
[14:33:19] Determined hmmpress version is 003004 from '# HMMER 3.4 (Aug 2023); http://hmmer.org/'
[14:33:19] Looking for 'hmmscan' - found /home/lorenzo/anaconda3/envs/prokka/bin/hmmscan
[14:33:19] Determined hmmscan version is 003004 from '# HMMER 3.4 (Aug 2023); http://hmmer.org/'
[14:33:19] Looking for 'java' - found /home/lorenzo/anaconda3/envs/prokka/bin/java
[14:33:19] Looking for 'makeblastdb' - found /home/lorenzo/anaconda3/envs/prokka/bin/makeblastdb
[14:33:19] Determined makeblastdb version is 002016 from 'makeblastdb: 2.16.0+'
[14:33:19] Looking for 'minced' - found /home/lorenzo/anaconda3/envs/prokka/bin/minced
[14:33:19] Determined minced version is 004002 from 'minced 0.4.2'
[14:33:19] Looking for 'parallel' - found /home/lorenzo/anaconda3/envs/prokka/bin/parallel
[14:33:19] Determined parallel version is 20260122 from 'GNU parallel 20260122'
[14:33:19] Looking for 'prodigal' - found /home/lorenzo/anaconda3/envs/prokka/bin/prodigal
[14:33:19] Determined prodigal version is 002006 from 'Prodigal V2.6.3: February, 2016'
[14:33:19] Looking for 'prokka-genbank_to_fasta_db' - found /home/lorenzo/anaconda3/envs/prokka/bin/prokka-genbank_to_fasta_db
[14:33:19] Looking for 'sed' - found /usr/bin/sed
[14:33:19] Looking for 'tbl2asn' - found /home/lorenzo/anaconda3/envs/prokka/bin/tbl2asn
[14:33:19] Determined tbl2asn version is 025007 from 'tbl2asn 25.7   arguments:'
[14:33:19] Using genetic code table 11.
[14:33:19] Loading and checking input file: extracted_mags/M1129502254.fna
[14:33:19] Wrote 308 contigs totalling 1847483 bp.
[14:33:19] Predicting tRNAs and tmRNAs
[14:33:19] Running: aragorn -l -gc11  -w prokka_output\/M1129502254\/M1129502254\.fna
[14:33:19] 1 tRNA-Arg c[102,174] 34 (cct)
[14:33:19] 1 tRNA-Pro c[11658,11732] 34 (cgg)
[14:33:19] 2 tRNA-Phe [11868,11941] 34 (gaa)
[14:33:19] 1 tRNA-Arg [4084,4159] 36 (tct)
[14:33:19] 2 tRNA-Cys c[10300,10373] 33 (gca)
[14:33:19] 1 tRNA-Pro c[9306,9379] 34 (tgg)
[14:33:19] 1 tRNA-Lys c[8573,8646] 34 (ctt)
[14:33:19] 1 tRNA-Arg c[9631,9705] 35 (acg)
[14:33:19] 1 tmRNA [9361,9758] 97,126 GNNNYALAA*
[14:33:19] 1 tRNA-His [8351,8425] 35 (gtg)
[14:33:19] 1 tRNA-Asn c[2897,2971] 35 (gtt)
[14:33:20] 1 tRNA-Glu [4355,4429] 34 (ttc)
[14:33:20] 1 tRNA-Met [5550,5624] 35 (cat)
[14:33:20] 1 tRNA-Met [4992,5066] 35 (cat)
[14:33:20] 1 tRNA-Ala [574,648] 35 (ggc)
[14:33:20] 1 tRNA-Gly c[3245,3318] 34 (ccc)
[14:33:20] 2 tRNA-Thr c[3349,3424] 34 (cgt)
[14:33:20] 1 tRNA-Asp [178,253] 36 (gtc)
[14:33:20] 2 tRNA-Thr [558,632] 35 (tgt)
[14:33:20] 1 tRNA-Leu [1580,1662] 35 (tag)
[14:33:20] 1 tRNA-Lys [2039,2112] 34 (ttt)
[14:33:20] 2 tRNA-Pro c[2274,2347] 34 (ggg)
[14:33:20] 1 tRNA-Gln [1027,1098] 33 (ctg)
[14:33:20] 1 tRNA-Gly [1911,1984] 34 (gcc)
[14:33:20] 2 tRNA-Leu [2015,2098] 35 (cag)
[14:33:20] 3 tRNA-Leu [2122,2205] 35 (gag)
[14:33:20] 4 tRNA-Gly [2221,2294] 34 (gcc)
[14:33:20] 1 tRNA-Val c[2142,2217] 36 (tac)
[14:33:20] 2 tRNA-Val c[2390,2465] 36 (tac)
[14:33:20] 1 tRNA-Cys c[661,732] 33 (gca)
[14:33:20] Found 30 tRNAs
[14:33:20] Predicting Ribosomal RNAs
[14:33:20] Running Barrnap with 8 threads
[14:33:20] Found 0 rRNAs
[14:33:20] Skipping ncRNA search, enable with --rfam if desired.
[14:33:20] Total of 29 tRNA + rRNA features
[14:33:20] Searching for CRISPR repeats
[14:33:20] CRISPR1 gnl|Prokka|AJDFNNKG_182 3233 with 11 spacers
[14:33:20] Found 1 CRISPRs
[14:33:20] Predicting coding sequences
[14:33:20] Contigs total 1847483 bp, so using single mode
[14:33:20] Running: prodigal -i prokka_output\/M1129502254\/M1129502254\.fna -c -m -g 11 -p single -f sco -q
[14:33:25] Excluding CDS which overlaps existing RNA (tRNA) at gnl|Prokka|AJDFNNKG_14:11640..11765 on + strand
[14:33:25] Excluding CDS which overlaps existing RNA (tRNA) at gnl|Prokka|AJDFNNKG_99:4274..4399 on + strand
[14:33:25] Excluding CDS which overlaps existing RNA (tRNA) at gnl|Prokka|AJDFNNKG_129:117..341 on + strand
[14:33:25] Excluding CDS which overlaps existing RNA (tRNA) at gnl|Prokka|AJDFNNKG_216:1940..2341 on + strand
[14:33:25] Found 1577 CDS
[14:33:25] Connecting features back to sequences
[14:33:25] Not using genus-specific database. Try --usegenus to enable it.
[14:33:25] Annotating CDS, please be patient.
[14:33:25] Will use 8 CPUs for similarity searching.
[14:33:25] There are still 1577 unannotated CDS left (started with 1577)
[14:33:25] Will use blast to search against /home/lorenzo/anaconda3/envs/prokka/db/kingdom/Bacteria/IS with 8 CPUs
[14:33:25] Running: cat prokka_output\/M1129502254\/M1129502254\.IS\.tmp\.52255\.faa | parallel --gnu --plain -j 8 --block 31007 --recstart '>' --pipe blastp -query - -db /home/lorenzo/anaconda3/envs/prokka/db/kingdom/Bacteria/IS -evalue 1e-30 -qcov_hsp_perc 90 -num_threads 1 -num_descriptions 1 -num_alignments 1 -seg no > prokka_output\/M1129502254\/M1129502254\.IS\.tmp\.52255\.blast 2> /dev/null
[14:33:30] Deleting unwanted file: prokka_output/M1129502254/M1129502254.IS.tmp.52255.faa
[14:33:30] Deleting unwanted file: prokka_output/M1129502254/M1129502254.IS.tmp.52255.blast
[14:33:31] There are still 1572 unannotated CDS left (started with 1577)
[14:33:31] Will use blast to search against /home/lorenzo/anaconda3/envs/prokka/db/kingdom/Bacteria/AMR with 8 CPUs
[14:33:31] Running: cat prokka_output\/M1129502254\/M1129502254\.AMR\.tmp\.52255\.faa | parallel --gnu --plain -j 8 --block 30944 --recstart '>' --pipe blastp -query - -db /home/lorenzo/anaconda3/envs/prokka/db/kingdom/Bacteria/AMR -evalue 9.99999999999999e-301 -qcov_hsp_perc 90 -num_threads 1 -num_descriptions 1 -num_alignments 1 -seg no > prokka_output\/M1129502254\/M1129502254\.AMR\.tmp\.52255\.blast 2> /dev/null
[14:33:35] Deleting unwanted file: prokka_output/M1129502254/M1129502254.AMR.tmp.52255.faa
[14:33:35] Deleting unwanted file: prokka_output/M1129502254/M1129502254.AMR.tmp.52255.blast
[14:33:35] There are still 1572 unannotated CDS left (started with 1577)
[14:33:35] Will use blast to search against /home/lorenzo/anaconda3/envs/prokka/db/kingdom/Bacteria/sprot with 8 CPUs
[14:33:35] Running: cat prokka_output\/M1129502254\/M1129502254\.sprot\.tmp\.52255\.faa | parallel --gnu --plain -j 8 --block 30944 --recstart '>' --pipe blastp -query - -db /home/lorenzo/anaconda3/envs/prokka/db/kingdom/Bacteria/sprot -evalue 1e-09 -qcov_hsp_perc 80 -num_threads 1 -num_descriptions 1 -num_alignments 1 -seg no > prokka_output\/M1129502254\/M1129502254\.sprot\.tmp\.52255\.blast 2> /dev/null
[14:33:54] Modify product: PGL/p-HBAD biosynthesis glycosyltransferase Rv2957 => PGL/p-HBAD biosynthesis glycosyltransferase
[14:33:54] Modify product: Acetyltransferase PA3944 => Acetyltransferase
[14:33:54] Modify product: UPF0371 protein DIP2346 => hypothetical protein
[14:33:54] Modify product: Probable ATP-dependent transporter SufC => putative ATP-dependent transporter SufC
[14:33:54] Modify product: Probable chromosome-partitioning protein ParB => putative chromosome-partitioning protein ParB
[14:33:54] Modify product: UPF0353 protein Rv1481 => hypothetical protein
[14:33:54] Modify product: Putative esterase PA1618 => Putative esterase
[14:33:54] Modify product: Uncharacterized oxidoreductase Rv0945 => putative oxidoreductase
[14:33:54] Modify product: UPF0053 protein Rv2366c => hypothetical protein
[14:33:54] Modify product: Probable glycine dehydrogenase (decarboxylating) subunit 1 => putative glycine dehydrogenase (decarboxylating) subunit 1
[14:33:54] Modify product: Probable glycine dehydrogenase (decarboxylating) subunit 2 => putative glycine dehydrogenase (decarboxylating) subunit 2
[14:33:54] Modify product: Probable enoyl-CoA hydratase 1 => putative enoyl-CoA hydratase 1
[14:33:54] Modify product: Probable transcriptional regulatory protein HP_0162 => putative transcriptional regulatory protein
[14:33:54] Modify product: Probable amino-acid metabolite efflux pump => putative amino-acid metabolite efflux pump
[14:33:54] Modify product: Uncharacterized protein YcgM => putative protein YcgM
[14:33:54] Modify product: UPF0701 protein YicC => hypothetical protein
[14:33:54] Modify product: Probable multidrug ABC transporter permease YbhR => putative multidrug ABC transporter permease YbhR
[14:33:54] Modify product: Uncharacterized epimerase/dehydratase SA0511 => putative epimerase/dehydratase
[14:33:54] Modify product: Sulfurtransferase Alvin_2599 => Sulfurtransferase
[14:33:54] Modify product: UPF0073 inner membrane protein YqfA => hypothetical protein
[14:33:54] Modify product: Uncharacterized ABC transporter ATP-binding protein YbiT => putative ABC transporter ATP-binding protein YbiT
[14:33:54] Modify product: Probable ribonucleotide transport ATP-binding protein mkl => putative ribonucleotide transport ATP-binding protein mkl
[14:33:54] Modify product: Uncharacterized ABC transporter ATP-binding protein YknY => putative ABC transporter ATP-binding protein YknY
[14:33:54] Modify product: Glutathione peroxidase homolog BsaA => Glutathione peroxidase BsaA
[14:33:54] Modify product: UPF0145 protein YbjQ => hypothetical protein
[14:33:54] Modify product: Probable chromate transport protein => putative chromate transport protein
[14:33:54] Modify product: Probable chromate transport protein => putative chromate transport protein
[14:33:54] Modify product: Uncharacterized protein Rv2581c => putative protein
[14:33:54] Modify product: UPF0324 inner membrane protein YeiH => hypothetical protein
[14:33:54] Modify product: Probable efflux pump periplasmic linker TtgA => putative efflux pump periplasmic linker TtgA
[14:33:54] Modify product: Uncharacterized protein YqeY => putative protein YqeY
[14:33:54] Modify product: Uncharacterized RNA pseudouridine synthase Rv1540 => putative RNA pseudouridine synthase
[14:33:54] Modify product: Probable GTP-binding protein EngB => putative GTP-binding protein EngB
[14:33:54] Modify product: Peptidoglycan-N-acetylglucosamine deacetylase BC_3618 => Peptidoglycan-N-acetylglucosamine deacetylase
[14:33:54] Modify product: Probable multidrug ABC transporter permease YbhS => putative multidrug ABC transporter permease YbhS
[14:33:54] Modify product: Probable multidrug ABC transporter permease YbhR => putative multidrug ABC transporter permease YbhR
[14:33:54] Modify product: Uncharacterized protein YpjD => putative protein YpjD
[14:33:54] Modify product: Probable FMN/FAD exporter YeeO => putative FMN/FAD exporter YeeO
[14:33:54] Modify product: Probable GTPase Rv1496 => putative GTPase
[14:33:54] Modify product: Probable TonB-dependent receptor NMB0964 => putative TonB-dependent receptor
[14:33:54] Modify product: Uncharacterized ABC transporter permease YknZ => putative ABC transporter permease YknZ
[14:33:54] Modify product: Bifunctional protein FolD => Bifunctional protein FolD protein
[14:33:54] Modify product: Putative multidrug export ATP-binding/permease protein SAV1866 => Putative multidrug export ATP-binding/permease protein
[14:33:54] Modify product: Uncharacterized ABC transporter ATP-binding protein YknY => putative ABC transporter ATP-binding protein YknY
[14:33:54] Modify product: 23S rRNA 5-hydroxycytidine C2501 synthase => 23S rRNA 5-hydroxycytidine synthase
[14:33:55] Modify product: Probable transcriptional regulatory protein aq_1575 => putative transcriptional regulatory protein
[14:33:55] Modify product: Uncharacterized HIT-like protein Rv0759c => putative HIT-like protein
[14:33:55] Modify product: Uncharacterized protein YqgN => putative protein YqgN
[14:33:55] Modify product: UPF0053 protein Rv2366c => hypothetical protein
[14:33:55] Modify product: UPF0758 protein SP_1088 => hypothetical protein
[14:33:55] Modify product: Probable nicotinate-nucleotide pyrophosphorylase [carboxylating] => putative nicotinate-nucleotide pyrophosphorylase [carboxylating]
[14:33:55] Cleaned 51 /product names
[14:33:55] Deleting unwanted file: prokka_output/M1129502254/M1129502254.sprot.tmp.52255.faa
[14:33:55] Deleting unwanted file: prokka_output/M1129502254/M1129502254.sprot.tmp.52255.blast
[14:33:55] There are still 1010 unannotated CDS left (started with 1577)
[14:33:55] Will use hmmer3 to search against /home/lorenzo/anaconda3/envs/prokka/db/hmm/HAMAP.hmm with 8 CPUs
[14:33:55] Running: cat prokka_output\/M1129502254\/M1129502254\.HAMAP\.hmm\.tmp\.52255\.faa | parallel --gnu --plain -j 8 --block 18761 --recstart '>' --pipe hmmscan --noali --notextw --acc -E 1e-09 --cpu 1 /home/lorenzo/anaconda3/envs/prokka/db/hmm/HAMAP.hmm /dev/stdin > prokka_output\/M1129502254\/M1129502254\.HAMAP\.hmm\.tmp\.52255\.hmmer3 2> /dev/null
[14:34:02] Deleting unwanted file: prokka_output/M1129502254/M1129502254.HAMAP.hmm.tmp.52255.faa
[14:34:02] Deleting unwanted file: prokka_output/M1129502254/M1129502254.HAMAP.hmm.tmp.52255.hmmer3
[14:34:02] Labelling remaining 873 proteins as 'hypothetical protein'
[14:34:02] Possible /pseudo 'DNA repair protein RadA' at gnl|Prokka|AJDFNNKG_32 position 1522
[14:34:02] Possible /pseudo 'IS1595 family transposase ISBaba5' at gnl|Prokka|AJDFNNKG_33 position 1791
[14:34:02] Possible /pseudo 'Chaperone SurA' at gnl|Prokka|AJDFNNKG_96 position 2675
[14:34:02] Possible /pseudo 'NAD(P) transhydrogenase subunit alpha' at gnl|Prokka|AJDFNNKG_135 position 1471
[14:34:02] Possible /pseudo 'putative chromate transport protein' at gnl|Prokka|AJDFNNKG_137 position 4665
[14:34:02] Found 589 unique /gene codes.
[14:34:02] Fixed 2 duplicate /gene - sasA_1 sasA_2
[14:34:02] Fixed 6 duplicate /gene - resA_1 resA_2 resA_3 resA_4 resA_5 resA_6
[14:34:02] Fixed 2 duplicate /gene - kdsA_1 kdsA_2
[14:34:02] Fixed 2 duplicate /gene - fcl_1 fcl_2
[14:34:02] Fixed 2 duplicate /gene - cysG_1 cysG_2
[14:34:02] Fixed 2 duplicate /gene - rny_1 rny_2
[14:34:02] Fixed 2 duplicate /gene - rcsC_1 rcsC_2
[14:34:02] Fixed 2 duplicate /gene - algC_1 algC_2
[14:34:02] Fixed 2 duplicate /gene - nudC_1 nudC_2
[14:34:02] Fixed 2 duplicate /gene - sigE_1 sigE_2
[14:34:02] Fixed 2 duplicate /gene - queA_1 queA_2
[14:34:02] Fixed 2 duplicate /gene - msbA_1 msbA_2
[14:34:02] Fixed 2 duplicate /gene - pepD_1 pepD_2
[14:34:02] Fixed 2 duplicate /gene - gph_1 gph_2
[14:34:02] Fixed 2 duplicate /gene - ybhR_1 ybhR_2
[14:34:02] Fixed 2 duplicate /gene - apxIB_1 apxIB_2
[14:34:02] Fixed 2 duplicate /gene - pta_1 pta_2
[14:34:02] Fixed 2 duplicate /gene - dnaJ_1 dnaJ_2
[14:34:02] Fixed 2 duplicate /gene - srpC_1 srpC_2
[14:34:02] Fixed 2 duplicate /gene - yknY_1 yknY_2
[14:34:02] Fixed 2 duplicate /gene - tolQ_1 tolQ_2
[14:34:02] Fixed 2 duplicate /gene - mrdB_1 mrdB_2
[14:34:02] Fixed 2 duplicate /gene - hup_1 hup_2
[14:34:02] Fixed 2 duplicate /gene - bepA_1 bepA_2
[14:34:02] Fixed 2 duplicate /gene - uvrA_1 uvrA_2
[14:34:02] Fixed 2 duplicate /gene - rluD_1 rluD_2
[14:34:02] Fixed 2 duplicate /gene - atpB_1 atpB_2
[14:34:02] Fixed 2 duplicate /gene - mrcA_1 mrcA_2
[14:34:02] Fixed 2 duplicate /gene - surA_1 surA_2
[14:34:02] Fixed 2 duplicate /gene - bamD_1 bamD_2
[14:34:02] Fixed 2 duplicate /gene - atpD_1 atpD_2
[14:34:02] Fixed 2 duplicate /gene - atpC_1 atpC_2
[14:34:02] Fixed 2 duplicate /gene - rhaS_1 rhaS_2
[14:34:02] Fixed 2 duplicate /gene - pspA_1 pspA_2
[14:34:02] Fixed 8 duplicate /gene - btuB_1 btuB_2 btuB_3 btuB_4 btuB_5 btuB_6 btuB_7 btuB_8
[14:34:02] Fixed 2 duplicate /gene - radA_1 radA_2
[14:34:02] Fixed 2 duplicate /gene - cobD_1 cobD_2
[14:34:02] Fixed 2 duplicate /gene - purH_1 purH_2
[14:34:02] Fixed 3 duplicate /gene - pal_1 pal_2 pal_3
[14:34:02] Fixed 2 duplicate /gene - pyrK_1 pyrK_2
[14:34:02] Fixed 2 duplicate /gene - lpxA_1 lpxA_2
[14:34:02] Fixed 2 duplicate /gene - atpH_1 atpH_2
[14:34:02] Fixed 3 duplicate /gene - bamA_1 bamA_2 bamA_3
[14:34:02] Fixed 2 duplicate /gene - asnC_1 asnC_2
[14:34:02] Fixed 2 duplicate /gene - hmuU_1 hmuU_2
[14:34:02] Fixed 2 duplicate /gene - ftsH_1 ftsH_2
[14:34:02] Fixed 2 duplicate /gene - kefB_1 kefB_2
[14:34:02] Fixed 2 duplicate /gene - ccsA_1 ccsA_2
[14:34:02] Fixed 2 duplicate /gene - tadA_1 tadA_2
[14:34:02] Fixed 2 duplicate /gene - pntA_1 pntA_2
[14:34:02] Fixed 50 colliding /gene names.
[14:34:02] Adding /locus_tag identifiers
[14:34:02] Assigned 1607 locus_tags to CDS and RNA features.
[14:34:02] Writing outputs to prokka_output/M1129502254/
[14:34:03] Generating annotation statistics file
[14:34:03] Generating Genbank and Sequin files
[14:34:03] Running: tbl2asn -V b -a r10k -l paired-ends -M n -N 1 -y 'Annotated using prokka 1.14.6 from https://github.com/tseemann/prokka' -Z prokka_output\/M1129502254\/M1129502254\.err -i prokka_output\/M1129502254\/M1129502254\.fsa 2> /dev/null
[14:34:06] Deleting unwanted file: prokka_output/M1129502254/errorsummary.val
[14:34:06] Deleting unwanted file: prokka_output/M1129502254/M1129502254.dr
[14:34:06] Deleting unwanted file: prokka_output/M1129502254/M1129502254.fixedproducts
[14:34:06] Deleting unwanted file: prokka_output/M1129502254/M1129502254.ecn
[14:34:06] Deleting unwanted file: prokka_output/M1129502254/M1129502254.val
[14:34:06] Repairing broken .GBK output that tbl2asn produces...
[14:34:06] Running: sed 's/COORDINATES: profile/COORDINATES:profile/' < prokka_output\/M1129502254\/M1129502254\.gbf > prokka_output\/M1129502254\/M1129502254\.gbk
[14:34:06] Deleting unwanted file: prokka_output/M1129502254/M1129502254.gbf
[14:34:06] Output files:
[14:34:06] prokka_output/M1129502254/M1129502254.err
[14:34:06] prokka_output/M1129502254/M1129502254.faa
[14:34:06] prokka_output/M1129502254/M1129502254.fsa
[14:34:06] prokka_output/M1129502254/M1129502254.gbk
[14:34:06] prokka_output/M1129502254/M1129502254.txt
[14:34:06] prokka_output/M1129502254/M1129502254.sqn
[14:34:06] prokka_output/M1129502254/M1129502254.log
[14:34:06] prokka_output/M1129502254/M1129502254.ffn
[14:34:06] prokka_output/M1129502254/M1129502254.tsv
[14:34:06] prokka_output/M1129502254/M1129502254.gff
[14:34:06] prokka_output/M1129502254/M1129502254.fna
[14:34:06] prokka_output/M1129502254/M1129502254.tbl
[14:34:06] Annotation finished successfully.
[14:34:06] Walltime used: 0.78 minutes
[14:34:06] If you use this result please cite the Prokka paper:
[14:34:06] Seemann T (2014) Prokka: rapid prokaryotic genome annotation. Bioinformatics. 30(14):2068-9.
[14:34:06] Type 'prokka --citation' for more details.
[14:34:06] Share and enjoy!
