[14:58:37] This is prokka 1.14.6
[14:58:37] Written by Torsten Seemann <torsten.seemann@gmail.com>
[14:58:37] Homepage is https://github.com/tseemann/prokka
[14:58:37] Local time is Fri Mar 27 14:58:37 2026
[14:58:37] You are lorenzo
[14:58:37] Operating system is linux
[14:58:37] You have BioPerl 1.007002
[14:58:37] System has 8 cores.
[14:58:37] Will use maximum of 8 cores.
[14:58:37] Annotating as >>> Bacteria <<<
[14:58:37] Generating locus_tag from 'extracted_mags/M1927030333.fna' contents.
[14:58:37] Setting --locustag EHJNDFMC from MD5 e137df6c2bc85290e58f52a995270fa8
[14:58:37] Enabling options to ensure Genbank/ENA/DDJB submission compliance.
[14:58:37] Re-using existing --outdir prokka_output/M1927030333
[14:58:37] Using filename prefix: M1927030333.XXX
[14:58:37] Setting HMMER_NCPU=1
[14:58:37] Writing log to: prokka_output/M1927030333/M1927030333.log
[14:58:37] Command: /home/lorenzo/anaconda3/envs/prokka/bin/prokka extracted_mags/M1927030333.fna --outdir prokka_output/M1927030333 --compliant --force --prefix M1927030333
[14:58:37] Appending to PATH: /home/lorenzo/anaconda3/envs/prokka/bin
[14:58:37] Looking for 'aragorn' - found /home/lorenzo/anaconda3/envs/prokka/bin/aragorn
[14:58:37] Determined aragorn version is 001002 from 'ARAGORN v1.2.41 Dean Laslett'
[14:58:37] Looking for 'barrnap' - found /home/lorenzo/anaconda3/envs/prokka/bin/barrnap
[14:58:37] Determined barrnap version is 000009 from 'barrnap 0.9'
[14:58:37] Looking for 'blastp' - found /home/lorenzo/anaconda3/envs/prokka/bin/blastp
[14:58:37] Determined blastp version is 002016 from 'blastp: 2.16.0+'
[14:58:37] Looking for 'cmpress' - found /home/lorenzo/anaconda3/envs/prokka/bin/cmpress
[14:58:37] Determined cmpress version is 001001 from '# INFERNAL 1.1.4 (Dec 2020)'
[14:58:37] Looking for 'cmscan' - found /home/lorenzo/anaconda3/envs/prokka/bin/cmscan
[14:58:37] Determined cmscan version is 001001 from '# INFERNAL 1.1.4 (Dec 2020)'
[14:58:37] Looking for 'egrep' - found /usr/bin/egrep
[14:58:37] Looking for 'find' - found /usr/bin/find
[14:58:37] Looking for 'grep' - found /usr/bin/grep
[14:58:37] Looking for 'hmmpress' - found /home/lorenzo/anaconda3/envs/prokka/bin/hmmpress
[14:58:37] Determined hmmpress version is 003004 from '# HMMER 3.4 (Aug 2023); http://hmmer.org/'
[14:58:37] Looking for 'hmmscan' - found /home/lorenzo/anaconda3/envs/prokka/bin/hmmscan
[14:58:37] Determined hmmscan version is 003004 from '# HMMER 3.4 (Aug 2023); http://hmmer.org/'
[14:58:37] Looking for 'java' - found /home/lorenzo/anaconda3/envs/prokka/bin/java
[14:58:37] Looking for 'makeblastdb' - found /home/lorenzo/anaconda3/envs/prokka/bin/makeblastdb
[14:58:37] Determined makeblastdb version is 002016 from 'makeblastdb: 2.16.0+'
[14:58:37] Looking for 'minced' - found /home/lorenzo/anaconda3/envs/prokka/bin/minced
[14:58:37] Determined minced version is 004002 from 'minced 0.4.2'
[14:58:37] Looking for 'parallel' - found /home/lorenzo/anaconda3/envs/prokka/bin/parallel
[14:58:37] Determined parallel version is 20260122 from 'GNU parallel 20260122'
[14:58:37] Looking for 'prodigal' - found /home/lorenzo/anaconda3/envs/prokka/bin/prodigal
[14:58:37] Determined prodigal version is 002006 from 'Prodigal V2.6.3: February, 2016'
[14:58:37] Looking for 'prokka-genbank_to_fasta_db' - found /home/lorenzo/anaconda3/envs/prokka/bin/prokka-genbank_to_fasta_db
[14:58:37] Looking for 'sed' - found /usr/bin/sed
[14:58:37] Looking for 'tbl2asn' - found /home/lorenzo/anaconda3/envs/prokka/bin/tbl2asn
[14:58:37] Determined tbl2asn version is 025007 from 'tbl2asn 25.7   arguments:'
[14:58:37] Using genetic code table 11.
[14:58:37] Loading and checking input file: extracted_mags/M1927030333.fna
[14:58:37] Wrote 44 contigs totalling 2384374 bp.
[14:58:37] Predicting tRNAs and tmRNAs
[14:58:37] Running: aragorn -l -gc11  -w prokka_output\/M1927030333\/M1927030333\.fna
[14:58:38] 1 tRNA-Arg [150915,150989] 35 (acg)
[14:58:38] 1 tRNA-Ser c[143004,143092] 35 (gga)
[14:58:38] 2 tRNA-Leu [153637,153719] 35 (tag)
[14:58:38] 1 tRNA-Ser [69983,70070] 35 (cga)
[14:58:38] 2 tRNA-Gly [82162,82235] 34 (gcc)
[14:58:38] 3 tRNA-Leu [82266,82349] 35 (cag)
[14:58:38] 4 tRNA-Leu [82373,82456] 35 (gag)
[14:58:38] 5 tRNA-Gly [82472,82545] 34 (gcc)
[14:58:38] 1 tRNA-Asn c[6071,6146] 35 (gtt)
[14:58:38] 2 tRNA-Arg [29409,29481] 34 (cct)
[14:58:38] 1 tRNA-Glu c[9177,9249] 34 (ctc)
[14:58:38] 2 tRNA-Ser c[9276,9363] 35 (gct)
[14:58:38] 3 tRNA-Thr c[54141,54215] 35 (tgt)
[14:58:38] 4 tRNA-Asp c[54520,54595] 36 (gtc)
[14:58:38] 5 tRNA-Lys c[87299,87372] 34 (ctt)
[14:58:38] 1 tRNA-Gln [50017,50088] 33 (ttg)
[14:58:38] 2 tRNA-Leu [78762,78848] 34 (taa)
[14:58:38] 1 tRNA-Met [14348,14422] 35 (cat)
[14:58:38] 2 tRNA-Glu c[39618,39692] 34 (ttc)
[14:58:38] 1 tRNA-Met c[40978,41052] 35 (cat)
[14:58:38] 2 tRNA-Lys [65023,65096] 34 (ttt)
[14:58:38] 3 tRNA-Pro c[65258,65331] 34 (ggg)
[14:58:38] 1 tRNA-Arg [22839,22913] 35 (ccg)
[14:58:38] 1 tRNA-Gln [7124,7195] 33 (ctg)
[14:58:38] 2 tRNA-Met [55845,55918] 34 (cat)
[14:58:38] 1 tRNA-His [2494,2568] 35 (gtg)
[14:58:38] 2 tmRNA c[9087,9484] 97,126 GNNNYALAA*
[14:58:38] 1 tRNA-Arg [5374,5449] 36 (tct)
[14:58:38] 2 tRNA-Cys c[11586,11659] 33 (gca)
[14:58:38] 1 tRNA-Phe [48673,48747] 34 (gaa)
[14:58:38] 1 tRNA-Ala [21319,21393] 35 (ggc)
[14:58:38] 1 tRNA-Thr [1944,2018] 35 (tgt)
[14:58:38] 2 tRNA-Tyr [2057,2140] 35 (gta)
[14:58:38] 3 tRNA-Gly [2228,2301] 34 (tcc)
[14:58:38] 4 tRNA-Thr [2306,2378] 33 (ggt)
[14:58:38] 5 tRNA-Trp [3720,3793] 34 (cca)
[14:58:38] 1 tRNA-Phe c[16436,16509] 34 (gaa)
[14:58:38] 2 tRNA-Pro [16645,16719] 34 (cgg)
[14:58:38] 1 tRNA-Val c[5987,6062] 36 (tac)
[14:58:38] 2 tRNA-Val c[6236,6311] 36 (tac)
[14:58:38] 1 tRNA-Thr [587,662] 34 (cgt)
[14:58:38] 2 tRNA-Gly [693,766] 34 (ccc)
[14:58:38] 1 tRNA-Leu [3264,3348] 35 (caa)
[14:58:38] Found 43 tRNAs
[14:58:38] Predicting Ribosomal RNAs
[14:58:38] Running Barrnap with 8 threads
[14:58:38] 1 gnl|Prokka|EHJNDFMC_15 64018 5S ribosomal RNA
[14:58:38] 2 gnl|Prokka|EHJNDFMC_2 202208 5S ribosomal RNA (partial)
[14:58:38] 3 gnl|Prokka|EHJNDFMC_23 35439 5S ribosomal RNA (partial)
[14:58:38] 4 gnl|Prokka|EHJNDFMC_26 31937 16S ribosomal RNA (partial)
[14:58:38] 5 gnl|Prokka|EHJNDFMC_3 173174 5S ribosomal RNA
[14:58:38] Found 5 rRNAs
[14:58:38] Skipping ncRNA search, enable with --rfam if desired.
[14:58:38] Total of 47 tRNA + rRNA features
[14:58:38] Searching for CRISPR repeats
[14:58:39] CRISPR1 gnl|Prokka|EHJNDFMC_6 7105 with 12 spacers
[14:58:39] CRISPR2 gnl|Prokka|EHJNDFMC_11 24969 with 13 spacers
[14:58:39] Found 2 CRISPRs
[14:58:39] Predicting coding sequences
[14:58:39] Contigs total 2384374 bp, so using single mode
[14:58:39] Running: prodigal -i prokka_output\/M1927030333\/M1927030333\.fna -c -m -g 11 -p single -f sco -q
[14:58:44] Excluding CDS which overlaps existing RNA (rRNA) at gnl|Prokka|EHJNDFMC_2:202043..202264 on + strand
[14:58:45] Excluding CDS which overlaps existing RNA (tRNA) at gnl|Prokka|EHJNDFMC_5:54432..54656 on - strand
[14:58:45] Excluding CDS which overlaps existing RNA (tRNA) at gnl|Prokka|EHJNDFMC_7:49659..50111 on - strand
[14:58:45] Excluding CDS which overlaps existing RNA (tRNA) at gnl|Prokka|EHJNDFMC_7:78456..78866 on - strand
[14:58:45] Excluding CDS which overlaps existing RNA (tRNA) at gnl|Prokka|EHJNDFMC_9:39648..39773 on - strand
[14:58:45] Excluding CDS which overlaps existing RNA (tRNA) at gnl|Prokka|EHJNDFMC_19:48667..48804 on + strand
[14:58:45] Excluding CDS which overlaps existing RNA (tRNA) at gnl|Prokka|EHJNDFMC_30:16612..16737 on - strand
[14:58:45] Found 2032 CDS
[14:58:45] Connecting features back to sequences
[14:58:45] Not using genus-specific database. Try --usegenus to enable it.
[14:58:45] Annotating CDS, please be patient.
[14:58:45] Will use 8 CPUs for similarity searching.
[14:58:46] There are still 2032 unannotated CDS left (started with 2032)
[14:58:46] Will use blast to search against /home/lorenzo/anaconda3/envs/prokka/db/kingdom/Bacteria/IS with 8 CPUs
[14:58:46] Running: cat prokka_output\/M1927030333\/M1927030333\.IS\.tmp\.101616\.faa | parallel --gnu --plain -j 8 --block 44524 --recstart '>' --pipe blastp -query - -db /home/lorenzo/anaconda3/envs/prokka/db/kingdom/Bacteria/IS -evalue 1e-30 -qcov_hsp_perc 90 -num_threads 1 -num_descriptions 1 -num_alignments 1 -seg no > prokka_output\/M1927030333\/M1927030333\.IS\.tmp\.101616\.blast 2> /dev/null
[14:58:53] Deleting unwanted file: prokka_output/M1927030333/M1927030333.IS.tmp.101616.faa
[14:58:53] Deleting unwanted file: prokka_output/M1927030333/M1927030333.IS.tmp.101616.blast
[14:58:53] There are still 2023 unannotated CDS left (started with 2032)
[14:58:53] Will use blast to search against /home/lorenzo/anaconda3/envs/prokka/db/kingdom/Bacteria/AMR with 8 CPUs
[14:58:53] Running: cat prokka_output\/M1927030333\/M1927030333\.AMR\.tmp\.101616\.faa | parallel --gnu --plain -j 8 --block 44348 --recstart '>' --pipe blastp -query - -db /home/lorenzo/anaconda3/envs/prokka/db/kingdom/Bacteria/AMR -evalue 9.99999999999999e-301 -qcov_hsp_perc 90 -num_threads 1 -num_descriptions 1 -num_alignments 1 -seg no > prokka_output\/M1927030333\/M1927030333\.AMR\.tmp\.101616\.blast 2> /dev/null
[14:58:59] Deleting unwanted file: prokka_output/M1927030333/M1927030333.AMR.tmp.101616.faa
[14:58:59] Deleting unwanted file: prokka_output/M1927030333/M1927030333.AMR.tmp.101616.blast
[14:58:59] There are still 2023 unannotated CDS left (started with 2032)
[14:58:59] Will use blast to search against /home/lorenzo/anaconda3/envs/prokka/db/kingdom/Bacteria/sprot with 8 CPUs
[14:58:59] Running: cat prokka_output\/M1927030333\/M1927030333\.sprot\.tmp\.101616\.faa | parallel --gnu --plain -j 8 --block 44348 --recstart '>' --pipe blastp -query - -db /home/lorenzo/anaconda3/envs/prokka/db/kingdom/Bacteria/sprot -evalue 1e-09 -qcov_hsp_perc 80 -num_threads 1 -num_descriptions 1 -num_alignments 1 -seg no > prokka_output\/M1927030333\/M1927030333\.sprot\.tmp\.101616\.blast 2> /dev/null
[14:59:26] Modify product: 23S rRNA 5-hydroxycytidine C2501 synthase => 23S rRNA 5-hydroxycytidine synthase
[14:59:26] Modify product: Probable type I restriction enzyme BthVORF4518P M protein => putative type I restriction enzymeP M protein
[14:59:26] Modify product: Probable ATP-dependent transporter SufC => putative ATP-dependent transporter SufC
[14:59:26] Modify product: Uncharacterized protein YpjD => putative protein YpjD
[14:59:26] Modify product: Uncharacterized protein Rv2581c => putative protein
[14:59:26] Modify product: Putative esterase PA1618 => Putative esterase
[14:59:26] Modify product: UPF0053 protein Rv2366c => hypothetical protein
[14:59:26] Modify product: Peptidoglycan-N-acetylglucosamine deacetylase BC_3618 => Peptidoglycan-N-acetylglucosamine deacetylase
[14:59:26] Modify product: Probable glycine dehydrogenase (decarboxylating) subunit 2 => putative glycine dehydrogenase (decarboxylating) subunit 2
[14:59:26] Modify product: Probable glycine dehydrogenase (decarboxylating) subunit 1 => putative glycine dehydrogenase (decarboxylating) subunit 1
[14:59:26] Modify product: Uncharacterized protein YjbR => putative protein YjbR
[14:59:26] Modify product: Uncharacterized oxidoreductase Rv0945 => putative oxidoreductase
[14:59:26] Modify product: Probable transcriptional regulatory protein HP_0162 => putative transcriptional regulatory protein
[14:59:26] Modify product: Uncharacterized ABC transporter ATP-binding protein YbiT => putative ABC transporter ATP-binding protein YbiT
[14:59:26] Modify product: Probable amino-acid metabolite efflux pump => putative amino-acid metabolite efflux pump
[14:59:26] Modify product: Uncharacterized glycosyltransferase YkoT => putative glycosyltransferase YkoT
[14:59:26] Modify product: Sulfurtransferase Alvin_2599 => Sulfurtransferase
[14:59:26] Modify product: UPF0371 protein DIP2346 => hypothetical protein
[14:59:26] Modify product: Probable GTP-binding protein EngB => putative GTP-binding protein EngB
[14:59:26] Modify product: Acetyltransferase PA3944 => Acetyltransferase
[14:59:26] Modify product: Uncharacterized protein YqgN => putative protein YqgN
[14:59:26] Modify product: Uncharacterized ABC transporter ATP-binding protein YknY => putative ABC transporter ATP-binding protein YknY
[14:59:26] Modify product: UPF0145 protein YbjQ => hypothetical protein
[14:59:26] Modify product: UPF0073 inner membrane protein YqfA => hypothetical protein
[14:59:27] Modify product: Probable FMN/FAD exporter YeeO => putative FMN/FAD exporter YeeO
[14:59:27] Modify product: Probable multidrug ABC transporter permease YbhR => putative multidrug ABC transporter permease YbhR
[14:59:27] Modify product: Probable multidrug ABC transporter permease YbhS => putative multidrug ABC transporter permease YbhS
[14:59:27] Modify product: UPF0194 membrane protein YbhG => hypothetical protein
[14:59:27] Modify product: UPF0324 inner membrane protein YeiH => hypothetical protein
[14:59:27] Modify product: Probable GTPase Rv1496 => putative GTPase
[14:59:27] Modify product: Probable ribonucleotide transport ATP-binding protein mkl => putative ribonucleotide transport ATP-binding protein mkl
[14:59:27] Modify product: Uncharacterized protein HI_0933 => putative protein
[14:59:27] Modify product: Probable chromosome-partitioning protein ParB => putative chromosome-partitioning protein ParB
[14:59:27] Modify product: Uncharacterized RNA pseudouridine synthase Rv1540 => putative RNA pseudouridine synthase
[14:59:27] Modify product: Glutathione peroxidase homolog BsaA => Glutathione peroxidase BsaA
[14:59:27] Modify product: UPF0758 protein SP_1088 => hypothetical protein
[14:59:27] Modify product: Uncharacterized zinc protease Rv2782c => putative zinc protease
[14:59:27] Modify product: Uncharacterized protein YqeY => putative protein YqeY
[14:59:27] Modify product: Probable efflux pump periplasmic linker TtgA => putative efflux pump periplasmic linker TtgA
[14:59:27] Modify product: Uncharacterized HIT-like protein Rv0759c => putative HIT-like protein
[14:59:27] Modify product: Uncharacterized ABC transporter ATP-binding protein YknY => putative ABC transporter ATP-binding protein YknY
[14:59:27] Modify product: Putative zinc metalloprotease aq_1964 => Putative zinc metalloprotease
[14:59:27] Modify product: UPF0701 protein YicC => hypothetical protein
[14:59:27] Modify product: Uncharacterized protein YcgM => putative protein YcgM
[14:59:27] Modify product: PGL/p-HBAD biosynthesis glycosyltransferase Rv2957 => PGL/p-HBAD biosynthesis glycosyltransferase
[14:59:27] Modify product: Putative multidrug export ATP-binding/permease protein SAV1866 => Putative multidrug export ATP-binding/permease protein
[14:59:27] Modify product: Uncharacterized ABC transporter ATP-binding protein TM_0288 => putative ABC transporter ATP-binding protein
[14:59:27] Modify product: Bifunctional protein FolD => Bifunctional protein FolD protein
[14:59:27] Modify product: Probable TonB-dependent receptor NMB0964 => putative TonB-dependent receptor
[14:59:27] Modify product: GTP cyclohydrolase 1 type 2 homolog => GTP cyclohydrolase 1 type 2 
[14:59:27] Modify product: Uncharacterized epimerase/dehydratase SA0511 => putative epimerase/dehydratase
[14:59:27] Modify product: Uncharacterized ABC transporter ATP-binding protein YknY => putative ABC transporter ATP-binding protein YknY
[14:59:27] Modify product: Probable enoyl-CoA hydratase 1 => putative enoyl-CoA hydratase 1
[14:59:27] Modify product: Uncharacterized metal-dependent hydrolase YjjV => putative metal-dependent hydrolase YjjV
[14:59:27] Modify product: Probable chromate transport protein => putative chromate transport protein
[14:59:27] Modify product: Probable chromate transport protein => putative chromate transport protein
[14:59:27] Modify product: Uncharacterized ABC transporter ATP-binding protein YheS => putative ABC transporter ATP-binding protein YheS
[14:59:27] Modify product: UPF0053 protein Rv2366c => hypothetical protein
[14:59:27] Modify product: Probable nicotinate-nucleotide pyrophosphorylase [carboxylating] => putative nicotinate-nucleotide pyrophosphorylase [carboxylating]
[14:59:27] Modify product: Probable multidrug ABC transporter permease YbhR => putative multidrug ABC transporter permease YbhR
[14:59:27] Cleaned 60 /product names
[14:59:27] Deleting unwanted file: prokka_output/M1927030333/M1927030333.sprot.tmp.101616.faa
[14:59:27] Deleting unwanted file: prokka_output/M1927030333/M1927030333.sprot.tmp.101616.blast
[14:59:27] There are still 1289 unannotated CDS left (started with 2032)
[14:59:27] Will use hmmer3 to search against /home/lorenzo/anaconda3/envs/prokka/db/hmm/HAMAP.hmm with 8 CPUs
[14:59:27] Running: cat prokka_output\/M1927030333\/M1927030333\.HAMAP\.hmm\.tmp\.101616\.faa | parallel --gnu --plain -j 8 --block 27270 --recstart '>' --pipe hmmscan --noali --notextw --acc -E 1e-09 --cpu 1 /home/lorenzo/anaconda3/envs/prokka/db/hmm/HAMAP.hmm /dev/stdin > prokka_output\/M1927030333\/M1927030333\.HAMAP\.hmm\.tmp\.101616\.hmmer3 2> /dev/null
[14:59:36] Deleting unwanted file: prokka_output/M1927030333/M1927030333.HAMAP.hmm.tmp.101616.faa
[14:59:36] Deleting unwanted file: prokka_output/M1927030333/M1927030333.HAMAP.hmm.tmp.101616.hmmer3
[14:59:36] Labelling remaining 1109 proteins as 'hypothetical protein'
[14:59:36] Possible /pseudo 'Macrolide export ATP-binding/permease protein MacB' at gnl|Prokka|EHJNDFMC_1 position 127522
[14:59:36] Possible /pseudo 'NAD(P) transhydrogenase subunit alpha' at gnl|Prokka|EHJNDFMC_2 position 16182
[14:59:36] Possible /pseudo '23S rRNA (guanosine-2'-O-)-methyltransferase RlmB' at gnl|Prokka|EHJNDFMC_3 position 116664
[14:59:36] Possible /pseudo 'putative chromate transport protein' at gnl|Prokka|EHJNDFMC_26 position 19551
[14:59:36] Possible /pseudo 'Chaperone SurA' at gnl|Prokka|EHJNDFMC_32 position 13321
[14:59:36] Found 750 unique /gene codes.
[14:59:36] Fixed 2 duplicate /gene - srpC_1 srpC_2
[14:59:36] Fixed 2 duplicate /gene - arnC_1 arnC_2
[14:59:36] Fixed 4 duplicate /gene - pal_1 pal_2 pal_3 pal_4
[14:59:36] Fixed 2 duplicate /gene - hmuU_1 hmuU_2
[14:59:36] Fixed 2 duplicate /gene - rhaS_1 rhaS_2
[14:59:36] Fixed 5 duplicate /gene - mshA_1 mshA_2 mshA_3 mshA_4 mshA_5
[14:59:36] Fixed 6 duplicate /gene - resA_1 resA_2 resA_3 resA_4 resA_5 resA_6
[14:59:36] Fixed 2 duplicate /gene - pntA_1 pntA_2
[14:59:36] Fixed 5 duplicate /gene - sasA_1 sasA_2 sasA_3 sasA_4 sasA_5
[14:59:36] Fixed 2 duplicate /gene - mutS_1 mutS_2
[14:59:36] Fixed 3 duplicate /gene - dapH_1 dapH_2 dapH_3
[14:59:36] Fixed 2 duplicate /gene - lolE_1 lolE_2
[14:59:36] Fixed 2 duplicate /gene - ftsH_1 ftsH_2
[14:59:36] Fixed 2 duplicate /gene - asnC_1 asnC_2
[14:59:36] Fixed 2 duplicate /gene - udk_1 udk_2
[14:59:36] Fixed 5 duplicate /gene - bepA_1 bepA_2 bepA_3 bepA_4 bepA_5
[14:59:36] Fixed 2 duplicate /gene - purH_1 purH_2
[14:59:36] Fixed 2 duplicate /gene - menF_1 menF_2
[14:59:36] Fixed 2 duplicate /gene - atpH_1 atpH_2
[14:59:36] Fixed 3 duplicate /gene - yknY_1 yknY_2 yknY_3
[14:59:36] Fixed 2 duplicate /gene - fcl_1 fcl_2
[14:59:36] Fixed 2 duplicate /gene - dnaG_1 dnaG_2
[14:59:36] Fixed 2 duplicate /gene - deaD_1 deaD_2
[14:59:36] Fixed 2 duplicate /gene - korB_1 korB_2
[14:59:36] Fixed 2 duplicate /gene - korA_1 korA_2
[14:59:36] Fixed 2 duplicate /gene - miaA_1 miaA_2
[14:59:36] Fixed 2 duplicate /gene - ccsA_1 ccsA_2
[14:59:36] Fixed 2 duplicate /gene - kefB_1 kefB_2
[14:59:36] Fixed 2 duplicate /gene - xerD_1 xerD_2
[14:59:36] Fixed 2 duplicate /gene - yfkN_1 yfkN_2
[14:59:36] Fixed 2 duplicate /gene - recD2_1 recD2_2
[14:59:36] Fixed 2 duplicate /gene - pspA_1 pspA_2
[14:59:36] Fixed 2 duplicate /gene - patA_1 patA_2
[14:59:36] Fixed 2 duplicate /gene - sigE_1 sigE_2
[14:59:36] Fixed 8 duplicate /gene - btuB_1 btuB_2 btuB_3 btuB_4 btuB_5 btuB_6 btuB_7 btuB_8
[14:59:36] Fixed 2 duplicate /gene - cmk_1 cmk_2
[14:59:36] Fixed 2 duplicate /gene - eptC_1 eptC_2
[14:59:36] Fixed 2 duplicate /gene - glgB_1 glgB_2
[14:59:36] Fixed 2 duplicate /gene - lpxA_1 lpxA_2
[14:59:36] Fixed 2 duplicate /gene - sigA_1 sigA_2
[14:59:36] Fixed 2 duplicate /gene - apxIB_1 apxIB_2
[14:59:36] Fixed 2 duplicate /gene - surA_1 surA_2
[14:59:36] Fixed 2 duplicate /gene - pta_1 pta_2
[14:59:36] Fixed 2 duplicate /gene - rep_1 rep_2
[14:59:36] Fixed 2 duplicate /gene - pyrK_1 pyrK_2
[14:59:36] Fixed 3 duplicate /gene - nudC_1 nudC_2 nudC_3
[14:59:36] Fixed 2 duplicate /gene - map_1 map_2
[14:59:36] Fixed 2 duplicate /gene - gyrB_1 gyrB_2
[14:59:36] Fixed 2 duplicate /gene - xerC_1 xerC_2
[14:59:36] Fixed 2 duplicate /gene - queA_1 queA_2
[14:59:36] Fixed 2 duplicate /gene - tolQ_1 tolQ_2
[14:59:36] Fixed 2 duplicate /gene - algC_1 algC_2
[14:59:36] Fixed 2 duplicate /gene - btuD_1 btuD_2
[14:59:36] Fixed 2 duplicate /gene - rny_1 rny_2
[14:59:36] Fixed 2 duplicate /gene - cobD_1 cobD_2
[14:59:36] Fixed 3 duplicate /gene - bamA_1 bamA_2 bamA_3
[14:59:36] Fixed 2 duplicate /gene - lptD_1 lptD_2
[14:59:36] Fixed 2 duplicate /gene - fusA_1 fusA_2
[14:59:36] Fixed 2 duplicate /gene - tuaB_1 tuaB_2
[14:59:36] Fixed 2 duplicate /gene - pepD_1 pepD_2
[14:59:36] Fixed 2 duplicate /gene - cysG_1 cysG_2
[14:59:36] Fixed 2 duplicate /gene - lptB_1 lptB_2
[14:59:36] Fixed 2 duplicate /gene - tadA_1 tadA_2
[14:59:36] Fixed 2 duplicate /gene - relA_1 relA_2
[14:59:36] Fixed 2 duplicate /gene - rfbB_1 rfbB_2
[14:59:36] Fixed 2 duplicate /gene - ybhR_1 ybhR_2
[14:59:36] Fixed 2 duplicate /gene - rluD_1 rluD_2
[14:59:36] Fixed 2 duplicate /gene - mrdB_1 mrdB_2
[14:59:36] Fixed 2 duplicate /gene - mrcA_1 mrcA_2
[14:59:36] Fixed 2 duplicate /gene - rlmB_1 rlmB_2
[14:59:36] Fixed 2 duplicate /gene - aspT_1 aspT_2
[14:59:36] Fixed 2 duplicate /gene - cirA_1 cirA_2
[14:59:36] Fixed 2 duplicate /gene - rcsC_1 rcsC_2
[14:59:36] Fixed 2 duplicate /gene - gph_1 gph_2
[14:59:36] Fixed 2 duplicate /gene - macB_1 macB_2
[14:59:36] Fixed 2 duplicate /gene - uvrA_1 uvrA_2
[14:59:36] Fixed 2 duplicate /gene - clpX_1 clpX_2
[14:59:36] Fixed 2 duplicate /gene - hup_1 hup_2
[14:59:36] Fixed 78 colliding /gene names.
[14:59:36] Adding /locus_tag identifiers
[14:59:36] Assigned 2080 locus_tags to CDS and RNA features.
[14:59:36] Writing outputs to prokka_output/M1927030333/
[14:59:37] Generating annotation statistics file
[14:59:37] Generating Genbank and Sequin files
[14:59:37] Running: tbl2asn -V b -a r10k -l paired-ends -M n -N 1 -y 'Annotated using prokka 1.14.6 from https://github.com/tseemann/prokka' -Z prokka_output\/M1927030333\/M1927030333\.err -i prokka_output\/M1927030333\/M1927030333\.fsa 2> /dev/null
[14:59:41] Deleting unwanted file: prokka_output/M1927030333/errorsummary.val
[14:59:41] Deleting unwanted file: prokka_output/M1927030333/M1927030333.dr
[14:59:41] Deleting unwanted file: prokka_output/M1927030333/M1927030333.fixedproducts
[14:59:41] Deleting unwanted file: prokka_output/M1927030333/M1927030333.ecn
[14:59:41] Deleting unwanted file: prokka_output/M1927030333/M1927030333.val
[14:59:41] Repairing broken .GBK output that tbl2asn produces...
[14:59:41] Running: sed 's/COORDINATES: profile/COORDINATES:profile/' < prokka_output\/M1927030333\/M1927030333\.gbf > prokka_output\/M1927030333\/M1927030333\.gbk
[14:59:41] Deleting unwanted file: prokka_output/M1927030333/M1927030333.gbf
[14:59:41] Output files:
[14:59:41] prokka_output/M1927030333/M1927030333.err
[14:59:41] prokka_output/M1927030333/M1927030333.faa
[14:59:41] prokka_output/M1927030333/M1927030333.gbk
[14:59:41] prokka_output/M1927030333/M1927030333.tsv
[14:59:41] prokka_output/M1927030333/M1927030333.ffn
[14:59:41] prokka_output/M1927030333/M1927030333.fna
[14:59:41] prokka_output/M1927030333/M1927030333.txt
[14:59:41] prokka_output/M1927030333/M1927030333.log
[14:59:41] prokka_output/M1927030333/M1927030333.sqn
[14:59:41] prokka_output/M1927030333/M1927030333.tbl
[14:59:41] prokka_output/M1927030333/M1927030333.gff
[14:59:41] prokka_output/M1927030333/M1927030333.fsa
[14:59:41] Annotation finished successfully.
[14:59:41] Walltime used: 1.07 minutes
[14:59:41] If you use this result please cite the Prokka paper:
[14:59:41] Seemann T (2014) Prokka: rapid prokaryotic genome annotation. Bioinformatics. 30(14):2068-9.
[14:59:41] Type 'prokka --citation' for more details.
[14:59:41] Thank you, come again.
