[14:42:26] This is prokka 1.14.6
[14:42:26] Written by Torsten Seemann <torsten.seemann@gmail.com>
[14:42:26] Homepage is https://github.com/tseemann/prokka
[14:42:26] Local time is Fri Mar 27 14:42:26 2026
[14:42:26] You are lorenzo
[14:42:26] Operating system is linux
[14:42:26] You have BioPerl 1.007002
[14:42:26] System has 8 cores.
[14:42:26] Will use maximum of 8 cores.
[14:42:26] Annotating as >>> Bacteria <<<
[14:42:26] Generating locus_tag from 'extracted_mags/M1481385194.fna' contents.
[14:42:26] Setting --locustag DKOIFHOP from MD5 d482f189c1adaed7f3b59f6e7e40d7e5
[14:42:26] Enabling options to ensure Genbank/ENA/DDJB submission compliance.
[14:42:26] Re-using existing --outdir prokka_output/M1481385194
[14:42:26] Using filename prefix: M1481385194.XXX
[14:42:26] Setting HMMER_NCPU=1
[14:42:26] Writing log to: prokka_output/M1481385194/M1481385194.log
[14:42:26] Command: /home/lorenzo/anaconda3/envs/prokka/bin/prokka extracted_mags/M1481385194.fna --outdir prokka_output/M1481385194 --compliant --force --prefix M1481385194
[14:42:26] Appending to PATH: /home/lorenzo/anaconda3/envs/prokka/bin
[14:42:26] Looking for 'aragorn' - found /home/lorenzo/anaconda3/envs/prokka/bin/aragorn
[14:42:26] Determined aragorn version is 001002 from 'ARAGORN v1.2.41 Dean Laslett'
[14:42:26] Looking for 'barrnap' - found /home/lorenzo/anaconda3/envs/prokka/bin/barrnap
[14:42:26] Determined barrnap version is 000009 from 'barrnap 0.9'
[14:42:26] Looking for 'blastp' - found /home/lorenzo/anaconda3/envs/prokka/bin/blastp
[14:42:26] Determined blastp version is 002016 from 'blastp: 2.16.0+'
[14:42:26] Looking for 'cmpress' - found /home/lorenzo/anaconda3/envs/prokka/bin/cmpress
[14:42:26] Determined cmpress version is 001001 from '# INFERNAL 1.1.4 (Dec 2020)'
[14:42:26] Looking for 'cmscan' - found /home/lorenzo/anaconda3/envs/prokka/bin/cmscan
[14:42:26] Determined cmscan version is 001001 from '# INFERNAL 1.1.4 (Dec 2020)'
[14:42:26] Looking for 'egrep' - found /usr/bin/egrep
[14:42:26] Looking for 'find' - found /usr/bin/find
[14:42:26] Looking for 'grep' - found /usr/bin/grep
[14:42:26] Looking for 'hmmpress' - found /home/lorenzo/anaconda3/envs/prokka/bin/hmmpress
[14:42:26] Determined hmmpress version is 003004 from '# HMMER 3.4 (Aug 2023); http://hmmer.org/'
[14:42:26] Looking for 'hmmscan' - found /home/lorenzo/anaconda3/envs/prokka/bin/hmmscan
[14:42:26] Determined hmmscan version is 003004 from '# HMMER 3.4 (Aug 2023); http://hmmer.org/'
[14:42:26] Looking for 'java' - found /home/lorenzo/anaconda3/envs/prokka/bin/java
[14:42:26] Looking for 'makeblastdb' - found /home/lorenzo/anaconda3/envs/prokka/bin/makeblastdb
[14:42:26] Determined makeblastdb version is 002016 from 'makeblastdb: 2.16.0+'
[14:42:26] Looking for 'minced' - found /home/lorenzo/anaconda3/envs/prokka/bin/minced
[14:42:26] Determined minced version is 004002 from 'minced 0.4.2'
[14:42:26] Looking for 'parallel' - found /home/lorenzo/anaconda3/envs/prokka/bin/parallel
[14:42:26] Determined parallel version is 20260122 from 'GNU parallel 20260122'
[14:42:26] Looking for 'prodigal' - found /home/lorenzo/anaconda3/envs/prokka/bin/prodigal
[14:42:26] Determined prodigal version is 002006 from 'Prodigal V2.6.3: February, 2016'
[14:42:26] Looking for 'prokka-genbank_to_fasta_db' - found /home/lorenzo/anaconda3/envs/prokka/bin/prokka-genbank_to_fasta_db
[14:42:26] Looking for 'sed' - found /usr/bin/sed
[14:42:26] Looking for 'tbl2asn' - found /home/lorenzo/anaconda3/envs/prokka/bin/tbl2asn
[14:42:26] Determined tbl2asn version is 025007 from 'tbl2asn 25.7   arguments:'
[14:42:26] Using genetic code table 11.
[14:42:26] Loading and checking input file: extracted_mags/M1481385194.fna
[14:42:26] Wrote 50 contigs totalling 2440404 bp.
[14:42:26] Predicting tRNAs and tmRNAs
[14:42:26] Running: aragorn -l -gc11  -w prokka_output\/M1481385194\/M1481385194\.fna
[14:42:27] 1 tRNA-Arg [161671,161745] 35 (acg)
[14:42:27] 1 tRNA-Pro [82113,82186] 34 (ggg)
[14:42:27] 2 tRNA-Lys c[128000,128073] 34 (ttt)
[14:42:27] 3 tRNA-Met [154288,154362] 35 (cat)
[14:42:27] 1 tRNA-Gly c[54794,54867] 34 (gcc)
[14:42:27] 2 tRNA-Leu c[54883,54966] 35 (gag)
[14:42:27] 3 tRNA-Leu c[54990,55073] 35 (cag)
[14:42:27] 4 tRNA-Gly c[55104,55177] 34 (gcc)
[14:42:27] 5 tRNA-Ser c[67268,67355] 35 (cga)
[14:42:27] 6 tRNA-Phe [185725,185799] 34 (gaa)
[14:42:27] 1 tRNA-Glu [87601,87675] 34 (ttc)
[14:42:27] 2 tRNA-Met c[121976,122050] 35 (cat)
[14:42:27] 1 tRNA-Leu c[15487,15573] 34 (taa)
[14:42:27] 2 tRNA-Gln c[44269,44340] 33 (ttg)
[14:42:27] 1 tRNA-Gln c[30293,30364] 33 (ctg)
[14:42:27] 2 tRNA-Arg c[81996,82070] 35 (ccg)
[14:42:27] 1 tRNA-Asn c[14391,14466] 35 (gtt)
[14:42:27] 2 tRNA-Arg [36587,36659] 34 (cct)
[14:42:27] 1 tRNA-Ser c[129,214] 35 (tga)
[14:42:27] 2 tRNA-Pro [13196,13269] 34 (tgg)
[14:42:27] 3 tRNA-Glu c[41179,41251] 34 (ctc)
[14:42:27] 4 tRNA-Ser c[41276,41363] 35 (gct)
[14:42:27] 5 tRNA-Ser c[48442,48530] 35 (cga)
[14:42:27] 1 tRNA-Trp c[18154,18227] 34 (cca)
[14:42:27] 2 tRNA-Thr c[19569,19641] 33 (ggt)
[14:42:27] 3 tRNA-Gly c[19646,19719] 34 (tcc)
[14:42:27] 4 tRNA-Tyr c[19807,19890] 35 (gta)
[14:42:27] 5 tRNA-Thr c[19928,20002] 35 (tgt)
[14:42:27] 6 tRNA-Ala [47043,47117] 35 (ggc)
[14:42:27] 1 tRNA-Ser c[351,439] 35 (gga)
[14:42:27] 2 tRNA-Leu [11011,11093] 35 (tag)
[14:42:27] 1 tRNA-His [15951,16025] 35 (gtg)
[14:42:27] 2 tmRNA c[26925,27322] 97,126 GNNNYALAA*
[14:42:27] 1 tRNA-Arg [5279,5354] 36 (tct)
[14:42:27] 2 tRNA-Cys c[11494,11567] 33 (gca)
[14:42:27] 1 tRNA-Thr c[17801,17875] 35 (tgt)
[14:42:27] 2 tRNA-Asp c[18180,18255] 36 (gtc)
[14:42:27] 3 tRNA-Lys c[50374,50447] 34 (ctt)
[14:42:27] 1 tRNA-Phe c[9193,9266] 34 (gaa)
[14:42:27] 2 tRNA-Pro [9402,9476] 34 (cgg)
[14:42:27] 1 tRNA-Val c[22112,22187] 36 (tac)
[14:42:27] 2 tRNA-Val c[22361,22436] 36 (tac)
[14:42:27] 1 tRNA-Met c[4768,4841] 34 (cat)
[14:42:27] 1 tRNA-Thr [311,386] 34 (cgt)
[14:42:27] 2 tRNA-Gly [417,490] 34 (ccc)
[14:42:27] 1 tRNA-Leu c[2036,2118] 35 (caa)
[14:42:27] Found 46 tRNAs
[14:42:27] Predicting Ribosomal RNAs
[14:42:27] Running Barrnap with 8 threads
[14:42:27] 1 gnl|Prokka|DKOIFHOP_42 6011 5S ribosomal RNA
[14:42:27] Found 1 rRNAs
[14:42:27] Skipping ncRNA search, enable with --rfam if desired.
[14:42:27] Total of 46 tRNA + rRNA features
[14:42:27] Searching for CRISPR repeats
[14:42:27] CRISPR1 gnl|Prokka|DKOIFHOP_10 50378 with 14 spacers
[14:42:27] Found 1 CRISPRs
[14:42:27] Predicting coding sequences
[14:42:27] Contigs total 2440404 bp, so using single mode
[14:42:27] Running: prodigal -i prokka_output\/M1481385194\/M1481385194\.fna -c -m -g 11 -p single -f sco -q
[14:42:33] Excluding CDS which overlaps existing RNA (tRNA) at gnl|Prokka|DKOIFHOP_4:87520..87645 on + strand
[14:42:33] Excluding CDS which overlaps existing RNA (tRNA) at gnl|Prokka|DKOIFHOP_5:13776..15521 on - strand
[14:42:33] Excluding CDS which overlaps existing RNA (tRNA) at gnl|Prokka|DKOIFHOP_5:15553..15831 on - strand
[14:42:34] Excluding CDS which overlaps existing RNA (repeat_region) at gnl|Prokka|DKOIFHOP_10:50955..51080 on - strand
[14:42:34] Excluding CDS which overlaps existing RNA (repeat_region) at gnl|Prokka|DKOIFHOP_10:51241..51330 on - strand
[14:42:34] Excluding CDS which overlaps existing RNA (tRNA) at gnl|Prokka|DKOIFHOP_12:48388..48615 on + strand
[14:42:34] Excluding CDS which overlaps existing RNA (tRNA) at gnl|Prokka|DKOIFHOP_22:9369..9494 on - strand
[14:42:34] Found 2088 CDS
[14:42:34] Connecting features back to sequences
[14:42:34] Not using genus-specific database. Try --usegenus to enable it.
[14:42:34] Annotating CDS, please be patient.
[14:42:34] Will use 8 CPUs for similarity searching.
[14:42:35] There are still 2088 unannotated CDS left (started with 2088)
[14:42:35] Will use blast to search against /home/lorenzo/anaconda3/envs/prokka/db/kingdom/Bacteria/IS with 8 CPUs
[14:42:35] Running: cat prokka_output\/M1481385194\/M1481385194\.IS\.tmp\.69818\.faa | parallel --gnu --plain -j 8 --block 45454 --recstart '>' --pipe blastp -query - -db /home/lorenzo/anaconda3/envs/prokka/db/kingdom/Bacteria/IS -evalue 1e-30 -qcov_hsp_perc 90 -num_threads 1 -num_descriptions 1 -num_alignments 1 -seg no > prokka_output\/M1481385194\/M1481385194\.IS\.tmp\.69818\.blast 2> /dev/null
[14:42:42] Deleting unwanted file: prokka_output/M1481385194/M1481385194.IS.tmp.69818.faa
[14:42:42] Deleting unwanted file: prokka_output/M1481385194/M1481385194.IS.tmp.69818.blast
[14:42:42] There are still 2083 unannotated CDS left (started with 2088)
[14:42:42] Will use blast to search against /home/lorenzo/anaconda3/envs/prokka/db/kingdom/Bacteria/AMR with 8 CPUs
[14:42:42] Running: cat prokka_output\/M1481385194\/M1481385194\.AMR\.tmp\.69818\.faa | parallel --gnu --plain -j 8 --block 45354 --recstart '>' --pipe blastp -query - -db /home/lorenzo/anaconda3/envs/prokka/db/kingdom/Bacteria/AMR -evalue 9.99999999999999e-301 -qcov_hsp_perc 90 -num_threads 1 -num_descriptions 1 -num_alignments 1 -seg no > prokka_output\/M1481385194\/M1481385194\.AMR\.tmp\.69818\.blast 2> /dev/null
[14:42:48] Deleting unwanted file: prokka_output/M1481385194/M1481385194.AMR.tmp.69818.faa
[14:42:48] Deleting unwanted file: prokka_output/M1481385194/M1481385194.AMR.tmp.69818.blast
[14:42:49] There are still 2083 unannotated CDS left (started with 2088)
[14:42:49] Will use blast to search against /home/lorenzo/anaconda3/envs/prokka/db/kingdom/Bacteria/sprot with 8 CPUs
[14:42:49] Running: cat prokka_output\/M1481385194\/M1481385194\.sprot\.tmp\.69818\.faa | parallel --gnu --plain -j 8 --block 45354 --recstart '>' --pipe blastp -query - -db /home/lorenzo/anaconda3/envs/prokka/db/kingdom/Bacteria/sprot -evalue 1e-09 -qcov_hsp_perc 80 -num_threads 1 -num_descriptions 1 -num_alignments 1 -seg no > prokka_output\/M1481385194\/M1481385194\.sprot\.tmp\.69818\.blast 2> /dev/null
[14:43:16] Modify product: Uncharacterized ABC transporter ATP-binding protein YknY => putative ABC transporter ATP-binding protein YknY
[14:43:16] Modify product: Glutathione peroxidase homolog BsaA => Glutathione peroxidase BsaA
[14:43:16] Modify product: Putative multidrug export ATP-binding/permease protein SAV1866 => Putative multidrug export ATP-binding/permease protein
[14:43:16] Modify product: PGL/p-HBAD biosynthesis glycosyltransferase Rv2957 => PGL/p-HBAD biosynthesis glycosyltransferase
[14:43:16] Modify product: Uncharacterized protein YcgM => putative protein YcgM
[14:43:16] Modify product: UPF0701 protein YicC => hypothetical protein
[14:43:16] Modify product: Putative zinc metalloprotease aq_1964 => Putative zinc metalloprotease
[14:43:16] Modify product: Probable peptidoglycan glycosyltransferase FtsW => putative peptidoglycan glycosyltransferase FtsW
[14:43:16] Modify product: Uncharacterized protein YqeY => putative protein YqeY
[14:43:16] Modify product: Uncharacterized zinc protease Rv2782c => putative zinc protease
[14:43:16] Modify product: UPF0145 protein YbjQ => hypothetical protein
[14:43:16] Modify product: Sulfurtransferase Alvin_2599 => Sulfurtransferase
[14:43:16] Modify product: Probable efflux pump periplasmic linker TtgA => putative efflux pump periplasmic linker TtgA
[14:43:16] Modify product: Putative acetyltransferase SACOL2570 => Putative acetyltransferase
[14:43:16] Modify product: Probable chromosome-partitioning protein ParB => putative chromosome-partitioning protein ParB
[14:43:16] Modify product: Probable enoyl-CoA hydratase 1 => putative enoyl-CoA hydratase 1
[14:43:16] Modify product: UPF0073 inner membrane protein YqfA => hypothetical protein
[14:43:16] Modify product: Probable type I restriction enzyme BthVORF4518P M protein => putative type I restriction enzymeP M protein
[14:43:16] Modify product: Uncharacterized N-acetyltransferase YvbK => putative N-acetyltransferase YvbK
[14:43:16] Modify product: UPF0053 protein Rv2366c => hypothetical protein
[14:43:16] Modify product: Putative esterase PA1618 => Putative esterase
[14:43:16] Modify product: Uncharacterized protein Rv2581c => putative protein
[14:43:16] Modify product: Uncharacterized protein HI_0933 => putative protein
[14:43:16] Modify product: UPF0053 protein Rv2366c => hypothetical protein
[14:43:16] Modify product: Probable nicotinate-nucleotide pyrophosphorylase [carboxylating] => putative nicotinate-nucleotide pyrophosphorylase [carboxylating]
[14:43:16] Modify product: Probable glycine dehydrogenase (decarboxylating) subunit 2 => putative glycine dehydrogenase (decarboxylating) subunit 2
[14:43:16] Modify product: Probable glycine dehydrogenase (decarboxylating) subunit 1 => putative glycine dehydrogenase (decarboxylating) subunit 1
[14:43:16] Modify product: Uncharacterized protein YjbR => putative protein YjbR
[14:43:16] Modify product: Uncharacterized oxidoreductase Rv0945 => putative oxidoreductase
[14:43:16] Modify product: Uncharacterized protein YqgN => putative protein YqgN
[14:43:16] Modify product: Uncharacterized ABC transporter ATP-binding protein YknY => putative ABC transporter ATP-binding protein YknY
[14:43:16] Modify product: Probable ATP-dependent transporter SufC => putative ATP-dependent transporter SufC
[14:43:16] Modify product: GTP cyclohydrolase 1 type 2 homolog => GTP cyclohydrolase 1 type 2 
[14:43:16] Modify product: Probable TonB-dependent receptor NMB0964 => putative TonB-dependent receptor
[14:43:16] Modify product: Bifunctional protein FolD => Bifunctional protein FolD protein
[14:43:16] Modify product: Probable multidrug ABC transporter permease YbhR => putative multidrug ABC transporter permease YbhR
[14:43:16] Modify product: SusD-like protein BACOVA_02651 => SusD-like protein
[14:43:16] Modify product: UPF0324 inner membrane protein YeiH => hypothetical protein
[14:43:16] Modify product: UPF0194 membrane protein YbhG => hypothetical protein
[14:43:16] Modify product: Probable multidrug ABC transporter permease YbhS => putative multidrug ABC transporter permease YbhS
[14:43:16] Modify product: Probable multidrug ABC transporter permease YbhR => putative multidrug ABC transporter permease YbhR
[14:43:16] Modify product: Probable FMN/FAD exporter YeeO => putative FMN/FAD exporter YeeO
[14:43:16] Modify product: Uncharacterized ABC transporter ATP-binding protein YheS => putative ABC transporter ATP-binding protein YheS
[14:43:16] Modify product: Probable transcriptional regulatory protein HP_0162 => putative transcriptional regulatory protein
[14:43:16] Modify product: Probable amino-acid metabolite efflux pump => putative amino-acid metabolite efflux pump
[14:43:16] Modify product: Uncharacterized glycosyltransferase YkoT => putative glycosyltransferase YkoT
[14:43:16] Modify product: Probable GTP-binding protein EngB => putative GTP-binding protein EngB
[14:43:16] Modify product: UPF0353 protein Rv1481 => hypothetical protein
[14:43:16] Modify product: Uncharacterized epimerase/dehydratase SA0511 => putative epimerase/dehydratase
[14:43:16] Modify product: UPF0758 protein SP_1088 => hypothetical protein
[14:43:16] Modify product: 23S rRNA 5-hydroxycytidine C2501 synthase => 23S rRNA 5-hydroxycytidine synthase
[14:43:16] Modify product: Peptidoglycan-N-acetylglucosamine deacetylase BC_3618 => Peptidoglycan-N-acetylglucosamine deacetylase
[14:43:16] Modify product: Uncharacterized ABC transporter ATP-binding protein YknY => putative ABC transporter ATP-binding protein YknY
[14:43:16] Modify product: Uncharacterized HIT-like protein Rv0759c => putative HIT-like protein
[14:43:16] Modify product: Probable GTPase Rv1496 => putative GTPase
[14:43:16] Modify product: Probable ribonucleotide transport ATP-binding protein mkl => putative ribonucleotide transport ATP-binding protein mkl
[14:43:16] Modify product: Probable chromate transport protein => putative chromate transport protein
[14:43:16] Modify product: Probable chromate transport protein => putative chromate transport protein
[14:43:16] Modify product: Uncharacterized ABC transporter ATP-binding protein YbiT => putative ABC transporter ATP-binding protein YbiT
[14:43:16] Cleaned 59 /product names
[14:43:16] Deleting unwanted file: prokka_output/M1481385194/M1481385194.sprot.tmp.69818.faa
[14:43:16] Deleting unwanted file: prokka_output/M1481385194/M1481385194.sprot.tmp.69818.blast
[14:43:17] There are still 1354 unannotated CDS left (started with 2088)
[14:43:17] Will use hmmer3 to search against /home/lorenzo/anaconda3/envs/prokka/db/hmm/HAMAP.hmm with 8 CPUs
[14:43:17] Running: cat prokka_output\/M1481385194\/M1481385194\.HAMAP\.hmm\.tmp\.69818\.faa | parallel --gnu --plain -j 8 --block 28254 --recstart '>' --pipe hmmscan --noali --notextw --acc -E 1e-09 --cpu 1 /home/lorenzo/anaconda3/envs/prokka/db/hmm/HAMAP.hmm /dev/stdin > prokka_output\/M1481385194\/M1481385194\.HAMAP\.hmm\.tmp\.69818\.hmmer3 2> /dev/null
[14:43:26] Deleting unwanted file: prokka_output/M1481385194/M1481385194.HAMAP.hmm.tmp.69818.faa
[14:43:26] Deleting unwanted file: prokka_output/M1481385194/M1481385194.HAMAP.hmm.tmp.69818.hmmer3
[14:43:26] Labelling remaining 1172 proteins as 'hypothetical protein'
[14:43:26] Possible /pseudo 'Macrolide export ATP-binding/permease protein MacB' at gnl|Prokka|DKOIFHOP_1 position 137880
[14:43:26] Possible /pseudo '23S rRNA (guanosine-2'-O-)-methyltransferase RlmB' at gnl|Prokka|DKOIFHOP_3 position 20714
[14:43:26] Possible /pseudo 'Vitamin B12 transporter BtuB' at gnl|Prokka|DKOIFHOP_8 position 16004
[14:43:26] Possible /pseudo 'Chaperone SurA' at gnl|Prokka|DKOIFHOP_26 position 29422
[14:43:26] Possible /pseudo 'NAD(P) transhydrogenase subunit alpha' at gnl|Prokka|DKOIFHOP_29 position 11212
[14:43:26] Possible /pseudo 'putative chromate transport protein' at gnl|Prokka|DKOIFHOP_33 position 6299
[14:43:26] Found 736 unique /gene codes.
[14:43:26] Fixed 2 duplicate /gene - lpxA_1 lpxA_2
[14:43:26] Fixed 2 duplicate /gene - hmuU_1 hmuU_2
[14:43:26] Fixed 2 duplicate /gene - dnaG_1 dnaG_2
[14:43:26] Fixed 9 duplicate /gene - btuB_1 btuB_2 btuB_3 btuB_4 btuB_5 btuB_6 btuB_7 btuB_8 btuB_9
[14:43:26] Fixed 2 duplicate /gene - algA_1 algA_2
[14:43:26] Fixed 2 duplicate /gene - mnmG_1 mnmG_2
[14:43:26] Fixed 2 duplicate /gene - miaA_1 miaA_2
[14:43:26] Fixed 2 duplicate /gene - uvrC_1 uvrC_2
[14:43:26] Fixed 2 duplicate /gene - srpC_1 srpC_2
[14:43:26] Fixed 4 duplicate /gene - mshA_1 mshA_2 mshA_3 mshA_4
[14:43:26] Fixed 6 duplicate /gene - resA_1 resA_2 resA_3 resA_4 resA_5 resA_6
[14:43:26] Fixed 2 duplicate /gene - dtd_1 dtd_2
[14:43:26] Fixed 2 duplicate /gene - rsmE_1 rsmE_2
[14:43:26] Fixed 2 duplicate /gene - deoC_1 deoC_2
[14:43:26] Fixed 2 duplicate /gene - tadA_1 tadA_2
[14:43:26] Fixed 2 duplicate /gene - purF_1 purF_2
[14:43:26] Fixed 2 duplicate /gene - pfkB_1 pfkB_2
[14:43:26] Fixed 4 duplicate /gene - bepA_1 bepA_2 bepA_3 bepA_4
[14:43:26] Fixed 2 duplicate /gene - rlmB_1 rlmB_2
[14:43:26] Fixed 2 duplicate /gene - deaD_1 deaD_2
[14:43:26] Fixed 2 duplicate /gene - korB_1 korB_2
[14:43:26] Fixed 2 duplicate /gene - bamD_1 bamD_2
[14:43:26] Fixed 2 duplicate /gene - macB_1 macB_2
[14:43:26] Fixed 2 duplicate /gene - cmk_1 cmk_2
[14:43:26] Fixed 2 duplicate /gene - lptD_1 lptD_2
[14:43:26] Fixed 2 duplicate /gene - rcsC_1 rcsC_2
[14:43:26] Fixed 2 duplicate /gene - btuD_1 btuD_2
[14:43:26] Fixed 2 duplicate /gene - mrcA_1 mrcA_2
[14:43:26] Fixed 2 duplicate /gene - cobD_1 cobD_2
[14:43:26] Fixed 2 duplicate /gene - kefB_1 kefB_2
[14:43:26] Fixed 5 duplicate /gene - sasA_1 sasA_2 sasA_3 sasA_4 sasA_5
[14:43:26] Fixed 3 duplicate /gene - nudC_1 nudC_2 nudC_3
[14:43:26] Fixed 2 duplicate /gene - sigA_1 sigA_2
[14:43:26] Fixed 2 duplicate /gene - rluD_1 rluD_2
[14:43:26] Fixed 2 duplicate /gene - lolE_1 lolE_2
[14:43:26] Fixed 2 duplicate /gene - recD2_1 recD2_2
[14:43:26] Fixed 2 duplicate /gene - carB_1 carB_2
[14:43:26] Fixed 2 duplicate /gene - rny_1 rny_2
[14:43:26] Fixed 2 duplicate /gene - hup_1 hup_2
[14:43:26] Fixed 3 duplicate /gene - yknY_1 yknY_2 yknY_3
[14:43:26] Fixed 2 duplicate /gene - gyrB_1 gyrB_2
[14:43:26] Fixed 2 duplicate /gene - fcl_1 fcl_2
[14:43:26] Fixed 2 duplicate /gene - glgB_1 glgB_2
[14:43:26] Fixed 2 duplicate /gene - gph_1 gph_2
[14:43:26] Fixed 2 duplicate /gene - menF_1 menF_2
[14:43:26] Fixed 2 duplicate /gene - patA_1 patA_2
[14:43:26] Fixed 2 duplicate /gene - mutS_1 mutS_2
[14:43:26] Fixed 4 duplicate /gene - pal_1 pal_2 pal_3 pal_4
[14:43:26] Fixed 2 duplicate /gene - yigZ_1 yigZ_2
[14:43:26] Fixed 2 duplicate /gene - lptB_1 lptB_2
[14:43:26] Fixed 3 duplicate /gene - dapH_1 dapH_2 dapH_3
[14:43:26] Fixed 2 duplicate /gene - xerC_1 xerC_2
[14:43:26] Fixed 2 duplicate /gene - pepD_1 pepD_2
[14:43:26] Fixed 2 duplicate /gene - mtaB_1 mtaB_2
[14:43:26] Fixed 2 duplicate /gene - aspT_1 aspT_2
[14:43:26] Fixed 2 duplicate /gene - nupG_1 nupG_2
[14:43:26] Fixed 2 duplicate /gene - map_1 map_2
[14:43:26] Fixed 2 duplicate /gene - msbA_1 msbA_2
[14:43:26] Fixed 2 duplicate /gene - atpH_1 atpH_2
[14:43:26] Fixed 2 duplicate /gene - pta_1 pta_2
[14:43:26] Fixed 2 duplicate /gene - yfkN_1 yfkN_2
[14:43:26] Fixed 2 duplicate /gene - udk_1 udk_2
[14:43:26] Fixed 2 duplicate /gene - pspA_1 pspA_2
[14:43:26] Fixed 2 duplicate /gene - cysG_1 cysG_2
[14:43:26] Fixed 3 duplicate /gene - rhaS_1 rhaS_2 rhaS_3
[14:43:26] Fixed 2 duplicate /gene - pyrK_1 pyrK_2
[14:43:26] Fixed 2 duplicate /gene - ftsH_1 ftsH_2
[14:43:26] Fixed 2 duplicate /gene - tyrS_1 tyrS_2
[14:43:26] Fixed 2 duplicate /gene - ccsA_1 ccsA_2
[14:43:26] Fixed 2 duplicate /gene - nfrA2_1 nfrA2_2
[14:43:26] Fixed 2 duplicate /gene - purH_1 purH_2
[14:43:26] Fixed 2 duplicate /gene - tuaB_1 tuaB_2
[14:43:26] Fixed 2 duplicate /gene - xerD_1 xerD_2
[14:43:26] Fixed 2 duplicate /gene - ybhR_1 ybhR_2
[14:43:26] Fixed 2 duplicate /gene - kdsA_1 kdsA_2
[14:43:26] Fixed 2 duplicate /gene - apt_1 apt_2
[14:43:26] Fixed 2 duplicate /gene - rep_1 rep_2
[14:43:26] Fixed 2 duplicate /gene - uvrA_1 uvrA_2
[14:43:26] Fixed 2 duplicate /gene - queA_1 queA_2
[14:43:26] Fixed 2 duplicate /gene - relA_1 relA_2
[14:43:26] Fixed 2 duplicate /gene - surA_1 surA_2
[14:43:26] Fixed 2 duplicate /gene - pntA_1 pntA_2
[14:43:26] Fixed 2 duplicate /gene - serC_1 serC_2
[14:43:26] Fixed 3 duplicate /gene - bamA_1 bamA_2 bamA_3
[14:43:26] Fixed 2 duplicate /gene - arnC_1 arnC_2
[14:43:26] Fixed 2 duplicate /gene - algC_1 algC_2
[14:43:26] Fixed 2 duplicate /gene - asnC_1 asnC_2
[14:43:26] Fixed 2 duplicate /gene - tolQ_1 tolQ_2
[14:43:26] Fixed 2 duplicate /gene - korA_1 korA_2
[14:43:26] Fixed 2 duplicate /gene - fusA_1 fusA_2
[14:43:26] Fixed 90 colliding /gene names.
[14:43:26] Adding /locus_tag identifiers
[14:43:26] Assigned 2135 locus_tags to CDS and RNA features.
[14:43:26] Writing outputs to prokka_output/M1481385194/
[14:43:27] Generating annotation statistics file
[14:43:27] Generating Genbank and Sequin files
[14:43:27] Running: tbl2asn -V b -a r10k -l paired-ends -M n -N 1 -y 'Annotated using prokka 1.14.6 from https://github.com/tseemann/prokka' -Z prokka_output\/M1481385194\/M1481385194\.err -i prokka_output\/M1481385194\/M1481385194\.fsa 2> /dev/null
[14:43:31] Deleting unwanted file: prokka_output/M1481385194/errorsummary.val
[14:43:31] Deleting unwanted file: prokka_output/M1481385194/M1481385194.dr
[14:43:31] Deleting unwanted file: prokka_output/M1481385194/M1481385194.fixedproducts
[14:43:31] Deleting unwanted file: prokka_output/M1481385194/M1481385194.ecn
[14:43:31] Deleting unwanted file: prokka_output/M1481385194/M1481385194.val
[14:43:31] Repairing broken .GBK output that tbl2asn produces...
[14:43:31] Running: sed 's/COORDINATES: profile/COORDINATES:profile/' < prokka_output\/M1481385194\/M1481385194\.gbf > prokka_output\/M1481385194\/M1481385194\.gbk
[14:43:31] Deleting unwanted file: prokka_output/M1481385194/M1481385194.gbf
[14:43:31] Output files:
[14:43:31] prokka_output/M1481385194/M1481385194.log
[14:43:31] prokka_output/M1481385194/M1481385194.sqn
[14:43:31] prokka_output/M1481385194/M1481385194.gbk
[14:43:31] prokka_output/M1481385194/M1481385194.err
[14:43:31] prokka_output/M1481385194/M1481385194.tbl
[14:43:31] prokka_output/M1481385194/M1481385194.txt
[14:43:31] prokka_output/M1481385194/M1481385194.tsv
[14:43:31] prokka_output/M1481385194/M1481385194.fna
[14:43:31] prokka_output/M1481385194/M1481385194.gff
[14:43:31] prokka_output/M1481385194/M1481385194.ffn
[14:43:31] prokka_output/M1481385194/M1481385194.faa
[14:43:31] prokka_output/M1481385194/M1481385194.fsa
[14:43:31] Annotation finished successfully.
[14:43:31] Walltime used: 1.08 minutes
[14:43:31] If you use this result please cite the Prokka paper:
[14:43:31] Seemann T (2014) Prokka: rapid prokaryotic genome annotation. Bioinformatics. 30(14):2068-9.
[14:43:31] Type 'prokka --citation' for more details.
[14:43:31] Share and enjoy!
