[14:37:52] This is prokka 1.14.6
[14:37:52] Written by Torsten Seemann <torsten.seemann@gmail.com>
[14:37:52] Homepage is https://github.com/tseemann/prokka
[14:37:52] Local time is Fri Mar 27 14:37:52 2026
[14:37:52] You are lorenzo
[14:37:52] Operating system is linux
[14:37:52] You have BioPerl 1.007002
[14:37:52] System has 8 cores.
[14:37:52] Will use maximum of 8 cores.
[14:37:52] Annotating as >>> Bacteria <<<
[14:37:52] Generating locus_tag from 'extracted_mags/M1320943765.fna' contents.
[14:37:52] Setting --locustag PAMNMELI from MD5 9a676e52335687082d7b2eb818c42985
[14:37:52] Enabling options to ensure Genbank/ENA/DDJB submission compliance.
[14:37:52] Re-using existing --outdir prokka_output/M1320943765
[14:37:52] Using filename prefix: M1320943765.XXX
[14:37:52] Setting HMMER_NCPU=1
[14:37:52] Writing log to: prokka_output/M1320943765/M1320943765.log
[14:37:52] Command: /home/lorenzo/anaconda3/envs/prokka/bin/prokka extracted_mags/M1320943765.fna --outdir prokka_output/M1320943765 --compliant --force --prefix M1320943765
[14:37:52] Appending to PATH: /home/lorenzo/anaconda3/envs/prokka/bin
[14:37:52] Looking for 'aragorn' - found /home/lorenzo/anaconda3/envs/prokka/bin/aragorn
[14:37:52] Determined aragorn version is 001002 from 'ARAGORN v1.2.41 Dean Laslett'
[14:37:52] Looking for 'barrnap' - found /home/lorenzo/anaconda3/envs/prokka/bin/barrnap
[14:37:52] Determined barrnap version is 000009 from 'barrnap 0.9'
[14:37:52] Looking for 'blastp' - found /home/lorenzo/anaconda3/envs/prokka/bin/blastp
[14:37:52] Determined blastp version is 002016 from 'blastp: 2.16.0+'
[14:37:52] Looking for 'cmpress' - found /home/lorenzo/anaconda3/envs/prokka/bin/cmpress
[14:37:52] Determined cmpress version is 001001 from '# INFERNAL 1.1.4 (Dec 2020)'
[14:37:52] Looking for 'cmscan' - found /home/lorenzo/anaconda3/envs/prokka/bin/cmscan
[14:37:52] Determined cmscan version is 001001 from '# INFERNAL 1.1.4 (Dec 2020)'
[14:37:52] Looking for 'egrep' - found /usr/bin/egrep
[14:37:52] Looking for 'find' - found /usr/bin/find
[14:37:52] Looking for 'grep' - found /usr/bin/grep
[14:37:52] Looking for 'hmmpress' - found /home/lorenzo/anaconda3/envs/prokka/bin/hmmpress
[14:37:52] Determined hmmpress version is 003004 from '# HMMER 3.4 (Aug 2023); http://hmmer.org/'
[14:37:52] Looking for 'hmmscan' - found /home/lorenzo/anaconda3/envs/prokka/bin/hmmscan
[14:37:52] Determined hmmscan version is 003004 from '# HMMER 3.4 (Aug 2023); http://hmmer.org/'
[14:37:52] Looking for 'java' - found /home/lorenzo/anaconda3/envs/prokka/bin/java
[14:37:52] Looking for 'makeblastdb' - found /home/lorenzo/anaconda3/envs/prokka/bin/makeblastdb
[14:37:52] Determined makeblastdb version is 002016 from 'makeblastdb: 2.16.0+'
[14:37:52] Looking for 'minced' - found /home/lorenzo/anaconda3/envs/prokka/bin/minced
[14:37:52] Determined minced version is 004002 from 'minced 0.4.2'
[14:37:52] Looking for 'parallel' - found /home/lorenzo/anaconda3/envs/prokka/bin/parallel
[14:37:52] Determined parallel version is 20260122 from 'GNU parallel 20260122'
[14:37:52] Looking for 'prodigal' - found /home/lorenzo/anaconda3/envs/prokka/bin/prodigal
[14:37:52] Determined prodigal version is 002006 from 'Prodigal V2.6.3: February, 2016'
[14:37:52] Looking for 'prokka-genbank_to_fasta_db' - found /home/lorenzo/anaconda3/envs/prokka/bin/prokka-genbank_to_fasta_db
[14:37:52] Looking for 'sed' - found /usr/bin/sed
[14:37:52] Looking for 'tbl2asn' - found /home/lorenzo/anaconda3/envs/prokka/bin/tbl2asn
[14:37:52] Determined tbl2asn version is 025007 from 'tbl2asn 25.7   arguments:'
[14:37:52] Using genetic code table 11.
[14:37:52] Loading and checking input file: extracted_mags/M1320943765.fna
[14:37:52] Wrote 69 contigs totalling 2208448 bp.
[14:37:52] Predicting tRNAs and tmRNAs
[14:37:52] Running: aragorn -l -gc11  -w prokka_output\/M1320943765\/M1320943765\.fna
[14:37:53] 1 tRNA-His [69146,69220] 35 (gtg)
[14:37:53] 2 tmRNA c[76974,77371] 97,126 GNNNYALAA*
[14:37:53] 1 tRNA-Gln c[2025,2096] 33 (ctg)
[14:37:53] 2 tRNA-Arg c[52030,52104] 35 (ccg)
[14:37:53] 1 tRNA-Glu [42739,42813] 34 (ttc)
[14:37:53] 1 tRNA-Leu c[46377,46459] 35 (tag)
[14:37:53] 2 tRNA-Ser [57025,57113] 35 (gga)
[14:37:53] 1 tRNA-Arg [13833,13907] 35 (acg)
[14:37:53] 1 tRNA-Trp c[17987,18060] 34 (cca)
[14:37:53] 2 tRNA-Thr c[19402,19474] 33 (ggt)
[14:37:53] 3 tRNA-Gly c[19479,19552] 34 (tcc)
[14:37:53] 4 tRNA-Tyr c[19640,19723] 35 (gta)
[14:37:53] 5 tRNA-Ala [42808,42882] 35 (ggc)
[14:37:53] 1 tRNA-Thr [355,429] 35 (tgt)
[14:37:53] 2 tRNA-Ser [45153,45240] 35 (gct)
[14:37:53] 3 tRNA-Glu [45267,45339] 34 (ctc)
[14:37:53] 1 tRNA-Pro c[40852,40927] 34 (cgg)
[14:37:53] 2 tRNA-Phe [41063,41136] 34 (gaa)
[14:37:53] 1 tRNA-Leu [19008,19090] 35 (caa)
[14:37:53] 1 tRNA-Gln [3311,3382] 33 (ttg)
[14:37:53] 2 tRNA-Leu [32037,32123] 34 (taa)
[14:37:53] 1 tRNA-Arg c[11059,11131] 34 (cct)
[14:37:53] 2 tRNA-Asn [34440,34514] 35 (gtt)
[14:37:53] 3 tRNA-Met [46821,46895] 35 (cat)
[14:37:53] 1 tRNA-Lys c[3357,3430] 34 (ctt)
[14:37:53] 1 tRNA-Phe c[312,386] 34 (gaa)
[14:37:53] 1 tRNA-Met [33807,33880] 34 (cat)
[14:37:53] 1 tRNA-Val c[19259,19334] 36 (tac)
[14:37:53] 2 tRNA-Val c[19507,19582] 36 (tac)
[14:37:53] 1 tRNA-Pro c[19046,19119] 34 (tgg)
[14:37:53] 2 tRNA-Ser [32093,32178] 35 (tga)
[14:37:53] 1 tRNA-Met [14060,14134] 35 (cat)
[14:37:53] 1 tRNA-Lys [11689,11762] 34 (ttt)
[14:37:53] 2 tRNA-Pro c[11924,11997] 34 (ggg)
[14:37:53] 1 tRNA-Asp [22381,22456] 36 (gtc)
[14:37:53] 2 tRNA-Asp [22502,22577] 36 (gtc)
[14:37:53] 1 tRNA-Cys [6725,6798] 33 (gca)
[14:37:53] 2 tRNA-Arg c[12939,13014] 36 (tct)
[14:37:53] 1 tRNA-Gly c[4906,4979] 34 (gcc)
[14:37:53] 2 tRNA-Leu c[4995,5078] 35 (gag)
[14:37:53] 3 tRNA-Leu c[5102,5185] 35 (cag)
[14:37:53] 4 tRNA-Gly c[5216,5289] 34 (gcc)
[14:37:53] 1 tRNA-Gly c[6332,6405] 34 (ccc)
[14:37:53] 2 tRNA-Thr c[6436,6511] 34 (cgt)
[14:37:53] Found 44 tRNAs
[14:37:53] Predicting Ribosomal RNAs
[14:37:53] Running Barrnap with 8 threads
[14:37:53] 1 gnl|Prokka|PAMNMELI_25 41662 5S ribosomal RNA
[14:37:53] 2 gnl|Prokka|PAMNMELI_36 25694 16S ribosomal RNA (partial)
[14:37:53] Found 2 rRNAs
[14:37:53] Skipping ncRNA search, enable with --rfam if desired.
[14:37:53] Total of 45 tRNA + rRNA features
[14:37:53] Searching for CRISPR repeats
[14:37:53] CRISPR1 gnl|Prokka|PAMNMELI_13 26059 with 18 spacers
[14:37:53] CRISPR2 gnl|Prokka|PAMNMELI_29 270 with 18 spacers
[14:37:53] Found 2 CRISPRs
[14:37:53] Predicting coding sequences
[14:37:53] Contigs total 2208448 bp, so using single mode
[14:37:53] Running: prodigal -i prokka_output\/M1320943765\/M1320943765\.fna -c -m -g 11 -p single -f sco -q
[14:37:59] Excluding CDS which overlaps existing RNA (tRNA) at gnl|Prokka|PAMNMELI_6:42658..42783 on + strand
[14:37:59] Excluding CDS which overlaps existing RNA (tRNA) at gnl|Prokka|PAMNMELI_12:39318..40901 on + strand
[14:37:59] Excluding CDS which overlaps existing RNA (tRNA) at gnl|Prokka|PAMNMELI_14:31779..32057 on + strand
[14:37:59] Excluding CDS which overlaps existing RNA (tRNA) at gnl|Prokka|PAMNMELI_14:32006..33835 on + strand
[14:37:59] Excluding CDS which overlaps existing RNA (repeat_region) at gnl|Prokka|PAMNMELI_29:468..719 on + strand
[14:37:59] Excluding CDS which overlaps existing RNA (repeat_region) at gnl|Prokka|PAMNMELI_29:593..985 on - strand
[14:38:00] Found 1833 CDS
[14:38:00] Connecting features back to sequences
[14:38:00] Not using genus-specific database. Try --usegenus to enable it.
[14:38:00] Annotating CDS, please be patient.
[14:38:00] Will use 8 CPUs for similarity searching.
[14:38:00] There are still 1833 unannotated CDS left (started with 1833)
[14:38:00] Will use blast to search against /home/lorenzo/anaconda3/envs/prokka/db/kingdom/Bacteria/IS with 8 CPUs
[14:38:00] Running: cat prokka_output\/M1320943765\/M1320943765\.IS\.tmp\.61156\.faa | parallel --gnu --plain -j 8 --block 40503 --recstart '>' --pipe blastp -query - -db /home/lorenzo/anaconda3/envs/prokka/db/kingdom/Bacteria/IS -evalue 1e-30 -qcov_hsp_perc 90 -num_threads 1 -num_descriptions 1 -num_alignments 1 -seg no > prokka_output\/M1320943765\/M1320943765\.IS\.tmp\.61156\.blast 2> /dev/null
[14:38:07] Deleting unwanted file: prokka_output/M1320943765/M1320943765.IS.tmp.61156.faa
[14:38:07] Deleting unwanted file: prokka_output/M1320943765/M1320943765.IS.tmp.61156.blast
[14:38:07] There are still 1830 unannotated CDS left (started with 1833)
[14:38:07] Will use blast to search against /home/lorenzo/anaconda3/envs/prokka/db/kingdom/Bacteria/AMR with 8 CPUs
[14:38:07] Running: cat prokka_output\/M1320943765\/M1320943765\.AMR\.tmp\.61156\.faa | parallel --gnu --plain -j 8 --block 40457 --recstart '>' --pipe blastp -query - -db /home/lorenzo/anaconda3/envs/prokka/db/kingdom/Bacteria/AMR -evalue 9.99999999999999e-301 -qcov_hsp_perc 90 -num_threads 1 -num_descriptions 1 -num_alignments 1 -seg no > prokka_output\/M1320943765\/M1320943765\.AMR\.tmp\.61156\.blast 2> /dev/null
[14:38:13] Deleting unwanted file: prokka_output/M1320943765/M1320943765.AMR.tmp.61156.faa
[14:38:13] Deleting unwanted file: prokka_output/M1320943765/M1320943765.AMR.tmp.61156.blast
[14:38:14] There are still 1830 unannotated CDS left (started with 1833)
[14:38:14] Will use blast to search against /home/lorenzo/anaconda3/envs/prokka/db/kingdom/Bacteria/sprot with 8 CPUs
[14:38:14] Running: cat prokka_output\/M1320943765\/M1320943765\.sprot\.tmp\.61156\.faa | parallel --gnu --plain -j 8 --block 40457 --recstart '>' --pipe blastp -query - -db /home/lorenzo/anaconda3/envs/prokka/db/kingdom/Bacteria/sprot -evalue 1e-09 -qcov_hsp_perc 80 -num_threads 1 -num_descriptions 1 -num_alignments 1 -seg no > prokka_output\/M1320943765\/M1320943765\.sprot\.tmp\.61156\.blast 2> /dev/null
[14:38:42] Modify product: Uncharacterized epimerase/dehydratase SA0511 => putative epimerase/dehydratase
[14:38:42] Modify product: Probable glycine betaine transporter => putative glycine betaine transporter
[14:38:42] Modify product: Probable amino-acid metabolite efflux pump => putative amino-acid metabolite efflux pump
[14:38:42] Modify product: UPF0371 protein DIP2346 => hypothetical protein
[14:38:42] Modify product: Uncharacterized ABC transporter ATP-binding protein YheS => putative ABC transporter ATP-binding protein YheS
[14:38:42] Modify product: UPF0758 protein SP_1088 => hypothetical protein
[14:38:42] Modify product: PGL/p-HBAD biosynthesis glycosyltransferase Rv2957 => PGL/p-HBAD biosynthesis glycosyltransferase
[14:38:42] Modify product: Uncharacterized protein YcgM => putative protein YcgM
[14:38:42] Modify product: UPF0701 protein YicC => hypothetical protein
[14:38:42] Modify product: Putative zinc metalloprotease aq_1964 => Putative zinc metalloprotease
[14:38:42] Modify product: Probable enoyl-CoA hydratase 1 => putative enoyl-CoA hydratase 1
[14:38:42] Modify product: Acetyltransferase PA3944 => Acetyltransferase
[14:38:42] Modify product: UPF0353 protein Rv1481 => hypothetical protein
[14:38:42] Modify product: Peptidoglycan-N-acetylglucosamine deacetylase BC_3618 => Peptidoglycan-N-acetylglucosamine deacetylase
[14:38:42] Modify product: GTP cyclohydrolase 1 type 2 homolog => GTP cyclohydrolase 1 type 2 
[14:38:42] Modify product: Putative multidrug export ATP-binding/permease protein SAV1866 => Putative multidrug export ATP-binding/permease protein
[14:38:42] Modify product: Uncharacterized ABC transporter ATP-binding protein YknY => putative ABC transporter ATP-binding protein YknY
[14:38:42] Modify product: Probable GTPase Rv1496 => putative GTPase
[14:38:42] Modify product: Probable glycine dehydrogenase (decarboxylating) subunit 2 => putative glycine dehydrogenase (decarboxylating) subunit 2
[14:38:42] Modify product: Probable glycine dehydrogenase (decarboxylating) subunit 1 => putative glycine dehydrogenase (decarboxylating) subunit 1
[14:38:42] Modify product: Uncharacterized protein YjbR => putative protein YjbR
[14:38:42] Modify product: Uncharacterized oxidoreductase Rv0945 => putative oxidoreductase
[14:38:42] Modify product: Uncharacterized HIT-like protein Rv0759c => putative HIT-like protein
[14:38:42] Modify product: Uncharacterized protein YqeY => putative protein YqeY
[14:38:42] Modify product: Uncharacterized zinc protease Rv2782c => putative zinc protease
[14:38:42] Modify product: Probable ribonucleotide transport ATP-binding protein mkl => putative ribonucleotide transport ATP-binding protein mkl
[14:38:42] Modify product: Probable nicotinate-nucleotide pyrophosphorylase [carboxylating] => putative nicotinate-nucleotide pyrophosphorylase [carboxylating]
[14:38:42] Modify product: UPF0324 inner membrane protein YeiH => hypothetical protein
[14:38:42] Modify product: UPF0194 membrane protein YbhG => hypothetical protein
[14:38:42] Modify product: Probable multidrug ABC transporter permease YbhS => putative multidrug ABC transporter permease YbhS
[14:38:42] Modify product: Probable multidrug ABC transporter permease YbhR => putative multidrug ABC transporter permease YbhR
[14:38:42] Modify product: Probable FMN/FAD exporter YeeO => putative FMN/FAD exporter YeeO
[14:38:42] Modify product: Uncharacterized RNA pseudouridine synthase Rv1540 => putative RNA pseudouridine synthase
[14:38:42] Modify product: UPF0145 protein YbjQ => hypothetical protein
[14:38:42] Modify product: Probable chromate transport protein => putative chromate transport protein
[14:38:42] Modify product: Probable chromate transport protein => putative chromate transport protein
[14:38:42] Modify product: Uncharacterized protein HI_0933 => putative protein
[14:38:42] Modify product: Probable GTP-binding protein EngB => putative GTP-binding protein EngB
[14:38:42] Modify product: Probable efflux pump periplasmic linker TtgA => putative efflux pump periplasmic linker TtgA
[14:38:42] Modify product: Uncharacterized ABC transporter ATP-binding protein YknY => putative ABC transporter ATP-binding protein YknY
[14:38:42] Modify product: Probable TonB-dependent receptor NMB0964 => putative TonB-dependent receptor
[14:38:42] Modify product: Bifunctional protein FolD => Bifunctional protein FolD protein
[14:38:42] Modify product: Uncharacterized ABC transporter ATP-binding protein YknY => putative ABC transporter ATP-binding protein YknY
[14:38:43] Modify product: Uncharacterized protein NMB0459 => putative protein
[14:38:43] Modify product: Uncharacterized glycosyltransferase YkoT => putative glycosyltransferase YkoT
[14:38:43] Modify product: Probable ATP-dependent transporter SufC => putative ATP-dependent transporter SufC
[14:38:43] Modify product: UPF0053 protein Rv2366c => hypothetical protein
[14:38:43] Modify product: 23S rRNA 5-hydroxycytidine C2501 synthase => 23S rRNA 5-hydroxycytidine synthase
[14:38:43] Modify product: Probable chromosome-partitioning protein ParB => putative chromosome-partitioning protein ParB
[14:38:43] Modify product: Uncharacterized protein Rv2581c => putative protein
[14:38:43] Modify product: UPF0073 inner membrane protein YqfA => hypothetical protein
[14:38:43] Modify product: Putative esterase PA1618 => Putative esterase
[14:38:43] Cleaned 52 /product names
[14:38:43] Deleting unwanted file: prokka_output/M1320943765/M1320943765.sprot.tmp.61156.faa
[14:38:43] Deleting unwanted file: prokka_output/M1320943765/M1320943765.sprot.tmp.61156.blast
[14:38:43] There are still 1171 unannotated CDS left (started with 1833)
[14:38:43] Will use hmmer3 to search against /home/lorenzo/anaconda3/envs/prokka/db/hmm/HAMAP.hmm with 8 CPUs
[14:38:43] Running: cat prokka_output\/M1320943765\/M1320943765\.HAMAP\.hmm\.tmp\.61156\.faa | parallel --gnu --plain -j 8 --block 25055 --recstart '>' --pipe hmmscan --noali --notextw --acc -E 1e-09 --cpu 1 /home/lorenzo/anaconda3/envs/prokka/db/hmm/HAMAP.hmm /dev/stdin > prokka_output\/M1320943765\/M1320943765\.HAMAP\.hmm\.tmp\.61156\.hmmer3 2> /dev/null
[14:38:52] Deleting unwanted file: prokka_output/M1320943765/M1320943765.HAMAP.hmm.tmp.61156.faa
[14:38:52] Deleting unwanted file: prokka_output/M1320943765/M1320943765.HAMAP.hmm.tmp.61156.hmmer3
[14:38:52] Labelling remaining 1001 proteins as 'hypothetical protein'
[14:38:52] Possible /pseudo 'GTP 3',8-cyclase' at gnl|Prokka|PAMNMELI_2 position 3716
[14:38:52] Possible /pseudo 'GTP 3',8-cyclase' at gnl|Prokka|PAMNMELI_2 position 4818
[14:38:52] Possible /pseudo '2,3,4,5-tetrahydropyridine-2,6-dicarboxylate N-acetyltransferase' at gnl|Prokka|PAMNMELI_13 position 12338
[14:38:52] Possible /pseudo '23S rRNA (guanosine-2'-O-)-methyltransferase RlmB' at gnl|Prokka|PAMNMELI_17 position 38312
[14:38:52] Possible /pseudo 'Chaperone SurA' at gnl|Prokka|PAMNMELI_28 position 26529
[14:38:52] Possible /pseudo 'Macrolide export ATP-binding/permease protein MacB' at gnl|Prokka|PAMNMELI_31 position 21974
[14:38:52] Possible /pseudo 'putative chromate transport protein' at gnl|Prokka|PAMNMELI_36 position 13501
[14:38:52] Possible /pseudo 'Vitamin B12 transporter BtuB' at gnl|Prokka|PAMNMELI_50 position 10298
[14:38:52] Found 683 unique /gene codes.
[14:38:52] Fixed 2 duplicate /gene - lptB_1 lptB_2
[14:38:52] Fixed 3 duplicate /gene - yknY_1 yknY_2 yknY_3
[14:38:52] Fixed 2 duplicate /gene - pyrK_1 pyrK_2
[14:38:52] Fixed 2 duplicate /gene - lptD_1 lptD_2
[14:38:52] Fixed 2 duplicate /gene - gpx1_1 gpx1_2
[14:38:52] Fixed 2 duplicate /gene - hup_1 hup_2
[14:38:52] Fixed 2 duplicate /gene - macB_1 macB_2
[14:38:52] Fixed 2 duplicate /gene - tadA_1 tadA_2
[14:38:52] Fixed 2 duplicate /gene - miaA_1 miaA_2
[14:38:52] Fixed 2 duplicate /gene - glgB_1 glgB_2
[14:38:52] Fixed 2 duplicate /gene - queA_1 queA_2
[14:38:52] Fixed 2 duplicate /gene - cysG_1 cysG_2
[14:38:52] Fixed 2 duplicate /gene - gyrB_1 gyrB_2
[14:38:52] Fixed 2 duplicate /gene - fcl_1 fcl_2
[14:38:52] Fixed 2 duplicate /gene - udk_1 udk_2
[14:38:52] Fixed 2 duplicate /gene - asnC_1 asnC_2
[14:38:52] Fixed 2 duplicate /gene - rluD_1 rluD_2
[14:38:52] Fixed 2 duplicate /gene - bamA_1 bamA_2
[14:38:52] Fixed 2 duplicate /gene - mutS_1 mutS_2
[14:38:52] Fixed 2 duplicate /gene - pspA_1 pspA_2
[14:38:52] Fixed 2 duplicate /gene - rlmB_1 rlmB_2
[14:38:52] Fixed 2 duplicate /gene - btuD_1 btuD_2
[14:38:52] Fixed 2 duplicate /gene - rny_1 rny_2
[14:38:52] Fixed 2 duplicate /gene - pta_1 pta_2
[14:38:52] Fixed 4 duplicate /gene - mshA_1 mshA_2 mshA_3 mshA_4
[14:38:52] Fixed 2 duplicate /gene - mrdB_1 mrdB_2
[14:38:52] Fixed 2 duplicate /gene - menF_1 menF_2
[14:38:52] Fixed 2 duplicate /gene - COQ3_1 COQ3_2
[14:38:52] Fixed 2 duplicate /gene - rep_1 rep_2
[14:38:52] Fixed 2 duplicate /gene - map_1 map_2
[14:38:52] Fixed 2 duplicate /gene - yfkN_1 yfkN_2
[14:38:52] Fixed 2 duplicate /gene - rhaS_1 rhaS_2
[14:38:52] Fixed 2 duplicate /gene - xerD_1 xerD_2
[14:38:52] Fixed 2 duplicate /gene - kdsA_1 kdsA_2
[14:38:52] Fixed 2 duplicate /gene - tolQ_1 tolQ_2
[14:38:52] Fixed 2 duplicate /gene - lpxA_1 lpxA_2
[14:38:52] Fixed 4 duplicate /gene - dapH_1 dapH_2 dapH_3 dapH_4
[14:38:52] Fixed 2 duplicate /gene - srpC_1 srpC_2
[14:38:52] Fixed 2 duplicate /gene - ftsH_1 ftsH_2
[14:38:52] Fixed 4 duplicate /gene - moaA_1 moaA_2 moaA_3 moaA_4
[14:38:52] Fixed 2 duplicate /gene - surA_1 surA_2
[14:38:52] Fixed 4 duplicate /gene - bepA_1 bepA_2 bepA_3 bepA_4
[14:38:52] Fixed 2 duplicate /gene - rcsC_1 rcsC_2
[14:38:52] Fixed 2 duplicate /gene - yhcG_1 yhcG_2
[14:38:52] Fixed 6 duplicate /gene - resA_1 resA_2 resA_3 resA_4 resA_5 resA_6
[14:38:52] Fixed 4 duplicate /gene - pal_1 pal_2 pal_3 pal_4
[14:38:52] Fixed 2 duplicate /gene - korA_1 korA_2
[14:38:52] Fixed 2 duplicate /gene - kefB_1 kefB_2
[14:38:52] Fixed 2 duplicate /gene - aspT_1 aspT_2
[14:38:52] Fixed 2 duplicate /gene - mrcA_1 mrcA_2
[14:38:52] Fixed 9 duplicate /gene - btuB_1 btuB_2 btuB_3 btuB_4 btuB_5 btuB_6 btuB_7 btuB_8 btuB_9
[14:38:52] Fixed 2 duplicate /gene - atpH_1 atpH_2
[14:38:52] Fixed 2 duplicate /gene - purH_1 purH_2
[14:38:52] Fixed 2 duplicate /gene - hmuU_1 hmuU_2
[14:38:52] Fixed 2 duplicate /gene - recD2_1 recD2_2
[14:38:52] Fixed 2 duplicate /gene - cobD_1 cobD_2
[14:38:52] Fixed 2 duplicate /gene - uvrA_1 uvrA_2
[14:38:52] Fixed 4 duplicate /gene - sasA_1 sasA_2 sasA_3 sasA_4
[14:38:52] Fixed 3 duplicate /gene - nudC_1 nudC_2 nudC_3
[14:38:52] Fixed 2 duplicate /gene - murB_1 murB_2
[14:38:52] Fixed 3 duplicate /gene - deaD_1 deaD_2 deaD_3
[14:38:52] Fixed 2 duplicate /gene - korB_1 korB_2
[14:38:52] Fixed 2 duplicate /gene - patA_1 patA_2
[14:38:52] Fixed 63 colliding /gene names.
[14:38:52] Adding /locus_tag identifiers
[14:38:52] Assigned 1879 locus_tags to CDS and RNA features.
[14:38:52] Writing outputs to prokka_output/M1320943765/
[14:38:53] Generating annotation statistics file
[14:38:53] Generating Genbank and Sequin files
[14:38:53] Running: tbl2asn -V b -a r10k -l paired-ends -M n -N 1 -y 'Annotated using prokka 1.14.6 from https://github.com/tseemann/prokka' -Z prokka_output\/M1320943765\/M1320943765\.err -i prokka_output\/M1320943765\/M1320943765\.fsa 2> /dev/null
[tbl2asn-forever] Found Prokka input, correcting dates in .gbf|.sqn files.
[tbl2asn-forever] Correcting dates in prokka_output/M1320943765/M1320943765.gbf
[tbl2asn-forever] Correcting dates in prokka_output/M1320943765/M1320943765.sqn
[tbl2asn-forever] Dates changed from 01-JAN-2019 to 27-MAR-2026
[14:38:56] Deleting unwanted file: prokka_output/M1320943765/errorsummary.val
[14:38:56] Deleting unwanted file: prokka_output/M1320943765/M1320943765.dr
[14:38:56] Deleting unwanted file: prokka_output/M1320943765/M1320943765.fixedproducts
[14:38:56] Deleting unwanted file: prokka_output/M1320943765/M1320943765.ecn
[14:38:56] Deleting unwanted file: prokka_output/M1320943765/M1320943765.val
[14:38:56] Repairing broken .GBK output that tbl2asn produces...
[14:38:56] Running: sed 's/COORDINATES: profile/COORDINATES:profile/' < prokka_output\/M1320943765\/M1320943765\.gbf > prokka_output\/M1320943765\/M1320943765\.gbk
[14:38:56] Deleting unwanted file: prokka_output/M1320943765/M1320943765.gbf
[14:38:56] Output files:
[14:38:56] prokka_output/M1320943765/M1320943765.tbl
[14:38:56] prokka_output/M1320943765/M1320943765.fsa
[14:38:56] prokka_output/M1320943765/M1320943765.gff
[14:38:56] prokka_output/M1320943765/M1320943765.ffn
[14:38:56] prokka_output/M1320943765/M1320943765.faa
[14:38:56] prokka_output/M1320943765/M1320943765.tsv
[14:38:56] prokka_output/M1320943765/M1320943765.err
[14:38:56] prokka_output/M1320943765/M1320943765.gbk
[14:38:56] prokka_output/M1320943765/M1320943765.txt
[14:38:56] prokka_output/M1320943765/M1320943765.log
[14:38:56] prokka_output/M1320943765/M1320943765.sqn
[14:38:56] prokka_output/M1320943765/M1320943765.fna
[14:38:56] Annotation finished successfully.
[14:38:56] Walltime used: 1.07 minutes
[14:38:56] If you use this result please cite the Prokka paper:
[14:38:56] Seemann T (2014) Prokka: rapid prokaryotic genome annotation. Bioinformatics. 30(14):2068-9.
[14:38:56] Type 'prokka --citation' for more details.
[14:38:56] Thank you, come again.
