[14:51:22] This is prokka 1.14.6
[14:51:22] Written by Torsten Seemann <torsten.seemann@gmail.com>
[14:51:22] Homepage is https://github.com/tseemann/prokka
[14:51:22] Local time is Fri Mar 27 14:51:22 2026
[14:51:22] You are lorenzo
[14:51:22] Operating system is linux
[14:51:22] You have BioPerl 1.007002
[14:51:22] System has 8 cores.
[14:51:22] Will use maximum of 8 cores.
[14:51:22] Annotating as >>> Bacteria <<<
[14:51:22] Generating locus_tag from 'extracted_mags/M1709480479.fna' contents.
[14:51:22] Setting --locustag AAEJFGAO from MD5 aae3f0a80a9cd4f36ea773d7f7417b32
[14:51:22] Enabling options to ensure Genbank/ENA/DDJB submission compliance.
[14:51:22] Re-using existing --outdir prokka_output/M1709480479
[14:51:22] Using filename prefix: M1709480479.XXX
[14:51:22] Setting HMMER_NCPU=1
[14:51:22] Writing log to: prokka_output/M1709480479/M1709480479.log
[14:51:22] Command: /home/lorenzo/anaconda3/envs/prokka/bin/prokka extracted_mags/M1709480479.fna --outdir prokka_output/M1709480479 --compliant --force --prefix M1709480479
[14:51:22] Appending to PATH: /home/lorenzo/anaconda3/envs/prokka/bin
[14:51:22] Looking for 'aragorn' - found /home/lorenzo/anaconda3/envs/prokka/bin/aragorn
[14:51:22] Determined aragorn version is 001002 from 'ARAGORN v1.2.41 Dean Laslett'
[14:51:22] Looking for 'barrnap' - found /home/lorenzo/anaconda3/envs/prokka/bin/barrnap
[14:51:22] Determined barrnap version is 000009 from 'barrnap 0.9'
[14:51:22] Looking for 'blastp' - found /home/lorenzo/anaconda3/envs/prokka/bin/blastp
[14:51:23] Determined blastp version is 002016 from 'blastp: 2.16.0+'
[14:51:23] Looking for 'cmpress' - found /home/lorenzo/anaconda3/envs/prokka/bin/cmpress
[14:51:23] Determined cmpress version is 001001 from '# INFERNAL 1.1.4 (Dec 2020)'
[14:51:23] Looking for 'cmscan' - found /home/lorenzo/anaconda3/envs/prokka/bin/cmscan
[14:51:23] Determined cmscan version is 001001 from '# INFERNAL 1.1.4 (Dec 2020)'
[14:51:23] Looking for 'egrep' - found /usr/bin/egrep
[14:51:23] Looking for 'find' - found /usr/bin/find
[14:51:23] Looking for 'grep' - found /usr/bin/grep
[14:51:23] Looking for 'hmmpress' - found /home/lorenzo/anaconda3/envs/prokka/bin/hmmpress
[14:51:23] Determined hmmpress version is 003004 from '# HMMER 3.4 (Aug 2023); http://hmmer.org/'
[14:51:23] Looking for 'hmmscan' - found /home/lorenzo/anaconda3/envs/prokka/bin/hmmscan
[14:51:23] Determined hmmscan version is 003004 from '# HMMER 3.4 (Aug 2023); http://hmmer.org/'
[14:51:23] Looking for 'java' - found /home/lorenzo/anaconda3/envs/prokka/bin/java
[14:51:23] Looking for 'makeblastdb' - found /home/lorenzo/anaconda3/envs/prokka/bin/makeblastdb
[14:51:23] Determined makeblastdb version is 002016 from 'makeblastdb: 2.16.0+'
[14:51:23] Looking for 'minced' - found /home/lorenzo/anaconda3/envs/prokka/bin/minced
[14:51:23] Determined minced version is 004002 from 'minced 0.4.2'
[14:51:23] Looking for 'parallel' - found /home/lorenzo/anaconda3/envs/prokka/bin/parallel
[14:51:23] Determined parallel version is 20260122 from 'GNU parallel 20260122'
[14:51:23] Looking for 'prodigal' - found /home/lorenzo/anaconda3/envs/prokka/bin/prodigal
[14:51:23] Determined prodigal version is 002006 from 'Prodigal V2.6.3: February, 2016'
[14:51:23] Looking for 'prokka-genbank_to_fasta_db' - found /home/lorenzo/anaconda3/envs/prokka/bin/prokka-genbank_to_fasta_db
[14:51:23] Looking for 'sed' - found /usr/bin/sed
[14:51:23] Looking for 'tbl2asn' - found /home/lorenzo/anaconda3/envs/prokka/bin/tbl2asn
[14:51:23] Determined tbl2asn version is 025007 from 'tbl2asn 25.7   arguments:'
[14:51:23] Using genetic code table 11.
[14:51:23] Loading and checking input file: extracted_mags/M1709480479.fna
[14:51:23] Wrote 26 contigs totalling 2147863 bp.
[14:51:23] Predicting tRNAs and tmRNAs
[14:51:23] Running: aragorn -l -gc11  -w prokka_output\/M1709480479\/M1709480479\.fna
[14:51:23] 1 tRNA-His [153461,153535] 35 (gtg)
[14:51:23] 2 tmRNA c[161291,161688] 97,126 GNNNYALAA*
[14:51:23] 3 tRNA-Arg [228751,228825] 35 (ccg)
[14:51:23] 4 tRNA-Gln [278759,278830] 33 (ctg)
[14:51:23] 5 tRNA-Met [327814,327887] 34 (cat)
[14:51:23] 1 tRNA-Lys [76779,76852] 34 (ctt)
[14:51:23] 2 tRNA-Asp [109004,109079] 36 (gtc)
[14:51:23] 3 tRNA-Thr [109384,109458] 35 (tgt)
[14:51:23] 4 tRNA-Ser [154237,154324] 35 (gct)
[14:51:23] 5 tRNA-Glu [154351,154423] 34 (ctc)
[14:51:23] 6 tRNA-Pro c[182333,182406] 34 (tgg)
[14:51:23] 7 tRNA-Ser [195380,195465] 35 (tga)
[14:51:23] 1 tRNA-Ser c[112066,112154] 35 (gga)
[14:51:23] 2 tRNA-Leu [122690,122772] 35 (tag)
[14:51:23] 1 tRNA-Arg [115126,115200] 35 (acg)
[14:51:23] 1 tRNA-Leu [47115,47197] 35 (caa)
[14:51:23] 1 tRNA-Glu [92392,92466] 34 (ttc)
[14:51:23] 1 tRNA-Gln [51219,51290] 33 (ttg)
[14:51:23] 2 tRNA-Leu [80932,81018] 34 (taa)
[14:51:23] 1 tRNA-Val [12478,12553] 36 (tac)
[14:51:23] 2 tRNA-Val [12727,12802] 36 (tac)
[14:51:23] 1 tRNA-Trp c[60925,60998] 34 (cca)
[14:51:23] 2 tRNA-Thr c[62340,62412] 33 (ggt)
[14:51:23] 3 tRNA-Gly c[62417,62490] 34 (tcc)
[14:51:23] 4 tRNA-Tyr c[62578,62661] 35 (gta)
[14:51:23] 5 tRNA-Thr c[62700,62774] 35 (tgt)
[14:51:23] 1 tRNA-Arg [4151,4226] 36 (tct)
[14:51:23] 2 tRNA-Cys c[10364,10437] 33 (gca)
[14:51:23] 1 tRNA-Met c[12290,12364] 35 (cat)
[14:51:23] 2 tRNA-Asn c[24671,24745] 35 (gtt)
[14:51:23] 3 tRNA-Arg [46956,47028] 34 (cct)
[14:51:23] 1 tRNA-Phe c[8995,9068] 34 (gaa)
[14:51:23] 2 tRNA-Pro [9204,9278] 34 (cgg)
[14:51:23] 1 tRNA-Ala c[14174,14248] 35 (ggc)
[14:51:23] 1 tRNA-Lys c[841,914] 34 (ttt)
[14:51:23] 2 tRNA-Met [26510,26584] 35 (cat)
[14:51:23] 1 tRNA-Pro [10418,10491] 34 (ggg)
[14:51:23] 1 tRNA-Gly c[6188,6261] 34 (ccc)
[14:51:23] 2 tRNA-Thr c[6292,6367] 34 (cgt)
[14:51:23] Found 39 tRNAs
[14:51:23] Predicting Ribosomal RNAs
[14:51:23] Running Barrnap with 8 threads
[14:51:24] 1 gnl|Prokka|AAEJFGAO_1 339815 5S ribosomal RNA
[14:51:24] 2 gnl|Prokka|AAEJFGAO_19 21 5S ribosomal RNA
[14:51:24] Found 2 rRNAs
[14:51:24] Skipping ncRNA search, enable with --rfam if desired.
[14:51:24] Total of 40 tRNA + rRNA features
[14:51:24] Searching for CRISPR repeats
[14:51:24] CRISPR1 gnl|Prokka|AAEJFGAO_1 84060 with 20 spacers
[14:51:24] CRISPR2 gnl|Prokka|AAEJFGAO_5 54166 with 13 spacers
[14:51:24] Found 2 CRISPRs
[14:51:24] Predicting coding sequences
[14:51:24] Contigs total 2147863 bp, so using single mode
[14:51:24] Running: prodigal -i prokka_output\/M1709480479\/M1709480479\.fna -c -m -g 11 -p single -f sco -q
[14:51:29] Excluding CDS which overlaps existing RNA (repeat_region) at gnl|Prokka|AAEJFGAO_1:84649..84756 on + strand
[14:51:30] Excluding CDS which overlaps existing RNA (tRNA) at gnl|Prokka|AAEJFGAO_7:92311..92436 on + strand
[14:51:30] Excluding CDS which overlaps existing RNA (tRNA) at gnl|Prokka|AAEJFGAO_8:50861..51313 on - strand
[14:51:30] Excluding CDS which overlaps existing RNA (tRNA) at gnl|Prokka|AAEJFGAO_8:80876..81046 on + strand
[14:51:30] Excluding CDS which overlaps existing RNA (tRNA) at gnl|Prokka|AAEJFGAO_18:9171..9296 on - strand
[14:51:30] Found 1839 CDS
[14:51:30] Connecting features back to sequences
[14:51:30] Not using genus-specific database. Try --usegenus to enable it.
[14:51:30] Annotating CDS, please be patient.
[14:51:30] Will use 8 CPUs for similarity searching.
[14:51:31] There are still 1839 unannotated CDS left (started with 1839)
[14:51:31] Will use blast to search against /home/lorenzo/anaconda3/envs/prokka/db/kingdom/Bacteria/IS with 8 CPUs
[14:51:31] Running: cat prokka_output\/M1709480479\/M1709480479\.IS\.tmp\.86845\.faa | parallel --gnu --plain -j 8 --block 40067 --recstart '>' --pipe blastp -query - -db /home/lorenzo/anaconda3/envs/prokka/db/kingdom/Bacteria/IS -evalue 1e-30 -qcov_hsp_perc 90 -num_threads 1 -num_descriptions 1 -num_alignments 1 -seg no > prokka_output\/M1709480479\/M1709480479\.IS\.tmp\.86845\.blast 2> /dev/null
[14:51:37] Deleting unwanted file: prokka_output/M1709480479/M1709480479.IS.tmp.86845.faa
[14:51:37] Deleting unwanted file: prokka_output/M1709480479/M1709480479.IS.tmp.86845.blast
[14:51:37] There are still 1829 unannotated CDS left (started with 1839)
[14:51:37] Will use blast to search against /home/lorenzo/anaconda3/envs/prokka/db/kingdom/Bacteria/AMR with 8 CPUs
[14:51:37] Running: cat prokka_output\/M1709480479\/M1709480479\.AMR\.tmp\.86845\.faa | parallel --gnu --plain -j 8 --block 39863 --recstart '>' --pipe blastp -query - -db /home/lorenzo/anaconda3/envs/prokka/db/kingdom/Bacteria/AMR -evalue 9.99999999999999e-301 -qcov_hsp_perc 90 -num_threads 1 -num_descriptions 1 -num_alignments 1 -seg no > prokka_output\/M1709480479\/M1709480479\.AMR\.tmp\.86845\.blast 2> /dev/null
[14:51:43] Deleting unwanted file: prokka_output/M1709480479/M1709480479.AMR.tmp.86845.faa
[14:51:43] Deleting unwanted file: prokka_output/M1709480479/M1709480479.AMR.tmp.86845.blast
[14:51:43] There are still 1829 unannotated CDS left (started with 1839)
[14:51:43] Will use blast to search against /home/lorenzo/anaconda3/envs/prokka/db/kingdom/Bacteria/sprot with 8 CPUs
[14:51:43] Running: cat prokka_output\/M1709480479\/M1709480479\.sprot\.tmp\.86845\.faa | parallel --gnu --plain -j 8 --block 39863 --recstart '>' --pipe blastp -query - -db /home/lorenzo/anaconda3/envs/prokka/db/kingdom/Bacteria/sprot -evalue 1e-09 -qcov_hsp_perc 80 -num_threads 1 -num_descriptions 1 -num_alignments 1 -seg no > prokka_output\/M1709480479\/M1709480479\.sprot\.tmp\.86845\.blast 2> /dev/null
[14:52:08] Modify product: Probable chromosome-partitioning protein ParB => putative chromosome-partitioning protein ParB
[14:52:08] Modify product: Probable transcriptional regulatory protein HP_0162 => putative transcriptional regulatory protein
[14:52:08] Modify product: UPF0353 protein Rv1481 => hypothetical protein
[14:52:08] Modify product: Uncharacterized ABC transporter ATP-binding protein YbiT => putative ABC transporter ATP-binding protein YbiT
[14:52:08] Modify product: Probable FMN/FAD exporter YeeO => putative FMN/FAD exporter YeeO
[14:52:08] Modify product: Probable multidrug ABC transporter permease YbhR => putative multidrug ABC transporter permease YbhR
[14:52:08] Modify product: Probable multidrug ABC transporter permease YbhS => putative multidrug ABC transporter permease YbhS
[14:52:08] Modify product: UPF0194 membrane protein YbhG => hypothetical protein
[14:52:08] Modify product: UPF0324 inner membrane protein YeiH => hypothetical protein
[14:52:08] Modify product: Uncharacterized protein YqgN => putative protein YqgN
[14:52:09] Modify product: Bifunctional protein FolD => Bifunctional protein FolD protein
[14:52:09] Modify product: Probable TonB-dependent receptor NMB0964 => putative TonB-dependent receptor
[14:52:09] Modify product: Uncharacterized acyl--CoA ligase YhfT => putative acyl--CoA ligase YhfT
[14:52:09] Modify product: GTP cyclohydrolase 1 type 2 homolog => GTP cyclohydrolase 1 type 2 
[14:52:09] Modify product: Probable amino-acid metabolite efflux pump => putative amino-acid metabolite efflux pump
[14:52:09] Modify product: Uncharacterized glycosyltransferase YkoT => putative glycosyltransferase YkoT
[14:52:09] Modify product: Probable GTP-binding protein EngB => putative GTP-binding protein EngB
[14:52:09] Modify product: UPF0371 protein DIP2346 => hypothetical protein
[14:52:09] Modify product: Uncharacterized ABC transporter ATP-binding protein YknY => putative ABC transporter ATP-binding protein YknY
[14:52:09] Modify product: Uncharacterized ABC transporter ATP-binding protein YknY => putative ABC transporter ATP-binding protein YknY
[14:52:09] Modify product: Probable glycine dehydrogenase (decarboxylating) subunit 2 => putative glycine dehydrogenase (decarboxylating) subunit 2
[14:52:09] Modify product: Probable glycine dehydrogenase (decarboxylating) subunit 1 => putative glycine dehydrogenase (decarboxylating) subunit 1
[14:52:09] Modify product: Uncharacterized protein YjbR => putative protein YjbR
[14:52:09] Modify product: Uncharacterized oxidoreductase Rv0945 => putative oxidoreductase
[14:52:09] Modify product: Probable efflux pump periplasmic linker TtgA => putative efflux pump periplasmic linker TtgA
[14:52:09] Modify product: Probable glycine betaine transporter => putative glycine betaine transporter
[14:52:09] Modify product: Probable GTPase Rv1496 => putative GTPase
[14:52:09] Modify product: Probable ribonucleotide transport ATP-binding protein mkl => putative ribonucleotide transport ATP-binding protein mkl
[14:52:09] Modify product: Uncharacterized protein YqeY => putative protein YqeY
[14:52:09] Modify product: Sulfurtransferase Alvin_2599 => Sulfurtransferase
[14:52:09] Modify product: UPF0145 protein YbjQ => hypothetical protein
[14:52:09] Modify product: Probable multidrug ABC transporter permease YbhR => putative multidrug ABC transporter permease YbhR
[14:52:09] Modify product: Probable ATP-dependent transporter SufC => putative ATP-dependent transporter SufC
[14:52:09] Modify product: Uncharacterized N-acetyltransferase YvbK => putative N-acetyltransferase YvbK
[14:52:09] Modify product: SusD-like protein BACOVA_02651 => SusD-like protein
[14:52:09] Modify product: PGL/p-HBAD biosynthesis glycosyltransferase Rv2957 => PGL/p-HBAD biosynthesis glycosyltransferase
[14:52:09] Modify product: Putative multidrug export ATP-binding/permease protein SAV1866 => Putative multidrug export ATP-binding/permease protein
[14:52:09] Modify product: Uncharacterized zinc protease Rv2782c => putative zinc protease
[14:52:09] Modify product: Uncharacterized epimerase/dehydratase SA0511 => putative epimerase/dehydratase
[14:52:09] Modify product: UPF0758 protein SP_1088 => hypothetical protein
[14:52:09] Modify product: Uncharacterized ABC transporter ATP-binding protein YheS => putative ABC transporter ATP-binding protein YheS
[14:52:09] Modify product: Putative zinc metalloprotease aq_1964 => Putative zinc metalloprotease
[14:52:09] Modify product: UPF0701 protein YicC => hypothetical protein
[14:52:09] Modify product: Uncharacterized protein YcgM => putative protein YcgM
[14:52:09] Modify product: Putative multidrug export ATP-binding/permease protein SAV1866 => Putative multidrug export ATP-binding/permease protein
[14:52:09] Modify product: Uncharacterized HIT-like protein Rv0759c => putative HIT-like protein
[14:52:09] Modify product: Probable chromate transport protein => putative chromate transport protein
[14:52:09] Modify product: UPF0073 inner membrane protein YqfA => hypothetical protein
[14:52:09] Cleaned 48 /product names
[14:52:09] Deleting unwanted file: prokka_output/M1709480479/M1709480479.sprot.tmp.86845.faa
[14:52:09] Deleting unwanted file: prokka_output/M1709480479/M1709480479.sprot.tmp.86845.blast
[14:52:09] There are still 1179 unannotated CDS left (started with 1839)
[14:52:09] Will use hmmer3 to search against /home/lorenzo/anaconda3/envs/prokka/db/hmm/HAMAP.hmm with 8 CPUs
[14:52:09] Running: cat prokka_output\/M1709480479\/M1709480479\.HAMAP\.hmm\.tmp\.86845\.faa | parallel --gnu --plain -j 8 --block 24736 --recstart '>' --pipe hmmscan --noali --notextw --acc -E 1e-09 --cpu 1 /home/lorenzo/anaconda3/envs/prokka/db/hmm/HAMAP.hmm /dev/stdin > prokka_output\/M1709480479\/M1709480479\.HAMAP\.hmm\.tmp\.86845\.hmmer3 2> /dev/null
[14:52:18] Deleting unwanted file: prokka_output/M1709480479/M1709480479.HAMAP.hmm.tmp.86845.faa
[14:52:18] Deleting unwanted file: prokka_output/M1709480479/M1709480479.HAMAP.hmm.tmp.86845.hmmer3
[14:52:18] Labelling remaining 1017 proteins as 'hypothetical protein'
[14:52:18] Possible /pseudo 'Cytochrome c-552' at gnl|Prokka|AAEJFGAO_1 position 157985
[14:52:18] Possible /pseudo 'NAD(P) transhydrogenase subunit alpha' at gnl|Prokka|AAEJFGAO_2 position 11184
[14:52:18] Possible /pseudo 'Macrolide export ATP-binding/permease protein MacB' at gnl|Prokka|AAEJFGAO_4 position 91342
[14:52:18] Possible /pseudo 'Chaperone SurA' at gnl|Prokka|AAEJFGAO_9 position 5465
[14:52:18] Possible /pseudo 'Vitamin B12 transporter BtuB' at gnl|Prokka|AAEJFGAO_23 position 3693
[14:52:18] Found 664 unique /gene codes.
[14:52:18] Fixed 2 duplicate /gene - korA_1 korA_2
[14:52:18] Fixed 2 duplicate /gene - gyrB_1 gyrB_2
[14:52:18] Fixed 3 duplicate /gene - deaD_1 deaD_2 deaD_3
[14:52:18] Fixed 2 duplicate /gene - ftsH_1 ftsH_2
[14:52:18] Fixed 2 duplicate /gene - asnC_1 asnC_2
[14:52:18] Fixed 2 duplicate /gene - rny_1 rny_2
[14:52:18] Fixed 2 duplicate /gene - queA_1 queA_2
[14:52:18] Fixed 2 duplicate /gene - susC_1 susC_2
[14:52:18] Fixed 2 duplicate /gene - kefB_1 kefB_2
[14:52:18] Fixed 4 duplicate /gene - bepA_1 bepA_2 bepA_3 bepA_4
[14:52:18] Fixed 2 duplicate /gene - pfkB_1 pfkB_2
[14:52:18] Fixed 2 duplicate /gene - patA_1 patA_2
[14:52:18] Fixed 2 duplicate /gene - hmuU_1 hmuU_2
[14:52:18] Fixed 2 duplicate /gene - apt_1 apt_2
[14:52:18] Fixed 2 duplicate /gene - uvrC_1 uvrC_2
[14:52:18] Fixed 2 duplicate /gene - mutS_1 mutS_2
[14:52:18] Fixed 2 duplicate /gene - purH_1 purH_2
[14:52:18] Fixed 2 duplicate /gene - eptC_1 eptC_2
[14:52:18] Fixed 2 duplicate /gene - kdsA_1 kdsA_2
[14:52:18] Fixed 2 duplicate /gene - korB_1 korB_2
[14:52:18] Fixed 2 duplicate /gene - algC_1 algC_2
[14:52:18] Fixed 2 duplicate /gene - cysG_1 cysG_2
[14:52:18] Fixed 2 duplicate /gene - dtd_1 dtd_2
[14:52:18] Fixed 2 duplicate /gene - xerD_1 xerD_2
[14:52:18] Fixed 2 duplicate /gene - uvrA_1 uvrA_2
[14:52:18] Fixed 3 duplicate /gene - rhaS_1 rhaS_2 rhaS_3
[14:52:18] Fixed 3 duplicate /gene - rluD_1 rluD_2 rluD_3
[14:52:18] Fixed 2 duplicate /gene - lolE_1 lolE_2
[14:52:18] Fixed 2 duplicate /gene - ccsA_1 ccsA_2
[14:52:18] Fixed 3 duplicate /gene - bamA_1 bamA_2 bamA_3
[14:52:18] Fixed 2 duplicate /gene - tadA_1 tadA_2
[14:52:18] Fixed 2 duplicate /gene - lptD_1 lptD_2
[14:52:18] Fixed 2 duplicate /gene - rcsC_1 rcsC_2
[14:52:18] Fixed 3 duplicate /gene - arnC_1 arnC_2 arnC_3
[14:52:18] Fixed 2 duplicate /gene - tolQ_1 tolQ_2
[14:52:18] Fixed 2 duplicate /gene - recD2_1 recD2_2
[14:52:18] Fixed 2 duplicate /gene - macB_1 macB_2
[14:52:18] Fixed 2 duplicate /gene - prmC_1 prmC_2
[14:52:18] Fixed 2 duplicate /gene - map_1 map_2
[14:52:18] Fixed 2 duplicate /gene - tuaB_1 tuaB_2
[14:52:18] Fixed 2 duplicate /gene - aspT_1 aspT_2
[14:52:18] Fixed 2 duplicate /gene - lpxA_1 lpxA_2
[14:52:18] Fixed 3 duplicate /gene - dapH_1 dapH_2 dapH_3
[14:52:18] Fixed 2 duplicate /gene - mnmG_1 mnmG_2
[14:52:18] Fixed 2 duplicate /gene - pspA_1 pspA_2
[14:52:18] Fixed 2 duplicate /gene - apxIB_1 apxIB_2
[14:52:18] Fixed 4 duplicate /gene - sasA_1 sasA_2 sasA_3 sasA_4
[14:52:18] Fixed 4 duplicate /gene - mshA_1 mshA_2 mshA_3 mshA_4
[14:52:18] Fixed 2 duplicate /gene - btuD_1 btuD_2
[14:52:18] Fixed 2 duplicate /gene - pepD_1 pepD_2
[14:52:18] Fixed 2 duplicate /gene - atpH_1 atpH_2
[14:52:18] Fixed 2 duplicate /gene - miaA_1 miaA_2
[14:52:18] Fixed 2 duplicate /gene - cmk_1 cmk_2
[14:52:18] Fixed 2 duplicate /gene - pta_1 pta_2
[14:52:18] Fixed 2 duplicate /gene - carB_1 carB_2
[14:52:18] Fixed 4 duplicate /gene - pal_1 pal_2 pal_3 pal_4
[14:52:18] Fixed 2 duplicate /gene - tyrS_1 tyrS_2
[14:52:18] Fixed 9 duplicate /gene - btuB_1 btuB_2 btuB_3 btuB_4 btuB_5 btuB_6 btuB_7 btuB_8 btuB_9
[14:52:18] Fixed 2 duplicate /gene - nrfA_1 nrfA_2
[14:52:18] Fixed 2 duplicate /gene - udk_1 udk_2
[14:52:18] Fixed 2 duplicate /gene - yknY_1 yknY_2
[14:52:18] Fixed 2 duplicate /gene - rep_1 rep_2
[14:52:18] Fixed 2 duplicate /gene - ybhR_1 ybhR_2
[14:52:18] Fixed 3 duplicate /gene - nudC_1 nudC_2 nudC_3
[14:52:18] Fixed 2 duplicate /gene - surA_1 surA_2
[14:52:18] Fixed 2 duplicate /gene - gpx1_1 gpx1_2
[14:52:18] Fixed 2 duplicate /gene - mrdB_1 mrdB_2
[14:52:18] Fixed 2 duplicate /gene - pyrK_1 pyrK_2
[14:52:18] Fixed 2 duplicate /gene - hup_1 hup_2
[14:52:18] Fixed 2 duplicate /gene - cobD_1 cobD_2
[14:52:18] Fixed 6 duplicate /gene - resA_1 resA_2 resA_3 resA_4 resA_5 resA_6
[14:52:18] Fixed 2 duplicate /gene - pntA_1 pntA_2
[14:52:18] Fixed 72 colliding /gene names.
[14:52:18] Adding /locus_tag identifiers
[14:52:18] Assigned 1880 locus_tags to CDS and RNA features.
[14:52:18] Writing outputs to prokka_output/M1709480479/
[14:52:19] Generating annotation statistics file
[14:52:19] Generating Genbank and Sequin files
[14:52:19] Running: tbl2asn -V b -a r10k -l paired-ends -M n -N 1 -y 'Annotated using prokka 1.14.6 from https://github.com/tseemann/prokka' -Z prokka_output\/M1709480479\/M1709480479\.err -i prokka_output\/M1709480479\/M1709480479\.fsa 2> /dev/null
[tbl2asn-forever] Found Prokka input, correcting dates in .gbf|.sqn files.
[tbl2asn-forever] Correcting dates in prokka_output/M1709480479/M1709480479.gbf
[tbl2asn-forever] Correcting dates in prokka_output/M1709480479/M1709480479.sqn
[tbl2asn-forever] Dates changed from 01-JAN-2019 to 27-MAR-2026
[14:52:22] Deleting unwanted file: prokka_output/M1709480479/errorsummary.val
[14:52:22] Deleting unwanted file: prokka_output/M1709480479/M1709480479.dr
[14:52:22] Deleting unwanted file: prokka_output/M1709480479/M1709480479.fixedproducts
[14:52:22] Deleting unwanted file: prokka_output/M1709480479/M1709480479.ecn
[14:52:22] Deleting unwanted file: prokka_output/M1709480479/M1709480479.val
[14:52:22] Repairing broken .GBK output that tbl2asn produces...
[14:52:22] Running: sed 's/COORDINATES: profile/COORDINATES:profile/' < prokka_output\/M1709480479\/M1709480479\.gbf > prokka_output\/M1709480479\/M1709480479\.gbk
[14:52:22] Deleting unwanted file: prokka_output/M1709480479/M1709480479.gbf
[14:52:22] Output files:
[14:52:22] prokka_output/M1709480479/M1709480479.tsv
[14:52:22] prokka_output/M1709480479/M1709480479.tbl
[14:52:22] prokka_output/M1709480479/M1709480479.ffn
[14:52:22] prokka_output/M1709480479/M1709480479.fsa
[14:52:22] prokka_output/M1709480479/M1709480479.gff
[14:52:22] prokka_output/M1709480479/M1709480479.sqn
[14:52:22] prokka_output/M1709480479/M1709480479.fna
[14:52:22] prokka_output/M1709480479/M1709480479.gbk
[14:52:22] prokka_output/M1709480479/M1709480479.txt
[14:52:22] prokka_output/M1709480479/M1709480479.faa
[14:52:22] prokka_output/M1709480479/M1709480479.log
[14:52:22] prokka_output/M1709480479/M1709480479.err
[14:52:22] Annotation finished successfully.
[14:52:22] Walltime used: 1.00 minutes
[14:52:22] If you use this result please cite the Prokka paper:
[14:52:22] Seemann T (2014) Prokka: rapid prokaryotic genome annotation. Bioinformatics. 30(14):2068-9.
[14:52:22] Type 'prokka --citation' for more details.
[14:52:22] Thank you, come again.
