[14:55:58] This is prokka 1.14.6
[14:55:58] Written by Torsten Seemann <torsten.seemann@gmail.com>
[14:55:58] Homepage is https://github.com/tseemann/prokka
[14:55:58] Local time is Fri Mar 27 14:55:58 2026
[14:55:58] You are lorenzo
[14:55:58] Operating system is linux
[14:55:58] You have BioPerl 1.007002
[14:55:58] System has 8 cores.
[14:55:58] Will use maximum of 8 cores.
[14:55:58] Annotating as >>> Bacteria <<<
[14:55:58] Generating locus_tag from 'extracted_mags/M1831926750.fna' contents.
[14:55:58] Setting --locustag CFDBMHJD from MD5 cfdb613d20e58752c1d76989ea60d4df
[14:55:58] Enabling options to ensure Genbank/ENA/DDJB submission compliance.
[14:55:58] Re-using existing --outdir prokka_output/M1831926750
[14:55:58] Using filename prefix: M1831926750.XXX
[14:55:58] Setting HMMER_NCPU=1
[14:55:58] Writing log to: prokka_output/M1831926750/M1831926750.log
[14:55:58] Command: /home/lorenzo/anaconda3/envs/prokka/bin/prokka extracted_mags/M1831926750.fna --outdir prokka_output/M1831926750 --compliant --force --prefix M1831926750
[14:55:58] Appending to PATH: /home/lorenzo/anaconda3/envs/prokka/bin
[14:55:58] Looking for 'aragorn' - found /home/lorenzo/anaconda3/envs/prokka/bin/aragorn
[14:55:58] Determined aragorn version is 001002 from 'ARAGORN v1.2.41 Dean Laslett'
[14:55:58] Looking for 'barrnap' - found /home/lorenzo/anaconda3/envs/prokka/bin/barrnap
[14:55:58] Determined barrnap version is 000009 from 'barrnap 0.9'
[14:55:58] Looking for 'blastp' - found /home/lorenzo/anaconda3/envs/prokka/bin/blastp
[14:55:58] Determined blastp version is 002016 from 'blastp: 2.16.0+'
[14:55:58] Looking for 'cmpress' - found /home/lorenzo/anaconda3/envs/prokka/bin/cmpress
[14:55:58] Determined cmpress version is 001001 from '# INFERNAL 1.1.4 (Dec 2020)'
[14:55:58] Looking for 'cmscan' - found /home/lorenzo/anaconda3/envs/prokka/bin/cmscan
[14:55:58] Determined cmscan version is 001001 from '# INFERNAL 1.1.4 (Dec 2020)'
[14:55:58] Looking for 'egrep' - found /usr/bin/egrep
[14:55:58] Looking for 'find' - found /usr/bin/find
[14:55:58] Looking for 'grep' - found /usr/bin/grep
[14:55:58] Looking for 'hmmpress' - found /home/lorenzo/anaconda3/envs/prokka/bin/hmmpress
[14:55:58] Determined hmmpress version is 003004 from '# HMMER 3.4 (Aug 2023); http://hmmer.org/'
[14:55:58] Looking for 'hmmscan' - found /home/lorenzo/anaconda3/envs/prokka/bin/hmmscan
[14:55:58] Determined hmmscan version is 003004 from '# HMMER 3.4 (Aug 2023); http://hmmer.org/'
[14:55:58] Looking for 'java' - found /home/lorenzo/anaconda3/envs/prokka/bin/java
[14:55:58] Looking for 'makeblastdb' - found /home/lorenzo/anaconda3/envs/prokka/bin/makeblastdb
[14:55:58] Determined makeblastdb version is 002016 from 'makeblastdb: 2.16.0+'
[14:55:58] Looking for 'minced' - found /home/lorenzo/anaconda3/envs/prokka/bin/minced
[14:55:59] Determined minced version is 004002 from 'minced 0.4.2'
[14:55:59] Looking for 'parallel' - found /home/lorenzo/anaconda3/envs/prokka/bin/parallel
[14:55:59] Determined parallel version is 20260122 from 'GNU parallel 20260122'
[14:55:59] Looking for 'prodigal' - found /home/lorenzo/anaconda3/envs/prokka/bin/prodigal
[14:55:59] Determined prodigal version is 002006 from 'Prodigal V2.6.3: February, 2016'
[14:55:59] Looking for 'prokka-genbank_to_fasta_db' - found /home/lorenzo/anaconda3/envs/prokka/bin/prokka-genbank_to_fasta_db
[14:55:59] Looking for 'sed' - found /usr/bin/sed
[14:55:59] Looking for 'tbl2asn' - found /home/lorenzo/anaconda3/envs/prokka/bin/tbl2asn
[14:55:59] Determined tbl2asn version is 025007 from 'tbl2asn 25.7   arguments:'
[14:55:59] Using genetic code table 11.
[14:55:59] Loading and checking input file: extracted_mags/M1831926750.fna
[14:55:59] Wrote 30 contigs totalling 1861976 bp.
[14:55:59] Predicting tRNAs and tmRNAs
[14:55:59] Running: aragorn -l -gc11  -w prokka_output\/M1831926750\/M1831926750\.fna
[14:55:59] 1 tRNA-Arg c[53312,53386] 35 (acg)
[14:55:59] 1 tRNA-Glu [95332,95406] 34 (ttc)
[14:55:59] 2 tRNA-Met c[127373,127447] 35 (cat)
[14:55:59] 1 tRNA-Arg [25313,25387] 35 (ccg)
[14:55:59] 2 tRNA-Gln [75332,75403] 33 (ctg)
[14:55:59] 3 tRNA-Met [122842,122915] 34 (cat)
[14:55:59] 1 tRNA-Asn c[10323,10397] 35 (gtt)
[14:55:59] 2 tRNA-Arg [33750,33822] 34 (cct)
[14:55:59] 3 tRNA-Leu [64145,64227] 35 (caa)
[14:55:59] 1 tRNA-Lys [78729,78802] 34 (ctt)
[14:55:59] 2 tRNA-Asp [113899,113974] 36 (gtc)
[14:55:59] 1 tRNA-Gln [67788,67859] 33 (ttg)
[14:55:59] 2 tRNA-Leu [96566,96652] 34 (taa)
[14:55:59] 1 tRNA-His [3012,3087] 35 (gtg)
[14:55:59] 2 tmRNA [3474,3872] 96,125 GENNYALAA*
[14:55:59] 3 tRNA-His c[10391,10465] 35 (gtg)
[14:55:59] 1 tRNA-Met c[39450,39524] 35 (cat)
[14:55:59] 2 tRNA-Lys [65741,65814] 34 (ttt)
[14:55:59] 1 tRNA-Pro c[9738,9811] 34 (ggg)
[14:55:59] 1 tRNA-Cys c[6195,6268] 33 (gca)
[14:55:59] 1 tRNA-Leu c[47555,47637] 35 (tag)
[14:55:59] 2 tRNA-Ser [58158,58246] 35 (gga)
[14:55:59] 1 tRNA-Pro c[30589,30663] 34 (cgg)
[14:55:59] 2 tRNA-Phe [30799,30872] 34 (gaa)
[14:55:59] 1 tRNA-Thr [1944,2018] 35 (tgt)
[14:55:59] 2 tRNA-Tyr [2058,2141] 35 (gta)
[14:55:59] 3 tRNA-Gly [2229,2302] 34 (tcc)
[14:55:59] 4 tRNA-Thr [2307,2379] 33 (ggt)
[14:55:59] 5 tRNA-Trp [3721,3794] 34 (cca)
[14:55:59] 1 tRNA-Ala [13753,13827] 35 (ggc)
[14:55:59] Found 30 tRNAs
[14:55:59] Predicting Ribosomal RNAs
[14:55:59] Running Barrnap with 8 threads
[14:55:59] 1 gnl|Prokka|CFDBMHJD_12 4 16S ribosomal RNA (partial)
[14:55:59] 2 gnl|Prokka|CFDBMHJD_15 359 5S ribosomal RNA
[14:55:59] Found 2 rRNAs
[14:55:59] Skipping ncRNA search, enable with --rfam if desired.
[14:55:59] Total of 31 tRNA + rRNA features
[14:55:59] Searching for CRISPR repeats
[14:56:00] CRISPR1 gnl|Prokka|CFDBMHJD_4 71196 with 24 spacers
[14:56:00] CRISPR2 gnl|Prokka|CFDBMHJD_9 76911 with 11 spacers
[14:56:00] CRISPR3 gnl|Prokka|CFDBMHJD_20 64 with 8 spacers
[14:56:00] Found 3 CRISPRs
[14:56:00] Predicting coding sequences
[14:56:00] Contigs total 1861976 bp, so using single mode
[14:56:00] Running: prodigal -i prokka_output\/M1831926750\/M1831926750\.fna -c -m -g 11 -p single -f sco -q
[14:56:04] Excluding CDS which overlaps existing RNA (tRNA) at gnl|Prokka|CFDBMHJD_2:95251..95376 on + strand
[14:56:04] Excluding CDS which overlaps existing RNA (tRNA) at gnl|Prokka|CFDBMHJD_4:64151..64330 on + strand
[14:56:04] Excluding CDS which overlaps existing RNA (repeat_region) at gnl|Prokka|CFDBMHJD_4:71313..71411 on - strand
[14:56:04] Excluding CDS which overlaps existing RNA (tRNA) at gnl|Prokka|CFDBMHJD_5:113838..114047 on + strand
[14:56:04] Excluding CDS which overlaps existing RNA (tRNA) at gnl|Prokka|CFDBMHJD_6:67444..67881 on - strand
[14:56:04] Excluding CDS which overlaps existing RNA (tRNA) at gnl|Prokka|CFDBMHJD_6:96308..96586 on + strand
[14:56:05] Excluding CDS which overlaps existing RNA (rRNA) at gnl|Prokka|CFDBMHJD_15:409..630 on - strand
[14:56:05] Excluding CDS which overlaps existing RNA (tRNA) at gnl|Prokka|CFDBMHJD_18:30571..30696 on + strand
[14:56:05] Found 1601 CDS
[14:56:05] Connecting features back to sequences
[14:56:05] Not using genus-specific database. Try --usegenus to enable it.
[14:56:05] Annotating CDS, please be patient.
[14:56:05] Will use 8 CPUs for similarity searching.
[14:56:05] There are still 1601 unannotated CDS left (started with 1601)
[14:56:05] Will use blast to search against /home/lorenzo/anaconda3/envs/prokka/db/kingdom/Bacteria/IS with 8 CPUs
[14:56:05] Running: cat prokka_output\/M1831926750\/M1831926750\.IS\.tmp\.96163\.faa | parallel --gnu --plain -j 8 --block 34543 --recstart '>' --pipe blastp -query - -db /home/lorenzo/anaconda3/envs/prokka/db/kingdom/Bacteria/IS -evalue 1e-30 -qcov_hsp_perc 90 -num_threads 1 -num_descriptions 1 -num_alignments 1 -seg no > prokka_output\/M1831926750\/M1831926750\.IS\.tmp\.96163\.blast 2> /dev/null
[14:56:11] Deleting unwanted file: prokka_output/M1831926750/M1831926750.IS.tmp.96163.faa
[14:56:11] Deleting unwanted file: prokka_output/M1831926750/M1831926750.IS.tmp.96163.blast
[14:56:11] There are still 1596 unannotated CDS left (started with 1601)
[14:56:11] Will use blast to search against /home/lorenzo/anaconda3/envs/prokka/db/kingdom/Bacteria/AMR with 8 CPUs
[14:56:11] Running: cat prokka_output\/M1831926750\/M1831926750\.AMR\.tmp\.96163\.faa | parallel --gnu --plain -j 8 --block 34442 --recstart '>' --pipe blastp -query - -db /home/lorenzo/anaconda3/envs/prokka/db/kingdom/Bacteria/AMR -evalue 9.99999999999999e-301 -qcov_hsp_perc 90 -num_threads 1 -num_descriptions 1 -num_alignments 1 -seg no > prokka_output\/M1831926750\/M1831926750\.AMR\.tmp\.96163\.blast 2> /dev/null
[14:56:16] Deleting unwanted file: prokka_output/M1831926750/M1831926750.AMR.tmp.96163.faa
[14:56:16] Deleting unwanted file: prokka_output/M1831926750/M1831926750.AMR.tmp.96163.blast
[14:56:16] There are still 1596 unannotated CDS left (started with 1601)
[14:56:16] Will use blast to search against /home/lorenzo/anaconda3/envs/prokka/db/kingdom/Bacteria/sprot with 8 CPUs
[14:56:16] Running: cat prokka_output\/M1831926750\/M1831926750\.sprot\.tmp\.96163\.faa | parallel --gnu --plain -j 8 --block 34442 --recstart '>' --pipe blastp -query - -db /home/lorenzo/anaconda3/envs/prokka/db/kingdom/Bacteria/sprot -evalue 1e-09 -qcov_hsp_perc 80 -num_threads 1 -num_descriptions 1 -num_alignments 1 -seg no > prokka_output\/M1831926750\/M1831926750\.sprot\.tmp\.96163\.blast 2> /dev/null
[14:56:37] Modify product: Putative multidrug export ATP-binding/permease protein SAV1866 => Putative multidrug export ATP-binding/permease protein
[14:56:37] Modify product: PGL/p-HBAD biosynthesis glycosyltransferase Rv2957 => PGL/p-HBAD biosynthesis glycosyltransferase
[14:56:37] Modify product: Uncharacterized protein YcgM => putative protein YcgM
[14:56:37] Modify product: UPF0701 protein YicC => hypothetical protein
[14:56:37] Modify product: Putative zinc metalloprotease aq_1964 => Putative zinc metalloprotease
[14:56:37] Modify product: Putative acetyltransferase Rv3034c => Putative acetyltransferase
[14:56:37] Modify product: Probable peptidoglycan glycosyltransferase FtsW => putative peptidoglycan glycosyltransferase FtsW
[14:56:37] Modify product: Uncharacterized protein YqeY => putative protein YqeY
[14:56:37] Modify product: Uncharacterized protein YqgN => putative protein YqgN
[14:56:37] Modify product: Probable GTP-binding protein EngB => putative GTP-binding protein EngB
[14:56:37] Modify product: Probable efflux pump periplasmic linker TtgA => putative efflux pump periplasmic linker TtgA
[14:56:37] Modify product: Sulfurtransferase Alvin_2599 => Sulfurtransferase
[14:56:37] Modify product: UPF0145 protein YbjQ => hypothetical protein
[14:56:37] Modify product: Probable amino-acid metabolite efflux pump => putative amino-acid metabolite efflux pump
[14:56:37] Modify product: Uncharacterized glycosyltransferase YkoT => putative glycosyltransferase YkoT
[14:56:37] Modify product: Probable transcriptional regulatory protein HP_0162 => putative transcriptional regulatory protein
[14:56:37] Modify product: UPF0353 protein Rv1481 => hypothetical protein
[14:56:37] Modify product: Acetyltransferase PA3944 => Acetyltransferase
[14:56:37] Modify product: Uncharacterized zinc protease Rv2782c => putative zinc protease
[14:56:37] Modify product: Uncharacterized ABC transporter ATP-binding protein YknY => putative ABC transporter ATP-binding protein YknY
[14:56:37] Modify product: Probable chromosome-partitioning protein ParB => putative chromosome-partitioning protein ParB
[14:56:37] Modify product: Uncharacterized oxidoreductase Rv0945 => putative oxidoreductase
[14:56:37] Modify product: Uncharacterized protein YjbR => putative protein YjbR
[14:56:37] Modify product: Probable glycine dehydrogenase (decarboxylating) subunit 1 => putative glycine dehydrogenase (decarboxylating) subunit 1
[14:56:37] Modify product: Probable glycine dehydrogenase (decarboxylating) subunit 2 => putative glycine dehydrogenase (decarboxylating) subunit 2
[14:56:37] Modify product: Uncharacterized ABC transporter ATP-binding protein YknY => putative ABC transporter ATP-binding protein YknY
[14:56:37] Modify product: Probable multidrug ABC transporter permease YbhR => putative multidrug ABC transporter permease YbhR
[14:56:37] Modify product: Uncharacterized ABC transporter ATP-binding protein YheS => putative ABC transporter ATP-binding protein YheS
[14:56:37] Modify product: Leu/Ile/Val-binding protein homolog 3 => Leu/Ile/Val-binding protein 
[14:56:37] Modify product: SusD-like protein BACOVA_02651 => SusD-like protein
[14:56:37] Modify product: UPF0324 inner membrane protein YeiH => hypothetical protein
[14:56:37] Modify product: UPF0194 membrane protein YbhG => hypothetical protein
[14:56:37] Modify product: Probable multidrug ABC transporter permease YbhS => putative multidrug ABC transporter permease YbhS
[14:56:37] Modify product: Probable multidrug ABC transporter permease YbhR => putative multidrug ABC transporter permease YbhR
[14:56:37] Modify product: Probable FMN/FAD exporter YeeO => putative FMN/FAD exporter YeeO
[14:56:37] Modify product: Uncharacterized ABC transporter ATP-binding protein YbiT => putative ABC transporter ATP-binding protein YbiT
[14:56:37] Modify product: GTP cyclohydrolase 1 type 2 homolog => GTP cyclohydrolase 1 type 2 
[14:56:37] Modify product: UPF0758 protein SP_1088 => hypothetical protein
[14:56:37] Modify product: Uncharacterized epimerase/dehydratase SA0511 => putative epimerase/dehydratase
[14:56:37] Modify product: Bifunctional protein FolD => Bifunctional protein FolD protein
[14:56:37] Modify product: Probable ATP-dependent transporter SufC => putative ATP-dependent transporter SufC
[14:56:37] Modify product: Uncharacterized HIT-like protein Rv0759c => putative HIT-like protein
[14:56:37] Modify product: Probable ribonucleotide transport ATP-binding protein mkl => putative ribonucleotide transport ATP-binding protein mkl
[14:56:37] Modify product: Probable GTPase Rv1496 => putative GTPase
[14:56:37] Cleaned 44 /product names
[14:56:37] Deleting unwanted file: prokka_output/M1831926750/M1831926750.sprot.tmp.96163.faa
[14:56:37] Deleting unwanted file: prokka_output/M1831926750/M1831926750.sprot.tmp.96163.blast
[14:56:37] There are still 1057 unannotated CDS left (started with 1601)
[14:56:37] Will use hmmer3 to search against /home/lorenzo/anaconda3/envs/prokka/db/hmm/HAMAP.hmm with 8 CPUs
[14:56:37] Running: cat prokka_output\/M1831926750\/M1831926750\.HAMAP\.hmm\.tmp\.96163\.faa | parallel --gnu --plain -j 8 --block 21966 --recstart '>' --pipe hmmscan --noali --notextw --acc -E 1e-09 --cpu 1 /home/lorenzo/anaconda3/envs/prokka/db/hmm/HAMAP.hmm /dev/stdin > prokka_output\/M1831926750\/M1831926750\.HAMAP\.hmm\.tmp\.96163\.hmmer3 2> /dev/null
[14:56:45] Deleting unwanted file: prokka_output/M1831926750/M1831926750.HAMAP.hmm.tmp.96163.faa
[14:56:45] Deleting unwanted file: prokka_output/M1831926750/M1831926750.HAMAP.hmm.tmp.96163.hmmer3
[14:56:45] Labelling remaining 908 proteins as 'hypothetical protein'
[14:56:45] Possible /pseudo 'Macrolide export ATP-binding/permease protein MacB' at gnl|Prokka|CFDBMHJD_1 position 77451
[14:56:45] Possible /pseudo 'Tyrosine recombinase XerC' at gnl|Prokka|CFDBMHJD_4 position 1372
[14:56:45] Possible /pseudo 'NAD(P) transhydrogenase subunit alpha' at gnl|Prokka|CFDBMHJD_5 position 10505
[14:56:45] Possible /pseudo 'Vitamin B12 transporter BtuB' at gnl|Prokka|CFDBMHJD_28 position 8408
[14:56:45] Found 564 unique /gene codes.
[14:56:45] Fixed 2 duplicate /gene - pntA_1 pntA_2
[14:56:45] Fixed 2 duplicate /gene - COQ3_1 COQ3_2
[14:56:45] Fixed 2 duplicate /gene - gyrB_1 gyrB_2
[14:56:45] Fixed 2 duplicate /gene - tuaB_1 tuaB_2
[14:56:45] Fixed 2 duplicate /gene - prmC_1 prmC_2
[14:56:45] Fixed 2 duplicate /gene - pal_1 pal_2
[14:56:45] Fixed 2 duplicate /gene - aspT_1 aspT_2
[14:56:45] Fixed 3 duplicate /gene - sasA_1 sasA_2 sasA_3
[14:56:45] Fixed 3 duplicate /gene - xerD_1 xerD_2 xerD_3
[14:56:45] Fixed 2 duplicate /gene - macB_1 macB_2
[14:56:45] Fixed 2 duplicate /gene - norR_1 norR_2
[14:56:45] Fixed 2 duplicate /gene - lpxA_1 lpxA_2
[14:56:45] Fixed 3 duplicate /gene - bamA_1 bamA_2 bamA_3
[14:56:45] Fixed 2 duplicate /gene - hup_1 hup_2
[14:56:45] Fixed 2 duplicate /gene - cysG_1 cysG_2
[14:56:45] Fixed 2 duplicate /gene - cobD_1 cobD_2
[14:56:45] Fixed 2 duplicate /gene - yknY_1 yknY_2
[14:56:45] Fixed 3 duplicate /gene - rhaS_1 rhaS_2 rhaS_3
[14:56:45] Fixed 2 duplicate /gene - algC_1 algC_2
[14:56:45] Fixed 2 duplicate /gene - pqqE_1 pqqE_2
[14:56:45] Fixed 2 duplicate /gene - asnC_1 asnC_2
[14:56:45] Fixed 2 duplicate /gene - ftsH_1 ftsH_2
[14:56:45] Fixed 2 duplicate /gene - pfkB_1 pfkB_2
[14:56:45] Fixed 3 duplicate /gene - rluD_1 rluD_2 rluD_3
[14:56:45] Fixed 2 duplicate /gene - pepD_1 pepD_2
[14:56:45] Fixed 2 duplicate /gene - dapH_1 dapH_2
[14:56:45] Fixed 6 duplicate /gene - resA_1 resA_2 resA_3 resA_4 resA_5 resA_6
[14:56:45] Fixed 2 duplicate /gene - korA_1 korA_2
[14:56:45] Fixed 2 duplicate /gene - purH_1 purH_2
[14:56:45] Fixed 2 duplicate /gene - der_1 der_2
[14:56:45] Fixed 4 duplicate /gene - mshA_1 mshA_2 mshA_3 mshA_4
[14:56:45] Fixed 2 duplicate /gene - rcsC_1 rcsC_2
[14:56:45] Fixed 2 duplicate /gene - cmk_1 cmk_2
[14:56:45] Fixed 2 duplicate /gene - tadA_1 tadA_2
[14:56:45] Fixed 2 duplicate /gene - lolE_1 lolE_2
[14:56:45] Fixed 9 duplicate /gene - btuB_1 btuB_2 btuB_3 btuB_4 btuB_5 btuB_6 btuB_7 btuB_8 btuB_9
[14:56:45] Fixed 5 duplicate /gene - bepA_1 bepA_2 bepA_3 bepA_4 bepA_5
[14:56:45] Fixed 2 duplicate /gene - mutS_1 mutS_2
[14:56:45] Fixed 2 duplicate /gene - recD2_1 recD2_2
[14:56:45] Fixed 2 duplicate /gene - korB_1 korB_2
[14:56:45] Fixed 2 duplicate /gene - pta_1 pta_2
[14:56:45] Fixed 2 duplicate /gene - ybhR_1 ybhR_2
[14:56:45] Fixed 2 duplicate /gene - tolQ_1 tolQ_2
[14:56:45] Fixed 2 duplicate /gene - udk_1 udk_2
[14:56:45] Fixed 2 duplicate /gene - ccsA_1 ccsA_2
[14:56:45] Fixed 2 duplicate /gene - bamD_1 bamD_2
[14:56:45] Fixed 2 duplicate /gene - miaA_1 miaA_2
[14:56:45] Fixed 2 duplicate /gene - nudC_1 nudC_2
[14:56:45] Fixed 2 duplicate /gene - hmuU_1 hmuU_2
[14:56:45] Fixed 2 duplicate /gene - xerC_1 xerC_2
[14:56:45] Fixed 2 duplicate /gene - deaD_1 deaD_2
[14:56:45] Fixed 2 duplicate /gene - queA_1 queA_2
[14:56:45] Fixed 2 duplicate /gene - rny_1 rny_2
[14:56:45] Fixed 3 duplicate /gene - arnC_1 arnC_2 arnC_3
[14:56:45] Fixed 2 duplicate /gene - pyrK_1 pyrK_2
[14:56:45] Fixed 55 colliding /gene names.
[14:56:45] Adding /locus_tag identifiers
[14:56:45] Assigned 1633 locus_tags to CDS and RNA features.
[14:56:45] Writing outputs to prokka_output/M1831926750/
[14:56:46] Generating annotation statistics file
[14:56:46] Generating Genbank and Sequin files
[14:56:46] Running: tbl2asn -V b -a r10k -l paired-ends -M n -N 1 -y 'Annotated using prokka 1.14.6 from https://github.com/tseemann/prokka' -Z prokka_output\/M1831926750\/M1831926750\.err -i prokka_output\/M1831926750\/M1831926750\.fsa 2> /dev/null
[14:56:48] Deleting unwanted file: prokka_output/M1831926750/errorsummary.val
[14:56:48] Deleting unwanted file: prokka_output/M1831926750/M1831926750.dr
[14:56:48] Deleting unwanted file: prokka_output/M1831926750/M1831926750.fixedproducts
[14:56:48] Deleting unwanted file: prokka_output/M1831926750/M1831926750.ecn
[14:56:48] Deleting unwanted file: prokka_output/M1831926750/M1831926750.val
[14:56:48] Repairing broken .GBK output that tbl2asn produces...
[14:56:48] Running: sed 's/COORDINATES: profile/COORDINATES:profile/' < prokka_output\/M1831926750\/M1831926750\.gbf > prokka_output\/M1831926750\/M1831926750\.gbk
[14:56:49] Deleting unwanted file: prokka_output/M1831926750/M1831926750.gbf
[14:56:49] Output files:
[14:56:49] prokka_output/M1831926750/M1831926750.tsv
[14:56:49] prokka_output/M1831926750/M1831926750.tbl
[14:56:49] prokka_output/M1831926750/M1831926750.sqn
[14:56:49] prokka_output/M1831926750/M1831926750.fna
[14:56:49] prokka_output/M1831926750/M1831926750.ffn
[14:56:49] prokka_output/M1831926750/M1831926750.err
[14:56:49] prokka_output/M1831926750/M1831926750.faa
[14:56:49] prokka_output/M1831926750/M1831926750.fsa
[14:56:49] prokka_output/M1831926750/M1831926750.txt
[14:56:49] prokka_output/M1831926750/M1831926750.gff
[14:56:49] prokka_output/M1831926750/M1831926750.log
[14:56:49] prokka_output/M1831926750/M1831926750.gbk
[14:56:49] Annotation finished successfully.
[14:56:49] Walltime used: 0.85 minutes
[14:56:49] If you use this result please cite the Prokka paper:
[14:56:49] Seemann T (2014) Prokka: rapid prokaryotic genome annotation. Bioinformatics. 30(14):2068-9.
[14:56:49] Type 'prokka --citation' for more details.
[14:56:49] Share and enjoy!
