[14:34:06] This is prokka 1.14.6
[14:34:06] Written by Torsten Seemann <torsten.seemann@gmail.com>
[14:34:06] Homepage is https://github.com/tseemann/prokka
[14:34:06] Local time is Fri Mar 27 14:34:06 2026
[14:34:06] You are lorenzo
[14:34:06] Operating system is linux
[14:34:06] You have BioPerl 1.007002
[14:34:06] System has 8 cores.
[14:34:06] Will use maximum of 8 cores.
[14:34:06] Annotating as >>> Bacteria <<<
[14:34:06] Generating locus_tag from 'extracted_mags/M1140039743.fna' contents.
[14:34:06] Setting --locustag DHBFGMFK from MD5 d1bf06f4977cd971df173cb3968ec753
[14:34:06] Enabling options to ensure Genbank/ENA/DDJB submission compliance.
[14:34:06] Re-using existing --outdir prokka_output/M1140039743
[14:34:06] Using filename prefix: M1140039743.XXX
[14:34:06] Setting HMMER_NCPU=1
[14:34:06] Writing log to: prokka_output/M1140039743/M1140039743.log
[14:34:06] Command: /home/lorenzo/anaconda3/envs/prokka/bin/prokka extracted_mags/M1140039743.fna --outdir prokka_output/M1140039743 --compliant --force --prefix M1140039743
[14:34:06] Appending to PATH: /home/lorenzo/anaconda3/envs/prokka/bin
[14:34:06] Looking for 'aragorn' - found /home/lorenzo/anaconda3/envs/prokka/bin/aragorn
[14:34:06] Determined aragorn version is 001002 from 'ARAGORN v1.2.41 Dean Laslett'
[14:34:06] Looking for 'barrnap' - found /home/lorenzo/anaconda3/envs/prokka/bin/barrnap
[14:34:06] Determined barrnap version is 000009 from 'barrnap 0.9'
[14:34:06] Looking for 'blastp' - found /home/lorenzo/anaconda3/envs/prokka/bin/blastp
[14:34:06] Determined blastp version is 002016 from 'blastp: 2.16.0+'
[14:34:06] Looking for 'cmpress' - found /home/lorenzo/anaconda3/envs/prokka/bin/cmpress
[14:34:06] Determined cmpress version is 001001 from '# INFERNAL 1.1.4 (Dec 2020)'
[14:34:06] Looking for 'cmscan' - found /home/lorenzo/anaconda3/envs/prokka/bin/cmscan
[14:34:06] Determined cmscan version is 001001 from '# INFERNAL 1.1.4 (Dec 2020)'
[14:34:06] Looking for 'egrep' - found /usr/bin/egrep
[14:34:06] Looking for 'find' - found /usr/bin/find
[14:34:06] Looking for 'grep' - found /usr/bin/grep
[14:34:06] Looking for 'hmmpress' - found /home/lorenzo/anaconda3/envs/prokka/bin/hmmpress
[14:34:06] Determined hmmpress version is 003004 from '# HMMER 3.4 (Aug 2023); http://hmmer.org/'
[14:34:06] Looking for 'hmmscan' - found /home/lorenzo/anaconda3/envs/prokka/bin/hmmscan
[14:34:06] Determined hmmscan version is 003004 from '# HMMER 3.4 (Aug 2023); http://hmmer.org/'
[14:34:06] Looking for 'java' - found /home/lorenzo/anaconda3/envs/prokka/bin/java
[14:34:06] Looking for 'makeblastdb' - found /home/lorenzo/anaconda3/envs/prokka/bin/makeblastdb
[14:34:06] Determined makeblastdb version is 002016 from 'makeblastdb: 2.16.0+'
[14:34:06] Looking for 'minced' - found /home/lorenzo/anaconda3/envs/prokka/bin/minced
[14:34:06] Determined minced version is 004002 from 'minced 0.4.2'
[14:34:06] Looking for 'parallel' - found /home/lorenzo/anaconda3/envs/prokka/bin/parallel
[14:34:06] Determined parallel version is 20260122 from 'GNU parallel 20260122'
[14:34:06] Looking for 'prodigal' - found /home/lorenzo/anaconda3/envs/prokka/bin/prodigal
[14:34:06] Determined prodigal version is 002006 from 'Prodigal V2.6.3: February, 2016'
[14:34:06] Looking for 'prokka-genbank_to_fasta_db' - found /home/lorenzo/anaconda3/envs/prokka/bin/prokka-genbank_to_fasta_db
[14:34:06] Looking for 'sed' - found /usr/bin/sed
[14:34:06] Looking for 'tbl2asn' - found /home/lorenzo/anaconda3/envs/prokka/bin/tbl2asn
[14:34:06] Determined tbl2asn version is 025007 from 'tbl2asn 25.7   arguments:'
[14:34:06] Using genetic code table 11.
[14:34:06] Loading and checking input file: extracted_mags/M1140039743.fna
[14:34:07] Wrote 35 contigs totalling 2394297 bp.
[14:34:07] Predicting tRNAs and tmRNAs
[14:34:07] Running: aragorn -l -gc11  -w prokka_output\/M1140039743\/M1140039743\.fna
[14:34:07] 1 tRNA-Lys [73158,73231] 34 (ctt)
[14:34:07] 2 tRNA-Asp [105079,105154] 36 (gtc)
[14:34:07] 3 tRNA-Asp [105200,105275] 36 (gtc)
[14:34:07] 4 tRNA-Thr [105580,105654] 35 (tgt)
[14:34:07] 5 tRNA-Ser [150499,150586] 35 (gct)
[14:34:07] 6 tRNA-Glu [150613,150685] 34 (ctc)
[14:34:07] 7 tRNA-Pro c[178595,178668] 34 (tgg)
[14:34:07] 8 tRNA-Ser [191642,191727] 35 (tga)
[14:34:07] 9 tRNA-Phe c[193354,193428] 34 (gaa)
[14:34:07] 10 tRNA-Ser [313317,313404] 35 (cga)
[14:34:07] 11 tRNA-Gly [325498,325571] 34 (gcc)
[14:34:07] 12 tRNA-Leu [325602,325685] 35 (cag)
[14:34:07] 13 tRNA-Leu [325709,325792] 35 (gag)
[14:34:07] 14 tRNA-Gly [325808,325881] 34 (gcc)
[14:34:07] 1 tRNA-Arg c[30765,30839] 35 (acg)
[14:34:07] 2 tRNA-His [301106,301180] 35 (gtg)
[14:34:07] 3 tmRNA c[308932,309329] 97,126 GNNNYALAA*
[14:34:07] 1 tRNA-Glu [89532,89606] 34 (ttc)
[14:34:07] 2 tRNA-Met c[130407,130481] 35 (cat)
[14:34:07] 3 tRNA-Asn c[142796,142870] 35 (gtt)
[14:34:07] 4 tRNA-Arg [166136,166208] 34 (cct)
[14:34:07] 1 tRNA-Met c[39597,39671] 35 (cat)
[14:34:07] 2 tRNA-Lys [63664,63737] 34 (ttt)
[14:34:07] 3 tRNA-Pro c[63899,63972] 34 (ggg)
[14:34:07] 1 tRNA-Met c[22512,22585] 34 (cat)
[14:34:07] 2 tRNA-Gln c[69984,70055] 33 (ctg)
[14:34:07] 3 tRNA-Arg c[118779,118853] 35 (ccg)
[14:34:07] 1 tRNA-Leu [38196,38278] 35 (caa)
[14:34:07] 1 tRNA-Ser c[16042,16130] 35 (gga)
[14:34:07] 2 tRNA-Leu [26719,26801] 35 (tag)
[14:34:07] 1 tRNA-Cys [59859,59932] 33 (gca)
[14:34:07] 2 tRNA-Arg c[66072,66147] 36 (tct)
[14:34:07] 1 tRNA-Leu c[14858,14944] 34 (taa)
[14:34:07] 2 tRNA-Gln c[43597,43668] 33 (ttg)
[14:34:07] 1 tRNA-Phe c[9264,9337] 34 (gaa)
[14:34:07] 2 tRNA-Pro [9473,9547] 34 (cgg)
[14:34:07] 1 tRNA-Val c[23136,23211] 36 (tac)
[14:34:07] 2 tRNA-Val c[23385,23460] 36 (tac)
[14:34:07] 1 tRNA-Ala [21076,21150] 35 (ggc)
[14:34:07] 1 tRNA-Trp c[19359,19432] 34 (cca)
[14:34:07] 2 tRNA-Thr c[20774,20846] 33 (ggt)
[14:34:07] 3 tRNA-Gly c[20851,20924] 34 (tcc)
[14:34:07] 4 tRNA-Tyr c[21012,21095] 35 (gta)
[14:34:07] 5 tRNA-Thr c[21134,21208] 35 (tgt)
[14:34:07] 1 tRNA-Met c[2905,2979] 35 (cat)
[14:34:07] 1 tRNA-Thr [344,419] 34 (cgt)
[14:34:07] 2 tRNA-Gly [450,523] 34 (ccc)
[14:34:07] Found 47 tRNAs
[14:34:07] Predicting Ribosomal RNAs
[14:34:07] Running Barrnap with 8 threads
[14:34:08] 1 gnl|Prokka|DHBFGMFK_28 7249 5S ribosomal RNA
[14:34:08] Found 1 rRNAs
[14:34:08] Skipping ncRNA search, enable with --rfam if desired.
[14:34:08] Total of 47 tRNA + rRNA features
[14:34:08] Searching for CRISPR repeats
[14:34:08] CRISPR1 gnl|Prokka|DHBFGMFK_2 230033 with 26 spacers
[14:34:08] CRISPR2 gnl|Prokka|DHBFGMFK_9 45246 with 21 spacers
[14:34:08] Found 2 CRISPRs
[14:34:08] Predicting coding sequences
[14:34:08] Contigs total 2394297 bp, so using single mode
[14:34:08] Running: prodigal -i prokka_output\/M1140039743\/M1140039743\.fna -c -m -g 11 -p single -f sco -q
[14:34:14] Excluding CDS which overlaps existing RNA (tRNA) at gnl|Prokka|DHBFGMFK_1:193225..193536 on + strand
[14:34:14] Excluding CDS which overlaps existing RNA (tRNA) at gnl|Prokka|DHBFGMFK_3:89451..89576 on + strand
[14:34:14] Excluding CDS which overlaps existing RNA (tRNA) at gnl|Prokka|DHBFGMFK_4:39662..40132 on - strand
[14:34:14] Excluding CDS which overlaps existing RNA (tRNA) at gnl|Prokka|DHBFGMFK_9:38202..38381 on + strand
[14:34:15] Excluding CDS which overlaps existing RNA (tRNA) at gnl|Prokka|DHBFGMFK_15:14840..15250 on + strand
[14:34:15] Excluding CDS which overlaps existing RNA (tRNA) at gnl|Prokka|DHBFGMFK_15:43574..44026 on + strand
[14:34:15] Excluding CDS which overlaps existing RNA (tRNA) at gnl|Prokka|DHBFGMFK_16:9440..9565 on - strand
[14:34:15] Found 2030 CDS
[14:34:15] Connecting features back to sequences
[14:34:15] Not using genus-specific database. Try --usegenus to enable it.
[14:34:15] Annotating CDS, please be patient.
[14:34:15] Will use 8 CPUs for similarity searching.
[14:34:15] There are still 2030 unannotated CDS left (started with 2030)
[14:34:15] Will use blast to search against /home/lorenzo/anaconda3/envs/prokka/db/kingdom/Bacteria/IS with 8 CPUs
[14:34:15] Running: cat prokka_output\/M1140039743\/M1140039743\.IS\.tmp\.53891\.faa | parallel --gnu --plain -j 8 --block 44550 --recstart '>' --pipe blastp -query - -db /home/lorenzo/anaconda3/envs/prokka/db/kingdom/Bacteria/IS -evalue 1e-30 -qcov_hsp_perc 90 -num_threads 1 -num_descriptions 1 -num_alignments 1 -seg no > prokka_output\/M1140039743\/M1140039743\.IS\.tmp\.53891\.blast 2> /dev/null
[14:34:22] Deleting unwanted file: prokka_output/M1140039743/M1140039743.IS.tmp.53891.faa
[14:34:22] Deleting unwanted file: prokka_output/M1140039743/M1140039743.IS.tmp.53891.blast
[14:34:23] There are still 2020 unannotated CDS left (started with 2030)
[14:34:23] Will use blast to search against /home/lorenzo/anaconda3/envs/prokka/db/kingdom/Bacteria/AMR with 8 CPUs
[14:34:23] Running: cat prokka_output\/M1140039743\/M1140039743\.AMR\.tmp\.53891\.faa | parallel --gnu --plain -j 8 --block 44376 --recstart '>' --pipe blastp -query - -db /home/lorenzo/anaconda3/envs/prokka/db/kingdom/Bacteria/AMR -evalue 9.99999999999999e-301 -qcov_hsp_perc 90 -num_threads 1 -num_descriptions 1 -num_alignments 1 -seg no > prokka_output\/M1140039743\/M1140039743\.AMR\.tmp\.53891\.blast 2> /dev/null
[14:34:29] Deleting unwanted file: prokka_output/M1140039743/M1140039743.AMR.tmp.53891.faa
[14:34:29] Deleting unwanted file: prokka_output/M1140039743/M1140039743.AMR.tmp.53891.blast
[14:34:30] There are still 2020 unannotated CDS left (started with 2030)
[14:34:30] Will use blast to search against /home/lorenzo/anaconda3/envs/prokka/db/kingdom/Bacteria/sprot with 8 CPUs
[14:34:30] Running: cat prokka_output\/M1140039743\/M1140039743\.sprot\.tmp\.53891\.faa | parallel --gnu --plain -j 8 --block 44376 --recstart '>' --pipe blastp -query - -db /home/lorenzo/anaconda3/envs/prokka/db/kingdom/Bacteria/sprot -evalue 1e-09 -qcov_hsp_perc 80 -num_threads 1 -num_descriptions 1 -num_alignments 1 -seg no > prokka_output\/M1140039743\/M1140039743\.sprot\.tmp\.53891\.blast 2> /dev/null
[14:34:58] Modify product: Uncharacterized zinc protease Rv2782c => putative zinc protease
[14:34:58] Modify product: Uncharacterized N-acetyltransferase YvbK => putative N-acetyltransferase YvbK
[14:34:58] Modify product: Probable transcriptional regulatory protein HP_0162 => putative transcriptional regulatory protein
[14:34:58] Modify product: UPF0353 protein Rv1481 => hypothetical protein
[14:34:58] Modify product: Acetyltransferase PA3944 => Acetyltransferase
[14:34:58] Modify product: Probable GTP-binding protein EngB => putative GTP-binding protein EngB
[14:34:58] Modify product: UPF0371 protein DIP2346 => hypothetical protein
[14:34:58] Modify product: Glutathione peroxidase homolog BsaA => Glutathione peroxidase BsaA
[14:34:58] Modify product: Probable peptidoglycan glycosyltransferase FtsW => putative peptidoglycan glycosyltransferase FtsW
[14:34:58] Modify product: Uncharacterized protein YqeY => putative protein YqeY
[14:34:58] Modify product: Putative esterase PA1618 => Putative esterase
[14:34:58] Modify product: UPF0053 protein Rv2366c => hypothetical protein
[14:34:58] Modify product: Peptidoglycan-N-acetylglucosamine deacetylase BC_3618 => Peptidoglycan-N-acetylglucosamine deacetylase
[14:34:58] Modify product: 23S rRNA 5-hydroxycytidine C2501 synthase => 23S rRNA 5-hydroxycytidine synthase
[14:34:58] Modify product: Uncharacterized oxidoreductase Rv0945 => putative oxidoreductase
[14:34:58] Modify product: Uncharacterized protein YjbR => putative protein YjbR
[14:34:58] Modify product: Probable nicotinate-nucleotide pyrophosphorylase [carboxylating] => putative nicotinate-nucleotide pyrophosphorylase [carboxylating]
[14:34:58] Modify product: UPF0053 protein Rv2366c => hypothetical protein
[14:34:58] Modify product: Uncharacterized protein HI_0933 => putative protein
[14:34:58] Modify product: Uncharacterized protein Rv2581c => putative protein
[14:34:58] Modify product: Bifunctional protein FolD => Bifunctional protein FolD protein
[14:34:58] Modify product: GTP cyclohydrolase 1 type 2 homolog => GTP cyclohydrolase 1 type 2 
[14:34:58] Modify product: Probable chromosome-partitioning protein ParB => putative chromosome-partitioning protein ParB
[14:34:58] Modify product: Probable glycine dehydrogenase (decarboxylating) subunit 1 => putative glycine dehydrogenase (decarboxylating) subunit 1
[14:34:58] Modify product: Probable glycine dehydrogenase (decarboxylating) subunit 2 => putative glycine dehydrogenase (decarboxylating) subunit 2
[14:34:58] Modify product: Uncharacterized ABC transporter ATP-binding protein YknY => putative ABC transporter ATP-binding protein YknY
[14:34:58] Modify product: Uncharacterized ABC transporter ATP-binding protein Rv0986 => putative ABC transporter ATP-binding protein
[14:34:58] Modify product: Probable amino-acid metabolite efflux pump => putative amino-acid metabolite efflux pump
[14:34:58] Modify product: Probable GTPase Rv1496 => putative GTPase
[14:34:58] Modify product: Probable ribonucleotide transport ATP-binding protein mkl => putative ribonucleotide transport ATP-binding protein mkl
[14:34:58] Modify product: Uncharacterized glycosyltransferase YkoT => putative glycosyltransferase YkoT
[14:34:58] Modify product: Uncharacterized epimerase/dehydratase SA0511 => putative epimerase/dehydratase
[14:34:58] Modify product: Probable ATP-dependent transporter SufC => putative ATP-dependent transporter SufC
[14:34:58] Modify product: Uncharacterized ABC transporter ATP-binding protein TM_0288 => putative ABC transporter ATP-binding protein
[14:34:58] Modify product: Putative multidrug export ATP-binding/permease protein SAV1866 => Putative multidrug export ATP-binding/permease protein
[14:34:58] Modify product: PGL/p-HBAD biosynthesis glycosyltransferase Rv2957 => PGL/p-HBAD biosynthesis glycosyltransferase
[14:34:58] Modify product: Uncharacterized protein YcgM => putative protein YcgM
[14:34:58] Modify product: UPF0701 protein YicC => hypothetical protein
[14:34:58] Modify product: Putative zinc metalloprotease aq_1964 => Putative zinc metalloprotease
[14:34:58] Modify product: Probable enoyl-CoA hydratase 1 => putative enoyl-CoA hydratase 1
[14:34:58] Modify product: Uncharacterized ABC transporter ATP-binding protein YbiT => putative ABC transporter ATP-binding protein YbiT
[14:34:58] Modify product: Probable FMN/FAD exporter YeeO => putative FMN/FAD exporter YeeO
[14:34:58] Modify product: Probable multidrug ABC transporter permease YbhR => putative multidrug ABC transporter permease YbhR
[14:34:58] Modify product: Probable multidrug ABC transporter permease YbhS => putative multidrug ABC transporter permease YbhS
[14:34:58] Modify product: UPF0194 membrane protein YbhG => hypothetical protein
[14:34:58] Modify product: UPF0324 inner membrane protein YeiH => hypothetical protein
[14:34:58] Modify product: Probable efflux pump periplasmic linker TtgA => putative efflux pump periplasmic linker TtgA
[14:34:58] Modify product: Uncharacterized ABC transporter ATP-binding protein YheS => putative ABC transporter ATP-binding protein YheS
[14:34:59] Modify product: UPF0758 protein SP_1088 => hypothetical protein
[14:34:59] Modify product: Uncharacterized ABC transporter ATP-binding protein YknY => putative ABC transporter ATP-binding protein YknY
[14:34:59] Modify product: UPF0145 protein YbjQ => hypothetical protein
[14:34:59] Modify product: Uncharacterized HIT-like protein Rv0759c => putative HIT-like protein
[14:34:59] Modify product: Probable chromate transport protein => putative chromate transport protein
[14:34:59] Modify product: Probable chromate transport protein => putative chromate transport protein
[14:34:59] Modify product: UPF0073 inner membrane protein YqfA => hypothetical protein
[14:34:59] Cleaned 55 /product names
[14:34:59] Deleting unwanted file: prokka_output/M1140039743/M1140039743.sprot.tmp.53891.faa
[14:34:59] Deleting unwanted file: prokka_output/M1140039743/M1140039743.sprot.tmp.53891.blast
[14:34:59] There are still 1283 unannotated CDS left (started with 2030)
[14:34:59] Will use hmmer3 to search against /home/lorenzo/anaconda3/envs/prokka/db/hmm/HAMAP.hmm with 8 CPUs
[14:34:59] Running: cat prokka_output\/M1140039743\/M1140039743\.HAMAP\.hmm\.tmp\.53891\.faa | parallel --gnu --plain -j 8 --block 27265 --recstart '>' --pipe hmmscan --noali --notextw --acc -E 1e-09 --cpu 1 /home/lorenzo/anaconda3/envs/prokka/db/hmm/HAMAP.hmm /dev/stdin > prokka_output\/M1140039743\/M1140039743\.HAMAP\.hmm\.tmp\.53891\.hmmer3 2> /dev/null
[14:35:08] Deleting unwanted file: prokka_output/M1140039743/M1140039743.HAMAP.hmm.tmp.53891.faa
[14:35:08] Deleting unwanted file: prokka_output/M1140039743/M1140039743.HAMAP.hmm.tmp.53891.hmmer3
[14:35:08] Labelling remaining 1101 proteins as 'hypothetical protein'
[14:35:08] Possible /pseudo 'NAD(P) transhydrogenase subunit alpha' at gnl|Prokka|DHBFGMFK_1 position 4908
[14:35:08] Possible /pseudo '23S rRNA (guanosine-2'-O-)-methyltransferase RlmB' at gnl|Prokka|DHBFGMFK_1 position 360069
[14:35:08] Possible /pseudo 'Macrolide export ATP-binding/permease protein MacB' at gnl|Prokka|DHBFGMFK_2 position 54731
[14:35:08] Possible /pseudo '2,3,4,5-tetrahydropyridine-2,6-dicarboxylate N-acetyltransferase' at gnl|Prokka|DHBFGMFK_9 position 26823
[14:35:08] Possible /pseudo '1-deoxy-D-xylulose-5-phosphate synthase' at gnl|Prokka|DHBFGMFK_14 position 16604
[14:35:08] Possible /pseudo 'Chaperone SurA' at gnl|Prokka|DHBFGMFK_17 position 30584
[14:35:08] Possible /pseudo 'putative chromate transport protein' at gnl|Prokka|DHBFGMFK_21 position 14298
[14:35:08] Found 753 unique /gene codes.
[14:35:08] Fixed 2 duplicate /gene - cobD_1 cobD_2
[14:35:08] Fixed 2 duplicate /gene - btuD_1 btuD_2
[14:35:08] Fixed 2 duplicate /gene - rfbB_1 rfbB_2
[14:35:08] Fixed 3 duplicate /gene - deaD_1 deaD_2 deaD_3
[14:35:08] Fixed 2 duplicate /gene - rcsC_1 rcsC_2
[14:35:08] Fixed 2 duplicate /gene - patA_1 patA_2
[14:35:08] Fixed 2 duplicate /gene - msbA_1 msbA_2
[14:35:08] Fixed 2 duplicate /gene - kdsA_1 kdsA_2
[14:35:08] Fixed 2 duplicate /gene - algC_1 algC_2
[14:35:08] Fixed 2 duplicate /gene - ftsH_1 ftsH_2
[14:35:08] Fixed 2 duplicate /gene - mrcA_1 mrcA_2
[14:35:08] Fixed 2 duplicate /gene - rep_1 rep_2
[14:35:08] Fixed 2 duplicate /gene - relA_1 relA_2
[14:35:08] Fixed 2 duplicate /gene - srpC_1 srpC_2
[14:35:08] Fixed 2 duplicate /gene - rlmB_1 rlmB_2
[14:35:08] Fixed 2 duplicate /gene - lolE_1 lolE_2
[14:35:08] Fixed 2 duplicate /gene - apxIB_1 apxIB_2
[14:35:08] Fixed 4 duplicate /gene - mshA_1 mshA_2 mshA_3 mshA_4
[14:35:08] Fixed 2 duplicate /gene - gyrB_1 gyrB_2
[14:35:08] Fixed 2 duplicate /gene - hup_1 hup_2
[14:35:08] Fixed 2 duplicate /gene - glgB_1 glgB_2
[14:35:08] Fixed 2 duplicate /gene - purH_1 purH_2
[14:35:08] Fixed 2 duplicate /gene - cmk_1 cmk_2
[14:35:08] Fixed 3 duplicate /gene - dapH_1 dapH_2 dapH_3
[14:35:08] Fixed 2 duplicate /gene - cysG_1 cysG_2
[14:35:08] Fixed 9 duplicate /gene - btuB_1 btuB_2 btuB_3 btuB_4 btuB_5 btuB_6 btuB_7 btuB_8 btuB_9
[14:35:08] Fixed 5 duplicate /gene - sasA_1 sasA_2 sasA_3 sasA_4 sasA_5
[14:35:08] Fixed 2 duplicate /gene - lptB_1 lptB_2
[14:35:08] Fixed 2 duplicate /gene - korB_1 korB_2
[14:35:08] Fixed 2 duplicate /gene - pyrK_1 pyrK_2
[14:35:08] Fixed 2 duplicate /gene - miaA_1 miaA_2
[14:35:08] Fixed 2 duplicate /gene - lptD_1 lptD_2
[14:35:08] Fixed 2 duplicate /gene - tolQ_1 tolQ_2
[14:35:08] Fixed 2 duplicate /gene - pntA_1 pntA_2
[14:35:08] Fixed 2 duplicate /gene - yknY_1 yknY_2
[14:35:08] Fixed 2 duplicate /gene - mutS_1 mutS_2
[14:35:08] Fixed 7 duplicate /gene - resA_1 resA_2 resA_3 resA_4 resA_5 resA_6 resA_7
[14:35:08] Fixed 3 duplicate /gene - nudC_1 nudC_2 nudC_3
[14:35:08] Fixed 2 duplicate /gene - recD2_1 recD2_2
[14:35:08] Fixed 2 duplicate /gene - korA_1 korA_2
[14:35:08] Fixed 4 duplicate /gene - bepA_1 bepA_2 bepA_3 bepA_4
[14:35:08] Fixed 2 duplicate /gene - uvrA_1 uvrA_2
[14:35:08] Fixed 2 duplicate /gene - lpxA_1 lpxA_2
[14:35:08] Fixed 2 duplicate /gene - cirA_1 cirA_2
[14:35:08] Fixed 2 duplicate /gene - dxs_1 dxs_2
[14:35:08] Fixed 2 duplicate /gene - ribF_1 ribF_2
[14:35:08] Fixed 2 duplicate /gene - pta_1 pta_2
[14:35:08] Fixed 2 duplicate /gene - atpH_1 atpH_2
[14:35:08] Fixed 2 duplicate /gene - arnC_1 arnC_2
[14:35:08] Fixed 3 duplicate /gene - lagD_1 lagD_2 lagD_3
[14:35:08] Fixed 2 duplicate /gene - tuaB_1 tuaB_2
[14:35:08] Fixed 2 duplicate /gene - xerD_1 xerD_2
[14:35:08] Fixed 2 duplicate /gene - map_1 map_2
[14:35:08] Fixed 2 duplicate /gene - asnC_1 asnC_2
[14:35:08] Fixed 2 duplicate /gene - queA_1 queA_2
[14:35:08] Fixed 2 duplicate /gene - fusA_1 fusA_2
[14:35:08] Fixed 2 duplicate /gene - aspT_1 aspT_2
[14:35:08] Fixed 2 duplicate /gene - menF_1 menF_2
[14:35:08] Fixed 2 duplicate /gene - macB_1 macB_2
[14:35:08] Fixed 3 duplicate /gene - fcl_1 fcl_2 fcl_3
[14:35:08] Fixed 2 duplicate /gene - pspA_1 pspA_2
[14:35:08] Fixed 2 duplicate /gene - bamD_1 bamD_2
[14:35:08] Fixed 2 duplicate /gene - rny_1 rny_2
[14:35:08] Fixed 2 duplicate /gene - tadA_1 tadA_2
[14:35:08] Fixed 2 duplicate /gene - udk_1 udk_2
[14:35:08] Fixed 2 duplicate /gene - ccsA_1 ccsA_2
[14:35:08] Fixed 2 duplicate /gene - yfkN_1 yfkN_2
[14:35:08] Fixed 2 duplicate /gene - pepD_1 pepD_2
[14:35:08] Fixed 2 duplicate /gene - gph_1 gph_2
[14:35:08] Fixed 3 duplicate /gene - rluD_1 rluD_2 rluD_3
[14:35:08] Fixed 3 duplicate /gene - bamA_1 bamA_2 bamA_3
[14:35:08] Fixed 3 duplicate /gene - xerC_1 xerC_2 xerC_3
[14:35:08] Fixed 2 duplicate /gene - rhaS_1 rhaS_2
[14:35:08] Fixed 2 duplicate /gene - kefB_1 kefB_2
[14:35:08] Fixed 2 duplicate /gene - surA_1 surA_2
[14:35:08] Fixed 2 duplicate /gene - sigA_1 sigA_2
[14:35:08] Fixed 4 duplicate /gene - pal_1 pal_2 pal_3 pal_4
[14:35:08] Fixed 2 duplicate /gene - hmuU_1 hmuU_2
[14:35:08] Fixed 78 colliding /gene names.
[14:35:08] Adding /locus_tag identifiers
[14:35:08] Assigned 2078 locus_tags to CDS and RNA features.
[14:35:08] Writing outputs to prokka_output/M1140039743/
[14:35:09] Generating annotation statistics file
[14:35:09] Generating Genbank and Sequin files
[14:35:09] Running: tbl2asn -V b -a r10k -l paired-ends -M n -N 1 -y 'Annotated using prokka 1.14.6 from https://github.com/tseemann/prokka' -Z prokka_output\/M1140039743\/M1140039743\.err -i prokka_output\/M1140039743\/M1140039743\.fsa 2> /dev/null
[14:35:13] Deleting unwanted file: prokka_output/M1140039743/errorsummary.val
[14:35:13] Deleting unwanted file: prokka_output/M1140039743/M1140039743.dr
[14:35:13] Deleting unwanted file: prokka_output/M1140039743/M1140039743.fixedproducts
[14:35:13] Deleting unwanted file: prokka_output/M1140039743/M1140039743.ecn
[14:35:13] Deleting unwanted file: prokka_output/M1140039743/M1140039743.val
[14:35:13] Repairing broken .GBK output that tbl2asn produces...
[14:35:13] Running: sed 's/COORDINATES: profile/COORDINATES:profile/' < prokka_output\/M1140039743\/M1140039743\.gbf > prokka_output\/M1140039743\/M1140039743\.gbk
[14:35:13] Deleting unwanted file: prokka_output/M1140039743/M1140039743.gbf
[14:35:13] Output files:
[14:35:13] prokka_output/M1140039743/M1140039743.gbk
[14:35:13] prokka_output/M1140039743/M1140039743.fsa
[14:35:13] prokka_output/M1140039743/M1140039743.gff
[14:35:13] prokka_output/M1140039743/M1140039743.txt
[14:35:13] prokka_output/M1140039743/M1140039743.fna
[14:35:13] prokka_output/M1140039743/M1140039743.sqn
[14:35:13] prokka_output/M1140039743/M1140039743.ffn
[14:35:13] prokka_output/M1140039743/M1140039743.err
[14:35:13] prokka_output/M1140039743/M1140039743.tbl
[14:35:13] prokka_output/M1140039743/M1140039743.faa
[14:35:13] prokka_output/M1140039743/M1140039743.tsv
[14:35:13] prokka_output/M1140039743/M1140039743.log
[14:35:13] Annotation finished successfully.
[14:35:13] Walltime used: 1.12 minutes
[14:35:13] If you use this result please cite the Prokka paper:
[14:35:13] Seemann T (2014) Prokka: rapid prokaryotic genome annotation. Bioinformatics. 30(14):2068-9.
[14:35:13] Type 'prokka --citation' for more details.
[14:35:13] Share and enjoy!
