[14:44:14] This is prokka 1.14.6
[14:44:14] Written by Torsten Seemann <torsten.seemann@gmail.com>
[14:44:14] Homepage is https://github.com/tseemann/prokka
[14:44:14] Local time is Fri Mar 27 14:44:14 2026
[14:44:14] You are lorenzo
[14:44:14] Operating system is linux
[14:44:14] You have BioPerl 1.007002
[14:44:14] System has 8 cores.
[14:44:14] Will use maximum of 8 cores.
[14:44:14] Annotating as >>> Bacteria <<<
[14:44:14] Generating locus_tag from 'extracted_mags/M1548705285.fna' contents.
[14:44:14] Setting --locustag CEMEIKGF from MD5 ce6e240f915a278512e9bb62bb953349
[14:44:14] Enabling options to ensure Genbank/ENA/DDJB submission compliance.
[14:44:14] Re-using existing --outdir prokka_output/M1548705285
[14:44:14] Using filename prefix: M1548705285.XXX
[14:44:14] Setting HMMER_NCPU=1
[14:44:14] Writing log to: prokka_output/M1548705285/M1548705285.log
[14:44:14] Command: /home/lorenzo/anaconda3/envs/prokka/bin/prokka extracted_mags/M1548705285.fna --outdir prokka_output/M1548705285 --compliant --force --prefix M1548705285
[14:44:14] Appending to PATH: /home/lorenzo/anaconda3/envs/prokka/bin
[14:44:14] Looking for 'aragorn' - found /home/lorenzo/anaconda3/envs/prokka/bin/aragorn
[14:44:14] Determined aragorn version is 001002 from 'ARAGORN v1.2.41 Dean Laslett'
[14:44:14] Looking for 'barrnap' - found /home/lorenzo/anaconda3/envs/prokka/bin/barrnap
[14:44:15] Determined barrnap version is 000009 from 'barrnap 0.9'
[14:44:15] Looking for 'blastp' - found /home/lorenzo/anaconda3/envs/prokka/bin/blastp
[14:44:15] Determined blastp version is 002016 from 'blastp: 2.16.0+'
[14:44:15] Looking for 'cmpress' - found /home/lorenzo/anaconda3/envs/prokka/bin/cmpress
[14:44:15] Determined cmpress version is 001001 from '# INFERNAL 1.1.4 (Dec 2020)'
[14:44:15] Looking for 'cmscan' - found /home/lorenzo/anaconda3/envs/prokka/bin/cmscan
[14:44:15] Determined cmscan version is 001001 from '# INFERNAL 1.1.4 (Dec 2020)'
[14:44:15] Looking for 'egrep' - found /usr/bin/egrep
[14:44:15] Looking for 'find' - found /usr/bin/find
[14:44:15] Looking for 'grep' - found /usr/bin/grep
[14:44:15] Looking for 'hmmpress' - found /home/lorenzo/anaconda3/envs/prokka/bin/hmmpress
[14:44:15] Determined hmmpress version is 003004 from '# HMMER 3.4 (Aug 2023); http://hmmer.org/'
[14:44:15] Looking for 'hmmscan' - found /home/lorenzo/anaconda3/envs/prokka/bin/hmmscan
[14:44:15] Determined hmmscan version is 003004 from '# HMMER 3.4 (Aug 2023); http://hmmer.org/'
[14:44:15] Looking for 'java' - found /home/lorenzo/anaconda3/envs/prokka/bin/java
[14:44:15] Looking for 'makeblastdb' - found /home/lorenzo/anaconda3/envs/prokka/bin/makeblastdb
[14:44:15] Determined makeblastdb version is 002016 from 'makeblastdb: 2.16.0+'
[14:44:15] Looking for 'minced' - found /home/lorenzo/anaconda3/envs/prokka/bin/minced
[14:44:15] Determined minced version is 004002 from 'minced 0.4.2'
[14:44:15] Looking for 'parallel' - found /home/lorenzo/anaconda3/envs/prokka/bin/parallel
[14:44:15] Determined parallel version is 20260122 from 'GNU parallel 20260122'
[14:44:15] Looking for 'prodigal' - found /home/lorenzo/anaconda3/envs/prokka/bin/prodigal
[14:44:15] Determined prodigal version is 002006 from 'Prodigal V2.6.3: February, 2016'
[14:44:15] Looking for 'prokka-genbank_to_fasta_db' - found /home/lorenzo/anaconda3/envs/prokka/bin/prokka-genbank_to_fasta_db
[14:44:15] Looking for 'sed' - found /usr/bin/sed
[14:44:15] Looking for 'tbl2asn' - found /home/lorenzo/anaconda3/envs/prokka/bin/tbl2asn
[14:44:15] Determined tbl2asn version is 025007 from 'tbl2asn 25.7   arguments:'
[14:44:15] Using genetic code table 11.
[14:44:15] Loading and checking input file: extracted_mags/M1548705285.fna
[14:44:15] Wrote 36 contigs totalling 2403472 bp.
[14:44:15] Predicting tRNAs and tmRNAs
[14:44:15] Running: aragorn -l -gc11  -w prokka_output\/M1548705285\/M1548705285\.fna
[14:44:15] 1 tRNA-Leu c[48065,48147] 35 (tag)
[14:44:15] 2 tRNA-Ser [58737,58825] 35 (gga)
[14:44:15] 3 tRNA-Lys [249876,249949] 34 (ctt)
[14:44:15] 4 tRNA-Asp [285168,285243] 36 (gtc)
[14:44:15] 5 tRNA-Thr [285548,285622] 35 (tgt)
[14:44:15] 6 tRNA-Ser [330464,330551] 35 (gct)
[14:44:15] 7 tRNA-Glu [330578,330650] 34 (ctc)
[14:44:15] 8 tRNA-Pro c[358560,358633] 34 (tgg)
[14:44:15] 9 tRNA-Ser [371608,371693] 35 (tga)
[14:44:15] 1 tRNA-Gly c[90740,90813] 34 (gcc)
[14:44:15] 2 tRNA-Leu c[90829,90912] 35 (gag)
[14:44:15] 3 tRNA-Leu c[90936,91019] 35 (cag)
[14:44:15] 4 tRNA-Gly c[91050,91123] 34 (gcc)
[14:44:15] 5 tRNA-Ser c[103215,103302] 35 (cga)
[14:44:15] 6 tRNA-Phe [223174,223248] 34 (gaa)
[14:44:15] 7 tRNA-Thr [224927,225002] 34 (cgt)
[14:44:15] 8 tRNA-Gly [225033,225106] 34 (ccc)
[14:44:15] 1 tRNA-Arg c[48535,48609] 35 (acg)
[14:44:15] 1 tRNA-Phe c[7654,7727] 34 (gaa)
[14:44:15] 2 tRNA-Pro [7863,7937] 34 (cgg)
[14:44:15] 3 tRNA-Glu [124842,124916] 34 (ttc)
[14:44:15] 4 tRNA-Met c[150112,150186] 35 (cat)
[14:44:15] 1 tRNA-Leu c[1742,1826] 35 (caa)
[14:44:15] 2 tRNA-Gln [93626,93697] 33 (ttg)
[14:44:15] 3 tRNA-Leu [122371,122457] 34 (taa)
[14:44:15] 1 tRNA-His [110204,110282] 36 (gtg)
[14:44:15] 1 tRNA-Arg [3003,3077] 35 (ccg)
[14:44:15] 2 tRNA-Gln [55240,55311] 33 (ctg)
[14:44:15] 3 tRNA-Met [102819,102892] 34 (cat)
[14:44:15] 1 tRNA-His [2336,2410] 35 (gtg)
[14:44:15] 1 tmRNA c[12200,12597] 97,126 GNNNYALAA*
[14:44:15] 1 tRNA-Pro [13299,13372] 34 (ggg)
[14:44:15] 2 tRNA-Lys c[13534,13607] 34 (ttt)
[14:44:15] 3 tRNA-Met [37578,37652] 35 (cat)
[14:44:15] 1 tRNA-Thr [1943,2017] 35 (tgt)
[14:44:15] 2 tRNA-Tyr [2057,2140] 35 (gta)
[14:44:15] 3 tRNA-Gly [2228,2301] 34 (tcc)
[14:44:15] 4 tRNA-Thr [2306,2378] 33 (ggt)
[14:44:15] 5 tRNA-Trp [3720,3793] 34 (cca)
[14:44:15] 1 tRNA-Arg [5283,5358] 36 (tct)
[14:44:15] 2 tRNA-Cys c[11498,11571] 33 (gca)
[14:44:15] 1 tRNA-Asn c[5964,6039] 35 (gtt)
[14:44:15] 2 tRNA-Arg [28244,28316] 34 (cct)
[14:44:15] 1 tRNA-Ala [23807,23881] 35 (ggc)
[14:44:15] 1 tRNA-Val [14591,14666] 36 (tac)
[14:44:15] 2 tRNA-Val [14840,14915] 36 (tac)
[14:44:15] Found 46 tRNAs
[14:44:15] Predicting Ribosomal RNAs
[14:44:15] Running Barrnap with 8 threads
[14:44:16] 1 gnl|Prokka|CEMEIKGF_1 13 5S ribosomal RNA
[14:44:16] 2 gnl|Prokka|CEMEIKGF_33 3448 5S ribosomal RNA
[14:44:16] Found 2 rRNAs
[14:44:16] Skipping ncRNA search, enable with --rfam if desired.
[14:44:16] Total of 47 tRNA + rRNA features
[14:44:16] Searching for CRISPR repeats
[14:44:16] CRISPR1 gnl|Prokka|CEMEIKGF_6 43916 with 7 spacers
[14:44:16] CRISPR2 gnl|Prokka|CEMEIKGF_13 6143 with 30 spacers
[14:44:16] Found 2 CRISPRs
[14:44:16] Predicting coding sequences
[14:44:16] Contigs total 2403472 bp, so using single mode
[14:44:16] Running: prodigal -i prokka_output\/M1548705285\/M1548705285\.fna -c -m -g 11 -p single -f sco -q
[14:44:22] Excluding CDS which overlaps existing RNA (rRNA) at gnl|Prokka|CEMEIKGF_1:63..284 on - strand
[14:44:22] Excluding CDS which overlaps existing RNA (tRNA) at gnl|Prokka|CEMEIKGF_4:7830..7955 on - strand
[14:44:22] Excluding CDS which overlaps existing RNA (tRNA) at gnl|Prokka|CEMEIKGF_4:124761..124886 on + strand
[14:44:22] Excluding CDS which overlaps existing RNA (tRNA) at gnl|Prokka|CEMEIKGF_5:93282..93719 on - strand
[14:44:22] Excluding CDS which overlaps existing RNA (tRNA) at gnl|Prokka|CEMEIKGF_5:122369..124168 on + strand
[14:44:23] Excluding CDS which overlaps existing RNA (rRNA) at gnl|Prokka|CEMEIKGF_33:3308..3556 on + strand
[14:44:23] Found 2036 CDS
[14:44:23] Connecting features back to sequences
[14:44:23] Not using genus-specific database. Try --usegenus to enable it.
[14:44:23] Annotating CDS, please be patient.
[14:44:23] Will use 8 CPUs for similarity searching.
[14:44:23] There are still 2036 unannotated CDS left (started with 2036)
[14:44:23] Will use blast to search against /home/lorenzo/anaconda3/envs/prokka/db/kingdom/Bacteria/IS with 8 CPUs
[14:44:23] Running: cat prokka_output\/M1548705285\/M1548705285\.IS\.tmp\.73397\.faa | parallel --gnu --plain -j 8 --block 44720 --recstart '>' --pipe blastp -query - -db /home/lorenzo/anaconda3/envs/prokka/db/kingdom/Bacteria/IS -evalue 1e-30 -qcov_hsp_perc 90 -num_threads 1 -num_descriptions 1 -num_alignments 1 -seg no > prokka_output\/M1548705285\/M1548705285\.IS\.tmp\.73397\.blast 2> /dev/null
[14:44:31] Deleting unwanted file: prokka_output/M1548705285/M1548705285.IS.tmp.73397.faa
[14:44:31] Deleting unwanted file: prokka_output/M1548705285/M1548705285.IS.tmp.73397.blast
[14:44:31] There are still 2024 unannotated CDS left (started with 2036)
[14:44:31] Will use blast to search against /home/lorenzo/anaconda3/envs/prokka/db/kingdom/Bacteria/AMR with 8 CPUs
[14:44:31] Running: cat prokka_output\/M1548705285\/M1548705285\.AMR\.tmp\.73397\.faa | parallel --gnu --plain -j 8 --block 44525 --recstart '>' --pipe blastp -query - -db /home/lorenzo/anaconda3/envs/prokka/db/kingdom/Bacteria/AMR -evalue 9.99999999999999e-301 -qcov_hsp_perc 90 -num_threads 1 -num_descriptions 1 -num_alignments 1 -seg no > prokka_output\/M1548705285\/M1548705285\.AMR\.tmp\.73397\.blast 2> /dev/null
[14:44:37] Deleting unwanted file: prokka_output/M1548705285/M1548705285.AMR.tmp.73397.faa
[14:44:37] Deleting unwanted file: prokka_output/M1548705285/M1548705285.AMR.tmp.73397.blast
[14:44:37] There are still 2024 unannotated CDS left (started with 2036)
[14:44:37] Will use blast to search against /home/lorenzo/anaconda3/envs/prokka/db/kingdom/Bacteria/sprot with 8 CPUs
[14:44:37] Running: cat prokka_output\/M1548705285\/M1548705285\.sprot\.tmp\.73397\.faa | parallel --gnu --plain -j 8 --block 44525 --recstart '>' --pipe blastp -query - -db /home/lorenzo/anaconda3/envs/prokka/db/kingdom/Bacteria/sprot -evalue 1e-09 -qcov_hsp_perc 80 -num_threads 1 -num_descriptions 1 -num_alignments 1 -seg no > prokka_output\/M1548705285\/M1548705285\.sprot\.tmp\.73397\.blast 2> /dev/null
[14:45:04] Modify product: Probable transcriptional regulatory protein HP_0162 => putative transcriptional regulatory protein
[14:45:04] Modify product: UPF0353 protein Rv1481 => hypothetical protein
[14:45:04] Modify product: Acetyltransferase PA3944 => Acetyltransferase
[14:45:04] Modify product: Probable GTP-binding protein EngB => putative GTP-binding protein EngB
[14:45:04] Modify product: Uncharacterized protein YqgN => putative protein YqgN
[14:45:04] Modify product: Uncharacterized epimerase/dehydratase SA0511 => putative epimerase/dehydratase
[14:45:04] Modify product: UPF0758 protein SP_1088 => hypothetical protein
[14:45:04] Modify product: Uncharacterized protein YqeY => putative protein YqeY
[14:45:04] Modify product: Uncharacterized zinc protease Rv2782c => putative zinc protease
[14:45:04] Modify product: Probable efflux pump periplasmic linker TtgA => putative efflux pump periplasmic linker TtgA
[14:45:04] Modify product: UPF0371 protein DIP2346 => hypothetical protein
[14:45:04] Modify product: 23S rRNA 5-hydroxycytidine C2501 synthase => 23S rRNA 5-hydroxycytidine synthase
[14:45:04] Modify product: Peptidoglycan-N-acetylglucosamine deacetylase BC_3618 => Peptidoglycan-N-acetylglucosamine deacetylase
[14:45:04] Modify product: UPF0145 protein YbjQ => hypothetical protein
[14:45:04] Modify product: Bifunctional protein FolD => Bifunctional protein FolD protein
[14:45:04] Modify product: Probable TonB-dependent receptor NMB0964 => putative TonB-dependent receptor
[14:45:04] Modify product: UPF0053 protein Rv2366c => hypothetical protein
[14:45:04] Modify product: Putative esterase PA1618 => Putative esterase
[14:45:04] Modify product: Uncharacterized protein Rv2581c => putative protein
[14:45:04] Modify product: Uncharacterized protein HI_0933 => putative protein
[14:45:04] Modify product: UPF0053 protein Rv2366c => hypothetical protein
[14:45:04] Modify product: Probable ribonucleotide transport ATP-binding protein mkl => putative ribonucleotide transport ATP-binding protein mkl
[14:45:04] Modify product: Probable GTPase Rv1496 => putative GTPase
[14:45:04] Modify product: UPF0324 inner membrane protein YeiH => hypothetical protein
[14:45:04] Modify product: UPF0194 membrane protein YbhG => hypothetical protein
[14:45:04] Modify product: Probable multidrug ABC transporter permease YbhS => putative multidrug ABC transporter permease YbhS
[14:45:04] Modify product: Probable multidrug ABC transporter permease YbhR => putative multidrug ABC transporter permease YbhR
[14:45:04] Modify product: Probable FMN/FAD exporter YeeO => putative FMN/FAD exporter YeeO
[14:45:04] Modify product: Uncharacterized ABC transporter ATP-binding protein YbiT => putative ABC transporter ATP-binding protein YbiT
[14:45:04] Modify product: Probable nicotinate-nucleotide pyrophosphorylase [carboxylating] => putative nicotinate-nucleotide pyrophosphorylase [carboxylating]
[14:45:04] Modify product: Uncharacterized oxidoreductase Rv0945 => putative oxidoreductase
[14:45:04] Modify product: Uncharacterized protein YjbR => putative protein YjbR
[14:45:04] Modify product: Probable glycine dehydrogenase (decarboxylating) subunit 1 => putative glycine dehydrogenase (decarboxylating) subunit 1
[14:45:04] Modify product: Probable glycine dehydrogenase (decarboxylating) subunit 2 => putative glycine dehydrogenase (decarboxylating) subunit 2
[14:45:04] Modify product: Uncharacterized ABC transporter ATP-binding protein YknY => putative ABC transporter ATP-binding protein YknY
[14:45:04] Modify product: Uncharacterized protein YpjD => putative protein YpjD
[14:45:04] Modify product: Probable multidrug ABC transporter permease YbhR => putative multidrug ABC transporter permease YbhR
[14:45:04] Modify product: Glutathione peroxidase homolog BsaA => Glutathione peroxidase BsaA
[14:45:04] Modify product: Uncharacterized acyl--CoA ligase YhfT => putative acyl--CoA ligase YhfT
[14:45:04] Modify product: GTP cyclohydrolase 1 type 2 homolog => GTP cyclohydrolase 1 type 2 
[14:45:04] Modify product: Uncharacterized ABC transporter ATP-binding protein YknY => putative ABC transporter ATP-binding protein YknY
[14:45:04] Modify product: Probable chromosome-partitioning protein ParB => putative chromosome-partitioning protein ParB
[14:45:05] Modify product: Putative multidrug export ATP-binding/permease protein SAV1866 => Putative multidrug export ATP-binding/permease protein
[14:45:05] Modify product: PGL/p-HBAD biosynthesis glycosyltransferase Rv2957 => PGL/p-HBAD biosynthesis glycosyltransferase
[14:45:05] Modify product: Uncharacterized protein YcgM => putative protein YcgM
[14:45:05] Modify product: UPF0701 protein YicC => hypothetical protein
[14:45:05] Modify product: Putative zinc metalloprotease aq_1964 => Putative zinc metalloprotease
[14:45:05] Modify product: Probable amino-acid metabolite efflux pump => putative amino-acid metabolite efflux pump
[14:45:05] Modify product: Uncharacterized glycosyltransferase YkoT => putative glycosyltransferase YkoT
[14:45:05] Modify product: Uncharacterized ABC transporter ATP-binding protein YheS => putative ABC transporter ATP-binding protein YheS
[14:45:05] Modify product: Probable ATP-dependent transporter SufC => putative ATP-dependent transporter SufC
[14:45:05] Modify product: Probable type I restriction enzyme BthVORF4518P M protein => putative type I restriction enzymeP M protein
[14:45:05] Modify product: Probable chromate transport protein => putative chromate transport protein
[14:45:05] Modify product: Probable chromate transport protein => putative chromate transport protein
[14:45:05] Modify product: UPF0073 inner membrane protein YqfA => hypothetical protein
[14:45:05] Modify product: Probable enoyl-CoA hydratase 1 => putative enoyl-CoA hydratase 1
[14:45:05] Modify product: SusD-like protein BACOVA_02651 => SusD-like protein
[14:45:05] Modify product: Uncharacterized HIT-like protein Rv0759c => putative HIT-like protein
[14:45:05] Modify product: Uncharacterized ABC transporter ATP-binding protein YknY => putative ABC transporter ATP-binding protein YknY
[14:45:05] Cleaned 59 /product names
[14:45:05] Deleting unwanted file: prokka_output/M1548705285/M1548705285.sprot.tmp.73397.faa
[14:45:05] Deleting unwanted file: prokka_output/M1548705285/M1548705285.sprot.tmp.73397.blast
[14:45:05] There are still 1276 unannotated CDS left (started with 2036)
[14:45:05] Will use hmmer3 to search against /home/lorenzo/anaconda3/envs/prokka/db/hmm/HAMAP.hmm with 8 CPUs
[14:45:05] Running: cat prokka_output\/M1548705285\/M1548705285\.HAMAP\.hmm\.tmp\.73397\.faa | parallel --gnu --plain -j 8 --block 27042 --recstart '>' --pipe hmmscan --noali --notextw --acc -E 1e-09 --cpu 1 /home/lorenzo/anaconda3/envs/prokka/db/hmm/HAMAP.hmm /dev/stdin > prokka_output\/M1548705285\/M1548705285\.HAMAP\.hmm\.tmp\.73397\.hmmer3 2> /dev/null
[14:45:14] Deleting unwanted file: prokka_output/M1548705285/M1548705285.HAMAP.hmm.tmp.73397.faa
[14:45:14] Deleting unwanted file: prokka_output/M1548705285/M1548705285.HAMAP.hmm.tmp.73397.hmmer3
[14:45:14] Labelling remaining 1085 proteins as 'hypothetical protein'
[14:45:14] Possible /pseudo 'NAD(P) transhydrogenase subunit alpha' at gnl|Prokka|CEMEIKGF_1 position 181628
[14:45:14] Possible /pseudo '23S rRNA (guanosine-2'-O-)-methyltransferase RlmB' at gnl|Prokka|CEMEIKGF_2 position 56663
[14:45:14] Possible /pseudo 'Macrolide export ATP-binding/permease protein MacB' at gnl|Prokka|CEMEIKGF_3 position 72732
[14:45:14] Possible /pseudo 'IS5 family transposase ISPta1' at gnl|Prokka|CEMEIKGF_7 position 32409
[14:45:14] Possible /pseudo 'DNA primase' at gnl|Prokka|CEMEIKGF_7 position 86796
[14:45:14] Possible /pseudo 'GTP 3',8-cyclase' at gnl|Prokka|CEMEIKGF_8 position 3537
[14:45:14] Possible /pseudo 'Putative nuclease YhcG' at gnl|Prokka|CEMEIKGF_12 position 49167
[14:45:14] Possible /pseudo 'Chaperone SurA' at gnl|Prokka|CEMEIKGF_22 position 7625
[14:45:14] Possible /pseudo 'putative chromate transport protein' at gnl|Prokka|CEMEIKGF_24 position 14454
[14:45:14] Possible /pseudo 'Vitamin B12 transporter BtuB' at gnl|Prokka|CEMEIKGF_26 position 18023
[14:45:14] Found 759 unique /gene codes.
[14:45:14] Fixed 2 duplicate /gene - dnaG_1 dnaG_2
[14:45:14] Fixed 2 duplicate /gene - pfkB_1 pfkB_2
[14:45:14] Fixed 2 duplicate /gene - miaB_1 miaB_2
[14:45:14] Fixed 3 duplicate /gene - rhaS_1 rhaS_2 rhaS_3
[14:45:14] Fixed 2 duplicate /gene - mrdB_1 mrdB_2
[14:45:14] Fixed 2 duplicate /gene - rcsC_1 rcsC_2
[14:45:14] Fixed 2 duplicate /gene - patA_1 patA_2
[14:45:14] Fixed 3 duplicate /gene - surA_1 surA_2 surA_3
[14:45:14] Fixed 2 duplicate /gene - srpC_1 srpC_2
[14:45:14] Fixed 2 duplicate /gene - cysS_1 cysS_2
[14:45:14] Fixed 2 duplicate /gene - rny_1 rny_2
[14:45:14] Fixed 9 duplicate /gene - btuB_1 btuB_2 btuB_3 btuB_4 btuB_5 btuB_6 btuB_7 btuB_8 btuB_9
[14:45:14] Fixed 2 duplicate /gene - tuaB_1 tuaB_2
[14:45:14] Fixed 2 duplicate /gene - atpH_1 atpH_2
[14:45:14] Fixed 2 duplicate /gene - recD2_1 recD2_2
[14:45:14] Fixed 3 duplicate /gene - kdsA_1 kdsA_2 kdsA_3
[14:45:14] Fixed 2 duplicate /gene - asnC_1 asnC_2
[14:45:14] Fixed 2 duplicate /gene - rfbB_1 rfbB_2
[14:45:14] Fixed 2 duplicate /gene - ispU_1 ispU_2
[14:45:14] Fixed 2 duplicate /gene - msbA_1 msbA_2
[14:45:14] Fixed 5 duplicate /gene - bepA_1 bepA_2 bepA_3 bepA_4 bepA_5
[14:45:14] Fixed 2 duplicate /gene - der_1 der_2
[14:45:14] Fixed 2 duplicate /gene - hmuU_1 hmuU_2
[14:45:14] Fixed 2 duplicate /gene - mrcA_1 mrcA_2
[14:45:14] Fixed 2 duplicate /gene - btuD_1 btuD_2
[14:45:14] Fixed 2 duplicate /gene - menF_1 menF_2
[14:45:14] Fixed 2 duplicate /gene - lpxA_1 lpxA_2
[14:45:14] Fixed 2 duplicate /gene - xerD_1 xerD_2
[14:45:14] Fixed 2 duplicate /gene - lolE_1 lolE_2
[14:45:14] Fixed 2 duplicate /gene - korA_1 korA_2
[14:45:14] Fixed 2 duplicate /gene - topB_1 topB_2
[14:45:14] Fixed 2 duplicate /gene - apxIB_1 apxIB_2
[14:45:14] Fixed 3 duplicate /gene - rluD_1 rluD_2 rluD_3
[14:45:14] Fixed 2 duplicate /gene - glgB_1 glgB_2
[14:45:14] Fixed 2 duplicate /gene - pepD_1 pepD_2
[14:45:14] Fixed 2 duplicate /gene - tadA_1 tadA_2
[14:45:14] Fixed 2 duplicate /gene - fcl_1 fcl_2
[14:45:14] Fixed 2 duplicate /gene - kefB_1 kefB_2
[14:45:14] Fixed 2 duplicate /gene - scpC_1 scpC_2
[14:45:14] Fixed 2 duplicate /gene - korB_1 korB_2
[14:45:14] Fixed 3 duplicate /gene - yknY_1 yknY_2 yknY_3
[14:45:14] Fixed 2 duplicate /gene - uvrA_1 uvrA_2
[14:45:14] Fixed 2 duplicate /gene - rsxB_1 rsxB_2
[14:45:14] Fixed 2 duplicate /gene - ybhR_1 ybhR_2
[14:45:14] Fixed 2 duplicate /gene - murI_1 murI_2
[14:45:14] Fixed 2 duplicate /gene - yhcG_1 yhcG_2
[14:45:14] Fixed 2 duplicate /gene - map_1 map_2
[14:45:14] Fixed 2 duplicate /gene - miaA_1 miaA_2
[14:45:14] Fixed 2 duplicate /gene - pta_1 pta_2
[14:45:14] Fixed 2 duplicate /gene - prmC_1 prmC_2
[14:45:14] Fixed 2 duplicate /gene - ftsH_1 ftsH_2
[14:45:14] Fixed 2 duplicate /gene - purH_1 purH_2
[14:45:14] Fixed 2 duplicate /gene - gph_1 gph_2
[14:45:14] Fixed 2 duplicate /gene - macB_1 macB_2
[14:45:14] Fixed 4 duplicate /gene - mshA_1 mshA_2 mshA_3 mshA_4
[14:45:14] Fixed 2 duplicate /gene - pyrK_1 pyrK_2
[14:45:14] Fixed 6 duplicate /gene - resA_1 resA_2 resA_3 resA_4 resA_5 resA_6
[14:45:14] Fixed 2 duplicate /gene - rnhA_1 rnhA_2
[14:45:14] Fixed 2 duplicate /gene - lptB_1 lptB_2
[14:45:14] Fixed 2 duplicate /gene - arnC_1 arnC_2
[14:45:14] Fixed 2 duplicate /gene - deaD_1 deaD_2
[14:45:14] Fixed 2 duplicate /gene - aspT_1 aspT_2
[14:45:14] Fixed 2 duplicate /gene - relA_1 relA_2
[14:45:14] Fixed 2 duplicate /gene - mdoB_1 mdoB_2
[14:45:14] Fixed 2 duplicate /gene - argS_1 argS_2
[14:45:14] Fixed 2 duplicate /gene - pspA_1 pspA_2
[14:45:14] Fixed 2 duplicate /gene - pntA_1 pntA_2
[14:45:14] Fixed 3 duplicate /gene - xerC_1 xerC_2 xerC_3
[14:45:14] Fixed 2 duplicate /gene - rep_1 rep_2
[14:45:14] Fixed 2 duplicate /gene - queA_1 queA_2
[14:45:14] Fixed 3 duplicate /gene - moaA_1 moaA_2 moaA_3
[14:45:14] Fixed 2 duplicate /gene - hup_1 hup_2
[14:45:14] Fixed 2 duplicate /gene - algC_1 algC_2
[14:45:14] Fixed 5 duplicate /gene - sasA_1 sasA_2 sasA_3 sasA_4 sasA_5
[14:45:14] Fixed 2 duplicate /gene - cmk_1 cmk_2
[14:45:14] Fixed 2 duplicate /gene - dapH_1 dapH_2
[14:45:14] Fixed 4 duplicate /gene - pal_1 pal_2 pal_3 pal_4
[14:45:14] Fixed 2 duplicate /gene - skp_1 skp_2
[14:45:14] Fixed 4 duplicate /gene - bamA_1 bamA_2 bamA_3 bamA_4
[14:45:14] Fixed 3 duplicate /gene - nudC_1 nudC_2 nudC_3
[14:45:14] Fixed 2 duplicate /gene - gyrB_1 gyrB_2
[14:45:14] Fixed 2 duplicate /gene - clpX_1 clpX_2
[14:45:14] Fixed 2 duplicate /gene - udk_1 udk_2
[14:45:14] Fixed 2 duplicate /gene - cobD_1 cobD_2
[14:45:14] Fixed 2 duplicate /gene - mutS_1 mutS_2
[14:45:14] Fixed 2 duplicate /gene - lptD_1 lptD_2
[14:45:14] Fixed 2 duplicate /gene - cysG_1 cysG_2
[14:45:14] Fixed 2 duplicate /gene - rlmB_1 rlmB_2
[14:45:14] Fixed 2 duplicate /gene - tolQ_1 tolQ_2
[14:45:14] Fixed 2 duplicate /gene - bamD_1 bamD_2
[14:45:14] Fixed 2 duplicate /gene - fusA_1 fusA_2
[14:45:14] Fixed 2 duplicate /gene - sigA_1 sigA_2
[14:45:14] Fixed 92 colliding /gene names.
[14:45:14] Adding /locus_tag identifiers
[14:45:14] Assigned 2084 locus_tags to CDS and RNA features.
[14:45:14] Writing outputs to prokka_output/M1548705285/
[14:45:15] Generating annotation statistics file
[14:45:15] Generating Genbank and Sequin files
[14:45:15] Running: tbl2asn -V b -a r10k -l paired-ends -M n -N 1 -y 'Annotated using prokka 1.14.6 from https://github.com/tseemann/prokka' -Z prokka_output\/M1548705285\/M1548705285\.err -i prokka_output\/M1548705285\/M1548705285\.fsa 2> /dev/null
[14:45:19] Deleting unwanted file: prokka_output/M1548705285/errorsummary.val
[14:45:19] Deleting unwanted file: prokka_output/M1548705285/M1548705285.dr
[14:45:19] Deleting unwanted file: prokka_output/M1548705285/M1548705285.fixedproducts
[14:45:19] Deleting unwanted file: prokka_output/M1548705285/M1548705285.ecn
[14:45:19] Deleting unwanted file: prokka_output/M1548705285/M1548705285.val
[14:45:19] Repairing broken .GBK output that tbl2asn produces...
[14:45:19] Running: sed 's/COORDINATES: profile/COORDINATES:profile/' < prokka_output\/M1548705285\/M1548705285\.gbf > prokka_output\/M1548705285\/M1548705285\.gbk
[14:45:19] Deleting unwanted file: prokka_output/M1548705285/M1548705285.gbf
[14:45:19] Output files:
[14:45:19] prokka_output/M1548705285/M1548705285.tsv
[14:45:19] prokka_output/M1548705285/M1548705285.fsa
[14:45:19] prokka_output/M1548705285/M1548705285.log
[14:45:19] prokka_output/M1548705285/M1548705285.gbk
[14:45:19] prokka_output/M1548705285/M1548705285.gff
[14:45:19] prokka_output/M1548705285/M1548705285.faa
[14:45:19] prokka_output/M1548705285/M1548705285.ffn
[14:45:19] prokka_output/M1548705285/M1548705285.err
[14:45:19] prokka_output/M1548705285/M1548705285.txt
[14:45:19] prokka_output/M1548705285/M1548705285.sqn
[14:45:19] prokka_output/M1548705285/M1548705285.tbl
[14:45:19] prokka_output/M1548705285/M1548705285.fna
[14:45:19] Annotation finished successfully.
[14:45:19] Walltime used: 1.08 minutes
[14:45:19] If you use this result please cite the Prokka paper:
[14:45:19] Seemann T (2014) Prokka: rapid prokaryotic genome annotation. Bioinformatics. 30(14):2068-9.
[14:45:19] Type 'prokka --citation' for more details.
[14:45:19] Share and enjoy!
