[14:56:49] This is prokka 1.14.6
[14:56:49] Written by Torsten Seemann <torsten.seemann@gmail.com>
[14:56:49] Homepage is https://github.com/tseemann/prokka
[14:56:49] Local time is Fri Mar 27 14:56:49 2026
[14:56:49] You are lorenzo
[14:56:49] Operating system is linux
[14:56:49] You have BioPerl 1.007002
[14:56:49] System has 8 cores.
[14:56:49] Will use maximum of 8 cores.
[14:56:49] Annotating as >>> Bacteria <<<
[14:56:49] Generating locus_tag from 'extracted_mags/M1846526184.fna' contents.
[14:56:49] Setting --locustag OFFJBEEN from MD5 8ff3bee7e9972a2e2b976b272dc6aa32
[14:56:49] Enabling options to ensure Genbank/ENA/DDJB submission compliance.
[14:56:49] Re-using existing --outdir prokka_output/M1846526184
[14:56:49] Using filename prefix: M1846526184.XXX
[14:56:49] Setting HMMER_NCPU=1
[14:56:49] Writing log to: prokka_output/M1846526184/M1846526184.log
[14:56:49] Command: /home/lorenzo/anaconda3/envs/prokka/bin/prokka extracted_mags/M1846526184.fna --outdir prokka_output/M1846526184 --compliant --force --prefix M1846526184
[14:56:49] Appending to PATH: /home/lorenzo/anaconda3/envs/prokka/bin
[14:56:49] Looking for 'aragorn' - found /home/lorenzo/anaconda3/envs/prokka/bin/aragorn
[14:56:49] Determined aragorn version is 001002 from 'ARAGORN v1.2.41 Dean Laslett'
[14:56:49] Looking for 'barrnap' - found /home/lorenzo/anaconda3/envs/prokka/bin/barrnap
[14:56:49] Determined barrnap version is 000009 from 'barrnap 0.9'
[14:56:49] Looking for 'blastp' - found /home/lorenzo/anaconda3/envs/prokka/bin/blastp
[14:56:49] Determined blastp version is 002016 from 'blastp: 2.16.0+'
[14:56:49] Looking for 'cmpress' - found /home/lorenzo/anaconda3/envs/prokka/bin/cmpress
[14:56:49] Determined cmpress version is 001001 from '# INFERNAL 1.1.4 (Dec 2020)'
[14:56:49] Looking for 'cmscan' - found /home/lorenzo/anaconda3/envs/prokka/bin/cmscan
[14:56:49] Determined cmscan version is 001001 from '# INFERNAL 1.1.4 (Dec 2020)'
[14:56:49] Looking for 'egrep' - found /usr/bin/egrep
[14:56:49] Looking for 'find' - found /usr/bin/find
[14:56:49] Looking for 'grep' - found /usr/bin/grep
[14:56:49] Looking for 'hmmpress' - found /home/lorenzo/anaconda3/envs/prokka/bin/hmmpress
[14:56:49] Determined hmmpress version is 003004 from '# HMMER 3.4 (Aug 2023); http://hmmer.org/'
[14:56:49] Looking for 'hmmscan' - found /home/lorenzo/anaconda3/envs/prokka/bin/hmmscan
[14:56:49] Determined hmmscan version is 003004 from '# HMMER 3.4 (Aug 2023); http://hmmer.org/'
[14:56:49] Looking for 'java' - found /home/lorenzo/anaconda3/envs/prokka/bin/java
[14:56:49] Looking for 'makeblastdb' - found /home/lorenzo/anaconda3/envs/prokka/bin/makeblastdb
[14:56:49] Determined makeblastdb version is 002016 from 'makeblastdb: 2.16.0+'
[14:56:49] Looking for 'minced' - found /home/lorenzo/anaconda3/envs/prokka/bin/minced
[14:56:49] Determined minced version is 004002 from 'minced 0.4.2'
[14:56:49] Looking for 'parallel' - found /home/lorenzo/anaconda3/envs/prokka/bin/parallel
[14:56:49] Determined parallel version is 20260122 from 'GNU parallel 20260122'
[14:56:49] Looking for 'prodigal' - found /home/lorenzo/anaconda3/envs/prokka/bin/prodigal
[14:56:49] Determined prodigal version is 002006 from 'Prodigal V2.6.3: February, 2016'
[14:56:49] Looking for 'prokka-genbank_to_fasta_db' - found /home/lorenzo/anaconda3/envs/prokka/bin/prokka-genbank_to_fasta_db
[14:56:49] Looking for 'sed' - found /usr/bin/sed
[14:56:49] Looking for 'tbl2asn' - found /home/lorenzo/anaconda3/envs/prokka/bin/tbl2asn
[14:56:49] Determined tbl2asn version is 025007 from 'tbl2asn 25.7   arguments:'
[14:56:49] Using genetic code table 11.
[14:56:49] Loading and checking input file: extracted_mags/M1846526184.fna
[14:56:49] Wrote 52 contigs totalling 2414875 bp.
[14:56:49] Predicting tRNAs and tmRNAs
[14:56:49] Running: aragorn -l -gc11  -w prokka_output\/M1846526184\/M1846526184\.fna
[14:56:50] 1 tRNA-Pro [84926,84999] 34 (ggg)
[14:56:50] 2 tRNA-Lys c[85160,85233] 34 (ttt)
[14:56:50] 3 tRNA-Met [109204,109278] 35 (cat)
[14:56:50] 4 tRNA-Val [163477,163552] 36 (tac)
[14:56:50] 5 tRNA-Val [163726,163801] 36 (tac)
[14:56:50] 1 tRNA-Gly c[90763,90836] 34 (gcc)
[14:56:50] 2 tRNA-Leu c[90852,90935] 35 (gag)
[14:56:50] 3 tRNA-Leu c[90959,91042] 35 (cag)
[14:56:50] 4 tRNA-Gly c[91073,91146] 34 (gcc)
[14:56:50] 5 tRNA-Ser c[103238,103325] 35 (cga)
[14:56:50] 1 tRNA-Ser c[138904,138992] 35 (gga)
[14:56:50] 2 tRNA-Leu [149582,149664] 35 (tag)
[14:56:50] 1 tRNA-His [65439,65513] 35 (gtg)
[14:56:50] 2 tmRNA c[73246,73643] 97,126 GNNNYALAA*
[14:56:50] 1 tRNA-Asp [11561,11636] 36 (gtc)
[14:56:50] 2 tRNA-Asp [11682,11757] 36 (gtc)
[14:56:50] 3 tRNA-Thr [12062,12136] 35 (tgt)
[14:56:50] 4 tRNA-Ser [56975,57062] 35 (gct)
[14:56:50] 5 tRNA-Glu [57089,57161] 34 (ctc)
[14:56:50] 6 tRNA-Pro c[85071,85144] 34 (tgg)
[14:56:50] 7 tRNA-Ser [98118,98203] 35 (tga)
[14:56:50] 1 tRNA-Gln [51260,51331] 33 (ttg)
[14:56:50] 2 tRNA-Leu [80019,80105] 34 (taa)
[14:56:50] 1 tRNA-Glu [42307,42381] 34 (ttc)
[14:56:50] 2 tRNA-Met c[67577,67651] 35 (cat)
[14:56:50] 1 tRNA-Lys c[20866,20939] 34 (ctt)
[14:56:50] 1 tRNA-Gln [23370,23441] 33 (ctg)
[14:56:50] 2 tRNA-Met [71224,71297] 34 (cat)
[14:56:50] 1 tRNA-Cys [39382,39455] 33 (gca)
[14:56:50] 2 tRNA-Arg c[45595,45670] 36 (tct)
[14:56:50] 1 tRNA-Leu c[1278,1362] 35 (caa)
[14:56:50] 1 tRNA-Asn c[6754,6829] 35 (gtt)
[14:56:50] 2 tRNA-Arg [30223,30295] 34 (cct)
[14:56:50] 1 tRNA-Ala [23752,23826] 35 (ggc)
[14:56:50] 1 tRNA-Phe c[7726,7799] 34 (gaa)
[14:56:50] 2 tRNA-Pro [7935,8009] 34 (cgg)
[14:56:50] 1 tRNA-Arg c[21315,21389] 35 (acg)
[14:56:50] 1 tRNA-Arg [3003,3077] 35 (ccg)
[14:56:50] 1 tRNA-Trp c[17374,17447] 34 (cca)
[14:56:50] 2 tRNA-Thr c[18789,18861] 33 (ggt)
[14:56:50] 3 tRNA-Gly c[18866,18939] 34 (tcc)
[14:56:50] 4 tRNA-Tyr c[19027,19110] 35 (gta)
[14:56:50] 5 tRNA-Thr c[19150,19224] 35 (tgt)
[14:56:50] 1 tRNA-Phe [5292,5366] 34 (gaa)
[14:56:50] 2 tRNA-Thr [7045,7120] 34 (cgt)
[14:56:50] 3 tRNA-Gly [7151,7224] 34 (ccc)
[14:56:50] Found 46 tRNAs
[14:56:50] Predicting Ribosomal RNAs
[14:56:50] Running Barrnap with 8 threads
[14:56:50] 1 gnl|Prokka|OFFJBEEN_18 37869 5S ribosomal RNA
[14:56:50] 2 gnl|Prokka|OFFJBEEN_2 4 5S ribosomal RNA (partial)
[14:56:50] Found 2 rRNAs
[14:56:50] Skipping ncRNA search, enable with --rfam if desired.
[14:56:50] Total of 47 tRNA + rRNA features
[14:56:50] Searching for CRISPR repeats
[14:56:50] CRISPR1 gnl|Prokka|OFFJBEEN_4 187895 with 7 spacers
[14:56:50] CRISPR2 gnl|Prokka|OFFJBEEN_25 22610 with 36 spacers
[14:56:50] Found 2 CRISPRs
[14:56:50] Predicting coding sequences
[14:56:50] Contigs total 2414875 bp, so using single mode
[14:56:50] Running: prodigal -i prokka_output\/M1846526184\/M1846526184\.fna -c -m -g 11 -p single -f sco -q
[14:56:56] Excluding CDS which overlaps existing RNA (tRNA) at gnl|Prokka|OFFJBEEN_8:80017..81816 on + strand
[14:56:57] Excluding CDS which overlaps existing RNA (tRNA) at gnl|Prokka|OFFJBEEN_9:42226..42351 on + strand
[14:56:57] Excluding CDS which overlaps existing RNA (tRNA) at gnl|Prokka|OFFJBEEN_20:7902..8027 on - strand
[14:56:57] Found 2047 CDS
[14:56:57] Connecting features back to sequences
[14:56:57] Not using genus-specific database. Try --usegenus to enable it.
[14:56:57] Annotating CDS, please be patient.
[14:56:57] Will use 8 CPUs for similarity searching.
[14:56:57] There are still 2047 unannotated CDS left (started with 2047)
[14:56:57] Will use blast to search against /home/lorenzo/anaconda3/envs/prokka/db/kingdom/Bacteria/IS with 8 CPUs
[14:56:57] Running: cat prokka_output\/M1846526184\/M1846526184\.IS\.tmp\.97892\.faa | parallel --gnu --plain -j 8 --block 44695 --recstart '>' --pipe blastp -query - -db /home/lorenzo/anaconda3/envs/prokka/db/kingdom/Bacteria/IS -evalue 1e-30 -qcov_hsp_perc 90 -num_threads 1 -num_descriptions 1 -num_alignments 1 -seg no > prokka_output\/M1846526184\/M1846526184\.IS\.tmp\.97892\.blast 2> /dev/null
[14:57:05] Deleting unwanted file: prokka_output/M1846526184/M1846526184.IS.tmp.97892.faa
[14:57:05] Deleting unwanted file: prokka_output/M1846526184/M1846526184.IS.tmp.97892.blast
[14:57:05] There are still 2037 unannotated CDS left (started with 2047)
[14:57:05] Will use blast to search against /home/lorenzo/anaconda3/envs/prokka/db/kingdom/Bacteria/AMR with 8 CPUs
[14:57:05] Running: cat prokka_output\/M1846526184\/M1846526184\.AMR\.tmp\.97892\.faa | parallel --gnu --plain -j 8 --block 44526 --recstart '>' --pipe blastp -query - -db /home/lorenzo/anaconda3/envs/prokka/db/kingdom/Bacteria/AMR -evalue 9.99999999999999e-301 -qcov_hsp_perc 90 -num_threads 1 -num_descriptions 1 -num_alignments 1 -seg no > prokka_output\/M1846526184\/M1846526184\.AMR\.tmp\.97892\.blast 2> /dev/null
[14:57:11] Deleting unwanted file: prokka_output/M1846526184/M1846526184.AMR.tmp.97892.faa
[14:57:11] Deleting unwanted file: prokka_output/M1846526184/M1846526184.AMR.tmp.97892.blast
[14:57:11] There are still 2037 unannotated CDS left (started with 2047)
[14:57:11] Will use blast to search against /home/lorenzo/anaconda3/envs/prokka/db/kingdom/Bacteria/sprot with 8 CPUs
[14:57:11] Running: cat prokka_output\/M1846526184\/M1846526184\.sprot\.tmp\.97892\.faa | parallel --gnu --plain -j 8 --block 44526 --recstart '>' --pipe blastp -query - -db /home/lorenzo/anaconda3/envs/prokka/db/kingdom/Bacteria/sprot -evalue 1e-09 -qcov_hsp_perc 80 -num_threads 1 -num_descriptions 1 -num_alignments 1 -seg no > prokka_output\/M1846526184\/M1846526184\.sprot\.tmp\.97892\.blast 2> /dev/null
[14:57:38] Modify product: Uncharacterized ABC transporter ATP-binding protein YknY => putative ABC transporter ATP-binding protein YknY
[14:57:38] Modify product: Probable multidrug ABC transporter permease YbhR => putative multidrug ABC transporter permease YbhR
[14:57:38] Modify product: 23S rRNA 5-hydroxycytidine C2501 synthase => 23S rRNA 5-hydroxycytidine synthase
[14:57:38] Modify product: Peptidoglycan-N-acetylglucosamine deacetylase BC_3618 => Peptidoglycan-N-acetylglucosamine deacetylase
[14:57:38] Modify product: Probable nicotinate-nucleotide pyrophosphorylase [carboxylating] => putative nicotinate-nucleotide pyrophosphorylase [carboxylating]
[14:57:38] Modify product: Probable transcriptional regulatory protein HP_0162 => putative transcriptional regulatory protein
[14:57:38] Modify product: Uncharacterized ABC transporter ATP-binding protein YbiT => putative ABC transporter ATP-binding protein YbiT
[14:57:38] Modify product: Probable FMN/FAD exporter YeeO => putative FMN/FAD exporter YeeO
[14:57:38] Modify product: Probable multidrug ABC transporter permease YbhR => putative multidrug ABC transporter permease YbhR
[14:57:38] Modify product: Probable multidrug ABC transporter permease YbhS => putative multidrug ABC transporter permease YbhS
[14:57:38] Modify product: UPF0194 membrane protein YbhG => hypothetical protein
[14:57:38] Modify product: UPF0053 protein Rv2366c => hypothetical protein
[14:57:38] Modify product: Putative esterase PA1618 => Putative esterase
[14:57:38] Modify product: Uncharacterized protein Rv2581c => putative protein
[14:57:38] Modify product: Uncharacterized protein HI_0933 => putative protein
[14:57:38] Modify product: UPF0053 protein Rv2366c => hypothetical protein
[14:57:38] Modify product: Uncharacterized protein YqgN => putative protein YqgN
[14:57:38] Modify product: Bifunctional protein FolD => Bifunctional protein FolD protein
[14:57:38] Modify product: Probable TonB-dependent receptor NMB0964 => putative TonB-dependent receptor
[14:57:38] Modify product: Uncharacterized acyl--CoA ligase YhfT => putative acyl--CoA ligase YhfT
[14:57:38] Modify product: GTP cyclohydrolase 1 type 2 homolog => GTP cyclohydrolase 1 type 2 
[14:57:38] Modify product: Glutathione peroxidase homolog BsaA => Glutathione peroxidase BsaA
[14:57:38] Modify product: Probable ATP-dependent transporter SufC => putative ATP-dependent transporter SufC
[14:57:38] Modify product: Uncharacterized protein YpjD => putative protein YpjD
[14:57:38] Modify product: Probable GTP-binding protein EngB => putative GTP-binding protein EngB
[14:57:39] Modify product: UPF0324 inner membrane protein YeiH => hypothetical protein
[14:57:39] Modify product: Probable GTPase Rv1496 => putative GTPase
[14:57:39] Modify product: Probable ribonucleotide transport ATP-binding protein mkl => putative ribonucleotide transport ATP-binding protein mkl
[14:57:39] Modify product: Uncharacterized ABC transporter ATP-binding protein YknY => putative ABC transporter ATP-binding protein YknY
[14:57:39] Modify product: UPF0758 protein SP_1088 => hypothetical protein
[14:57:39] Modify product: Probable glycine dehydrogenase (decarboxylating) subunit 1 => putative glycine dehydrogenase (decarboxylating) subunit 1
[14:57:39] Modify product: Probable glycine dehydrogenase (decarboxylating) subunit 2 => putative glycine dehydrogenase (decarboxylating) subunit 2
[14:57:39] Modify product: Uncharacterized glycosyltransferase YkoT => putative glycosyltransferase YkoT
[14:57:39] Modify product: Uncharacterized protein YqeY => putative protein YqeY
[14:57:39] Modify product: Uncharacterized zinc protease Rv2782c => putative zinc protease
[14:57:39] Modify product: Acetyltransferase PA3944 => Acetyltransferase
[14:57:39] Modify product: UPF0353 protein Rv1481 => hypothetical protein
[14:57:39] Modify product: UPF0371 protein DIP2346 => hypothetical protein
[14:57:39] Modify product: UPF0145 protein YbjQ => hypothetical protein
[14:57:39] Modify product: Probable chromosome-partitioning protein ParB => putative chromosome-partitioning protein ParB
[14:57:39] Modify product: Uncharacterized RNA pseudouridine synthase Rv1540 => putative RNA pseudouridine synthase
[14:57:39] Modify product: Uncharacterized ABC transporter ATP-binding protein YheS => putative ABC transporter ATP-binding protein YheS
[14:57:39] Modify product: Putative zinc metalloprotease aq_1964 => Putative zinc metalloprotease
[14:57:39] Modify product: UPF0701 protein YicC => hypothetical protein
[14:57:39] Modify product: Uncharacterized protein YcgM => putative protein YcgM
[14:57:39] Modify product: PGL/p-HBAD biosynthesis glycosyltransferase Rv2957 => PGL/p-HBAD biosynthesis glycosyltransferase
[14:57:39] Modify product: Putative multidrug export ATP-binding/permease protein SAV1866 => Putative multidrug export ATP-binding/permease protein
[14:57:39] Modify product: Probable efflux pump periplasmic linker TtgA => putative efflux pump periplasmic linker TtgA
[14:57:39] Modify product: Probable type I restriction enzyme BthVORF4518P M protein => putative type I restriction enzymeP M protein
[14:57:39] Modify product: Uncharacterized HIT-like protein Rv0759c => putative HIT-like protein
[14:57:39] Modify product: Uncharacterized epimerase/dehydratase SA0511 => putative epimerase/dehydratase
[14:57:39] Modify product: Probable amino-acid metabolite efflux pump => putative amino-acid metabolite efflux pump
[14:57:39] Modify product: Uncharacterized ABC transporter ATP-binding protein YknY => putative ABC transporter ATP-binding protein YknY
[14:57:39] Modify product: Uncharacterized protein YjbR => putative protein YjbR
[14:57:39] Modify product: Uncharacterized oxidoreductase Rv0945 => putative oxidoreductase
[14:57:39] Modify product: Probable chromate transport protein => putative chromate transport protein
[14:57:39] Modify product: Probable chromate transport protein => putative chromate transport protein
[14:57:39] Modify product: UPF0073 inner membrane protein YqfA => hypothetical protein
[14:57:39] Modify product: Uncharacterized ABC transporter ATP-binding protein TM_0288 => putative ABC transporter ATP-binding protein
[14:57:39] Modify product: SusD-like protein BACOVA_02651 => SusD-like protein
[14:57:39] Modify product: Putative multidrug export ATP-binding/permease protein SAV1866 => Putative multidrug export ATP-binding/permease protein
[14:57:39] Modify product: Uncharacterized ABC transporter ATP-binding protein TM_0288 => putative ABC transporter ATP-binding protein
[14:57:39] Cleaned 62 /product names
[14:57:39] Deleting unwanted file: prokka_output/M1846526184/M1846526184.sprot.tmp.97892.faa
[14:57:39] Deleting unwanted file: prokka_output/M1846526184/M1846526184.sprot.tmp.97892.blast
[14:57:39] There are still 1289 unannotated CDS left (started with 2047)
[14:57:39] Will use hmmer3 to search against /home/lorenzo/anaconda3/envs/prokka/db/hmm/HAMAP.hmm with 8 CPUs
[14:57:39] Running: cat prokka_output\/M1846526184\/M1846526184\.HAMAP\.hmm\.tmp\.97892\.faa | parallel --gnu --plain -j 8 --block 27133 --recstart '>' --pipe hmmscan --noali --notextw --acc -E 1e-09 --cpu 1 /home/lorenzo/anaconda3/envs/prokka/db/hmm/HAMAP.hmm /dev/stdin > prokka_output\/M1846526184\/M1846526184\.HAMAP\.hmm\.tmp\.97892\.hmmer3 2> /dev/null
[14:57:48] Deleting unwanted file: prokka_output/M1846526184/M1846526184.HAMAP.hmm.tmp.97892.faa
[14:57:48] Deleting unwanted file: prokka_output/M1846526184/M1846526184.HAMAP.hmm.tmp.97892.hmmer3
[14:57:48] Labelling remaining 1097 proteins as 'hypothetical protein'
[14:57:48] Possible /pseudo 'Putative nuclease YhcG' at gnl|Prokka|OFFJBEEN_1 position 50103
[14:57:48] Possible /pseudo 'Chaperone SurA' at gnl|Prokka|OFFJBEEN_1 position 156511
[14:57:48] Possible /pseudo '23S rRNA (guanosine-2'-O-)-methyltransferase RlmB' at gnl|Prokka|OFFJBEEN_2 position 56686
[14:57:48] Possible /pseudo 'NAD(P) transhydrogenase subunit alpha' at gnl|Prokka|OFFJBEEN_3 position 16271
[14:57:48] Possible /pseudo 'Macrolide export ATP-binding/permease protein MacB' at gnl|Prokka|OFFJBEEN_4 position 12817
[14:57:48] Possible /pseudo 'GTP 3',8-cyclase' at gnl|Prokka|OFFJBEEN_6 position 133312
[14:57:48] Possible /pseudo 'DNA primase' at gnl|Prokka|OFFJBEEN_11 position 55058
[14:57:48] Possible /pseudo 'putative chromate transport protein' at gnl|Prokka|OFFJBEEN_28 position 12911
[14:57:48] Possible /pseudo 'Vitamin B12 transporter BtuB' at gnl|Prokka|OFFJBEEN_29 position 18044
[14:57:48] Found 764 unique /gene codes.
[14:57:48] Fixed 2 duplicate /gene - rcsC_1 rcsC_2
[14:57:48] Fixed 2 duplicate /gene - relA_1 relA_2
[14:57:48] Fixed 2 duplicate /gene - cptA_1 cptA_2
[14:57:48] Fixed 2 duplicate /gene - hmuU_1 hmuU_2
[14:57:48] Fixed 2 duplicate /gene - rny_1 rny_2
[14:57:48] Fixed 2 duplicate /gene - dnaG_1 dnaG_2
[14:57:48] Fixed 11 duplicate /gene - btuB_1 btuB_2 btuB_3 btuB_4 btuB_5 btuB_6 btuB_7 btuB_8 btuB_9 btuB_10 btuB_11
[14:57:48] Fixed 2 duplicate /gene - clpX_1 clpX_2
[14:57:48] Fixed 2 duplicate /gene - purH_1 purH_2
[14:57:48] Fixed 2 duplicate /gene - gph_1 gph_2
[14:57:48] Fixed 2 duplicate /gene - bamD_1 bamD_2
[14:57:48] Fixed 2 duplicate /gene - sigE_1 sigE_2
[14:57:48] Fixed 3 duplicate /gene - deaD_1 deaD_2 deaD_3
[14:57:48] Fixed 2 duplicate /gene - lptB_1 lptB_2
[14:57:48] Fixed 2 duplicate /gene - arnC_1 arnC_2
[14:57:48] Fixed 2 duplicate /gene - patA_1 patA_2
[14:57:48] Fixed 2 duplicate /gene - queA_1 queA_2
[14:57:48] Fixed 2 duplicate /gene - lpxA_1 lpxA_2
[14:57:48] Fixed 2 duplicate /gene - kefB_1 kefB_2
[14:57:48] Fixed 2 duplicate /gene - hup_1 hup_2
[14:57:48] Fixed 2 duplicate /gene - surA_1 surA_2
[14:57:48] Fixed 4 duplicate /gene - mshA_1 mshA_2 mshA_3 mshA_4
[14:57:48] Fixed 2 duplicate /gene - sigA_1 sigA_2
[14:57:48] Fixed 5 duplicate /gene - xerC_1 xerC_2 xerC_3 xerC_4 xerC_5
[14:57:48] Fixed 4 duplicate /gene - pal_1 pal_2 pal_3 pal_4
[14:57:48] Fixed 2 duplicate /gene - korB_1 korB_2
[14:57:48] Fixed 5 duplicate /gene - sasA_1 sasA_2 sasA_3 sasA_4 sasA_5
[14:57:48] Fixed 2 duplicate /gene - recD2_1 recD2_2
[14:57:48] Fixed 4 duplicate /gene - bepA_1 bepA_2 bepA_3 bepA_4
[14:57:48] Fixed 2 duplicate /gene - pfkB_1 pfkB_2
[14:57:48] Fixed 2 duplicate /gene - rep_1 rep_2
[14:57:48] Fixed 2 duplicate /gene - cmk_1 cmk_2
[14:57:48] Fixed 2 duplicate /gene - asnC_1 asnC_2
[14:57:48] Fixed 2 duplicate /gene - rhaR_1 rhaR_2
[14:57:48] Fixed 2 duplicate /gene - rluD_1 rluD_2
[14:57:48] Fixed 2 duplicate /gene - cysG_1 cysG_2
[14:57:48] Fixed 3 duplicate /gene - bamA_1 bamA_2 bamA_3
[14:57:48] Fixed 2 duplicate /gene - ybhR_1 ybhR_2
[14:57:48] Fixed 2 duplicate /gene - mutS_1 mutS_2
[14:57:48] Fixed 2 duplicate /gene - btuD_1 btuD_2
[14:57:48] Fixed 3 duplicate /gene - yhcG_1 yhcG_2 yhcG_3
[14:57:48] Fixed 3 duplicate /gene - nudC_1 nudC_2 nudC_3
[14:57:48] Fixed 2 duplicate /gene - menF_1 menF_2
[14:57:48] Fixed 2 duplicate /gene - atpH_1 atpH_2
[14:57:48] Fixed 2 duplicate /gene - fcl_1 fcl_2
[14:57:48] Fixed 2 duplicate /gene - rlmB_1 rlmB_2
[14:57:48] Fixed 2 duplicate /gene - mrcA_1 mrcA_2
[14:57:48] Fixed 2 duplicate /gene - cobD_1 cobD_2
[14:57:48] Fixed 2 duplicate /gene - udk_1 udk_2
[14:57:48] Fixed 2 duplicate /gene - mrdB_1 mrdB_2
[14:57:48] Fixed 2 duplicate /gene - moaA_1 moaA_2
[14:57:48] Fixed 3 duplicate /gene - yknY_1 yknY_2 yknY_3
[14:57:48] Fixed 2 duplicate /gene - macB_1 macB_2
[14:57:48] Fixed 2 duplicate /gene - srpC_1 srpC_2
[14:57:48] Fixed 2 duplicate /gene - algC_1 algC_2
[14:57:48] Fixed 2 duplicate /gene - gyrB_1 gyrB_2
[14:57:48] Fixed 2 duplicate /gene - pepD_1 pepD_2
[14:57:48] Fixed 2 duplicate /gene - tolQ_1 tolQ_2
[14:57:48] Fixed 2 duplicate /gene - pspA_1 pspA_2
[14:57:48] Fixed 2 duplicate /gene - der_1 der_2
[14:57:48] Fixed 2 duplicate /gene - pyrK_1 pyrK_2
[14:57:48] Fixed 2 duplicate /gene - kdsA_1 kdsA_2
[14:57:48] Fixed 2 duplicate /gene - map_1 map_2
[14:57:48] Fixed 2 duplicate /gene - rhaS_1 rhaS_2
[14:57:48] Fixed 6 duplicate /gene - resA_1 resA_2 resA_3 resA_4 resA_5 resA_6
[14:57:48] Fixed 2 duplicate /gene - pta_1 pta_2
[14:57:48] Fixed 2 duplicate /gene - rsxB_1 rsxB_2
[14:57:48] Fixed 2 duplicate /gene - tuaB_1 tuaB_2
[14:57:48] Fixed 3 duplicate /gene - xerD_1 xerD_2 xerD_3
[14:57:48] Fixed 2 duplicate /gene - ftsH_1 ftsH_2
[14:57:48] Fixed 2 duplicate /gene - dapH_1 dapH_2
[14:57:48] Fixed 2 duplicate /gene - uvrA_1 uvrA_2
[14:57:48] Fixed 2 duplicate /gene - tadA_1 tadA_2
[14:57:48] Fixed 2 duplicate /gene - korA_1 korA_2
[14:57:48] Fixed 2 duplicate /gene - aspT_1 aspT_2
[14:57:48] Fixed 2 duplicate /gene - rfbB_1 rfbB_2
[14:57:48] Fixed 2 duplicate /gene - COQ3_1 COQ3_2
[14:57:48] Fixed 2 duplicate /gene - miaA_1 miaA_2
[14:57:48] Fixed 2 duplicate /gene - fusA_1 fusA_2
[14:57:48] Fixed 2 duplicate /gene - glgB_1 glgB_2
[14:57:48] Fixed 2 duplicate /gene - lolE_1 lolE_2
[14:57:48] Fixed 2 duplicate /gene - lptD_1 lptD_2
[14:57:48] Fixed 2 duplicate /gene - pntA_1 pntA_2
[14:57:48] Fixed 83 colliding /gene names.
[14:57:48] Adding /locus_tag identifiers
[14:57:48] Assigned 2095 locus_tags to CDS and RNA features.
[14:57:48] Writing outputs to prokka_output/M1846526184/
[14:57:49] Generating annotation statistics file
[14:57:49] Generating Genbank and Sequin files
[14:57:49] Running: tbl2asn -V b -a r10k -l paired-ends -M n -N 1 -y 'Annotated using prokka 1.14.6 from https://github.com/tseemann/prokka' -Z prokka_output\/M1846526184\/M1846526184\.err -i prokka_output\/M1846526184\/M1846526184\.fsa 2> /dev/null
[tbl2asn-forever] Found Prokka input, correcting dates in .gbf|.sqn files.
[tbl2asn-forever] Correcting dates in prokka_output/M1846526184/M1846526184.gbf
[tbl2asn-forever] Correcting dates in prokka_output/M1846526184/M1846526184.sqn
[tbl2asn-forever] Dates changed from 01-JAN-2019 to 27-MAR-2026
[14:57:53] Deleting unwanted file: prokka_output/M1846526184/errorsummary.val
[14:57:53] Deleting unwanted file: prokka_output/M1846526184/M1846526184.dr
[14:57:53] Deleting unwanted file: prokka_output/M1846526184/M1846526184.fixedproducts
[14:57:53] Deleting unwanted file: prokka_output/M1846526184/M1846526184.ecn
[14:57:53] Deleting unwanted file: prokka_output/M1846526184/M1846526184.val
[14:57:53] Repairing broken .GBK output that tbl2asn produces...
[14:57:53] Running: sed 's/COORDINATES: profile/COORDINATES:profile/' < prokka_output\/M1846526184\/M1846526184\.gbf > prokka_output\/M1846526184\/M1846526184\.gbk
[14:57:53] Deleting unwanted file: prokka_output/M1846526184/M1846526184.gbf
[14:57:53] Output files:
[14:57:53] prokka_output/M1846526184/M1846526184.ffn
[14:57:53] prokka_output/M1846526184/M1846526184.fna
[14:57:53] prokka_output/M1846526184/M1846526184.sqn
[14:57:53] prokka_output/M1846526184/M1846526184.gbk
[14:57:53] prokka_output/M1846526184/M1846526184.log
[14:57:53] prokka_output/M1846526184/M1846526184.gff
[14:57:53] prokka_output/M1846526184/M1846526184.faa
[14:57:53] prokka_output/M1846526184/M1846526184.fsa
[14:57:53] prokka_output/M1846526184/M1846526184.tbl
[14:57:53] prokka_output/M1846526184/M1846526184.tsv
[14:57:53] prokka_output/M1846526184/M1846526184.err
[14:57:53] prokka_output/M1846526184/M1846526184.txt
[14:57:53] Annotation finished successfully.
[14:57:53] Walltime used: 1.07 minutes
[14:57:53] If you use this result please cite the Prokka paper:
[14:57:53] Seemann T (2014) Prokka: rapid prokaryotic genome annotation. Bioinformatics. 30(14):2068-9.
[14:57:53] Type 'prokka --citation' for more details.
[14:57:53] Thank you, come again.
