[14:49:39] This is prokka 1.14.6
[14:49:39] Written by Torsten Seemann <torsten.seemann@gmail.com>
[14:49:39] Homepage is https://github.com/tseemann/prokka
[14:49:39] Local time is Fri Mar 27 14:49:39 2026
[14:49:39] You are lorenzo
[14:49:39] Operating system is linux
[14:49:39] You have BioPerl 1.007002
[14:49:39] System has 8 cores.
[14:49:39] Will use maximum of 8 cores.
[14:49:39] Annotating as >>> Bacteria <<<
[14:49:39] Generating locus_tag from 'extracted_mags/M1703261764.fna' contents.
[14:49:39] Setting --locustag GOEHLEBP from MD5 08e15eb95d49e612821933a907095f83
[14:49:39] Enabling options to ensure Genbank/ENA/DDJB submission compliance.
[14:49:39] Re-using existing --outdir prokka_output/M1703261764
[14:49:39] Using filename prefix: M1703261764.XXX
[14:49:39] Setting HMMER_NCPU=1
[14:49:39] Writing log to: prokka_output/M1703261764/M1703261764.log
[14:49:39] Command: /home/lorenzo/anaconda3/envs/prokka/bin/prokka extracted_mags/M1703261764.fna --outdir prokka_output/M1703261764 --compliant --force --prefix M1703261764
[14:49:39] Appending to PATH: /home/lorenzo/anaconda3/envs/prokka/bin
[14:49:39] Looking for 'aragorn' - found /home/lorenzo/anaconda3/envs/prokka/bin/aragorn
[14:49:39] Determined aragorn version is 001002 from 'ARAGORN v1.2.41 Dean Laslett'
[14:49:39] Looking for 'barrnap' - found /home/lorenzo/anaconda3/envs/prokka/bin/barrnap
[14:49:39] Determined barrnap version is 000009 from 'barrnap 0.9'
[14:49:39] Looking for 'blastp' - found /home/lorenzo/anaconda3/envs/prokka/bin/blastp
[14:49:39] Determined blastp version is 002016 from 'blastp: 2.16.0+'
[14:49:39] Looking for 'cmpress' - found /home/lorenzo/anaconda3/envs/prokka/bin/cmpress
[14:49:40] Determined cmpress version is 001001 from '# INFERNAL 1.1.4 (Dec 2020)'
[14:49:40] Looking for 'cmscan' - found /home/lorenzo/anaconda3/envs/prokka/bin/cmscan
[14:49:40] Determined cmscan version is 001001 from '# INFERNAL 1.1.4 (Dec 2020)'
[14:49:40] Looking for 'egrep' - found /usr/bin/egrep
[14:49:40] Looking for 'find' - found /usr/bin/find
[14:49:40] Looking for 'grep' - found /usr/bin/grep
[14:49:40] Looking for 'hmmpress' - found /home/lorenzo/anaconda3/envs/prokka/bin/hmmpress
[14:49:40] Determined hmmpress version is 003004 from '# HMMER 3.4 (Aug 2023); http://hmmer.org/'
[14:49:40] Looking for 'hmmscan' - found /home/lorenzo/anaconda3/envs/prokka/bin/hmmscan
[14:49:40] Determined hmmscan version is 003004 from '# HMMER 3.4 (Aug 2023); http://hmmer.org/'
[14:49:40] Looking for 'java' - found /home/lorenzo/anaconda3/envs/prokka/bin/java
[14:49:40] Looking for 'makeblastdb' - found /home/lorenzo/anaconda3/envs/prokka/bin/makeblastdb
[14:49:40] Determined makeblastdb version is 002016 from 'makeblastdb: 2.16.0+'
[14:49:40] Looking for 'minced' - found /home/lorenzo/anaconda3/envs/prokka/bin/minced
[14:49:40] Determined minced version is 004002 from 'minced 0.4.2'
[14:49:40] Looking for 'parallel' - found /home/lorenzo/anaconda3/envs/prokka/bin/parallel
[14:49:40] Determined parallel version is 20260122 from 'GNU parallel 20260122'
[14:49:40] Looking for 'prodigal' - found /home/lorenzo/anaconda3/envs/prokka/bin/prodigal
[14:49:40] Determined prodigal version is 002006 from 'Prodigal V2.6.3: February, 2016'
[14:49:40] Looking for 'prokka-genbank_to_fasta_db' - found /home/lorenzo/anaconda3/envs/prokka/bin/prokka-genbank_to_fasta_db
[14:49:40] Looking for 'sed' - found /usr/bin/sed
[14:49:40] Looking for 'tbl2asn' - found /home/lorenzo/anaconda3/envs/prokka/bin/tbl2asn
[14:49:40] Determined tbl2asn version is 025007 from 'tbl2asn 25.7   arguments:'
[14:49:40] Using genetic code table 11.
[14:49:40] Loading and checking input file: extracted_mags/M1703261764.fna
[14:49:40] Wrote 113 contigs totalling 2200264 bp.
[14:49:40] Predicting tRNAs and tmRNAs
[14:49:40] Running: aragorn -l -gc11  -w prokka_output\/M1703261764\/M1703261764\.fna
[14:49:40] 1 tRNA-Arg c[40199,40271] 34 (cct)
[14:49:40] 2 tRNA-Asn [62437,62511] 35 (gtt)
[14:49:40] 3 tRNA-Met [74880,74954] 35 (cat)
[14:49:40] 1 tRNA-Met c[17437,17511] 35 (cat)
[14:49:40] 2 tRNA-Lys [41458,41531] 34 (ttt)
[14:49:40] 3 tRNA-Pro c[41693,41766] 34 (ggg)
[14:49:40] 1 tRNA-Arg [5625,5700] 36 (tct)
[14:49:40] 2 tRNA-Cys c[11841,11914] 33 (gca)
[14:49:40] 1 tRNA-Ser [27262,27349] 35 (gct)
[14:49:40] 2 tRNA-Glu [27376,27448] 34 (ctc)
[14:49:40] 1 tRNA-Ser c[30343,30431] 35 (gga)
[14:49:40] 1 tRNA-Leu [16,98] 35 (tag)
[14:49:40] 1 tRNA-Glu [22701,22775] 34 (ttc)
[14:49:40] 1 tRNA-Thr c[9282,9356] 35 (tgt)
[14:49:40] 2 tRNA-Asp c[9661,9736] 36 (gtc)
[14:49:40] 3 tRNA-Asp c[9782,9857] 36 (gtc)
[14:49:40] 1 tRNA-Trp c[15653,15726] 34 (cca)
[14:49:40] 2 tRNA-Thr c[17068,17140] 33 (ggt)
[14:49:40] 3 tRNA-Gly c[17145,17218] 34 (tcc)
[14:49:40] 4 tRNA-Tyr c[17306,17389] 35 (gta)
[14:49:40] 5 tRNA-Thr c[17428,17502] 35 (tgt)
[14:49:40] 1 tRNA-Pro c[11631,11704] 34 (tgg)
[14:49:40] 2 tRNA-Ser [24678,24763] 35 (tga)
[14:49:40] 1 tRNA-Leu c[1988,2070] 35 (caa)
[14:49:40] 1 tRNA-Pro c[13606,13681] 34 (cgg)
[14:49:40] 2 tRNA-Phe [13817,13890] 34 (gaa)
[14:49:40] 1 tRNA-Arg [7393,7467] 35 (ccg)
[14:49:40] 1 tmRNA c[3252,3649] 97,126 GNNNYALAA*
[14:49:40] 1 tRNA-His c[6412,6486] 35 (gtg)
[14:49:40] 1 tRNA-Met [12609,12682] 34 (cat)
[14:49:40] 1 tRNA-Ala c[14103,14177] 35 (ggc)
[14:49:40] 1 tRNA-Val c[227,302] 36 (tac)
[14:49:40] 1 tRNA-Leu c[10849,10935] 34 (taa)
[14:49:40] 1 tRNA-Gln c[2025,2096] 33 (ctg)
[14:49:40] 1 tRNA-Gly c[305,378] 34 (ccc)
[14:49:40] 2 tRNA-Thr c[409,484] 34 (cgt)
[14:49:40] 1 tRNA-Gln [5353,5424] 33 (ttg)
[14:49:40] Found 37 tRNAs
[14:49:40] Predicting Ribosomal RNAs
[14:49:40] Running Barrnap with 8 threads
[14:49:41] Found 0 rRNAs
[14:49:41] Skipping ncRNA search, enable with --rfam if desired.
[14:49:41] Total of 36 tRNA + rRNA features
[14:49:41] Searching for CRISPR repeats
[14:49:41] CRISPR1 gnl|Prokka|GOEHLEBP_5 52704 with 7 spacers
[14:49:41] CRISPR2 gnl|Prokka|GOEHLEBP_11 22559 with 14 spacers
[14:49:41] Found 2 CRISPRs
[14:49:41] Predicting coding sequences
[14:49:41] Contigs total 2200264 bp, so using single mode
[14:49:41] Running: prodigal -i prokka_output\/M1703261764\/M1703261764\.fna -c -m -g 11 -p single -f sco -q
[14:49:46] Excluding CDS which overlaps existing RNA (repeat_region) at gnl|Prokka|GOEHLEBP_5:52668..53144 on - strand
[14:49:47] Excluding CDS which overlaps existing RNA (tRNA) at gnl|Prokka|GOEHLEBP_18:22620..22745 on + strand
[14:49:47] Excluding CDS which overlaps existing RNA (tRNA) at gnl|Prokka|GOEHLEBP_38:12072..13655 on + strand
[14:49:47] Excluding CDS which overlaps existing RNA (tRNA) at gnl|Prokka|GOEHLEBP_55:9138..10883 on - strand
[14:49:47] Excluding CDS which overlaps existing RNA (tRNA) at gnl|Prokka|GOEHLEBP_55:10915..11193 on - strand
[14:49:47] Found 1878 CDS
[14:49:47] Connecting features back to sequences
[14:49:47] Not using genus-specific database. Try --usegenus to enable it.
[14:49:47] Annotating CDS, please be patient.
[14:49:47] Will use 8 CPUs for similarity searching.
[14:49:47] There are still 1878 unannotated CDS left (started with 1878)
[14:49:47] Will use blast to search against /home/lorenzo/anaconda3/envs/prokka/db/kingdom/Bacteria/IS with 8 CPUs
[14:49:47] Running: cat prokka_output\/M1703261764\/M1703261764\.IS\.tmp\.83307\.faa | parallel --gnu --plain -j 8 --block 40131 --recstart '>' --pipe blastp -query - -db /home/lorenzo/anaconda3/envs/prokka/db/kingdom/Bacteria/IS -evalue 1e-30 -qcov_hsp_perc 90 -num_threads 1 -num_descriptions 1 -num_alignments 1 -seg no > prokka_output\/M1703261764\/M1703261764\.IS\.tmp\.83307\.blast 2> /dev/null
[14:49:54] Deleting unwanted file: prokka_output/M1703261764/M1703261764.IS.tmp.83307.faa
[14:49:54] Deleting unwanted file: prokka_output/M1703261764/M1703261764.IS.tmp.83307.blast
[14:49:55] There are still 1869 unannotated CDS left (started with 1878)
[14:49:55] Will use blast to search against /home/lorenzo/anaconda3/envs/prokka/db/kingdom/Bacteria/AMR with 8 CPUs
[14:49:55] Running: cat prokka_output\/M1703261764\/M1703261764\.AMR\.tmp\.83307\.faa | parallel --gnu --plain -j 8 --block 39999 --recstart '>' --pipe blastp -query - -db /home/lorenzo/anaconda3/envs/prokka/db/kingdom/Bacteria/AMR -evalue 9.99999999999999e-301 -qcov_hsp_perc 90 -num_threads 1 -num_descriptions 1 -num_alignments 1 -seg no > prokka_output\/M1703261764\/M1703261764\.AMR\.tmp\.83307\.blast 2> /dev/null
[14:50:00] Deleting unwanted file: prokka_output/M1703261764/M1703261764.AMR.tmp.83307.faa
[14:50:00] Deleting unwanted file: prokka_output/M1703261764/M1703261764.AMR.tmp.83307.blast
[14:50:00] There are still 1869 unannotated CDS left (started with 1878)
[14:50:00] Will use blast to search against /home/lorenzo/anaconda3/envs/prokka/db/kingdom/Bacteria/sprot with 8 CPUs
[14:50:00] Running: cat prokka_output\/M1703261764\/M1703261764\.sprot\.tmp\.83307\.faa | parallel --gnu --plain -j 8 --block 39999 --recstart '>' --pipe blastp -query - -db /home/lorenzo/anaconda3/envs/prokka/db/kingdom/Bacteria/sprot -evalue 1e-09 -qcov_hsp_perc 80 -num_threads 1 -num_descriptions 1 -num_alignments 1 -seg no > prokka_output\/M1703261764\/M1703261764\.sprot\.tmp\.83307\.blast 2> /dev/null
[14:50:25] Modify product: Uncharacterized zinc protease Rv2782c => putative zinc protease
[14:50:25] Modify product: Putative zinc metalloprotease aq_1964 => Putative zinc metalloprotease
[14:50:25] Modify product: UPF0701 protein YicC => hypothetical protein
[14:50:25] Modify product: Uncharacterized protein YcgM => putative protein YcgM
[14:50:25] Modify product: PGL/p-HBAD biosynthesis glycosyltransferase Rv2957 => PGL/p-HBAD biosynthesis glycosyltransferase
[14:50:25] Modify product: Putative multidrug export ATP-binding/permease protein SAV1866 => Putative multidrug export ATP-binding/permease protein
[14:50:25] Modify product: Probable ATP-dependent transporter SufC => putative ATP-dependent transporter SufC
[14:50:25] Modify product: Uncharacterized glycosyltransferase YkoT => putative glycosyltransferase YkoT
[14:50:25] Modify product: UPF0145 protein YbjQ => hypothetical protein
[14:50:25] Modify product: Probable GTP-binding protein EngB => putative GTP-binding protein EngB
[14:50:25] Modify product: Uncharacterized ABC transporter ATP-binding protein YheS => putative ABC transporter ATP-binding protein YheS
[14:50:25] Modify product: GTP cyclohydrolase 1 type 2 homolog => GTP cyclohydrolase 1 type 2 
[14:50:25] Modify product: Uncharacterized protein YqgN => putative protein YqgN
[14:50:25] Modify product: Uncharacterized protein HI_0933 => putative protein
[14:50:25] Modify product: UPF0053 protein Rv2366c => hypothetical protein
[14:50:25] Modify product: Probable transcriptional regulatory protein HP_0162 => putative transcriptional regulatory protein
[14:50:25] Modify product: Glutathione peroxidase homolog BsaA => Glutathione peroxidase BsaA
[14:50:25] Modify product: Uncharacterized protein YqeY => putative protein YqeY
[14:50:25] Modify product: UPF0324 inner membrane protein YeiH => hypothetical protein
[14:50:25] Modify product: Uncharacterized metal-dependent hydrolase YcfH => putative metal-dependent hydrolase YcfH
[14:50:25] Modify product: Probable GTPase Rv1496 => putative GTPase
[14:50:25] Modify product: Probable ribonucleotide transport ATP-binding protein mkl => putative ribonucleotide transport ATP-binding protein mkl
[14:50:25] Modify product: Uncharacterized ABC transporter ATP-binding protein YknY => putative ABC transporter ATP-binding protein YknY
[14:50:25] Modify product: UPF0371 protein DIP2346 => hypothetical protein
[14:50:25] Modify product: Probable amino-acid metabolite efflux pump => putative amino-acid metabolite efflux pump
[14:50:25] Modify product: Probable chromosome-partitioning protein ParB => putative chromosome-partitioning protein ParB
[14:50:25] Modify product: Uncharacterized epimerase/dehydratase SA0511 => putative epimerase/dehydratase
[14:50:25] Modify product: UPF0353 protein Rv1481 => hypothetical protein
[14:50:25] Modify product: Uncharacterized ABC transporter ATP-binding protein YknY => putative ABC transporter ATP-binding protein YknY
[14:50:25] Modify product: Bifunctional protein FolD => Bifunctional protein FolD protein
[14:50:25] Modify product: Probable TonB-dependent receptor NMB0964 => putative TonB-dependent receptor
[14:50:25] Modify product: Uncharacterized protein Rv2581c => putative protein
[14:50:25] Modify product: Uncharacterized ABC transporter ATP-binding protein YbiT => putative ABC transporter ATP-binding protein YbiT
[14:50:25] Modify product: Probable efflux pump periplasmic linker TtgA => putative efflux pump periplasmic linker TtgA
[14:50:25] Modify product: UPF0073 inner membrane protein YqfA => hypothetical protein
[14:50:25] Modify product: Uncharacterized HIT-like protein Rv0759c => putative HIT-like protein
[14:50:25] Modify product: 23S rRNA 5-hydroxycytidine C2501 synthase => 23S rRNA 5-hydroxycytidine synthase
[14:50:25] Modify product: Probable nicotinate-nucleotide pyrophosphorylase [carboxylating] => putative nicotinate-nucleotide pyrophosphorylase [carboxylating]
[14:50:26] Modify product: Probable chromate transport protein => putative chromate transport protein
[14:50:26] Modify product: Probable chromate transport protein => putative chromate transport protein
[14:50:26] Modify product: Peptidoglycan-N-acetylglucosamine deacetylase BC_3618 => Peptidoglycan-N-acetylglucosamine deacetylase
[14:50:26] Modify product: Probable glycine dehydrogenase (decarboxylating) subunit 2 => putative glycine dehydrogenase (decarboxylating) subunit 2
[14:50:26] Modify product: Probable glycine dehydrogenase (decarboxylating) subunit 1 => putative glycine dehydrogenase (decarboxylating) subunit 1
[14:50:26] Modify product: Uncharacterized protein YjbR => putative protein YjbR
[14:50:26] Modify product: Uncharacterized oxidoreductase Rv0945 => putative oxidoreductase
[14:50:26] Modify product: UPF0758 protein SP_1088 => hypothetical protein
[14:50:26] Modify product: Probable FMN/FAD exporter YeeO => putative FMN/FAD exporter YeeO
[14:50:26] Modify product: Probable glycine betaine transporter => putative glycine betaine transporter
[14:50:26] Cleaned 48 /product names
[14:50:26] Deleting unwanted file: prokka_output/M1703261764/M1703261764.sprot.tmp.83307.faa
[14:50:26] Deleting unwanted file: prokka_output/M1703261764/M1703261764.sprot.tmp.83307.blast
[14:50:26] There are still 1229 unannotated CDS left (started with 1878)
[14:50:26] Will use hmmer3 to search against /home/lorenzo/anaconda3/envs/prokka/db/hmm/HAMAP.hmm with 8 CPUs
[14:50:26] Running: cat prokka_output\/M1703261764\/M1703261764\.HAMAP\.hmm\.tmp\.83307\.faa | parallel --gnu --plain -j 8 --block 24931 --recstart '>' --pipe hmmscan --noali --notextw --acc -E 1e-09 --cpu 1 /home/lorenzo/anaconda3/envs/prokka/db/hmm/HAMAP.hmm /dev/stdin > prokka_output\/M1703261764\/M1703261764\.HAMAP\.hmm\.tmp\.83307\.hmmer3 2> /dev/null
[14:50:35] Deleting unwanted file: prokka_output/M1703261764/M1703261764.HAMAP.hmm.tmp.83307.faa
[14:50:35] Deleting unwanted file: prokka_output/M1703261764/M1703261764.HAMAP.hmm.tmp.83307.hmmer3
[14:50:35] Labelling remaining 1060 proteins as 'hypothetical protein'
[14:50:35] Possible /pseudo 'Macrolide export ATP-binding/permease protein MacB' at gnl|Prokka|GOEHLEBP_9 position 32929
[14:50:35] Possible /pseudo 'IS1595 family transposase ISBaba5' at gnl|Prokka|GOEHLEBP_14 position 9530
[14:50:35] Possible /pseudo 'NAD(P) transhydrogenase subunit alpha' at gnl|Prokka|GOEHLEBP_16 position 6618
[14:50:35] Possible /pseudo 'putative chromate transport protein' at gnl|Prokka|GOEHLEBP_27 position 14149
[14:50:35] Possible /pseudo 'Phosphoribosylformylglycinamidine synthase' at gnl|Prokka|GOEHLEBP_27 position 15490
[14:50:35] Possible /pseudo 'IS5 family transposase ISPta1' at gnl|Prokka|GOEHLEBP_34 position 7871
[14:50:35] Possible /pseudo 'Chaperone SurA' at gnl|Prokka|GOEHLEBP_54 position 7315
[14:50:35] Found 665 unique /gene codes.
[14:50:35] Fixed 2 duplicate /gene - prmC_1 prmC_2
[14:50:35] Fixed 2 duplicate /gene - lpxA_1 lpxA_2
[14:50:35] Fixed 2 duplicate /gene - rluD_1 rluD_2
[14:50:35] Fixed 2 duplicate /gene - gph_1 gph_2
[14:50:35] Fixed 2 duplicate /gene - macB_1 macB_2
[14:50:35] Fixed 3 duplicate /gene - bamA_1 bamA_2 bamA_3
[14:50:35] Fixed 2 duplicate /gene - rny_1 rny_2
[14:50:35] Fixed 2 duplicate /gene - radA_1 radA_2
[14:50:35] Fixed 2 duplicate /gene - xerD_1 xerD_2
[14:50:35] Fixed 2 duplicate /gene - cobD_1 cobD_2
[14:50:35] Fixed 3 duplicate /gene - btuD_1 btuD_2 btuD_3
[14:50:35] Fixed 2 duplicate /gene - mrdB_1 mrdB_2
[14:50:35] Fixed 5 duplicate /gene - bepA_1 bepA_2 bepA_3 bepA_4 bepA_5
[14:50:35] Fixed 2 duplicate /gene - ccsA_1 ccsA_2
[14:50:35] Fixed 3 duplicate /gene - dapH_1 dapH_2 dapH_3
[14:50:35] Fixed 2 duplicate /gene - udk_1 udk_2
[14:50:35] Fixed 2 duplicate /gene - cmk_1 cmk_2
[14:50:35] Fixed 2 duplicate /gene - srpC_1 srpC_2
[14:50:35] Fixed 2 duplicate /gene - recD2_1 recD2_2
[14:50:35] Fixed 2 duplicate /gene - tuaB_1 tuaB_2
[14:50:35] Fixed 2 duplicate /gene - tolQ_1 tolQ_2
[14:50:35] Fixed 2 duplicate /gene - surA_1 surA_2
[14:50:35] Fixed 2 duplicate /gene - pepD_1 pepD_2
[14:50:35] Fixed 4 duplicate /gene - pal_1 pal_2 pal_3 pal_4
[14:50:35] Fixed 2 duplicate /gene - purH_1 purH_2
[14:50:35] Fixed 2 duplicate /gene - fusA_1 fusA_2
[14:50:35] Fixed 2 duplicate /gene - purL_1 purL_2
[14:50:35] Fixed 2 duplicate /gene - algC_1 algC_2
[14:50:35] Fixed 2 duplicate /gene - thyA_1 thyA_2
[14:50:35] Fixed 4 duplicate /gene - mshA_1 mshA_2 mshA_3 mshA_4
[14:50:35] Fixed 2 duplicate /gene - pyrK_1 pyrK_2
[14:50:35] Fixed 2 duplicate /gene - gyrB_1 gyrB_2
[14:50:35] Fixed 2 duplicate /gene - lptB_1 lptB_2
[14:50:35] Fixed 2 duplicate /gene - korA_1 korA_2
[14:50:35] Fixed 2 duplicate /gene - queA_1 queA_2
[14:50:35] Fixed 2 duplicate /gene - yknY_1 yknY_2
[14:50:35] Fixed 8 duplicate /gene - btuB_1 btuB_2 btuB_3 btuB_4 btuB_5 btuB_6 btuB_7 btuB_8
[14:50:35] Fixed 2 duplicate /gene - pspA_1 pspA_2
[14:50:35] Fixed 2 duplicate /gene - tadA_1 tadA_2
[14:50:35] Fixed 2 duplicate /gene - bamD_1 bamD_2
[14:50:35] Fixed 2 duplicate /gene - hmuU_1 hmuU_2
[14:50:35] Fixed 2 duplicate /gene - eptC_1 eptC_2
[14:50:35] Fixed 2 duplicate /gene - xerC_1 xerC_2
[14:50:35] Fixed 2 duplicate /gene - lolE_1 lolE_2
[14:50:35] Fixed 2 duplicate /gene - rhaR_1 rhaR_2
[14:50:35] Fixed 2 duplicate /gene - asnC_1 asnC_2
[14:50:35] Fixed 2 duplicate /gene - ffh_1 ffh_2
[14:50:35] Fixed 2 duplicate /gene - murB_1 murB_2
[14:50:35] Fixed 2 duplicate /gene - trmH_1 trmH_2
[14:50:35] Fixed 2 duplicate /gene - uvrA_1 uvrA_2
[14:50:35] Fixed 5 duplicate /gene - sasA_1 sasA_2 sasA_3 sasA_4 sasA_5
[14:50:35] Fixed 3 duplicate /gene - deaD_1 deaD_2 deaD_3
[14:50:35] Fixed 2 duplicate /gene - glgB_1 glgB_2
[14:50:35] Fixed 2 duplicate /gene - korB_1 korB_2
[14:50:35] Fixed 2 duplicate /gene - mutS_1 mutS_2
[14:50:35] Fixed 2 duplicate /gene - dpnM_1 dpnM_2
[14:50:35] Fixed 2 duplicate /gene - kdsA_1 kdsA_2
[14:50:35] Fixed 3 duplicate /gene - nudC_1 nudC_2 nudC_3
[14:50:35] Fixed 2 duplicate /gene - miaA_1 miaA_2
[14:50:35] Fixed 2 duplicate /gene - cirA_1 cirA_2
[14:50:35] Fixed 6 duplicate /gene - resA_1 resA_2 resA_3 resA_4 resA_5 resA_6
[14:50:35] Fixed 2 duplicate /gene - kefB_1 kefB_2
[14:50:35] Fixed 2 duplicate /gene - aspT_1 aspT_2
[14:50:35] Fixed 2 duplicate /gene - cls_1 cls_2
[14:50:35] Fixed 2 duplicate /gene - ftsH_1 ftsH_2
[14:50:35] Fixed 2 duplicate /gene - lptD_1 lptD_2
[14:50:35] Fixed 2 duplicate /gene - rcsC_1 rcsC_2
[14:50:35] Fixed 2 duplicate /gene - pntA_1 pntA_2
[14:50:35] Fixed 68 colliding /gene names.
[14:50:35] Adding /locus_tag identifiers
[14:50:35] Assigned 1915 locus_tags to CDS and RNA features.
[14:50:35] Writing outputs to prokka_output/M1703261764/
[14:50:36] Generating annotation statistics file
[14:50:36] Generating Genbank and Sequin files
[14:50:36] Running: tbl2asn -V b -a r10k -l paired-ends -M n -N 1 -y 'Annotated using prokka 1.14.6 from https://github.com/tseemann/prokka' -Z prokka_output\/M1703261764\/M1703261764\.err -i prokka_output\/M1703261764\/M1703261764\.fsa 2> /dev/null
[14:50:40] Deleting unwanted file: prokka_output/M1703261764/errorsummary.val
[14:50:40] Deleting unwanted file: prokka_output/M1703261764/M1703261764.dr
[14:50:40] Deleting unwanted file: prokka_output/M1703261764/M1703261764.fixedproducts
[14:50:40] Deleting unwanted file: prokka_output/M1703261764/M1703261764.ecn
[14:50:40] Deleting unwanted file: prokka_output/M1703261764/M1703261764.val
[14:50:40] Repairing broken .GBK output that tbl2asn produces...
[14:50:40] Running: sed 's/COORDINATES: profile/COORDINATES:profile/' < prokka_output\/M1703261764\/M1703261764\.gbf > prokka_output\/M1703261764\/M1703261764\.gbk
[14:50:40] Deleting unwanted file: prokka_output/M1703261764/M1703261764.gbf
[14:50:40] Output files:
[14:50:40] prokka_output/M1703261764/M1703261764.ffn
[14:50:40] prokka_output/M1703261764/M1703261764.fna
[14:50:40] prokka_output/M1703261764/M1703261764.txt
[14:50:40] prokka_output/M1703261764/M1703261764.tsv
[14:50:40] prokka_output/M1703261764/M1703261764.err
[14:50:40] prokka_output/M1703261764/M1703261764.faa
[14:50:40] prokka_output/M1703261764/M1703261764.fsa
[14:50:40] prokka_output/M1703261764/M1703261764.log
[14:50:40] prokka_output/M1703261764/M1703261764.gbk
[14:50:40] prokka_output/M1703261764/M1703261764.tbl
[14:50:40] prokka_output/M1703261764/M1703261764.gff
[14:50:40] prokka_output/M1703261764/M1703261764.sqn
[14:50:40] Annotation finished successfully.
[14:50:40] Walltime used: 1.02 minutes
[14:50:40] If you use this result please cite the Prokka paper:
[14:50:40] Seemann T (2014) Prokka: rapid prokaryotic genome annotation. Bioinformatics. 30(14):2068-9.
[14:50:40] Type 'prokka --citation' for more details.
[14:50:40] Share and enjoy!
