[14:45:19] This is prokka 1.14.6
[14:45:19] Written by Torsten Seemann <torsten.seemann@gmail.com>
[14:45:19] Homepage is https://github.com/tseemann/prokka
[14:45:19] Local time is Fri Mar 27 14:45:19 2026
[14:45:19] You are lorenzo
[14:45:19] Operating system is linux
[14:45:19] You have BioPerl 1.007002
[14:45:19] System has 8 cores.
[14:45:19] Will use maximum of 8 cores.
[14:45:19] Annotating as >>> Bacteria <<<
[14:45:19] Generating locus_tag from 'extracted_mags/M1607287943.fna' contents.
[14:45:19] Setting --locustag HIKGEFOG from MD5 1240ef8080aaa85b96ce70679c403925
[14:45:19] Enabling options to ensure Genbank/ENA/DDJB submission compliance.
[14:45:19] Re-using existing --outdir prokka_output/M1607287943
[14:45:19] Using filename prefix: M1607287943.XXX
[14:45:19] Setting HMMER_NCPU=1
[14:45:19] Writing log to: prokka_output/M1607287943/M1607287943.log
[14:45:19] Command: /home/lorenzo/anaconda3/envs/prokka/bin/prokka extracted_mags/M1607287943.fna --outdir prokka_output/M1607287943 --compliant --force --prefix M1607287943
[14:45:19] Appending to PATH: /home/lorenzo/anaconda3/envs/prokka/bin
[14:45:19] Looking for 'aragorn' - found /home/lorenzo/anaconda3/envs/prokka/bin/aragorn
[14:45:19] Determined aragorn version is 001002 from 'ARAGORN v1.2.41 Dean Laslett'
[14:45:19] Looking for 'barrnap' - found /home/lorenzo/anaconda3/envs/prokka/bin/barrnap
[14:45:19] Determined barrnap version is 000009 from 'barrnap 0.9'
[14:45:19] Looking for 'blastp' - found /home/lorenzo/anaconda3/envs/prokka/bin/blastp
[14:45:19] Determined blastp version is 002016 from 'blastp: 2.16.0+'
[14:45:19] Looking for 'cmpress' - found /home/lorenzo/anaconda3/envs/prokka/bin/cmpress
[14:45:19] Determined cmpress version is 001001 from '# INFERNAL 1.1.4 (Dec 2020)'
[14:45:19] Looking for 'cmscan' - found /home/lorenzo/anaconda3/envs/prokka/bin/cmscan
[14:45:19] Determined cmscan version is 001001 from '# INFERNAL 1.1.4 (Dec 2020)'
[14:45:19] Looking for 'egrep' - found /usr/bin/egrep
[14:45:19] Looking for 'find' - found /usr/bin/find
[14:45:19] Looking for 'grep' - found /usr/bin/grep
[14:45:19] Looking for 'hmmpress' - found /home/lorenzo/anaconda3/envs/prokka/bin/hmmpress
[14:45:19] Determined hmmpress version is 003004 from '# HMMER 3.4 (Aug 2023); http://hmmer.org/'
[14:45:19] Looking for 'hmmscan' - found /home/lorenzo/anaconda3/envs/prokka/bin/hmmscan
[14:45:19] Determined hmmscan version is 003004 from '# HMMER 3.4 (Aug 2023); http://hmmer.org/'
[14:45:19] Looking for 'java' - found /home/lorenzo/anaconda3/envs/prokka/bin/java
[14:45:19] Looking for 'makeblastdb' - found /home/lorenzo/anaconda3/envs/prokka/bin/makeblastdb
[14:45:19] Determined makeblastdb version is 002016 from 'makeblastdb: 2.16.0+'
[14:45:19] Looking for 'minced' - found /home/lorenzo/anaconda3/envs/prokka/bin/minced
[14:45:19] Determined minced version is 004002 from 'minced 0.4.2'
[14:45:19] Looking for 'parallel' - found /home/lorenzo/anaconda3/envs/prokka/bin/parallel
[14:45:19] Determined parallel version is 20260122 from 'GNU parallel 20260122'
[14:45:19] Looking for 'prodigal' - found /home/lorenzo/anaconda3/envs/prokka/bin/prodigal
[14:45:19] Determined prodigal version is 002006 from 'Prodigal V2.6.3: February, 2016'
[14:45:19] Looking for 'prokka-genbank_to_fasta_db' - found /home/lorenzo/anaconda3/envs/prokka/bin/prokka-genbank_to_fasta_db
[14:45:19] Looking for 'sed' - found /usr/bin/sed
[14:45:19] Looking for 'tbl2asn' - found /home/lorenzo/anaconda3/envs/prokka/bin/tbl2asn
[14:45:19] Determined tbl2asn version is 025007 from 'tbl2asn 25.7   arguments:'
[14:45:19] Using genetic code table 11.
[14:45:19] Loading and checking input file: extracted_mags/M1607287943.fna
[14:45:19] Wrote 35 contigs totalling 2297820 bp.
[14:45:19] Predicting tRNAs and tmRNAs
[14:45:19] Running: aragorn -l -gc11  -w prokka_output\/M1607287943\/M1607287943\.fna
[14:45:20] 1 tRNA-Leu c[48547,48629] 35 (tag)
[14:45:20] 2 tRNA-Ser [59195,59283] 35 (gga)
[14:45:20] 3 tRNA-Lys [246016,246089] 34 (ctt)
[14:45:20] 4 tRNA-Asp [278032,278107] 36 (gtc)
[14:45:20] 5 tRNA-Thr [278411,278485] 35 (tgt)
[14:45:20] 1 tRNA-Arg [10110,10182] 34 (cct)
[14:45:20] 1 tRNA-Leu c[83964,84046] 35 (caa)
[14:45:20] 2 tRNA-Gln [176006,176077] 33 (ttg)
[14:45:20] 3 tRNA-Leu [205764,205850] 34 (taa)
[14:45:20] 1 tRNA-His [89999,90073] 35 (gtg)
[14:45:20] 2 tmRNA c[99735,100132] 97,126 GNNNYALAA*
[14:45:20] 3 tRNA-Arg [162382,162456] 35 (ccg)
[14:45:20] 1 tRNA-Pro [62224,62297] 34 (ggg)
[14:45:20] 2 tRNA-Lys c[62459,62532] 34 (ttt)
[14:45:20] 3 tRNA-Met [86511,86585] 35 (cat)
[14:45:20] 1 tRNA-Asn [13489,13563] 35 (gtt)
[14:45:20] 2 tRNA-Met [25869,25943] 35 (cat)
[14:45:20] 3 tRNA-Glu c[51202,51276] 34 (ttc)
[14:45:20] 1 tRNA-Ser [69982,70069] 35 (cga)
[14:45:20] 1 tRNA-Ser c[162,247] 35 (tga)
[14:45:20] 2 tRNA-Pro [13223,13296] 34 (tgg)
[14:45:20] 3 tRNA-Glu c[41205,41277] 34 (ctc)
[14:45:20] 4 tRNA-Ser c[41304,41391] 35 (gct)
[14:45:20] 1 tRNA-Thr [48615,48690] 34 (cgt)
[14:45:20] 2 tRNA-Gly [48721,48794] 34 (ccc)
[14:45:20] 1 tRNA-Gln c[48994,49065] 33 (ctg)
[14:45:20] 1 tRNA-Arg [6081,6156] 36 (tct)
[14:45:20] 2 tRNA-Cys c[12294,12367] 33 (gca)
[14:45:20] 1 tRNA-Arg c[4704,4778] 35 (acg)
[14:45:20] 1 tRNA-Phe c[9225,9298] 34 (gaa)
[14:45:20] 2 tRNA-Pro [9434,9508] 34 (cgg)
[14:45:20] 1 tRNA-Val c[21056,21131] 36 (tac)
[14:45:20] 2 tRNA-Val c[21305,21380] 36 (tac)
[14:45:20] 1 tRNA-Trp c[17992,18065] 34 (cca)
[14:45:20] 2 tRNA-Thr c[19407,19479] 33 (ggt)
[14:45:20] 3 tRNA-Gly c[19484,19557] 34 (tcc)
[14:45:20] 4 tRNA-Tyr c[19645,19728] 35 (gta)
[14:45:20] 5 tRNA-Thr c[19767,19841] 35 (tgt)
[14:45:20] 1 tRNA-Gly c[6979,7052] 34 (gcc)
[14:45:20] 2 tRNA-Leu c[7068,7151] 35 (gag)
[14:45:20] 3 tRNA-Leu c[7175,7258] 35 (cag)
[14:45:20] 4 tRNA-Gly c[7289,7362] 34 (gcc)
[14:45:20] 1 tRNA-Met c[488,561] 34 (cat)
[14:45:20] Found 43 tRNAs
[14:45:20] Predicting Ribosomal RNAs
[14:45:20] Running Barrnap with 8 threads
[14:45:20] 1 gnl|Prokka|HIKGEFOG_8 7 5S ribosomal RNA
[14:45:20] Found 1 rRNAs
[14:45:20] Skipping ncRNA search, enable with --rfam if desired.
[14:45:20] Total of 43 tRNA + rRNA features
[14:45:20] Searching for CRISPR repeats
[14:45:20] CRISPR1 gnl|Prokka|HIKGEFOG_3 75334 with 22 spacers
[14:45:20] CRISPR2 gnl|Prokka|HIKGEFOG_4 23951 with 12 spacers
[14:45:20] Found 2 CRISPRs
[14:45:20] Predicting coding sequences
[14:45:20] Contigs total 2297820 bp, so using single mode
[14:45:20] Running: prodigal -i prokka_output\/M1607287943\/M1607287943\.fna -c -m -g 11 -p single -f sco -q
[14:45:26] Excluding CDS which overlaps existing RNA (tRNA) at gnl|Prokka|HIKGEFOG_1:277971..278225 on + strand
[14:45:26] Excluding CDS which overlaps existing RNA (tRNA) at gnl|Prokka|HIKGEFOG_3:83861..84040 on - strand
[14:45:26] Excluding CDS which overlaps existing RNA (tRNA) at gnl|Prokka|HIKGEFOG_3:175648..176100 on - strand
[14:45:26] Excluding CDS which overlaps existing RNA (tRNA) at gnl|Prokka|HIKGEFOG_3:205708..207561 on + strand
[14:45:26] Excluding CDS which overlaps existing RNA (repeat_region) at gnl|Prokka|HIKGEFOG_4:24341..24514 on + strand
[14:45:27] Excluding CDS which overlaps existing RNA (tRNA) at gnl|Prokka|HIKGEFOG_7:51232..51357 on - strand
[14:45:27] Excluding CDS which overlaps existing RNA (rRNA) at gnl|Prokka|HIKGEFOG_8:5..295 on - strand
[14:45:27] Excluding CDS which overlaps existing RNA (tRNA) at gnl|Prokka|HIKGEFOG_18:9401..9526 on - strand
[14:45:27] Found 1955 CDS
[14:45:27] Connecting features back to sequences
[14:45:27] Not using genus-specific database. Try --usegenus to enable it.
[14:45:27] Annotating CDS, please be patient.
[14:45:27] Will use 8 CPUs for similarity searching.
[14:45:27] There are still 1955 unannotated CDS left (started with 1955)
[14:45:27] Will use blast to search against /home/lorenzo/anaconda3/envs/prokka/db/kingdom/Bacteria/IS with 8 CPUs
[14:45:27] Running: cat prokka_output\/M1607287943\/M1607287943\.IS\.tmp\.75336\.faa | parallel --gnu --plain -j 8 --block 42866 --recstart '>' --pipe blastp -query - -db /home/lorenzo/anaconda3/envs/prokka/db/kingdom/Bacteria/IS -evalue 1e-30 -qcov_hsp_perc 90 -num_threads 1 -num_descriptions 1 -num_alignments 1 -seg no > prokka_output\/M1607287943\/M1607287943\.IS\.tmp\.75336\.blast 2> /dev/null
[14:45:34] Deleting unwanted file: prokka_output/M1607287943/M1607287943.IS.tmp.75336.faa
[14:45:34] Deleting unwanted file: prokka_output/M1607287943/M1607287943.IS.tmp.75336.blast
[14:45:35] There are still 1952 unannotated CDS left (started with 1955)
[14:45:35] Will use blast to search against /home/lorenzo/anaconda3/envs/prokka/db/kingdom/Bacteria/AMR with 8 CPUs
[14:45:35] Running: cat prokka_output\/M1607287943\/M1607287943\.AMR\.tmp\.75336\.faa | parallel --gnu --plain -j 8 --block 42816 --recstart '>' --pipe blastp -query - -db /home/lorenzo/anaconda3/envs/prokka/db/kingdom/Bacteria/AMR -evalue 9.99999999999999e-301 -qcov_hsp_perc 90 -num_threads 1 -num_descriptions 1 -num_alignments 1 -seg no > prokka_output\/M1607287943\/M1607287943\.AMR\.tmp\.75336\.blast 2> /dev/null
[14:45:41] Deleting unwanted file: prokka_output/M1607287943/M1607287943.AMR.tmp.75336.faa
[14:45:41] Deleting unwanted file: prokka_output/M1607287943/M1607287943.AMR.tmp.75336.blast
[14:45:41] There are still 1952 unannotated CDS left (started with 1955)
[14:45:41] Will use blast to search against /home/lorenzo/anaconda3/envs/prokka/db/kingdom/Bacteria/sprot with 8 CPUs
[14:45:41] Running: cat prokka_output\/M1607287943\/M1607287943\.sprot\.tmp\.75336\.faa | parallel --gnu --plain -j 8 --block 42816 --recstart '>' --pipe blastp -query - -db /home/lorenzo/anaconda3/envs/prokka/db/kingdom/Bacteria/sprot -evalue 1e-09 -qcov_hsp_perc 80 -num_threads 1 -num_descriptions 1 -num_alignments 1 -seg no > prokka_output\/M1607287943\/M1607287943\.sprot\.tmp\.75336\.blast 2> /dev/null
[14:46:07] Modify product: Probable ATP-dependent transporter SufC => putative ATP-dependent transporter SufC
[14:46:07] Modify product: Uncharacterized glycosyltransferase YkoT => putative glycosyltransferase YkoT
[14:46:07] Modify product: Probable amino-acid metabolite efflux pump => putative amino-acid metabolite efflux pump
[14:46:07] Modify product: Probable glycine betaine transporter => putative glycine betaine transporter
[14:46:07] Modify product: Probable efflux pump periplasmic linker TtgA => putative efflux pump periplasmic linker TtgA
[14:46:07] Modify product: UPF0145 protein YbjQ => hypothetical protein
[14:46:07] Modify product: UPF0073 inner membrane protein YqfA => hypothetical protein
[14:46:07] Modify product: Bifunctional protein FolD => Bifunctional protein FolD protein
[14:46:07] Modify product: Probable TonB-dependent receptor NMB0964 => putative TonB-dependent receptor
[14:46:07] Modify product: Uncharacterized ABC transporter ATP-binding protein YknY => putative ABC transporter ATP-binding protein YknY
[14:46:07] Modify product: Probable transcriptional regulatory protein HP_0162 => putative transcriptional regulatory protein
[14:46:07] Modify product: UPF0353 protein Rv1481 => hypothetical protein
[14:46:07] Modify product: Acetyltransferase PA3944 => Acetyltransferase
[14:46:07] Modify product: Probable GTP-binding protein EngB => putative GTP-binding protein EngB
[14:46:07] Modify product: Probable ribonucleotide transport ATP-binding protein mkl => putative ribonucleotide transport ATP-binding protein mkl
[14:46:08] Modify product: Probable GTPase Rv1496 => putative GTPase
[14:46:08] Modify product: UPF0324 inner membrane protein YeiH => hypothetical protein
[14:46:08] Modify product: UPF0194 membrane protein YbhG => hypothetical protein
[14:46:08] Modify product: Probable multidrug ABC transporter permease YbhS => putative multidrug ABC transporter permease YbhS
[14:46:08] Modify product: Probable multidrug ABC transporter permease YbhR => putative multidrug ABC transporter permease YbhR
[14:46:08] Modify product: Probable FMN/FAD exporter YeeO => putative FMN/FAD exporter YeeO
[14:46:08] Modify product: Uncharacterized ABC transporter ATP-binding protein YbiT => putative ABC transporter ATP-binding protein YbiT
[14:46:08] Modify product: Uncharacterized protein NMB0459 => putative protein
[14:46:08] Modify product: PGL/p-HBAD biosynthesis glycosyltransferase Rv2957 => PGL/p-HBAD biosynthesis glycosyltransferase
[14:46:08] Modify product: Uncharacterized protein YcgM => putative protein YcgM
[14:46:08] Modify product: UPF0701 protein YicC => hypothetical protein
[14:46:08] Modify product: Putative zinc metalloprotease aq_1964 => Putative zinc metalloprotease
[14:46:08] Modify product: Probable enoyl-CoA hydratase 1 => putative enoyl-CoA hydratase 1
[14:46:08] Modify product: Uncharacterized protein HI_0933 => putative protein
[14:46:08] Modify product: Uncharacterized protein Rv2581c => putative protein
[14:46:08] Modify product: Putative esterase PA1618 => Putative esterase
[14:46:08] Modify product: Uncharacterized protein YqeY => putative protein YqeY
[14:46:08] Modify product: 23S rRNA 5-hydroxycytidine C2501 synthase => 23S rRNA 5-hydroxycytidine synthase
[14:46:08] Modify product: Peptidoglycan-N-acetylglucosamine deacetylase BC_3618 => Peptidoglycan-N-acetylglucosamine deacetylase
[14:46:08] Modify product: Putative multidrug export ATP-binding/permease protein SAV1866 => Putative multidrug export ATP-binding/permease protein
[14:46:08] Modify product: Uncharacterized zinc protease Rv2782c => putative zinc protease
[14:46:08] Modify product: UPF0371 protein DIP2346 => hypothetical protein
[14:46:08] Modify product: SusD-like protein BACOVA_02651 => SusD-like protein
[14:46:08] Modify product: Probable glycine dehydrogenase (decarboxylating) subunit 2 => putative glycine dehydrogenase (decarboxylating) subunit 2
[14:46:08] Modify product: Probable glycine dehydrogenase (decarboxylating) subunit 1 => putative glycine dehydrogenase (decarboxylating) subunit 1
[14:46:08] Modify product: Uncharacterized protein YjbR => putative protein YjbR
[14:46:08] Modify product: Uncharacterized oxidoreductase Rv0945 => putative oxidoreductase
[14:46:08] Modify product: Probable chromosome-partitioning protein ParB => putative chromosome-partitioning protein ParB
[14:46:08] Modify product: Uncharacterized ABC transporter ATP-binding protein YheS => putative ABC transporter ATP-binding protein YheS
[14:46:08] Modify product: UPF0053 protein Rv2366c => hypothetical protein
[14:46:08] Modify product: Probable chromate transport protein => putative chromate transport protein
[14:46:08] Modify product: Probable chromate transport protein => putative chromate transport protein
[14:46:08] Modify product: UPF0053 protein Rv2366c => hypothetical protein
[14:46:08] Modify product: Probable nicotinate-nucleotide pyrophosphorylase [carboxylating] => putative nicotinate-nucleotide pyrophosphorylase [carboxylating]
[14:46:08] Modify product: Uncharacterized ABC transporter ATP-binding protein YknY => putative ABC transporter ATP-binding protein YknY
[14:46:08] Modify product: Uncharacterized epimerase/dehydratase SA0511 => putative epimerase/dehydratase
[14:46:08] Modify product: UPF0758 protein SP_1088 => hypothetical protein
[14:46:08] Cleaned 52 /product names
[14:46:08] Deleting unwanted file: prokka_output/M1607287943/M1607287943.sprot.tmp.75336.faa
[14:46:08] Deleting unwanted file: prokka_output/M1607287943/M1607287943.sprot.tmp.75336.blast
[14:46:08] There are still 1226 unannotated CDS left (started with 1955)
[14:46:08] Will use hmmer3 to search against /home/lorenzo/anaconda3/envs/prokka/db/hmm/HAMAP.hmm with 8 CPUs
[14:46:08] Running: cat prokka_output\/M1607287943\/M1607287943\.HAMAP\.hmm\.tmp\.75336\.faa | parallel --gnu --plain -j 8 --block 25756 --recstart '>' --pipe hmmscan --noali --notextw --acc -E 1e-09 --cpu 1 /home/lorenzo/anaconda3/envs/prokka/db/hmm/HAMAP.hmm /dev/stdin > prokka_output\/M1607287943\/M1607287943\.HAMAP\.hmm\.tmp\.75336\.hmmer3 2> /dev/null
[14:46:17] Deleting unwanted file: prokka_output/M1607287943/M1607287943.HAMAP.hmm.tmp.75336.faa
[14:46:17] Deleting unwanted file: prokka_output/M1607287943/M1607287943.HAMAP.hmm.tmp.75336.hmmer3
[14:46:17] Labelling remaining 1047 proteins as 'hypothetical protein'
[14:46:17] Possible /pseudo 'NAD(P) transhydrogenase subunit alpha' at gnl|Prokka|HIKGEFOG_1 position 177772
[14:46:17] Possible /pseudo 'Vitamin B12 transporter BtuB' at gnl|Prokka|HIKGEFOG_2 position 161028
[14:46:17] Possible /pseudo '23S rRNA (guanosine-2'-O-)-methyltransferase RlmB' at gnl|Prokka|HIKGEFOG_8 position 56710
[14:46:17] Possible /pseudo 'Macrolide export ATP-binding/permease protein MacB' at gnl|Prokka|HIKGEFOG_17 position 28718
[14:46:17] Possible /pseudo 'Chaperone SurA' at gnl|Prokka|HIKGEFOG_20 position 28349
[14:46:17] Possible /pseudo 'putative chromate transport protein' at gnl|Prokka|HIKGEFOG_23 position 14295
[14:46:17] Possible /pseudo 'Pyruvate, phosphate dikinase' at gnl|Prokka|HIKGEFOG_25 position 2748
[14:46:17] Found 741 unique /gene codes.
[14:46:17] Fixed 2 duplicate /gene - yhcG_1 yhcG_2
[14:46:17] Fixed 2 duplicate /gene - btuD_1 btuD_2
[14:46:17] Fixed 2 duplicate /gene - uvrA_1 uvrA_2
[14:46:17] Fixed 2 duplicate /gene - surA_1 surA_2
[14:46:17] Fixed 3 duplicate /gene - nudC_1 nudC_2 nudC_3
[14:46:17] Fixed 2 duplicate /gene - eptC_1 eptC_2
[14:46:17] Fixed 2 duplicate /gene - purH_1 purH_2
[14:46:17] Fixed 2 duplicate /gene - murB_1 murB_2
[14:46:17] Fixed 2 duplicate /gene - asnC_1 asnC_2
[14:46:17] Fixed 2 duplicate /gene - clpP_1 clpP_2
[14:46:17] Fixed 2 duplicate /gene - patA_1 patA_2
[14:46:17] Fixed 2 duplicate /gene - mutS_1 mutS_2
[14:46:17] Fixed 2 duplicate /gene - kefB_1 kefB_2
[14:46:17] Fixed 2 duplicate /gene - pta_1 pta_2
[14:46:17] Fixed 2 duplicate /gene - pyrK_1 pyrK_2
[14:46:17] Fixed 2 duplicate /gene - algC_1 algC_2
[14:46:17] Fixed 2 duplicate /gene - hup_1 hup_2
[14:46:17] Fixed 2 duplicate /gene - rlmB_1 rlmB_2
[14:46:17] Fixed 2 duplicate /gene - cysG_1 cysG_2
[14:46:17] Fixed 2 duplicate /gene - korB_1 korB_2
[14:46:17] Fixed 4 duplicate /gene - sasA_1 sasA_2 sasA_3 sasA_4
[14:46:17] Fixed 2 duplicate /gene - queA_1 queA_2
[14:46:17] Fixed 2 duplicate /gene - rep_1 rep_2
[14:46:17] Fixed 2 duplicate /gene - ftsH_1 ftsH_2
[14:46:17] Fixed 2 duplicate /gene - bamD_1 bamD_2
[14:46:17] Fixed 2 duplicate /gene - lolE_1 lolE_2
[14:46:17] Fixed 2 duplicate /gene - udk_1 udk_2
[14:46:17] Fixed 2 duplicate /gene - lptB_1 lptB_2
[14:46:17] Fixed 3 duplicate /gene - mshA_1 mshA_2 mshA_3
[14:46:17] Fixed 2 duplicate /gene - pspA_1 pspA_2
[14:46:17] Fixed 2 duplicate /gene - atpH_1 atpH_2
[14:46:17] Fixed 2 duplicate /gene - menF_1 menF_2
[14:46:17] Fixed 2 duplicate /gene - pntA_1 pntA_2
[14:46:17] Fixed 3 duplicate /gene - rhaS_1 rhaS_2 rhaS_3
[14:46:17] Fixed 2 duplicate /gene - hmuU_1 hmuU_2
[14:46:17] Fixed 2 duplicate /gene - tuaB_1 tuaB_2
[14:46:17] Fixed 2 duplicate /gene - ppdK_1 ppdK_2
[14:46:17] Fixed 3 duplicate /gene - bamA_1 bamA_2 bamA_3
[14:46:17] Fixed 2 duplicate /gene - recF_1 recF_2
[14:46:17] Fixed 3 duplicate /gene - rluD_1 rluD_2 rluD_3
[14:46:17] Fixed 2 duplicate /gene - rny_1 rny_2
[14:46:17] Fixed 2 duplicate /gene - gyrB_1 gyrB_2
[14:46:17] Fixed 2 duplicate /gene - macB_1 macB_2
[14:46:17] Fixed 3 duplicate /gene - deaD_1 deaD_2 deaD_3
[14:46:17] Fixed 2 duplicate /gene - fusA_1 fusA_2
[14:46:17] Fixed 2 duplicate /gene - mrdB_1 mrdB_2
[14:46:17] Fixed 2 duplicate /gene - deoD_1 deoD_2
[14:46:17] Fixed 2 duplicate /gene - korA_1 korA_2
[14:46:17] Fixed 2 duplicate /gene - gpx1_1 gpx1_2
[14:46:17] Fixed 3 duplicate /gene - dapH_1 dapH_2 dapH_3
[14:46:17] Fixed 2 duplicate /gene - sigE_1 sigE_2
[14:46:17] Fixed 4 duplicate /gene - pal_1 pal_2 pal_3 pal_4
[14:46:17] Fixed 2 duplicate /gene - sigA_1 sigA_2
[14:46:17] Fixed 2 duplicate /gene - rcsC_1 rcsC_2
[14:46:17] Fixed 2 duplicate /gene - lpxA_1 lpxA_2
[14:46:17] Fixed 2 duplicate /gene - fcl_1 fcl_2
[14:46:17] Fixed 2 duplicate /gene - pepD_1 pepD_2
[14:46:17] Fixed 2 duplicate /gene - arnC_1 arnC_2
[14:46:17] Fixed 4 duplicate /gene - bepA_1 bepA_2 bepA_3 bepA_4
[14:46:17] Fixed 2 duplicate /gene - srpC_1 srpC_2
[14:46:17] Fixed 6 duplicate /gene - resA_1 resA_2 resA_3 resA_4 resA_5 resA_6
[14:46:17] Fixed 2 duplicate /gene - aspT_1 aspT_2
[14:46:17] Fixed 2 duplicate /gene - map_1 map_2
[14:46:17] Fixed 2 duplicate /gene - cmk_1 cmk_2
[14:46:17] Fixed 2 duplicate /gene - miaA_1 miaA_2
[14:46:17] Fixed 2 duplicate /gene - lptD_1 lptD_2
[14:46:17] Fixed 2 duplicate /gene - gph_1 gph_2
[14:46:17] Fixed 9 duplicate /gene - btuB_1 btuB_2 btuB_3 btuB_4 btuB_5 btuB_6 btuB_7 btuB_8 btuB_9
[14:46:17] Fixed 2 duplicate /gene - kdsA_1 kdsA_2
[14:46:17] Fixed 2 duplicate /gene - rfbB_1 rfbB_2
[14:46:17] Fixed 2 duplicate /gene - recD2_1 recD2_2
[14:46:17] Fixed 2 duplicate /gene - tadA_1 tadA_2
[14:46:17] Fixed 2 duplicate /gene - mrcA_1 mrcA_2
[14:46:17] Fixed 2 duplicate /gene - relA_1 relA_2
[14:46:17] Fixed 2 duplicate /gene - glgB_1 glgB_2
[14:46:17] Fixed 2 duplicate /gene - yknY_1 yknY_2
[14:46:17] Fixed 2 duplicate /gene - tolQ_1 tolQ_2
[14:46:17] Fixed 2 duplicate /gene - xerD_1 xerD_2
[14:46:17] Fixed 78 colliding /gene names.
[14:46:17] Adding /locus_tag identifiers
[14:46:17] Assigned 1999 locus_tags to CDS and RNA features.
[14:46:17] Writing outputs to prokka_output/M1607287943/
[14:46:18] Generating annotation statistics file
[14:46:18] Generating Genbank and Sequin files
[14:46:18] Running: tbl2asn -V b -a r10k -l paired-ends -M n -N 1 -y 'Annotated using prokka 1.14.6 from https://github.com/tseemann/prokka' -Z prokka_output\/M1607287943\/M1607287943\.err -i prokka_output\/M1607287943\/M1607287943\.fsa 2> /dev/null
[14:46:22] Deleting unwanted file: prokka_output/M1607287943/errorsummary.val
[14:46:22] Deleting unwanted file: prokka_output/M1607287943/M1607287943.dr
[14:46:22] Deleting unwanted file: prokka_output/M1607287943/M1607287943.fixedproducts
[14:46:22] Deleting unwanted file: prokka_output/M1607287943/M1607287943.ecn
[14:46:22] Deleting unwanted file: prokka_output/M1607287943/M1607287943.val
[14:46:22] Repairing broken .GBK output that tbl2asn produces...
[14:46:22] Running: sed 's/COORDINATES: profile/COORDINATES:profile/' < prokka_output\/M1607287943\/M1607287943\.gbf > prokka_output\/M1607287943\/M1607287943\.gbk
[14:46:22] Deleting unwanted file: prokka_output/M1607287943/M1607287943.gbf
[14:46:22] Output files:
[14:46:22] prokka_output/M1607287943/M1607287943.log
[14:46:22] prokka_output/M1607287943/M1607287943.fna
[14:46:22] prokka_output/M1607287943/M1607287943.gff
[14:46:22] prokka_output/M1607287943/M1607287943.gbk
[14:46:22] prokka_output/M1607287943/M1607287943.err
[14:46:22] prokka_output/M1607287943/M1607287943.ffn
[14:46:22] prokka_output/M1607287943/M1607287943.fsa
[14:46:22] prokka_output/M1607287943/M1607287943.faa
[14:46:22] prokka_output/M1607287943/M1607287943.tsv
[14:46:22] prokka_output/M1607287943/M1607287943.tbl
[14:46:22] prokka_output/M1607287943/M1607287943.sqn
[14:46:22] prokka_output/M1607287943/M1607287943.txt
[14:46:22] Annotation finished successfully.
[14:46:22] Walltime used: 1.05 minutes
[14:46:22] If you use this result please cite the Prokka paper:
[14:46:22] Seemann T (2014) Prokka: rapid prokaryotic genome annotation. Bioinformatics. 30(14):2068-9.
[14:46:22] Type 'prokka --citation' for more details.
[14:46:22] Share and enjoy!
