[14:48:32] This is prokka 1.14.6
[14:48:32] Written by Torsten Seemann <torsten.seemann@gmail.com>
[14:48:32] Homepage is https://github.com/tseemann/prokka
[14:48:32] Local time is Fri Mar 27 14:48:32 2026
[14:48:32] You are lorenzo
[14:48:32] Operating system is linux
[14:48:32] You have BioPerl 1.007002
[14:48:32] System has 8 cores.
[14:48:32] Will use maximum of 8 cores.
[14:48:32] Annotating as >>> Bacteria <<<
[14:48:32] Generating locus_tag from 'extracted_mags/M1702705864.fna' contents.
[14:48:32] Setting --locustag MMIDAKPF from MD5 662da49fc261fe702c4c8e330eda147c
[14:48:32] Enabling options to ensure Genbank/ENA/DDJB submission compliance.
[14:48:32] Re-using existing --outdir prokka_output/M1702705864
[14:48:32] Using filename prefix: M1702705864.XXX
[14:48:32] Setting HMMER_NCPU=1
[14:48:32] Writing log to: prokka_output/M1702705864/M1702705864.log
[14:48:32] Command: /home/lorenzo/anaconda3/envs/prokka/bin/prokka extracted_mags/M1702705864.fna --outdir prokka_output/M1702705864 --compliant --force --prefix M1702705864
[14:48:32] Appending to PATH: /home/lorenzo/anaconda3/envs/prokka/bin
[14:48:32] Looking for 'aragorn' - found /home/lorenzo/anaconda3/envs/prokka/bin/aragorn
[14:48:32] Determined aragorn version is 001002 from 'ARAGORN v1.2.41 Dean Laslett'
[14:48:32] Looking for 'barrnap' - found /home/lorenzo/anaconda3/envs/prokka/bin/barrnap
[14:48:32] Determined barrnap version is 000009 from 'barrnap 0.9'
[14:48:32] Looking for 'blastp' - found /home/lorenzo/anaconda3/envs/prokka/bin/blastp
[14:48:32] Determined blastp version is 002016 from 'blastp: 2.16.0+'
[14:48:32] Looking for 'cmpress' - found /home/lorenzo/anaconda3/envs/prokka/bin/cmpress
[14:48:32] Determined cmpress version is 001001 from '# INFERNAL 1.1.4 (Dec 2020)'
[14:48:32] Looking for 'cmscan' - found /home/lorenzo/anaconda3/envs/prokka/bin/cmscan
[14:48:32] Determined cmscan version is 001001 from '# INFERNAL 1.1.4 (Dec 2020)'
[14:48:32] Looking for 'egrep' - found /usr/bin/egrep
[14:48:32] Looking for 'find' - found /usr/bin/find
[14:48:32] Looking for 'grep' - found /usr/bin/grep
[14:48:32] Looking for 'hmmpress' - found /home/lorenzo/anaconda3/envs/prokka/bin/hmmpress
[14:48:32] Determined hmmpress version is 003004 from '# HMMER 3.4 (Aug 2023); http://hmmer.org/'
[14:48:32] Looking for 'hmmscan' - found /home/lorenzo/anaconda3/envs/prokka/bin/hmmscan
[14:48:32] Determined hmmscan version is 003004 from '# HMMER 3.4 (Aug 2023); http://hmmer.org/'
[14:48:32] Looking for 'java' - found /home/lorenzo/anaconda3/envs/prokka/bin/java
[14:48:32] Looking for 'makeblastdb' - found /home/lorenzo/anaconda3/envs/prokka/bin/makeblastdb
[14:48:32] Determined makeblastdb version is 002016 from 'makeblastdb: 2.16.0+'
[14:48:32] Looking for 'minced' - found /home/lorenzo/anaconda3/envs/prokka/bin/minced
[14:48:32] Determined minced version is 004002 from 'minced 0.4.2'
[14:48:32] Looking for 'parallel' - found /home/lorenzo/anaconda3/envs/prokka/bin/parallel
[14:48:32] Determined parallel version is 20260122 from 'GNU parallel 20260122'
[14:48:32] Looking for 'prodigal' - found /home/lorenzo/anaconda3/envs/prokka/bin/prodigal
[14:48:32] Determined prodigal version is 002006 from 'Prodigal V2.6.3: February, 2016'
[14:48:32] Looking for 'prokka-genbank_to_fasta_db' - found /home/lorenzo/anaconda3/envs/prokka/bin/prokka-genbank_to_fasta_db
[14:48:32] Looking for 'sed' - found /usr/bin/sed
[14:48:32] Looking for 'tbl2asn' - found /home/lorenzo/anaconda3/envs/prokka/bin/tbl2asn
[14:48:32] Determined tbl2asn version is 025007 from 'tbl2asn 25.7   arguments:'
[14:48:32] Using genetic code table 11.
[14:48:32] Loading and checking input file: extracted_mags/M1702705864.fna
[14:48:32] Wrote 38 contigs totalling 2472897 bp.
[14:48:32] Predicting tRNAs and tmRNAs
[14:48:32] Running: aragorn -l -gc11  -w prokka_output\/M1702705864\/M1702705864\.fna
[14:48:33] 1 tRNA-His c[4991,5065] 35 (gtg)
[14:48:33] 2 tRNA-Arg [274784,274858] 35 (acg)
[14:48:33] 3 tRNA-Ser [313145,313232] 35 (gct)
[14:48:33] 4 tRNA-Glu [313259,313331] 34 (ctc)
[14:48:33] 1 tRNA-Val [18282,18357] 36 (tac)
[14:48:33] 2 tRNA-Val [18532,18607] 36 (tac)
[14:48:33] 1 tRNA-Pro [79164,79237] 34 (ggg)
[14:48:33] 2 tRNA-Lys c[79399,79472] 34 (ttt)
[14:48:33] 3 tRNA-Met [105075,105149] 35 (cat)
[14:48:33] 1 tRNA-Leu c[32372,32458] 34 (taa)
[14:48:33] 2 tRNA-Gln c[62123,62194] 33 (ttg)
[14:48:33] 1 tRNA-Lys [52272,52345] 34 (ctt)
[14:48:33] 2 tRNA-Asp [84994,85069] 36 (gtc)
[14:48:33] 3 tRNA-Thr [85374,85448] 35 (tgt)
[14:48:33] 1 tRNA-Ser [31246,31333] 35 (cga)
[14:48:33] 2 tRNA-Gly [43421,43494] 34 (gcc)
[14:48:33] 3 tRNA-Leu [43525,43608] 35 (cag)
[14:48:33] 4 tRNA-Leu [43632,43715] 35 (gag)
[14:48:33] 5 tRNA-Gly [43731,43804] 34 (gcc)
[14:48:33] 1 tRNA-Ser c[22318,22406] 35 (gga)
[14:48:33] 2 tRNA-Leu [32972,33054] 35 (tag)
[14:48:33] 1 tRNA-Met c[4217,4290] 34 (cat)
[14:48:33] 2 tRNA-Gln c[53151,53222] 33 (ctg)
[14:48:33] 1 tRNA-Glu [23080,23154] 34 (ttc)
[14:48:33] 2 tRNA-Met c[57449,57523] 35 (cat)
[14:48:33] 1 tRNA-Cys [58597,58670] 33 (gca)
[14:48:33] 2 tRNA-Arg c[64809,64884] 36 (tct)
[14:48:33] 1 tRNA-Trp c[19480,19553] 34 (cca)
[14:48:33] 2 tRNA-Thr c[20895,20967] 33 (ggt)
[14:48:33] 3 tRNA-Gly c[20972,21045] 34 (tcc)
[14:48:33] 4 tRNA-Tyr c[21133,21216] 35 (gta)
[14:48:33] 5 tRNA-Thr c[21255,21329] 35 (tgt)
[14:48:33] 6 tRNA-Ala [46425,46499] 35 (ggc)
[14:48:33] 1 tmRNA [53002,53399] 97,126 GNNNYALAA*
[14:48:33] 1 tRNA-Asn c[187,261] 35 (gtt)
[14:48:33] 2 tRNA-Arg [22420,22492] 34 (cct)
[14:48:33] 1 tRNA-Thr [50477,50552] 34 (cgt)
[14:48:33] 2 tRNA-Gly [50583,50656] 34 (ccc)
[14:48:33] 3 tRNA-Phe c[50801,50875] 34 (gaa)
[14:48:33] 1 tRNA-Leu c[8392,8474] 35 (caa)
[14:48:33] 1 tRNA-Phe c[8929,9002] 34 (gaa)
[14:48:33] 2 tRNA-Pro [9138,9212] 34 (cgg)
[14:48:33] 1 tRNA-Arg c[27899,27973] 35 (ccg)
[14:48:33] 1 tRNA-Ser c[257,342] 35 (tga)
[14:48:33] 2 tRNA-Pro [13316,13389] 34 (tgg)
[14:48:33] Found 45 tRNAs
[14:48:33] Predicting Ribosomal RNAs
[14:48:33] Running Barrnap with 8 threads
[14:48:33] 1 gnl|Prokka|MMIDAKPF_11 80600 5S ribosomal RNA
[14:48:33] 2 gnl|Prokka|MMIDAKPF_15 64194 16S ribosomal RNA (partial)
[14:48:33] 3 gnl|Prokka|MMIDAKPF_16 60544 5S ribosomal RNA
[14:48:33] 4 gnl|Prokka|MMIDAKPF_27 33247 5S ribosomal RNA
[14:48:33] 5 gnl|Prokka|MMIDAKPF_35 6743 5S ribosomal RNA
[14:48:33] Found 5 rRNAs
[14:48:33] Skipping ncRNA search, enable with --rfam if desired.
[14:48:33] Total of 49 tRNA + rRNA features
[14:48:33] Searching for CRISPR repeats
[14:48:33] CRISPR1 gnl|Prokka|MMIDAKPF_1 70998 with 7 spacers
[14:48:33] CRISPR2 gnl|Prokka|MMIDAKPF_5 17417 with 23 spacers
[14:48:34] Found 2 CRISPRs
[14:48:34] Predicting coding sequences
[14:48:34] Contigs total 2472897 bp, so using single mode
[14:48:34] Running: prodigal -i prokka_output\/M1702705864\/M1702705864\.fna -c -m -g 11 -p single -f sco -q
[14:48:40] Excluding CDS which overlaps existing RNA (tRNA) at gnl|Prokka|MMIDAKPF_3:18251..18424 on + strand
[14:48:40] Excluding CDS which overlaps existing RNA (repeat_region) at gnl|Prokka|MMIDAKPF_5:17699..17929 on + strand
[14:48:40] Excluding CDS which overlaps existing RNA (repeat_region) at gnl|Prokka|MMIDAKPF_5:18073..18171 on - strand
[14:48:40] Excluding CDS which overlaps existing RNA (repeat_region) at gnl|Prokka|MMIDAKPF_5:18176..18379 on + strand
[14:48:40] Excluding CDS which overlaps existing RNA (repeat_region) at gnl|Prokka|MMIDAKPF_5:18425..18715 on + strand
[14:48:40] Excluding CDS which overlaps existing RNA (repeat_region) at gnl|Prokka|MMIDAKPF_5:18690..18908 on + strand
[14:48:40] Excluding CDS which overlaps existing RNA (tRNA) at gnl|Prokka|MMIDAKPF_5:30661..32406 on - strand
[14:48:40] Excluding CDS which overlaps existing RNA (tRNA) at gnl|Prokka|MMIDAKPF_5:62100..62552 on + strand
[14:48:40] Excluding CDS which overlaps existing RNA (rRNA) at gnl|Prokka|MMIDAKPF_11:80436..80708 on + strand
[14:48:40] Excluding CDS which overlaps existing RNA (tRNA) at gnl|Prokka|MMIDAKPF_13:22999..23124 on + strand
[14:48:41] Excluding CDS which overlaps existing RNA (tRNA) at gnl|Prokka|MMIDAKPF_23:9105..9230 on - strand
[14:48:41] Excluding CDS which overlaps existing RNA (rRNA) at gnl|Prokka|MMIDAKPF_35:6603..6851 on + strand
[14:48:41] Found 2125 CDS
[14:48:41] Connecting features back to sequences
[14:48:41] Not using genus-specific database. Try --usegenus to enable it.
[14:48:41] Annotating CDS, please be patient.
[14:48:41] Will use 8 CPUs for similarity searching.
[14:48:41] There are still 2125 unannotated CDS left (started with 2125)
[14:48:41] Will use blast to search against /home/lorenzo/anaconda3/envs/prokka/db/kingdom/Bacteria/IS with 8 CPUs
[14:48:41] Running: cat prokka_output\/M1702705864\/M1702705864\.IS\.tmp\.81173\.faa | parallel --gnu --plain -j 8 --block 46099 --recstart '>' --pipe blastp -query - -db /home/lorenzo/anaconda3/envs/prokka/db/kingdom/Bacteria/IS -evalue 1e-30 -qcov_hsp_perc 90 -num_threads 1 -num_descriptions 1 -num_alignments 1 -seg no > prokka_output\/M1702705864\/M1702705864\.IS\.tmp\.81173\.blast 2> /dev/null
[14:48:48] Deleting unwanted file: prokka_output/M1702705864/M1702705864.IS.tmp.81173.faa
[14:48:48] Deleting unwanted file: prokka_output/M1702705864/M1702705864.IS.tmp.81173.blast
[14:48:49] There are still 2116 unannotated CDS left (started with 2125)
[14:48:49] Will use blast to search against /home/lorenzo/anaconda3/envs/prokka/db/kingdom/Bacteria/AMR with 8 CPUs
[14:48:49] Running: cat prokka_output\/M1702705864\/M1702705864\.AMR\.tmp\.81173\.faa | parallel --gnu --plain -j 8 --block 45931 --recstart '>' --pipe blastp -query - -db /home/lorenzo/anaconda3/envs/prokka/db/kingdom/Bacteria/AMR -evalue 9.99999999999999e-301 -qcov_hsp_perc 90 -num_threads 1 -num_descriptions 1 -num_alignments 1 -seg no > prokka_output\/M1702705864\/M1702705864\.AMR\.tmp\.81173\.blast 2> /dev/null
[14:48:55] Deleting unwanted file: prokka_output/M1702705864/M1702705864.AMR.tmp.81173.faa
[14:48:55] Deleting unwanted file: prokka_output/M1702705864/M1702705864.AMR.tmp.81173.blast
[14:48:55] There are still 2116 unannotated CDS left (started with 2125)
[14:48:55] Will use blast to search against /home/lorenzo/anaconda3/envs/prokka/db/kingdom/Bacteria/sprot with 8 CPUs
[14:48:55] Running: cat prokka_output\/M1702705864\/M1702705864\.sprot\.tmp\.81173\.faa | parallel --gnu --plain -j 8 --block 45931 --recstart '>' --pipe blastp -query - -db /home/lorenzo/anaconda3/envs/prokka/db/kingdom/Bacteria/sprot -evalue 1e-09 -qcov_hsp_perc 80 -num_threads 1 -num_descriptions 1 -num_alignments 1 -seg no > prokka_output\/M1702705864\/M1702705864\.sprot\.tmp\.81173\.blast 2> /dev/null
[14:49:23] Modify product: Probable GTP-binding protein EngB => putative GTP-binding protein EngB
[14:49:23] Modify product: Putative esterase PA1618 => Putative esterase
[14:49:23] Modify product: UPF0053 protein Rv2366c => hypothetical protein
[14:49:23] Modify product: UPF0145 protein YbjQ => hypothetical protein
[14:49:23] Modify product: Sulfurtransferase Alvin_2599 => Sulfurtransferase
[14:49:23] Modify product: GTP cyclohydrolase 1 type 2 homolog => GTP cyclohydrolase 1 type 2 
[14:49:23] Modify product: Probable TonB-dependent receptor NMB0964 => putative TonB-dependent receptor
[14:49:23] Modify product: Bifunctional protein FolD => Bifunctional protein FolD protein
[14:49:23] Modify product: Uncharacterized protein YqgN => putative protein YqgN
[14:49:23] Modify product: Probable amino-acid metabolite efflux pump => putative amino-acid metabolite efflux pump
[14:49:23] Modify product: Uncharacterized glycosyltransferase YkoT => putative glycosyltransferase YkoT
[14:49:23] Modify product: UPF0353 protein Rv1481 => hypothetical protein
[14:49:23] Modify product: Acetyltransferase PA3944 => Acetyltransferase
[14:49:23] Modify product: UPF0371 protein DIP2346 => hypothetical protein
[14:49:23] Modify product: UPF0073 inner membrane protein YqfA => hypothetical protein
[14:49:23] Modify product: Uncharacterized ABC transporter ATP-binding protein YknY => putative ABC transporter ATP-binding protein YknY
[14:49:23] Modify product: Uncharacterized ABC transporter ATP-binding protein YbiT => putative ABC transporter ATP-binding protein YbiT
[14:49:23] Modify product: Probable FMN/FAD exporter YeeO => putative FMN/FAD exporter YeeO
[14:49:23] Modify product: Probable multidrug ABC transporter permease YbhR => putative multidrug ABC transporter permease YbhR
[14:49:23] Modify product: Probable multidrug ABC transporter permease YbhS => putative multidrug ABC transporter permease YbhS
[14:49:23] Modify product: UPF0194 membrane protein YbhG => hypothetical protein
[14:49:23] Modify product: Probable nicotinate-nucleotide pyrophosphorylase [carboxylating] => putative nicotinate-nucleotide pyrophosphorylase [carboxylating]
[14:49:23] Modify product: UPF0053 protein Rv2366c => hypothetical protein
[14:49:23] Modify product: Uncharacterized protein HI_0933 => putative protein
[14:49:23] Modify product: Probable ATP-dependent transporter SufC => putative ATP-dependent transporter SufC
[14:49:23] Modify product: Uncharacterized protein YqeY => putative protein YqeY
[14:49:23] Modify product: Uncharacterized zinc protease Rv2782c => putative zinc protease
[14:49:23] Modify product: Uncharacterized ABC transporter ATP-binding protein YheS => putative ABC transporter ATP-binding protein YheS
[14:49:23] Modify product: Probable chromate transport protein => putative chromate transport protein
[14:49:23] Modify product: Probable chromate transport protein => putative chromate transport protein
[14:49:23] Modify product: Probable RNA polymerase sigma factor FecI => putative RNA polymerase sigma factor FecI
[14:49:23] Modify product: Uncharacterized HIT-like protein Rv0759c => putative HIT-like protein
[14:49:23] Modify product: Glutathione peroxidase homolog BsaA => Glutathione peroxidase BsaA
[14:49:23] Modify product: Uncharacterized protein Rv2581c => putative protein
[14:49:23] Modify product: UPF0324 inner membrane protein YeiH => hypothetical protein
[14:49:24] Modify product: Probable GTPase Rv1496 => putative GTPase
[14:49:24] Modify product: Probable ribonucleotide transport ATP-binding protein mkl => putative ribonucleotide transport ATP-binding protein mkl
[14:49:24] Modify product: Probable chromosome-partitioning protein ParB => putative chromosome-partitioning protein ParB
[14:49:24] Modify product: Probable glycine dehydrogenase (decarboxylating) subunit 2 => putative glycine dehydrogenase (decarboxylating) subunit 2
[14:49:24] Modify product: Probable glycine dehydrogenase (decarboxylating) subunit 1 => putative glycine dehydrogenase (decarboxylating) subunit 1
[14:49:24] Modify product: Uncharacterized protein YjbR => putative protein YjbR
[14:49:24] Modify product: Uncharacterized oxidoreductase Rv0945 => putative oxidoreductase
[14:49:24] Modify product: Probable efflux pump periplasmic linker TtgA => putative efflux pump periplasmic linker TtgA
[14:49:24] Modify product: Uncharacterized epimerase/dehydratase SA0511 => putative epimerase/dehydratase
[14:49:24] Modify product: UPF0758 protein SP_1088 => hypothetical protein
[14:49:24] Modify product: Uncharacterized ABC transporter ATP-binding protein YknY => putative ABC transporter ATP-binding protein YknY
[14:49:24] Modify product: Putative multidrug export ATP-binding/permease protein SAV1866 => Putative multidrug export ATP-binding/permease protein
[14:49:24] Modify product: PGL/p-HBAD biosynthesis glycosyltransferase Rv2957 => PGL/p-HBAD biosynthesis glycosyltransferase
[14:49:24] Modify product: Uncharacterized protein YcgM => putative protein YcgM
[14:49:24] Modify product: Probable enoyl-CoA hydratase 1 => putative enoyl-CoA hydratase 1
[14:49:24] Modify product: Putative zinc metalloprotease aq_1964 => Putative zinc metalloprotease
[14:49:24] Modify product: UPF0701 protein YicC => hypothetical protein
[14:49:24] Modify product: Peptidoglycan-N-acetylglucosamine deacetylase BC_3618 => Peptidoglycan-N-acetylglucosamine deacetylase
[14:49:24] Modify product: 23S rRNA 5-hydroxycytidine C2501 synthase => 23S rRNA 5-hydroxycytidine synthase
[14:49:24] Modify product: Probable transcriptional regulatory protein HP_0162 => putative transcriptional regulatory protein
[14:49:24] Cleaned 55 /product names
[14:49:24] Deleting unwanted file: prokka_output/M1702705864/M1702705864.sprot.tmp.81173.faa
[14:49:24] Deleting unwanted file: prokka_output/M1702705864/M1702705864.sprot.tmp.81173.blast
[14:49:24] There are still 1377 unannotated CDS left (started with 2125)
[14:49:24] Will use hmmer3 to search against /home/lorenzo/anaconda3/envs/prokka/db/hmm/HAMAP.hmm with 8 CPUs
[14:49:24] Running: cat prokka_output\/M1702705864\/M1702705864\.HAMAP\.hmm\.tmp\.81173\.faa | parallel --gnu --plain -j 8 --block 28595 --recstart '>' --pipe hmmscan --noali --notextw --acc -E 1e-09 --cpu 1 /home/lorenzo/anaconda3/envs/prokka/db/hmm/HAMAP.hmm /dev/stdin > prokka_output\/M1702705864\/M1702705864\.HAMAP\.hmm\.tmp\.81173\.hmmer3 2> /dev/null
[14:49:34] Deleting unwanted file: prokka_output/M1702705864/M1702705864.HAMAP.hmm.tmp.81173.faa
[14:49:34] Deleting unwanted file: prokka_output/M1702705864/M1702705864.HAMAP.hmm.tmp.81173.hmmer3
[14:49:34] Labelling remaining 1190 proteins as 'hypothetical protein'
[14:49:34] Possible /pseudo 'Macrolide export ATP-binding/permease protein MacB' at gnl|Prokka|MMIDAKPF_1 position 249497
[14:49:34] Possible /pseudo 'Chaperone SurA' at gnl|Prokka|MMIDAKPF_3 position 11317
[14:49:34] Possible /pseudo '23S rRNA (guanosine-2'-O-)-methyltransferase RlmB' at gnl|Prokka|MMIDAKPF_8 position 77925
[14:49:34] Possible /pseudo 'putative chromate transport protein' at gnl|Prokka|MMIDAKPF_15 position 49897
[14:49:34] Possible /pseudo 'NAD(P) transhydrogenase subunit alpha' at gnl|Prokka|MMIDAKPF_30 position 16168
[14:49:34] Found 764 unique /gene codes.
[14:49:34] Fixed 2 duplicate /gene - lpxA_1 lpxA_2
[14:49:34] Fixed 2 duplicate /gene - yknY_1 yknY_2
[14:49:34] Fixed 2 duplicate /gene - lptB_1 lptB_2
[14:49:34] Fixed 2 duplicate /gene - gph_1 gph_2
[14:49:34] Fixed 2 duplicate /gene - ccsA_1 ccsA_2
[14:49:34] Fixed 2 duplicate /gene - cirA_1 cirA_2
[14:49:34] Fixed 5 duplicate /gene - sasA_1 sasA_2 sasA_3 sasA_4 sasA_5
[14:49:34] Fixed 2 duplicate /gene - hup_1 hup_2
[14:49:34] Fixed 2 duplicate /gene - xerC_1 xerC_2
[14:49:34] Fixed 2 duplicate /gene - miaA_1 miaA_2
[14:49:34] Fixed 2 duplicate /gene - thyA_1 thyA_2
[14:49:34] Fixed 3 duplicate /gene - deaD_1 deaD_2 deaD_3
[14:49:34] Fixed 2 duplicate /gene - korA_1 korA_2
[14:49:34] Fixed 2 duplicate /gene - rny_1 rny_2
[14:49:34] Fixed 2 duplicate /gene - uvrA_1 uvrA_2
[14:49:34] Fixed 2 duplicate /gene - asnC_1 asnC_2
[14:49:34] Fixed 2 duplicate /gene - udk_1 udk_2
[14:49:34] Fixed 2 duplicate /gene - apxIB_1 apxIB_2
[14:49:34] Fixed 2 duplicate /gene - korB_1 korB_2
[14:49:34] Fixed 2 duplicate /gene - atpH_1 atpH_2
[14:49:34] Fixed 2 duplicate /gene - pspA_1 pspA_2
[14:49:34] Fixed 2 duplicate /gene - patA_1 patA_2
[14:49:34] Fixed 2 duplicate /gene - rhaR_1 rhaR_2
[14:49:34] Fixed 2 duplicate /gene - kdsA_1 kdsA_2
[14:49:34] Fixed 2 duplicate /gene - macB_1 macB_2
[14:49:34] Fixed 8 duplicate /gene - btuB_1 btuB_2 btuB_3 btuB_4 btuB_5 btuB_6 btuB_7 btuB_8
[14:49:34] Fixed 2 duplicate /gene - tadA_1 tadA_2
[14:49:34] Fixed 2 duplicate /gene - kefB_1 kefB_2
[14:49:34] Fixed 2 duplicate /gene - queA_1 queA_2
[14:49:34] Fixed 2 duplicate /gene - mrcA_1 mrcA_2
[14:49:34] Fixed 2 duplicate /gene - tolQ_1 tolQ_2
[14:49:34] Fixed 2 duplicate /gene - rlmB_1 rlmB_2
[14:49:34] Fixed 2 duplicate /gene - algC_1 algC_2
[14:49:34] Fixed 2 duplicate /gene - aspT_1 aspT_2
[14:49:34] Fixed 2 duplicate /gene - pyrK_1 pyrK_2
[14:49:34] Fixed 2 duplicate /gene - nfrA2_1 nfrA2_2
[14:49:34] Fixed 3 duplicate /gene - nudC_1 nudC_2 nudC_3
[14:49:34] Fixed 2 duplicate /gene - arnC_1 arnC_2
[14:49:34] Fixed 2 duplicate /gene - xerD_1 xerD_2
[14:49:34] Fixed 2 duplicate /gene - cobD_1 cobD_2
[14:49:34] Fixed 2 duplicate /gene - cmk_1 cmk_2
[14:49:34] Fixed 2 duplicate /gene - rhaS_1 rhaS_2
[14:49:34] Fixed 2 duplicate /gene - hmuU_1 hmuU_2
[14:49:34] Fixed 2 duplicate /gene - gyrB_1 gyrB_2
[14:49:34] Fixed 4 duplicate /gene - pal_1 pal_2 pal_3 pal_4
[14:49:34] Fixed 2 duplicate /gene - fcl_1 fcl_2
[14:49:34] Fixed 4 duplicate /gene - bepA_1 bepA_2 bepA_3 bepA_4
[14:49:34] Fixed 2 duplicate /gene - btuD_1 btuD_2
[14:49:34] Fixed 4 duplicate /gene - dapH_1 dapH_2 dapH_3 dapH_4
[14:49:34] Fixed 2 duplicate /gene - surA_1 surA_2
[14:49:34] Fixed 2 duplicate /gene - yhcG_1 yhcG_2
[14:49:34] Fixed 2 duplicate /gene - rcsC_1 rcsC_2
[14:49:34] Fixed 2 duplicate /gene - menF_1 menF_2
[14:49:34] Fixed 2 duplicate /gene - rep_1 rep_2
[14:49:34] Fixed 5 duplicate /gene - mshA_1 mshA_2 mshA_3 mshA_4 mshA_5
[14:49:34] Fixed 2 duplicate /gene - tuaB_1 tuaB_2
[14:49:34] Fixed 2 duplicate /gene - purH_1 purH_2
[14:49:34] Fixed 2 duplicate /gene - lolE_1 lolE_2
[14:49:34] Fixed 2 duplicate /gene - ftsH_1 ftsH_2
[14:49:34] Fixed 2 duplicate /gene - srpC_1 srpC_2
[14:49:34] Fixed 3 duplicate /gene - bamA_1 bamA_2 bamA_3
[14:49:34] Fixed 2 duplicate /gene - mutS_1 mutS_2
[14:49:34] Fixed 3 duplicate /gene - rluD_1 rluD_2 rluD_3
[14:49:34] Fixed 2 duplicate /gene - recD2_1 recD2_2
[14:49:34] Fixed 2 duplicate /gene - sigA_1 sigA_2
[14:49:34] Fixed 2 duplicate /gene - lptD_1 lptD_2
[14:49:34] Fixed 2 duplicate /gene - pntA_1 pntA_2
[14:49:34] Fixed 2 duplicate /gene - relA_1 relA_2
[14:49:34] Fixed 2 duplicate /gene - mrdB_1 mrdB_2
[14:49:34] Fixed 2 duplicate /gene - bamD_1 bamD_2
[14:49:34] Fixed 2 duplicate /gene - pepD_1 pepD_2
[14:49:34] Fixed 2 duplicate /gene - map_1 map_2
[14:49:34] Fixed 6 duplicate /gene - resA_1 resA_2 resA_3 resA_4 resA_5 resA_6
[14:49:34] Fixed 2 duplicate /gene - dnaG_1 dnaG_2
[14:49:34] Fixed 2 duplicate /gene - glgB_1 glgB_2
[14:49:34] Fixed 2 duplicate /gene - clpP_1 clpP_2
[14:49:34] Fixed 2 duplicate /gene - fusA_1 fusA_2
[14:49:34] Fixed 77 colliding /gene names.
[14:49:34] Adding /locus_tag identifiers
[14:49:35] Assigned 2175 locus_tags to CDS and RNA features.
[14:49:35] Writing outputs to prokka_output/M1702705864/
[14:49:36] Generating annotation statistics file
[14:49:36] Generating Genbank and Sequin files
[14:49:36] Running: tbl2asn -V b -a r10k -l paired-ends -M n -N 1 -y 'Annotated using prokka 1.14.6 from https://github.com/tseemann/prokka' -Z prokka_output\/M1702705864\/M1702705864\.err -i prokka_output\/M1702705864\/M1702705864\.fsa 2> /dev/null
[tbl2asn-forever] Found Prokka input, correcting dates in .gbf|.sqn files.
[tbl2asn-forever] Correcting dates in prokka_output/M1702705864/M1702705864.gbf
[tbl2asn-forever] Correcting dates in prokka_output/M1702705864/M1702705864.sqn
[tbl2asn-forever] Dates changed from 01-JAN-2019 to 27-MAR-2026
[14:49:39] Deleting unwanted file: prokka_output/M1702705864/errorsummary.val
[14:49:39] Deleting unwanted file: prokka_output/M1702705864/M1702705864.dr
[14:49:39] Deleting unwanted file: prokka_output/M1702705864/M1702705864.fixedproducts
[14:49:39] Deleting unwanted file: prokka_output/M1702705864/M1702705864.ecn
[14:49:39] Deleting unwanted file: prokka_output/M1702705864/M1702705864.val
[14:49:39] Repairing broken .GBK output that tbl2asn produces...
[14:49:39] Running: sed 's/COORDINATES: profile/COORDINATES:profile/' < prokka_output\/M1702705864\/M1702705864\.gbf > prokka_output\/M1702705864\/M1702705864\.gbk
[14:49:39] Deleting unwanted file: prokka_output/M1702705864/M1702705864.gbf
[14:49:39] Output files:
[14:49:39] prokka_output/M1702705864/M1702705864.log
[14:49:39] prokka_output/M1702705864/M1702705864.err
[14:49:39] prokka_output/M1702705864/M1702705864.sqn
[14:49:39] prokka_output/M1702705864/M1702705864.txt
[14:49:39] prokka_output/M1702705864/M1702705864.tbl
[14:49:39] prokka_output/M1702705864/M1702705864.fsa
[14:49:39] prokka_output/M1702705864/M1702705864.fna
[14:49:39] prokka_output/M1702705864/M1702705864.gff
[14:49:39] prokka_output/M1702705864/M1702705864.ffn
[14:49:39] prokka_output/M1702705864/M1702705864.faa
[14:49:39] prokka_output/M1702705864/M1702705864.gbk
[14:49:39] prokka_output/M1702705864/M1702705864.tsv
[14:49:39] Annotation finished successfully.
[14:49:39] Walltime used: 1.12 minutes
[14:49:39] If you use this result please cite the Prokka paper:
[14:49:39] Seemann T (2014) Prokka: rapid prokaryotic genome annotation. Bioinformatics. 30(14):2068-9.
[14:49:39] Type 'prokka --citation' for more details.
[14:49:39] Share and enjoy!
