[14:59:41] This is prokka 1.14.6
[14:59:41] Written by Torsten Seemann <torsten.seemann@gmail.com>
[14:59:41] Homepage is https://github.com/tseemann/prokka
[14:59:41] Local time is Fri Mar 27 14:59:41 2026
[14:59:41] You are lorenzo
[14:59:41] Operating system is linux
[14:59:41] You have BioPerl 1.007002
[14:59:41] System has 8 cores.
[14:59:41] Will use maximum of 8 cores.
[14:59:41] Annotating as >>> Bacteria <<<
[14:59:41] Generating locus_tag from 'extracted_mags/M1968198586.fna' contents.
[14:59:41] Setting --locustag NIELGFIF from MD5 72e50f2f67085acb2204ae5116c05dc3
[14:59:41] Enabling options to ensure Genbank/ENA/DDJB submission compliance.
[14:59:41] Re-using existing --outdir prokka_output/M1968198586
[14:59:41] Using filename prefix: M1968198586.XXX
[14:59:41] Setting HMMER_NCPU=1
[14:59:41] Writing log to: prokka_output/M1968198586/M1968198586.log
[14:59:41] Command: /home/lorenzo/anaconda3/envs/prokka/bin/prokka extracted_mags/M1968198586.fna --outdir prokka_output/M1968198586 --compliant --force --prefix M1968198586
[14:59:41] Appending to PATH: /home/lorenzo/anaconda3/envs/prokka/bin
[14:59:41] Looking for 'aragorn' - found /home/lorenzo/anaconda3/envs/prokka/bin/aragorn
[14:59:41] Determined aragorn version is 001002 from 'ARAGORN v1.2.41 Dean Laslett'
[14:59:41] Looking for 'barrnap' - found /home/lorenzo/anaconda3/envs/prokka/bin/barrnap
[14:59:41] Determined barrnap version is 000009 from 'barrnap 0.9'
[14:59:41] Looking for 'blastp' - found /home/lorenzo/anaconda3/envs/prokka/bin/blastp
[14:59:41] Determined blastp version is 002016 from 'blastp: 2.16.0+'
[14:59:41] Looking for 'cmpress' - found /home/lorenzo/anaconda3/envs/prokka/bin/cmpress
[14:59:41] Determined cmpress version is 001001 from '# INFERNAL 1.1.4 (Dec 2020)'
[14:59:41] Looking for 'cmscan' - found /home/lorenzo/anaconda3/envs/prokka/bin/cmscan
[14:59:41] Determined cmscan version is 001001 from '# INFERNAL 1.1.4 (Dec 2020)'
[14:59:41] Looking for 'egrep' - found /usr/bin/egrep
[14:59:41] Looking for 'find' - found /usr/bin/find
[14:59:41] Looking for 'grep' - found /usr/bin/grep
[14:59:41] Looking for 'hmmpress' - found /home/lorenzo/anaconda3/envs/prokka/bin/hmmpress
[14:59:41] Determined hmmpress version is 003004 from '# HMMER 3.4 (Aug 2023); http://hmmer.org/'
[14:59:41] Looking for 'hmmscan' - found /home/lorenzo/anaconda3/envs/prokka/bin/hmmscan
[14:59:41] Determined hmmscan version is 003004 from '# HMMER 3.4 (Aug 2023); http://hmmer.org/'
[14:59:41] Looking for 'java' - found /home/lorenzo/anaconda3/envs/prokka/bin/java
[14:59:41] Looking for 'makeblastdb' - found /home/lorenzo/anaconda3/envs/prokka/bin/makeblastdb
[14:59:41] Determined makeblastdb version is 002016 from 'makeblastdb: 2.16.0+'
[14:59:41] Looking for 'minced' - found /home/lorenzo/anaconda3/envs/prokka/bin/minced
[14:59:41] Determined minced version is 004002 from 'minced 0.4.2'
[14:59:41] Looking for 'parallel' - found /home/lorenzo/anaconda3/envs/prokka/bin/parallel
[14:59:41] Determined parallel version is 20260122 from 'GNU parallel 20260122'
[14:59:41] Looking for 'prodigal' - found /home/lorenzo/anaconda3/envs/prokka/bin/prodigal
[14:59:41] Determined prodigal version is 002006 from 'Prodigal V2.6.3: February, 2016'
[14:59:41] Looking for 'prokka-genbank_to_fasta_db' - found /home/lorenzo/anaconda3/envs/prokka/bin/prokka-genbank_to_fasta_db
[14:59:41] Looking for 'sed' - found /usr/bin/sed
[14:59:41] Looking for 'tbl2asn' - found /home/lorenzo/anaconda3/envs/prokka/bin/tbl2asn
[14:59:41] Determined tbl2asn version is 025007 from 'tbl2asn 25.7   arguments:'
[14:59:41] Using genetic code table 11.
[14:59:41] Loading and checking input file: extracted_mags/M1968198586.fna
[14:59:41] Wrote 40 contigs totalling 2206908 bp.
[14:59:41] Predicting tRNAs and tmRNAs
[14:59:41] Running: aragorn -l -gc11  -w prokka_output\/M1968198586\/M1968198586\.fna
[14:59:42] 1 tRNA-Lys [197674,197747] 34 (ctt)
[14:59:42] 2 tRNA-Asp [231677,231752] 36 (gtc)
[14:59:42] 3 tRNA-Asp [231798,231873] 36 (gtc)
[14:59:42] 4 tRNA-Thr [232178,232252] 35 (tgt)
[14:59:42] 1 tRNA-Leu [52966,53048] 35 (caa)
[14:59:42] 1 tRNA-Arg [28627,28701] 35 (ccg)
[14:59:42] 2 tRNA-Gln [77412,77483] 33 (ctg)
[14:59:42] 3 tRNA-Met [125009,125082] 34 (cat)
[14:59:42] 1 tRNA-Arg [75383,75457] 35 (acg)
[14:59:42] 1 tRNA-Glu [89092,89166] 34 (ttc)
[14:59:42] 1 tRNA-Pro [12050,12123] 34 (ggg)
[14:59:42] 2 tRNA-Lys c[12285,12358] 34 (ttt)
[14:59:42] 3 tRNA-Met [37957,38031] 35 (cat)
[14:59:42] 1 tRNA-Ser [34173,34260] 35 (gct)
[14:59:42] 2 tRNA-Glu [34287,34359] 34 (ctc)
[14:59:42] 3 tRNA-Pro c[62268,62341] 34 (tgg)
[14:59:42] 4 tRNA-Ser [75315,75400] 35 (tga)
[14:59:42] 1 tRNA-Cys [58823,58896] 33 (gca)
[14:59:42] 2 tRNA-Arg c[65033,65108] 36 (tct)
[14:59:42] 1 tRNA-Asn c[2933,3007] 35 (gtt)
[14:59:42] 2 tRNA-Arg [26313,26385] 34 (cct)
[14:59:42] 1 tRNA-Pro c[41609,41682] 34 (cgg)
[14:59:42] 2 tRNA-Phe [41818,41891] 34 (gaa)
[14:59:42] 1 tRNA-His [3057,3131] 35 (gtg)
[14:59:42] 2 tmRNA c[9650,10047] 97,126 GNNNYALAA*
[14:59:42] 1 tRNA-Leu [30813,30899] 34 (taa)
[14:59:42] 1 tRNA-Ser c[129,217] 35 (gga)
[14:59:42] 2 tRNA-Leu [10783,10865] 35 (tag)
[14:59:42] 1 tRNA-Phe c[312,386] 34 (gaa)
[14:59:42] 1 tRNA-Val c[10466,10541] 36 (tac)
[14:59:42] 2 tRNA-Val c[10714,10789] 36 (tac)
[14:59:42] 1 tRNA-Ala [22439,22513] 35 (ggc)
[14:59:42] 1 tRNA-Thr [2033,2107] 35 (tgt)
[14:59:42] 2 tRNA-Tyr [2146,2229] 35 (gta)
[14:59:42] 3 tRNA-Gly [2317,2390] 34 (tcc)
[14:59:42] 4 tRNA-Thr [2395,2467] 33 (ggt)
[14:59:42] 5 tRNA-Trp [3809,3882] 34 (cca)
[14:59:42] 1 tRNA-Met c[326,400] 35 (cat)
[14:59:42] 1 tRNA-Gln c[215,286] 33 (ttg)
[14:59:42] Found 39 tRNAs
[14:59:42] Predicting Ribosomal RNAs
[14:59:42] Running Barrnap with 8 threads
[14:59:42] 1 gnl|Prokka|NIELGFIF_3 132865 5S ribosomal RNA
[14:59:42] Found 1 rRNAs
[14:59:42] Skipping ncRNA search, enable with --rfam if desired.
[14:59:42] Total of 39 tRNA + rRNA features
[14:59:42] Searching for CRISPR repeats
[14:59:42] CRISPR1 gnl|Prokka|NIELGFIF_2 60016 with 9 spacers
[14:59:42] CRISPR2 gnl|Prokka|NIELGFIF_14 17015 with 14 spacers
[14:59:43] Found 2 CRISPRs
[14:59:43] Predicting coding sequences
[14:59:43] Contigs total 2206908 bp, so using single mode
[14:59:43] Running: prodigal -i prokka_output\/M1968198586\/M1968198586\.fna -c -m -g 11 -p single -f sco -q
[14:59:48] Excluding CDS which overlaps existing RNA (tRNA) at gnl|Prokka|NIELGFIF_6:89011..89136 on + strand
[14:59:48] Excluding CDS which overlaps existing RNA (repeat_region) at gnl|Prokka|NIELGFIF_14:17893..18471 on - strand
[14:59:48] Excluding CDS which overlaps existing RNA (tRNA) at gnl|Prokka|NIELGFIF_15:40073..41656 on + strand
[14:59:49] Excluding CDS which overlaps existing RNA (tRNA) at gnl|Prokka|NIELGFIF_19:30811..32610 on + strand
[14:59:49] Found 1873 CDS
[14:59:49] Connecting features back to sequences
[14:59:49] Not using genus-specific database. Try --usegenus to enable it.
[14:59:49] Annotating CDS, please be patient.
[14:59:49] Will use 8 CPUs for similarity searching.
[14:59:49] There are still 1873 unannotated CDS left (started with 1873)
[14:59:49] Will use blast to search against /home/lorenzo/anaconda3/envs/prokka/db/kingdom/Bacteria/IS with 8 CPUs
[14:59:49] Running: cat prokka_output\/M1968198586\/M1968198586\.IS\.tmp\.103547\.faa | parallel --gnu --plain -j 8 --block 40977 --recstart '>' --pipe blastp -query - -db /home/lorenzo/anaconda3/envs/prokka/db/kingdom/Bacteria/IS -evalue 1e-30 -qcov_hsp_perc 90 -num_threads 1 -num_descriptions 1 -num_alignments 1 -seg no > prokka_output\/M1968198586\/M1968198586\.IS\.tmp\.103547\.blast 2> /dev/null
[14:59:56] Deleting unwanted file: prokka_output/M1968198586/M1968198586.IS.tmp.103547.faa
[14:59:56] Deleting unwanted file: prokka_output/M1968198586/M1968198586.IS.tmp.103547.blast
[14:59:56] There are still 1863 unannotated CDS left (started with 1873)
[14:59:56] Will use blast to search against /home/lorenzo/anaconda3/envs/prokka/db/kingdom/Bacteria/AMR with 8 CPUs
[14:59:56] Running: cat prokka_output\/M1968198586\/M1968198586\.AMR\.tmp\.103547\.faa | parallel --gnu --plain -j 8 --block 40818 --recstart '>' --pipe blastp -query - -db /home/lorenzo/anaconda3/envs/prokka/db/kingdom/Bacteria/AMR -evalue 9.99999999999999e-301 -qcov_hsp_perc 90 -num_threads 1 -num_descriptions 1 -num_alignments 1 -seg no > prokka_output\/M1968198586\/M1968198586\.AMR\.tmp\.103547\.blast 2> /dev/null
[15:00:01] Deleting unwanted file: prokka_output/M1968198586/M1968198586.AMR.tmp.103547.faa
[15:00:01] Deleting unwanted file: prokka_output/M1968198586/M1968198586.AMR.tmp.103547.blast
[15:00:02] There are still 1863 unannotated CDS left (started with 1873)
[15:00:02] Will use blast to search against /home/lorenzo/anaconda3/envs/prokka/db/kingdom/Bacteria/sprot with 8 CPUs
[15:00:02] Running: cat prokka_output\/M1968198586\/M1968198586\.sprot\.tmp\.103547\.faa | parallel --gnu --plain -j 8 --block 40818 --recstart '>' --pipe blastp -query - -db /home/lorenzo/anaconda3/envs/prokka/db/kingdom/Bacteria/sprot -evalue 1e-09 -qcov_hsp_perc 80 -num_threads 1 -num_descriptions 1 -num_alignments 1 -seg no > prokka_output\/M1968198586\/M1968198586\.sprot\.tmp\.103547\.blast 2> /dev/null
[15:00:27] Modify product: Probable glycine betaine transporter => putative glycine betaine transporter
[15:00:27] Modify product: Probable amino-acid metabolite efflux pump => putative amino-acid metabolite efflux pump
[15:00:27] Modify product: Uncharacterized glycosyltransferase YkoT => putative glycosyltransferase YkoT
[15:00:27] Modify product: Uncharacterized protein YpjD => putative protein YpjD
[15:00:27] Modify product: Probable transcriptional regulatory protein HP_0162 => putative transcriptional regulatory protein
[15:00:27] Modify product: UPF0353 protein Rv1481 => hypothetical protein
[15:00:27] Modify product: Acetyltransferase PA3944 => Acetyltransferase
[15:00:27] Modify product: Probable GTP-binding protein EngB => putative GTP-binding protein EngB
[15:00:27] Modify product: Probable efflux pump periplasmic linker TtgA => putative efflux pump periplasmic linker TtgA
[15:00:27] Modify product: UPF0324 inner membrane protein YeiH => hypothetical protein
[15:00:27] Modify product: UPF0194 membrane protein YbhG => hypothetical protein
[15:00:27] Modify product: Probable multidrug ABC transporter permease YbhS => putative multidrug ABC transporter permease YbhS
[15:00:27] Modify product: Probable multidrug ABC transporter permease YbhR => putative multidrug ABC transporter permease YbhR
[15:00:27] Modify product: Probable FMN/FAD exporter YeeO => putative FMN/FAD exporter YeeO
[15:00:27] Modify product: Uncharacterized ABC transporter ATP-binding protein YbiT => putative ABC transporter ATP-binding protein YbiT
[15:00:27] Modify product: Uncharacterized protein YqeY => putative protein YqeY
[15:00:27] Modify product: Uncharacterized zinc protease Rv2782c => putative zinc protease
[15:00:27] Modify product: Uncharacterized ABC transporter ATP-binding protein YknY => putative ABC transporter ATP-binding protein YknY
[15:00:27] Modify product: Probable chromosome-partitioning protein ParB => putative chromosome-partitioning protein ParB
[15:00:27] Modify product: Uncharacterized RNA pseudouridine synthase Rv1540 => putative RNA pseudouridine synthase
[15:00:27] Modify product: UPF0073 inner membrane protein YqfA => hypothetical protein
[15:00:27] Modify product: Uncharacterized ABC transporter ATP-binding protein YknY => putative ABC transporter ATP-binding protein YknY
[15:00:27] Modify product: Probable glycine dehydrogenase (decarboxylating) subunit 2 => putative glycine dehydrogenase (decarboxylating) subunit 2
[15:00:27] Modify product: Probable glycine dehydrogenase (decarboxylating) subunit 1 => putative glycine dehydrogenase (decarboxylating) subunit 1
[15:00:27] Modify product: Uncharacterized protein YjbR => putative protein YjbR
[15:00:27] Modify product: Uncharacterized oxidoreductase Rv0945 => putative oxidoreductase
[15:00:27] Modify product: UPF0758 protein SP_1088 => hypothetical protein
[15:00:27] Modify product: Uncharacterized epimerase/dehydratase SA0511 => putative epimerase/dehydratase
[15:00:27] Modify product: Uncharacterized protein YqgN => putative protein YqgN
[15:00:27] Modify product: Probable enoyl-CoA hydratase 1 => putative enoyl-CoA hydratase 1
[15:00:27] Modify product: Uncharacterized ABC transporter ATP-binding protein YheS => putative ABC transporter ATP-binding protein YheS
[15:00:27] Modify product: Probable ATP-dependent transporter SufC => putative ATP-dependent transporter SufC
[15:00:27] Modify product: Probable TonB-dependent receptor NMB0964 => putative TonB-dependent receptor
[15:00:27] Modify product: Bifunctional protein FolD => Bifunctional protein FolD protein
[15:00:27] Modify product: UPF0371 protein DIP2346 => hypothetical protein
[15:00:27] Modify product: Putative multidrug export ATP-binding/permease protein SAV1866 => Putative multidrug export ATP-binding/permease protein
[15:00:27] Modify product: PGL/p-HBAD biosynthesis glycosyltransferase Rv2957 => PGL/p-HBAD biosynthesis glycosyltransferase
[15:00:27] Modify product: Uncharacterized protein YcgM => putative protein YcgM
[15:00:27] Modify product: UPF0701 protein YicC => hypothetical protein
[15:00:27] Modify product: Putative zinc metalloprotease aq_1964 => Putative zinc metalloprotease
[15:00:27] Modify product: Probable chromate transport protein => putative chromate transport protein
[15:00:27] Modify product: Probable chromate transport protein => putative chromate transport protein
[15:00:27] Modify product: Glutathione peroxidase homolog BsaA => Glutathione peroxidase BsaA
[15:00:28] Modify product: Probable multidrug ABC transporter permease YbhR => putative multidrug ABC transporter permease YbhR
[15:00:28] Modify product: Uncharacterized HIT-like protein Rv0759c => putative HIT-like protein
[15:00:28] Modify product: 23S rRNA 5-hydroxycytidine C2501 synthase => 23S rRNA 5-hydroxycytidine synthase
[15:00:28] Modify product: Probable GTPase Rv1496 => putative GTPase
[15:00:28] Modify product: Probable nicotinate-nucleotide pyrophosphorylase [carboxylating] => putative nicotinate-nucleotide pyrophosphorylase [carboxylating]
[15:00:28] Modify product: UPF0145 protein YbjQ => hypothetical protein
[15:00:28] Modify product: Sulfurtransferase Alvin_2599 => Sulfurtransferase
[15:00:28] Modify product: Probable ribonucleotide transport ATP-binding protein mkl => putative ribonucleotide transport ATP-binding protein mkl
[15:00:28] Cleaned 51 /product names
[15:00:28] Deleting unwanted file: prokka_output/M1968198586/M1968198586.sprot.tmp.103547.faa
[15:00:28] Deleting unwanted file: prokka_output/M1968198586/M1968198586.sprot.tmp.103547.blast
[15:00:28] There are still 1196 unannotated CDS left (started with 1873)
[15:00:28] Will use hmmer3 to search against /home/lorenzo/anaconda3/envs/prokka/db/hmm/HAMAP.hmm with 8 CPUs
[15:00:28] Running: cat prokka_output\/M1968198586\/M1968198586\.HAMAP\.hmm\.tmp\.103547\.faa | parallel --gnu --plain -j 8 --block 25432 --recstart '>' --pipe hmmscan --noali --notextw --acc -E 1e-09 --cpu 1 /home/lorenzo/anaconda3/envs/prokka/db/hmm/HAMAP.hmm /dev/stdin > prokka_output\/M1968198586\/M1968198586\.HAMAP\.hmm\.tmp\.103547\.hmmer3 2> /dev/null
[15:00:36] Deleting unwanted file: prokka_output/M1968198586/M1968198586.HAMAP.hmm.tmp.103547.faa
[15:00:36] Deleting unwanted file: prokka_output/M1968198586/M1968198586.HAMAP.hmm.tmp.103547.hmmer3
[15:00:36] Labelling remaining 1031 proteins as 'hypothetical protein'
[15:00:36] Possible /pseudo 'NAD(P) transhydrogenase subunit alpha' at gnl|Prokka|NIELGFIF_1 position 129409
[15:00:36] Possible /pseudo '2,3,4,5-tetrahydropyridine-2,6-dicarboxylate N-acetyltransferase' at gnl|Prokka|NIELGFIF_2 position 46297
[15:00:36] Possible /pseudo 'Macrolide export ATP-binding/permease protein MacB' at gnl|Prokka|NIELGFIF_5 position 51553
[15:00:36] Possible /pseudo 'Vitamin B12 transporter BtuB' at gnl|Prokka|NIELGFIF_7 position 9710
[15:00:36] Possible /pseudo 'putative chromate transport protein' at gnl|Prokka|NIELGFIF_17 position 45511
[15:00:36] Possible /pseudo 'IS1595 family transposase ISBaba5' at gnl|Prokka|NIELGFIF_23 position 20341
[15:00:36] Possible /pseudo 'Chaperone SurA' at gnl|Prokka|NIELGFIF_27 position 17758
[15:00:36] Found 691 unique /gene codes.
[15:00:36] Fixed 2 duplicate /gene - ftsH_1 ftsH_2
[15:00:36] Fixed 2 duplicate /gene - udk_1 udk_2
[15:00:36] Fixed 2 duplicate /gene - apxIB_1 apxIB_2
[15:00:36] Fixed 2 duplicate /gene - hmuU_1 hmuU_2
[15:00:36] Fixed 2 duplicate /gene - rny_1 rny_2
[15:00:36] Fixed 2 duplicate /gene - mrdB_1 mrdB_2
[15:00:36] Fixed 2 duplicate /gene - gyrB_1 gyrB_2
[15:00:36] Fixed 2 duplicate /gene - purH_1 purH_2
[15:00:36] Fixed 2 duplicate /gene - cmk_1 cmk_2
[15:00:36] Fixed 3 duplicate /gene - deaD_1 deaD_2 deaD_3
[15:00:36] Fixed 2 duplicate /gene - fusA_1 fusA_2
[15:00:36] Fixed 2 duplicate /gene - pepD_1 pepD_2
[15:00:36] Fixed 2 duplicate /gene - kefB_1 kefB_2
[15:00:36] Fixed 2 duplicate /gene - cobD_1 cobD_2
[15:00:36] Fixed 2 duplicate /gene - yknY_1 yknY_2
[15:00:36] Fixed 2 duplicate /gene - tadA_1 tadA_2
[15:00:36] Fixed 5 duplicate /gene - bepA_1 bepA_2 bepA_3 bepA_4 bepA_5
[15:00:36] Fixed 2 duplicate /gene - pntA_1 pntA_2
[15:00:36] Fixed 2 duplicate /gene - rcsC_1 rcsC_2
[15:00:36] Fixed 2 duplicate /gene - mrcA_1 mrcA_2
[15:00:36] Fixed 2 duplicate /gene - xerD_1 xerD_2
[15:00:36] Fixed 2 duplicate /gene - ccsA_1 ccsA_2
[15:00:36] Fixed 3 duplicate /gene - mshA_1 mshA_2 mshA_3
[15:00:36] Fixed 2 duplicate /gene - korB_1 korB_2
[15:00:36] Fixed 2 duplicate /gene - mutS_1 mutS_2
[15:00:36] Fixed 2 duplicate /gene - asnC_1 asnC_2
[15:00:36] Fixed 2 duplicate /gene - aspT_1 aspT_2
[15:00:36] Fixed 3 duplicate /gene - bamA_1 bamA_2 bamA_3
[15:00:36] Fixed 2 duplicate /gene - pyrK_1 pyrK_2
[15:00:36] Fixed 2 duplicate /gene - rluD_1 rluD_2
[15:00:36] Fixed 2 duplicate /gene - algC_1 algC_2
[15:00:36] Fixed 2 duplicate /gene - lptD_1 lptD_2
[15:00:36] Fixed 2 duplicate /gene - tolQ_1 tolQ_2
[15:00:36] Fixed 2 duplicate /gene - sigE_1 sigE_2
[15:00:36] Fixed 2 duplicate /gene - macB_1 macB_2
[15:00:36] Fixed 2 duplicate /gene - fcl_1 fcl_2
[15:00:36] Fixed 2 duplicate /gene - btuD_1 btuD_2
[15:00:36] Fixed 2 duplicate /gene - ybhR_1 ybhR_2
[15:00:36] Fixed 2 duplicate /gene - miaA_1 miaA_2
[15:00:36] Fixed 2 duplicate /gene - cysG_1 cysG_2
[15:00:36] Fixed 4 duplicate /gene - dapH_1 dapH_2 dapH_3 dapH_4
[15:00:36] Fixed 2 duplicate /gene - pspA_1 pspA_2
[15:00:36] Fixed 2 duplicate /gene - srpC_1 srpC_2
[15:00:36] Fixed 2 duplicate /gene - lolE_1 lolE_2
[15:00:36] Fixed 2 duplicate /gene - lpxA_1 lpxA_2
[15:00:36] Fixed 2 duplicate /gene - hup_1 hup_2
[15:00:36] Fixed 2 duplicate /gene - atpH_1 atpH_2
[15:00:36] Fixed 5 duplicate /gene - sasA_1 sasA_2 sasA_3 sasA_4 sasA_5
[15:00:36] Fixed 2 duplicate /gene - queA_1 queA_2
[15:00:36] Fixed 2 duplicate /gene - recD2_1 recD2_2
[15:00:36] Fixed 2 duplicate /gene - rhaS_1 rhaS_2
[15:00:36] Fixed 5 duplicate /gene - pal_1 pal_2 pal_3 pal_4 pal_5
[15:00:36] Fixed 2 duplicate /gene - pta_1 pta_2
[15:00:36] Fixed 2 duplicate /gene - rep_1 rep_2
[15:00:36] Fixed 2 duplicate /gene - map_1 map_2
[15:00:36] Fixed 2 duplicate /gene - murB_1 murB_2
[15:00:36] Fixed 2 duplicate /gene - nudC_1 nudC_2
[15:00:36] Fixed 2 duplicate /gene - surA_1 surA_2
[15:00:36] Fixed 2 duplicate /gene - korA_1 korA_2
[15:00:36] Fixed 9 duplicate /gene - btuB_1 btuB_2 btuB_3 btuB_4 btuB_5 btuB_6 btuB_7 btuB_8 btuB_9
[15:00:36] Fixed 2 duplicate /gene - kdsA_1 kdsA_2
[15:00:36] Fixed 2 duplicate /gene - patA_1 patA_2
[15:00:36] Fixed 6 duplicate /gene - resA_1 resA_2 resA_3 resA_4 resA_5 resA_6
[15:00:36] Fixed 63 colliding /gene names.
[15:00:36] Adding /locus_tag identifiers
[15:00:37] Assigned 1913 locus_tags to CDS and RNA features.
[15:00:37] Writing outputs to prokka_output/M1968198586/
[15:00:37] Generating annotation statistics file
[15:00:37] Generating Genbank and Sequin files
[15:00:37] Running: tbl2asn -V b -a r10k -l paired-ends -M n -N 1 -y 'Annotated using prokka 1.14.6 from https://github.com/tseemann/prokka' -Z prokka_output\/M1968198586\/M1968198586\.err -i prokka_output\/M1968198586\/M1968198586\.fsa 2> /dev/null
[tbl2asn-forever] Found Prokka input, correcting dates in .gbf|.sqn files.
[tbl2asn-forever] Correcting dates in prokka_output/M1968198586/M1968198586.gbf
[tbl2asn-forever] Correcting dates in prokka_output/M1968198586/M1968198586.sqn
[tbl2asn-forever] Dates changed from 01-JAN-2019 to 27-MAR-2026
[15:00:41] Deleting unwanted file: prokka_output/M1968198586/errorsummary.val
[15:00:41] Deleting unwanted file: prokka_output/M1968198586/M1968198586.dr
[15:00:41] Deleting unwanted file: prokka_output/M1968198586/M1968198586.fixedproducts
[15:00:41] Deleting unwanted file: prokka_output/M1968198586/M1968198586.ecn
[15:00:41] Deleting unwanted file: prokka_output/M1968198586/M1968198586.val
[15:00:41] Repairing broken .GBK output that tbl2asn produces...
[15:00:41] Running: sed 's/COORDINATES: profile/COORDINATES:profile/' < prokka_output\/M1968198586\/M1968198586\.gbf > prokka_output\/M1968198586\/M1968198586\.gbk
[15:00:41] Deleting unwanted file: prokka_output/M1968198586/M1968198586.gbf
[15:00:41] Output files:
[15:00:41] prokka_output/M1968198586/M1968198586.gff
[15:00:41] prokka_output/M1968198586/M1968198586.txt
[15:00:41] prokka_output/M1968198586/M1968198586.sqn
[15:00:41] prokka_output/M1968198586/M1968198586.fna
[15:00:41] prokka_output/M1968198586/M1968198586.log
[15:00:41] prokka_output/M1968198586/M1968198586.err
[15:00:41] prokka_output/M1968198586/M1968198586.gbk
[15:00:41] prokka_output/M1968198586/M1968198586.fsa
[15:00:41] prokka_output/M1968198586/M1968198586.faa
[15:00:41] prokka_output/M1968198586/M1968198586.tbl
[15:00:41] prokka_output/M1968198586/M1968198586.ffn
[15:00:41] prokka_output/M1968198586/M1968198586.tsv
[15:00:41] Annotation finished successfully.
[15:00:41] Walltime used: 1.00 minutes
[15:00:41] If you use this result please cite the Prokka paper:
[15:00:41] Seemann T (2014) Prokka: rapid prokaryotic genome annotation. Bioinformatics. 30(14):2068-9.
[15:00:41] Type 'prokka --citation' for more details.
[15:00:41] Thank you, come again.
